#
# There is insufficient memory for the Java Runtime Environment to continue.
# Native memory allocation (mmap) failed to map 277872640 bytes for G1 virtual space
# Possible reasons:
#   The system is out of physical RAM or swap space
#   The process is running with CompressedOops enabled, and the Java Heap may be blocking the growth of the native heap
# Possible solutions:
#   Reduce memory load on the system
#   Increase physical memory or swap space
#   Check if swap backing store is full
#   Decrease Java heap size (-Xmx/-Xms)
#   Decrease number of Java threads
#   Decrease Java thread stack sizes (-Xss)
#   Set larger code cache with -XX:ReservedCodeCacheSize=
#   JVM is running with Unscaled Compressed Oops mode in which the Java heap is
#     placed in the first 4GB address space. The Java Heap base address is the
#     maximum limit for the native heap growth. Please use -XX:HeapBaseMinAddress
#     to set the Java Heap base and to place the Java Heap above 4GB virtual address.
# This output file may be truncated or incomplete.
#
#  Out of Memory Error (os_windows.cpp:3769), pid=10868, tid=16528
#
# JRE version: OpenJDK Runtime Environment (17.0.6) (build 17.0.6+0-b2043.56-10027231)
# Java VM: OpenJDK 64-Bit Server VM (17.0.6+0-b2043.56-10027231, mixed mode, tiered, compressed oops, compressed class ptrs, g1 gc, windows-amd64)
# No core dump will be written. Minidumps are not enabled by default on client versions of Windows
#

---------------  S U M M A R Y ------------

Command Line: --add-opens=java.base/java.util=ALL-UNNAMED --add-opens=java.base/java.lang=ALL-UNNAMED --add-opens=java.base/java.lang.invoke=ALL-UNNAMED --add-opens=java.prefs/java.util.prefs=ALL-UNNAMED --add-opens=java.base/java.nio.charset=ALL-UNNAMED --add-opens=java.base/java.net=ALL-UNNAMED --add-opens=java.base/java.util.concurrent.atomic=ALL-UNNAMED -Xmx2048m -Dfile.encoding=UTF-8 -Duser.country=ES -Duser.language=es -Duser.variant -javaagent:C:\Users\matel\.gradle\wrapper\dists\gradle-8.4-bin\1w5dpkrfk8irigvoxmyhowfim\gradle-8.4\lib\agents\gradle-instrumentation-agent-8.4.jar org.gradle.launcher.daemon.bootstrap.GradleDaemon 8.4

Host: Intel(R) Core(TM) i7-8700K CPU @ 3.70GHz, 12 cores, 14G,  Windows 11 , 64 bit Build 22621 (10.0.22621.2428)
Time: Sat Oct 14 17:29:09 2023 Hora de verano GMT elapsed time: 8.963380 seconds (0d 0h 0m 8s)

---------------  T H R E A D  ---------------

Current thread (0x000001e1c349e840):  VMThread "VM Thread" [stack: 0x000000a980f00000,0x000000a981000000] [id=16528]

Stack: [0x000000a980f00000,0x000000a981000000]
Native frames: (J=compiled Java code, j=interpreted, Vv=VM code, C=native code)
V  [jvm.dll+0x683c9a]
V  [jvm.dll+0x8427a4]
V  [jvm.dll+0x843f9e]
V  [jvm.dll+0x844603]
V  [jvm.dll+0x249b75]
V  [jvm.dll+0x680b69]
V  [jvm.dll+0x67505a]
V  [jvm.dll+0x309acb]
V  [jvm.dll+0x310f86]
V  [jvm.dll+0x3608ee]
V  [jvm.dll+0x360b1f]
V  [jvm.dll+0x2dfbf8]
V  [jvm.dll+0x2ddec4]
V  [jvm.dll+0x2dd4cc]
V  [jvm.dll+0x321f3b]
V  [jvm.dll+0x848ccb]
V  [jvm.dll+0x849a04]
V  [jvm.dll+0x849f1d]
V  [jvm.dll+0x84a2f4]
V  [jvm.dll+0x84a3c0]
V  [jvm.dll+0x7f274a]
V  [jvm.dll+0x682ad5]
C  [ucrtbase.dll+0x29363]
C  [KERNEL32.DLL+0x1257d]
C  [ntdll.dll+0x5aa78]

VM_Operation (0x000000a9828f2540): G1CollectForAllocation, mode: safepoint, requested by thread 0x000001e1c6b7e7b0


---------------  P R O C E S S  ---------------

Threads class SMR info:
_java_thread_list=0x000001e1cd808c00, length=63, elements={
0x000001e1a91ef8e0, 0x000001e1c404e020, 0x000001e1c404eda0, 0x000001e1c407a420,
0x000001e1c407ace0, 0x000001e1c407d5b0, 0x000001e1c407df60, 0x000001e1c407ec40,
0x000001e1c407f6e0, 0x000001e1c40820e0, 0x000001e1c40d1ce0, 0x000001e1c42aba90,
0x000001e1c445df90, 0x000001e1c68d5070, 0x000001e1c75fe630, 0x000001e1c7724950,
0x000001e1c67bee60, 0x000001e1c6ceb000, 0x000001e1c5460040, 0x000001e1c6b7e7b0,
0x000001e1c551d650, 0x000001e1c6a2d250, 0x000001e1c55babc0, 0x000001e1c55bb560,
0x000001e1c6b4e8a0, 0x000001e1c6b52730, 0x000001e1c6b50580, 0x000001e1c6b518c0,
0x000001e1c6b4da30, 0x000001e1c6b548e0, 0x000001e1c6b535a0, 0x000001e1c6b530d0,
0x000001e1c6b4e3d0, 0x000001e1c6b4ed70, 0x000001e1c6b4d090, 0x000001e1c6b53a70,
0x000001e1c6b50a50, 0x000001e1c6b4f710, 0x000001e1c6b54410, 0x000001e1c6b53f40,
0x000001e1c6b500b0, 0x000001e1c6b4f240, 0x000001e1c6b4fbe0, 0x000001e1c6b50f20,
0x000001e1c6b4d560, 0x000001e1c6b513f0, 0x000001e1c6d11210, 0x000001e1c6d17bf0,
0x000001e1c6d12ef0, 0x000001e1c6d12550, 0x000001e1c6d116e0, 0x000001e1c6d14230,
0x000001e1c6d13890, 0x000001e1c6d14700, 0x000001e1c6d163e0, 0x000001e1c6d11bb0,
0x000001e1c6d168b0, 0x000001e1c6d12080, 0x000001e1c6d16d80, 0x000001e1c6d180c0,
0x000001e1c6d12a20, 0x000001e1c6d15f10, 0x000001e1c9dd6cf0
}

Java Threads: ( => current thread )
  0x000001e1a91ef8e0 JavaThread "main" [_thread_blocked, id=16156, stack(0x000000a980900000,0x000000a980a00000)]
  0x000001e1c404e020 JavaThread "Reference Handler" daemon [_thread_blocked, id=14760, stack(0x000000a981000000,0x000000a981100000)]
  0x000001e1c404eda0 JavaThread "Finalizer" daemon [_thread_blocked, id=10864, stack(0x000000a981100000,0x000000a981200000)]
  0x000001e1c407a420 JavaThread "Signal Dispatcher" daemon [_thread_blocked, id=14912, stack(0x000000a981200000,0x000000a981300000)]
  0x000001e1c407ace0 JavaThread "Attach Listener" daemon [_thread_blocked, id=10704, stack(0x000000a981300000,0x000000a981400000)]
  0x000001e1c407d5b0 JavaThread "Service Thread" daemon [_thread_blocked, id=2196, stack(0x000000a981400000,0x000000a981500000)]
  0x000001e1c407df60 JavaThread "Monitor Deflation Thread" daemon [_thread_blocked, id=13412, stack(0x000000a981500000,0x000000a981600000)]
  0x000001e1c407ec40 JavaThread "C2 CompilerThread0" daemon [_thread_in_native, id=14892, stack(0x000000a981600000,0x000000a981700000)]
  0x000001e1c407f6e0 JavaThread "C1 CompilerThread0" daemon [_thread_blocked, id=7388, stack(0x000000a981700000,0x000000a981800000)]
  0x000001e1c40820e0 JavaThread "Sweeper thread" daemon [_thread_blocked, id=2532, stack(0x000000a981800000,0x000000a981900000)]
  0x000001e1c40d1ce0 JavaThread "Common-Cleaner" daemon [_thread_blocked, id=13104, stack(0x000000a981900000,0x000000a981a00000)]
  0x000001e1c42aba90 JavaThread "Notification Thread" daemon [_thread_blocked, id=14164, stack(0x000000a981a00000,0x000000a981b00000)]
  0x000001e1c445df90 JavaThread "C2 CompilerThread1" daemon [_thread_blocked, id=9240, stack(0x000000a981c00000,0x000000a981d00000)]
  0x000001e1c68d5070 JavaThread "Daemon health stats" [_thread_blocked, id=15796, stack(0x000000a982200000,0x000000a982300000)]
  0x000001e1c75fe630 JavaThread "Incoming local TCP Connector on port 51409" [_thread_in_native, id=8288, stack(0x000000a982300000,0x000000a982400000)]
  0x000001e1c7724950 JavaThread "Daemon periodic checks" [_thread_blocked, id=16520, stack(0x000000a982400000,0x000000a982500000)]
  0x000001e1c67bee60 JavaThread "Daemon" [_thread_blocked, id=4620, stack(0x000000a982500000,0x000000a982600000)]
  0x000001e1c6ceb000 JavaThread "Handler for socket connection from /127.0.0.1:51409 to /127.0.0.1:51410" [_thread_in_native, id=15800, stack(0x000000a982600000,0x000000a982700000)]
  0x000001e1c5460040 JavaThread "Cancel handler" [_thread_blocked, id=16420, stack(0x000000a982700000,0x000000a982800000)]
  0x000001e1c6b7e7b0 JavaThread "Daemon worker" [_thread_blocked, id=7656, stack(0x000000a982800000,0x000000a982900000)]
  0x000001e1c551d650 JavaThread "Asynchronous log dispatcher for DefaultDaemonConnection: socket connection from /127.0.0.1:51409 to /127.0.0.1:51410" [_thread_blocked, id=15408, stack(0x000000a982900000,0x000000a982a00000)]
  0x000001e1c6a2d250 JavaThread "Stdin handler" [_thread_blocked, id=16548, stack(0x000000a982a00000,0x000000a982b00000)]
  0x000001e1c55babc0 JavaThread "Daemon client event forwarder" [_thread_blocked, id=16532, stack(0x000000a982b00000,0x000000a982c00000)]
  0x000001e1c55bb560 JavaThread "Cache worker for journal cache (C:\Users\matel\.gradle\caches\journal-1)" [_thread_blocked, id=3124, stack(0x000000a983300000,0x000000a983400000)]
  0x000001e1c6b4e8a0 JavaThread "File lock request listener" [_thread_in_native, id=16264, stack(0x000000a983400000,0x000000a983500000)]
  0x000001e1c6b52730 JavaThread "Cache worker for file hash cache (C:\Users\matel\.gradle\caches\8.4\fileHashes)" [_thread_blocked, id=14492, stack(0x000000a983500000,0x000000a983600000)]
  0x000001e1c6b50580 JavaThread "File watcher server" daemon [_thread_in_native, id=7044, stack(0x000000a983600000,0x000000a983700000)]
  0x000001e1c6b518c0 JavaThread "File watcher consumer" daemon [_thread_blocked, id=16524, stack(0x000000a983700000,0x000000a983800000)]
  0x000001e1c6b4da30 JavaThread "jar transforms" [_thread_blocked, id=2184, stack(0x000000a983800000,0x000000a983900000)]
  0x000001e1c6b548e0 JavaThread "jar transforms Thread 2" [_thread_blocked, id=16456, stack(0x000000a983900000,0x000000a983a00000)]
  0x000001e1c6b535a0 JavaThread "jar transforms Thread 3" [_thread_blocked, id=16004, stack(0x000000a983a00000,0x000000a983b00000)]
  0x000001e1c6b530d0 JavaThread "jar transforms Thread 4" [_thread_blocked, id=9548, stack(0x000000a983b00000,0x000000a983c00000)]
  0x000001e1c6b4e3d0 JavaThread "jar transforms Thread 5" [_thread_blocked, id=16208, stack(0x000000a983c00000,0x000000a983d00000)]
  0x000001e1c6b4ed70 JavaThread "jar transforms Thread 6" [_thread_blocked, id=16508, stack(0x000000a983d00000,0x000000a983e00000)]
  0x000001e1c6b4d090 JavaThread "jar transforms Thread 7" [_thread_blocked, id=8152, stack(0x000000a983e00000,0x000000a983f00000)]
  0x000001e1c6b53a70 JavaThread "jar transforms Thread 8" [_thread_blocked, id=10228, stack(0x000000a983f00000,0x000000a984000000)]
  0x000001e1c6b50a50 JavaThread "jar transforms Thread 9" [_thread_blocked, id=15784, stack(0x000000a984000000,0x000000a984100000)]
  0x000001e1c6b4f710 JavaThread "jar transforms Thread 10" [_thread_blocked, id=13824, stack(0x000000a984100000,0x000000a984200000)]
  0x000001e1c6b54410 JavaThread "jar transforms Thread 11" [_thread_blocked, id=10236, stack(0x000000a984200000,0x000000a984300000)]
  0x000001e1c6b53f40 JavaThread "jar transforms Thread 12" [_thread_blocked, id=14672, stack(0x000000a984300000,0x000000a984400000)]
  0x000001e1c6b500b0 JavaThread "Cache worker for checksums cache (C:\Projects\Android\SendImage\.gradle\8.4\checksums)" [_thread_blocked, id=2364, stack(0x000000a984400000,0x000000a984500000)]
  0x000001e1c6b4f240 JavaThread "Cache worker for file hash cache (C:\Projects\Android\SendImage\.gradle\8.4\fileHashes)" [_thread_blocked, id=4872, stack(0x000000a984500000,0x000000a984600000)]
  0x000001e1c6b4fbe0 JavaThread "Cache worker for cache directory md-supplier (C:\Users\matel\.gradle\caches\8.4\md-supplier)" [_thread_blocked, id=9072, stack(0x000000a984600000,0x000000a984700000)]
  0x000001e1c6b50f20 JavaThread "Cache worker for file content cache (C:\Users\matel\.gradle\caches\8.4\fileContent)" [_thread_blocked, id=11572, stack(0x000000a984700000,0x000000a984800000)]
  0x000001e1c6b4d560 JavaThread "Cache worker for cache directory md-rule (C:\Users\matel\.gradle\caches\8.4\md-rule)" [_thread_blocked, id=4548, stack(0x000000a984800000,0x000000a984900000)]
  0x000001e1c6b513f0 JavaThread "Cache worker for execution history cache (C:\Users\matel\.gradle\caches\8.4\executionHistory)" [_thread_blocked, id=9472, stack(0x000000a984900000,0x000000a984a00000)]
  0x000001e1c6d11210 JavaThread "Cache worker for kotlin-dsl (C:\Users\matel\.gradle\caches\8.4\kotlin-dsl)" [_thread_blocked, id=15804, stack(0x000000a984a00000,0x000000a984b00000)]
  0x000001e1c6d17bf0 JavaThread "Cache worker for dependencies-accessors (C:\Projects\Android\SendImage\.gradle\8.4\dependencies-accessors)" [_thread_blocked, id=6524, stack(0x000000a984b00000,0x000000a984c00000)]
  0x000001e1c6d12ef0 JavaThread "Cache worker for Build Output Cleanup Cache (C:\Projects\Android\SendImage\.gradle\buildOutputCleanup)" [_thread_blocked, id=10184, stack(0x000000a984c00000,0x000000a984d00000)]
  0x000001e1c6d12550 JavaThread "Unconstrained build operations" [_thread_blocked, id=6364, stack(0x000000a984d00000,0x000000a984e00000)]
  0x000001e1c6d116e0 JavaThread "Unconstrained build operations Thread 2" [_thread_blocked, id=16244, stack(0x000000a984e00000,0x000000a984f00000)]
  0x000001e1c6d14230 JavaThread "Unconstrained build operations Thread 3" [_thread_blocked, id=14152, stack(0x000000a984f00000,0x000000a985000000)]
  0x000001e1c6d13890 JavaThread "Unconstrained build operations Thread 4" [_thread_blocked, id=10152, stack(0x000000a985000000,0x000000a985100000)]
  0x000001e1c6d14700 JavaThread "Unconstrained build operations Thread 5" [_thread_blocked, id=10108, stack(0x000000a985100000,0x000000a985200000)]
  0x000001e1c6d163e0 JavaThread "Unconstrained build operations Thread 6" [_thread_blocked, id=16700, stack(0x000000a985200000,0x000000a985300000)]
  0x000001e1c6d11bb0 JavaThread "Unconstrained build operations Thread 7" [_thread_blocked, id=3728, stack(0x000000a985300000,0x000000a985400000)]
  0x000001e1c6d168b0 JavaThread "Unconstrained build operations Thread 8" [_thread_blocked, id=7480, stack(0x000000a985400000,0x000000a985500000)]
  0x000001e1c6d12080 JavaThread "Unconstrained build operations Thread 9" [_thread_blocked, id=6672, stack(0x000000a985500000,0x000000a985600000)]
  0x000001e1c6d16d80 JavaThread "Unconstrained build operations Thread 10" [_thread_blocked, id=13608, stack(0x000000a985600000,0x000000a985700000)]
  0x000001e1c6d180c0 JavaThread "Unconstrained build operations Thread 11" [_thread_blocked, id=16980, stack(0x000000a985700000,0x000000a985800000)]
  0x000001e1c6d12a20 JavaThread "Memory manager" [_thread_blocked, id=14316, stack(0x000000a985c00000,0x000000a985d00000)]
  0x000001e1c6d15f10 JavaThread "Daemon Thread 2" [_thread_blocked, id=14024, stack(0x000000a981d00000,0x000000a981e00000)]
  0x000001e1c9dd6cf0 JavaThread "C2 CompilerThread2" daemon [_thread_blocked, id=9308, stack(0x000000a985d00000,0x000000a985e00000)]

Other Threads:
=>0x000001e1c349e840 VMThread "VM Thread" [stack: 0x000000a980f00000,0x000000a981000000] [id=16528]
  0x000001e1a9262800 WatcherThread [stack: 0x000000a981b00000,0x000000a981c00000] [id=15740]
  0x000001e1a6f2e870 GCTaskThread "GC Thread#0" [stack: 0x000000a980a00000,0x000000a980b00000] [id=11552]
  0x000001e1c54ab260 GCTaskThread "GC Thread#1" [stack: 0x000000a981e00000,0x000000a981f00000] [id=13600]
  0x000001e1c54ab510 GCTaskThread "GC Thread#2" [stack: 0x000000a981f00000,0x000000a982000000] [id=13120]
  0x000001e1c4b37c50 GCTaskThread "GC Thread#3" [stack: 0x000000a982000000,0x000000a982100000] [id=1604]
  0x000001e1c5bcc870 GCTaskThread "GC Thread#4" [stack: 0x000000a982100000,0x000000a982200000] [id=3536]
  0x000001e1c5bccb20 GCTaskThread "GC Thread#5" [stack: 0x000000a982c00000,0x000000a982d00000] [id=15556]
  0x000001e1c5bcc310 GCTaskThread "GC Thread#6" [stack: 0x000000a982d00000,0x000000a982e00000] [id=1052]
  0x000001e1c5bccdd0 GCTaskThread "GC Thread#7" [stack: 0x000000a982e00000,0x000000a982f00000] [id=14016]
  0x000001e1c5bcd890 GCTaskThread "GC Thread#8" [stack: 0x000000a982f00000,0x000000a983000000] [id=14784]
  0x000001e1c5bcc5c0 GCTaskThread "GC Thread#9" [stack: 0x000000a983000000,0x000000a983100000] [id=5084]
  0x000001e1a9257020 ConcurrentGCThread "G1 Main Marker" [stack: 0x000000a980b00000,0x000000a980c00000] [id=5644]
  0x000001e1a9257940 ConcurrentGCThread "G1 Conc#0" [stack: 0x000000a980c00000,0x000000a980d00000] [id=15504]
  0x000001e1c5bcd080 ConcurrentGCThread "G1 Conc#1" [stack: 0x000000a983100000,0x000000a983200000] [id=3552]
  0x000001e1c5bcd330 ConcurrentGCThread "G1 Conc#2" [stack: 0x000000a983200000,0x000000a983300000] [id=13976]
  0x000001e1a92ad2c0 ConcurrentGCThread "G1 Refine#0" [stack: 0x000000a980d00000,0x000000a980e00000] [id=15512]
  0x000001e1ca98d910 ConcurrentGCThread "G1 Refine#1" [stack: 0x000000a985800000,0x000000a985900000] [id=15912]
  0x000001e1ca98dbf0 ConcurrentGCThread "G1 Refine#2" [stack: 0x000000a985900000,0x000000a985a00000] [id=17056]
  0x000001e1ca98ded0 ConcurrentGCThread "G1 Refine#3" [stack: 0x000000a985a00000,0x000000a985b00000] [id=16952]
  0x000001e1ca98c210 ConcurrentGCThread "G1 Refine#4" [stack: 0x000000a985b00000,0x000000a985c00000] [id=12260]
  0x000001e1cb3f28f0 ConcurrentGCThread "G1 Refine#5" [stack: 0x000000a985e00000,0x000000a985f00000] [id=11116]
  0x000001e1a92adce0 ConcurrentGCThread "G1 Service" [stack: 0x000000a980e00000,0x000000a980f00000] [id=16064]

Threads with active compile tasks:
C2 CompilerThread0     8984 9472       4       org.jetbrains.kotlin.metadata.ProtoBuf$Type::isInitialized (145 bytes)
C2 CompilerThread1     8984 9535       4       org.jetbrains.kotlin.metadata.ProtoBuf$Type::writeTo (354 bytes)
C2 CompilerThread2     8984 9442   !   4       org.jetbrains.kotlin.metadata.ProtoBuf$Type::<init> (875 bytes)

VM state: at safepoint (normal execution)

VM Mutex/Monitor currently owned by a thread:  ([mutex/lock_event])
[0x000001e1a91eb410] Threads_lock - owner thread: 0x000001e1c349e840
[0x000001e1a91eade0] Heap_lock - owner thread: 0x000001e1c6b7e7b0

Heap address: 0x0000000080000000, size: 2048 MB, Compressed Oops mode: 32-bit

CDS archive(s) not mapped
Compressed class space mapped at: 0x0000000100000000-0x0000000140000000, reserved size: 1073741824
Narrow klass base: 0x0000000000000000, Narrow klass shift: 3, Narrow klass range: 0x140000000

GC Precious Log:
 CPUs: 12 total, 12 available
 Memory: 15289M
 Large Page Support: Disabled
 NUMA Support: Disabled
 Compressed Oops: Enabled (32-bit)
 Heap Region Size: 1M
 Heap Min Capacity: 8M
 Heap Initial Capacity: 240M
 Heap Max Capacity: 2G
 Pre-touch: Disabled
 Parallel Workers: 10
 Concurrent Workers: 3
 Concurrent Refinement Workers: 10
 Periodic GC: Disabled

Heap:
 garbage-first heap   total 271360K, used 161702K [0x0000000080000000, 0x0000000100000000)
  region size 1024K, 4 young (4096K), 4 survivors (4096K)
 Metaspace       used 114227K, committed 115072K, reserved 1155072K
  class space    used 15301K, committed 15680K, reserved 1048576K

Heap Regions: E=young(eden), S=young(survivor), O=old, HS=humongous(starts), HC=humongous(continues), CS=collection set, F=free, OA=open archive, CA=closed archive, TAMS=top-at-mark-start (previous, next)
|   0|0x0000000080000000, 0x0000000080100000, 0x0000000080100000|100%|HS|  |TAMS 0x0000000080100000, 0x0000000080000000| Complete 
|   1|0x0000000080100000, 0x0000000080200000, 0x0000000080200000|100%|HC|  |TAMS 0x0000000080200000, 0x0000000080100000| Complete 
|   2|0x0000000080200000, 0x0000000080300000, 0x0000000080300000|100%|HC|  |TAMS 0x0000000080300000, 0x0000000080200000| Complete 
|   3|0x0000000080300000, 0x0000000080400000, 0x0000000080400000|100%|HC|  |TAMS 0x0000000080400000, 0x0000000080300000| Complete 
|   4|0x0000000080400000, 0x0000000080500000, 0x0000000080500000|100%| O|  |TAMS 0x0000000080500000, 0x0000000080400000| Untracked 
|   5|0x0000000080500000, 0x0000000080600000, 0x0000000080600000|100%| O|  |TAMS 0x0000000080600000, 0x0000000080500000| Untracked 
|   6|0x0000000080600000, 0x0000000080700000, 0x0000000080700000|100%| O|  |TAMS 0x0000000080700000, 0x0000000080600000| Untracked 
|   7|0x0000000080700000, 0x0000000080800000, 0x0000000080800000|100%| O|  |TAMS 0x0000000080800000, 0x0000000080700000| Untracked 
|   8|0x0000000080800000, 0x0000000080900000, 0x0000000080900000|100%| O|  |TAMS 0x0000000080900000, 0x0000000080800000| Untracked 
|   9|0x0000000080900000, 0x0000000080a00000, 0x0000000080a00000|100%| O|  |TAMS 0x0000000080a00000, 0x0000000080900000| Untracked 
|  10|0x0000000080a00000, 0x0000000080b00000, 0x0000000080b00000|100%| O|  |TAMS 0x0000000080b00000, 0x0000000080a00000| Untracked 
|  11|0x0000000080b00000, 0x0000000080c00000, 0x0000000080c00000|100%| O|  |TAMS 0x0000000080c00000, 0x0000000080b00000| Untracked 
|  12|0x0000000080c00000, 0x0000000080cffff8, 0x0000000080d00000| 99%| O|  |TAMS 0x0000000080cffff8, 0x0000000080c00000| Untracked 
|  13|0x0000000080d00000, 0x0000000080e00000, 0x0000000080e00000|100%| O|  |TAMS 0x0000000080e00000, 0x0000000080d00000| Untracked 
|  14|0x0000000080e00000, 0x0000000080f00000, 0x0000000080f00000|100%| O|  |TAMS 0x0000000080f00000, 0x0000000080e00000| Untracked 
|  15|0x0000000080f00000, 0x0000000081000000, 0x0000000081000000|100%| O|  |TAMS 0x0000000081000000, 0x0000000080f00000| Untracked 
|  16|0x0000000081000000, 0x0000000081100000, 0x0000000081100000|100%| O|  |TAMS 0x0000000081100000, 0x0000000081000000| Untracked 
|  17|0x0000000081100000, 0x0000000081200000, 0x0000000081200000|100%| O|  |TAMS 0x0000000081200000, 0x0000000081100000| Untracked 
|  18|0x0000000081200000, 0x0000000081300000, 0x0000000081300000|100%| O|  |TAMS 0x0000000081300000, 0x0000000081200000| Untracked 
|  19|0x0000000081300000, 0x0000000081400000, 0x0000000081400000|100%| O|  |TAMS 0x0000000081400000, 0x0000000081300000| Untracked 
|  20|0x0000000081400000, 0x0000000081500000, 0x0000000081500000|100%| O|  |TAMS 0x0000000081500000, 0x0000000081400000| Untracked 
|  21|0x0000000081500000, 0x0000000081600000, 0x0000000081600000|100%| O|  |TAMS 0x0000000081600000, 0x0000000081500000| Untracked 
|  22|0x0000000081600000, 0x0000000081700000, 0x0000000081700000|100%|HS|  |TAMS 0x0000000081700000, 0x0000000081600000| Complete 
|  23|0x0000000081700000, 0x0000000081800000, 0x0000000081800000|100%|HC|  |TAMS 0x0000000081800000, 0x0000000081700000| Complete 
|  24|0x0000000081800000, 0x0000000081900000, 0x0000000081900000|100%|HS|  |TAMS 0x0000000081900000, 0x0000000081800000| Complete 
|  25|0x0000000081900000, 0x0000000081a00000, 0x0000000081a00000|100%|HC|  |TAMS 0x0000000081a00000, 0x0000000081900000| Complete 
|  26|0x0000000081a00000, 0x0000000081b00000, 0x0000000081b00000|100%|HC|  |TAMS 0x0000000081b00000, 0x0000000081a00000| Complete 
|  27|0x0000000081b00000, 0x0000000081c00000, 0x0000000081c00000|100%|HS|  |TAMS 0x0000000081c00000, 0x0000000081b00000| Complete 
|  28|0x0000000081c00000, 0x0000000081d00000, 0x0000000081d00000|100%|HC|  |TAMS 0x0000000081d00000, 0x0000000081c00000| Complete 
|  29|0x0000000081d00000, 0x0000000081e00000, 0x0000000081e00000|100%|HC|  |TAMS 0x0000000081e00000, 0x0000000081d00000| Complete 
|  30|0x0000000081e00000, 0x0000000081f00000, 0x0000000081f00000|100%|HS|  |TAMS 0x0000000081f00000, 0x0000000081e00000| Complete 
|  31|0x0000000081f00000, 0x0000000082000000, 0x0000000082000000|100%|HC|  |TAMS 0x0000000082000000, 0x0000000081f00000| Complete 
|  32|0x0000000082000000, 0x0000000082100000, 0x0000000082100000|100%|HC|  |TAMS 0x0000000082100000, 0x0000000082000000| Complete 
|  33|0x0000000082100000, 0x0000000082200000, 0x0000000082200000|100%|HC|  |TAMS 0x0000000082200000, 0x0000000082100000| Complete 
|  34|0x0000000082200000, 0x0000000082300000, 0x0000000082300000|100%|HC|  |TAMS 0x0000000082300000, 0x0000000082200000| Complete 
|  35|0x0000000082300000, 0x0000000082400000, 0x0000000082400000|100%|HC|  |TAMS 0x0000000082400000, 0x0000000082300000| Complete 
|  36|0x0000000082400000, 0x0000000082500000, 0x0000000082500000|100%|HC|  |TAMS 0x0000000082500000, 0x0000000082400000| Complete 
|  37|0x0000000082500000, 0x0000000082600000, 0x0000000082600000|100%|HC|  |TAMS 0x0000000082600000, 0x0000000082500000| Complete 
|  38|0x0000000082600000, 0x0000000082700000, 0x0000000082700000|100%|HC|  |TAMS 0x0000000082700000, 0x0000000082600000| Complete 
|  39|0x0000000082700000, 0x0000000082800000, 0x0000000082800000|100%|HC|  |TAMS 0x0000000082800000, 0x0000000082700000| Complete 
|  40|0x0000000082800000, 0x0000000082900000, 0x0000000082900000|100%|HC|  |TAMS 0x0000000082900000, 0x0000000082800000| Complete 
|  41|0x0000000082900000, 0x0000000082a00000, 0x0000000082a00000|100%|HC|  |TAMS 0x0000000082a00000, 0x0000000082900000| Complete 
|  42|0x0000000082a00000, 0x0000000082b00000, 0x0000000082b00000|100%| O|  |TAMS 0x0000000082b00000, 0x0000000082a00000| Untracked 
|  43|0x0000000082b00000, 0x0000000082c00000, 0x0000000082c00000|100%| O|  |TAMS 0x0000000082c00000, 0x0000000082b00000| Untracked 
|  44|0x0000000082c00000, 0x0000000082d00000, 0x0000000082d00000|100%| O|  |TAMS 0x0000000082d00000, 0x0000000082c00000| Untracked 
|  45|0x0000000082d00000, 0x0000000082e00000, 0x0000000082e00000|100%|HS|  |TAMS 0x0000000082e00000, 0x0000000082d00000| Complete 
|  46|0x0000000082e00000, 0x0000000082f00000, 0x0000000082f00000|100%|HC|  |TAMS 0x0000000082f00000, 0x0000000082e00000| Complete 
|  47|0x0000000082f00000, 0x0000000083000000, 0x0000000083000000|100%| O|  |TAMS 0x0000000083000000, 0x0000000082f00000| Untracked 
|  48|0x0000000083000000, 0x0000000083100000, 0x0000000083100000|100%| O|  |TAMS 0x0000000083100000, 0x0000000083000000| Untracked 
|  49|0x0000000083100000, 0x0000000083200000, 0x0000000083200000|100%| O|  |TAMS 0x0000000083200000, 0x0000000083100000| Untracked 
|  50|0x0000000083200000, 0x0000000083300000, 0x0000000083300000|100%| O|  |TAMS 0x0000000083300000, 0x0000000083200000| Untracked 
|  51|0x0000000083300000, 0x0000000083400000, 0x0000000083400000|100%| O|  |TAMS 0x0000000083400000, 0x0000000083300000| Untracked 
|  52|0x0000000083400000, 0x0000000083500000, 0x0000000083500000|100%| O|  |TAMS 0x0000000083500000, 0x0000000083400000| Untracked 
|  53|0x0000000083500000, 0x0000000083600000, 0x0000000083600000|100%| O|  |TAMS 0x0000000083600000, 0x0000000083500000| Untracked 
|  54|0x0000000083600000, 0x0000000083700000, 0x0000000083700000|100%|HS|  |TAMS 0x0000000083700000, 0x0000000083600000| Complete 
|  55|0x0000000083700000, 0x0000000083800000, 0x0000000083800000|100%|HC|  |TAMS 0x0000000083800000, 0x0000000083700000| Complete 
|  56|0x0000000083800000, 0x0000000083900000, 0x0000000083900000|100%|HC|  |TAMS 0x0000000083900000, 0x0000000083800000| Complete 
|  57|0x0000000083900000, 0x0000000083a00000, 0x0000000083a00000|100%| O|  |TAMS 0x0000000083a00000, 0x0000000083900000| Untracked 
|  58|0x0000000083a00000, 0x0000000083b00000, 0x0000000083b00000|100%| O|  |TAMS 0x0000000083b00000, 0x0000000083a00000| Untracked 
|  59|0x0000000083b00000, 0x0000000083c00000, 0x0000000083c00000|100%| O|  |TAMS 0x0000000083c00000, 0x0000000083b00000| Untracked 
|  60|0x0000000083c00000, 0x0000000083d00000, 0x0000000083d00000|100%| O|  |TAMS 0x0000000083d00000, 0x0000000083c00000| Untracked 
|  61|0x0000000083d00000, 0x0000000083e00000, 0x0000000083e00000|100%| O|  |TAMS 0x0000000083e00000, 0x0000000083d00000| Untracked 
|  62|0x0000000083e00000, 0x0000000083f00000, 0x0000000083f00000|100%| O|  |TAMS 0x0000000083f00000, 0x0000000083e00000| Untracked 
|  63|0x0000000083f00000, 0x0000000084000000, 0x0000000084000000|100%|HS|  |TAMS 0x0000000084000000, 0x0000000083f00000| Complete 
|  64|0x0000000084000000, 0x0000000084100000, 0x0000000084100000|100%|HS|  |TAMS 0x0000000084100000, 0x0000000084000000| Complete 
|  65|0x0000000084100000, 0x0000000084200000, 0x0000000084200000|100%|HS|  |TAMS 0x0000000084200000, 0x0000000084100000| Complete 
|  66|0x0000000084200000, 0x0000000084300000, 0x0000000084300000|100%|HC|  |TAMS 0x0000000084300000, 0x0000000084200000| Complete 
|  67|0x0000000084300000, 0x0000000084400000, 0x0000000084400000|100%|HS|  |TAMS 0x0000000084400000, 0x0000000084300000| Complete 
|  68|0x0000000084400000, 0x0000000084500000, 0x0000000084500000|100%|HC|  |TAMS 0x0000000084500000, 0x0000000084400000| Complete 
|  69|0x0000000084500000, 0x0000000084600000, 0x0000000084600000|100%|HS|  |TAMS 0x0000000084600000, 0x0000000084500000| Complete 
|  70|0x0000000084600000, 0x0000000084700000, 0x0000000084700000|100%|HS|  |TAMS 0x0000000084700000, 0x0000000084600000| Complete 
|  71|0x0000000084700000, 0x0000000084800000, 0x0000000084800000|100%|HS|  |TAMS 0x0000000084800000, 0x0000000084700000| Complete 
|  72|0x0000000084800000, 0x0000000084900000, 0x0000000084900000|100%|HC|  |TAMS 0x0000000084900000, 0x0000000084800000| Complete 
|  73|0x0000000084900000, 0x0000000084a00000, 0x0000000084a00000|100%|HC|  |TAMS 0x0000000084a00000, 0x0000000084900000| Complete 
|  74|0x0000000084a00000, 0x0000000084b00000, 0x0000000084b00000|100%|HC|  |TAMS 0x0000000084b00000, 0x0000000084a00000| Complete 
|  75|0x0000000084b00000, 0x0000000084c00000, 0x0000000084c00000|100%| O|  |TAMS 0x0000000084c00000, 0x0000000084b00000| Untracked 
|  76|0x0000000084c00000, 0x0000000084d00000, 0x0000000084d00000|100%| O|  |TAMS 0x0000000084d00000, 0x0000000084c00000| Untracked 
|  77|0x0000000084d00000, 0x0000000084e00000, 0x0000000084e00000|100%| O|  |TAMS 0x0000000084e00000, 0x0000000084d00000| Untracked 
|  78|0x0000000084e00000, 0x0000000084f00000, 0x0000000084f00000|100%| O|  |TAMS 0x0000000084f00000, 0x0000000084e00000| Untracked 
|  79|0x0000000084f00000, 0x0000000085000000, 0x0000000085000000|100%| O|  |TAMS 0x0000000085000000, 0x0000000084f00000| Untracked 
|  80|0x0000000085000000, 0x0000000085100000, 0x0000000085100000|100%| O|  |TAMS 0x0000000085100000, 0x0000000085000000| Untracked 
|  81|0x0000000085100000, 0x0000000085200000, 0x0000000085200000|100%| O|  |TAMS 0x0000000085200000, 0x0000000085100000| Untracked 
|  82|0x0000000085200000, 0x0000000085300000, 0x0000000085300000|100%| O|  |TAMS 0x0000000085300000, 0x0000000085200000| Untracked 
|  83|0x0000000085300000, 0x0000000085400000, 0x0000000085400000|100%| O|  |TAMS 0x0000000085400000, 0x0000000085300000| Untracked 
|  84|0x0000000085400000, 0x0000000085500000, 0x0000000085500000|100%| O|  |TAMS 0x0000000085500000, 0x0000000085400000| Untracked 
|  85|0x0000000085500000, 0x0000000085600000, 0x0000000085600000|100%| O|  |TAMS 0x0000000085600000, 0x0000000085500000| Untracked 
|  86|0x0000000085600000, 0x0000000085700000, 0x0000000085700000|100%| O|  |TAMS 0x0000000085700000, 0x0000000085600000| Untracked 
|  87|0x0000000085700000, 0x0000000085800000, 0x0000000085800000|100%| O|  |TAMS 0x0000000085800000, 0x0000000085700000| Untracked 
|  88|0x0000000085800000, 0x0000000085900000, 0x0000000085900000|100%| O|  |TAMS 0x0000000085900000, 0x0000000085800000| Untracked 
|  89|0x0000000085900000, 0x0000000085a00000, 0x0000000085a00000|100%| O|  |TAMS 0x0000000085a00000, 0x0000000085900000| Untracked 
|  90|0x0000000085a00000, 0x0000000085b00000, 0x0000000085b00000|100%| O|  |TAMS 0x0000000085b00000, 0x0000000085a00000| Untracked 
|  91|0x0000000085b00000, 0x0000000085c00000, 0x0000000085c00000|100%| O|  |TAMS 0x0000000085c00000, 0x0000000085b00000| Untracked 
|  92|0x0000000085c00000, 0x0000000085d00000, 0x0000000085d00000|100%| O|  |TAMS 0x0000000085c00000, 0x0000000085c00000| Untracked 
|  93|0x0000000085d00000, 0x0000000085e00000, 0x0000000085e00000|100%| O|  |TAMS 0x0000000085e00000, 0x0000000085d00000| Untracked 
|  94|0x0000000085e00000, 0x0000000085f00000, 0x0000000085f00000|100%| O|  |TAMS 0x0000000085f00000, 0x0000000085e00000| Untracked 
|  95|0x0000000085f00000, 0x0000000086000000, 0x0000000086000000|100%| O|  |TAMS 0x0000000086000000, 0x0000000085f00000| Untracked 
|  96|0x0000000086000000, 0x0000000086100000, 0x0000000086100000|100%| O|  |TAMS 0x0000000086100000, 0x0000000086000000| Untracked 
|  97|0x0000000086100000, 0x0000000086200000, 0x0000000086200000|100%| O|  |TAMS 0x0000000086200000, 0x0000000086100000| Untracked 
|  98|0x0000000086200000, 0x0000000086300000, 0x0000000086300000|100%| O|  |TAMS 0x0000000086300000, 0x0000000086200000| Untracked 
|  99|0x0000000086300000, 0x0000000086400000, 0x0000000086400000|100%| O|  |TAMS 0x0000000086400000, 0x0000000086300000| Untracked 
| 100|0x0000000086400000, 0x0000000086500000, 0x0000000086500000|100%| O|  |TAMS 0x0000000086500000, 0x0000000086400000| Untracked 
| 101|0x0000000086500000, 0x0000000086600000, 0x0000000086600000|100%|HS|  |TAMS 0x0000000086600000, 0x0000000086500000| Complete 
| 102|0x0000000086600000, 0x0000000086700000, 0x0000000086700000|100%|HC|  |TAMS 0x0000000086700000, 0x0000000086600000| Complete 
| 103|0x0000000086700000, 0x0000000086800000, 0x0000000086800000|100%|HC|  |TAMS 0x0000000086800000, 0x0000000086700000| Complete 
| 104|0x0000000086800000, 0x0000000086900000, 0x0000000086900000|100%|HC|  |TAMS 0x0000000086900000, 0x0000000086800000| Complete 
| 105|0x0000000086900000, 0x0000000086a00000, 0x0000000086a00000|100%| O|  |TAMS 0x0000000086a00000, 0x0000000086900000| Untracked 
| 106|0x0000000086a00000, 0x0000000086b00000, 0x0000000086b00000|100%| O|  |TAMS 0x0000000086b00000, 0x0000000086a00000| Untracked 
| 107|0x0000000086b00000, 0x0000000086c00000, 0x0000000086c00000|100%| O|  |TAMS 0x0000000086c00000, 0x0000000086b00000| Untracked 
| 108|0x0000000086c00000, 0x0000000086d00000, 0x0000000086d00000|100%| O|  |TAMS 0x0000000086d00000, 0x0000000086c00000| Untracked 
| 109|0x0000000086d00000, 0x0000000086e00000, 0x0000000086e00000|100%| O|  |TAMS 0x0000000086e00000, 0x0000000086d00000| Untracked 
| 110|0x0000000086e00000, 0x0000000086f00000, 0x0000000086f00000|100%| O|  |TAMS 0x0000000086f00000, 0x0000000086e00000| Untracked 
| 111|0x0000000086f00000, 0x0000000087000000, 0x0000000087000000|100%| O|  |TAMS 0x0000000087000000, 0x0000000086f00000| Untracked 
| 112|0x0000000087000000, 0x0000000087100000, 0x0000000087100000|100%| O|  |TAMS 0x0000000087100000, 0x0000000087000000| Untracked 
| 113|0x0000000087100000, 0x0000000087200000, 0x0000000087200000|100%| O|  |TAMS 0x0000000087200000, 0x0000000087100000| Untracked 
| 114|0x0000000087200000, 0x0000000087300000, 0x0000000087300000|100%| O|  |TAMS 0x0000000087300000, 0x0000000087200000| Untracked 
| 115|0x0000000087300000, 0x0000000087400000, 0x0000000087400000|100%| O|  |TAMS 0x0000000087400000, 0x0000000087300000| Untracked 
| 116|0x0000000087400000, 0x0000000087500000, 0x0000000087500000|100%| O|  |TAMS 0x0000000087500000, 0x0000000087400000| Untracked 
| 117|0x0000000087500000, 0x0000000087600000, 0x0000000087600000|100%| O|  |TAMS 0x0000000087600000, 0x0000000087500000| Untracked 
| 118|0x0000000087600000, 0x0000000087700000, 0x0000000087700000|100%| O|  |TAMS 0x0000000087700000, 0x0000000087600000| Untracked 
| 119|0x0000000087700000, 0x0000000087800000, 0x0000000087800000|100%| O|  |TAMS 0x0000000087800000, 0x0000000087700000| Untracked 
| 120|0x0000000087800000, 0x0000000087900000, 0x0000000087900000|100%| O|  |TAMS 0x0000000087900000, 0x0000000087800000| Untracked 
| 121|0x0000000087900000, 0x0000000087a00000, 0x0000000087a00000|100%| O|  |TAMS 0x0000000087a00000, 0x0000000087900000| Untracked 
| 122|0x0000000087a00000, 0x0000000087b00000, 0x0000000087b00000|100%| O|  |TAMS 0x0000000087b00000, 0x0000000087a00000| Untracked 
| 123|0x0000000087b00000, 0x0000000087c00000, 0x0000000087c00000|100%| O|  |TAMS 0x0000000087c00000, 0x0000000087b00000| Untracked 
| 124|0x0000000087c00000, 0x0000000087d00000, 0x0000000087d00000|100%| O|  |TAMS 0x0000000087d00000, 0x0000000087c00000| Untracked 
| 125|0x0000000087d00000, 0x0000000087d00000, 0x0000000087e00000|  0%| F|  |TAMS 0x0000000087d00000, 0x0000000087d00000| Untracked 
| 126|0x0000000087e00000, 0x0000000087f00000, 0x0000000087f00000|100%| O|  |TAMS 0x0000000087f00000, 0x0000000087e00000| Untracked 
| 127|0x0000000087f00000, 0x0000000088000000, 0x0000000088000000|100%| O|  |TAMS 0x0000000088000000, 0x0000000087f00000| Untracked 
| 128|0x0000000088000000, 0x0000000088100000, 0x0000000088100000|100%| O|  |TAMS 0x0000000088100000, 0x0000000088000000| Untracked 
| 129|0x0000000088100000, 0x0000000088200000, 0x0000000088200000|100%| O|  |TAMS 0x0000000088200000, 0x0000000088100000| Untracked 
| 130|0x0000000088200000, 0x0000000088300000, 0x0000000088300000|100%| O|  |TAMS 0x0000000088300000, 0x0000000088200000| Untracked 
| 131|0x0000000088300000, 0x0000000088400000, 0x0000000088400000|100%| O|  |TAMS 0x0000000088400000, 0x0000000088300000| Untracked 
| 132|0x0000000088400000, 0x0000000088500000, 0x0000000088500000|100%| O|  |TAMS 0x0000000088500000, 0x0000000088400000| Untracked 
| 133|0x0000000088500000, 0x0000000088600000, 0x0000000088600000|100%| O|  |TAMS 0x0000000088600000, 0x0000000088500000| Untracked 
| 134|0x0000000088600000, 0x0000000088700000, 0x0000000088700000|100%| O|  |TAMS 0x0000000088700000, 0x0000000088600000| Untracked 
| 135|0x0000000088700000, 0x0000000088800000, 0x0000000088800000|100%| O|  |TAMS 0x0000000088800000, 0x0000000088700000| Untracked 
| 136|0x0000000088800000, 0x0000000088900000, 0x0000000088900000|100%|HS|  |TAMS 0x0000000088900000, 0x0000000088800000| Complete 
| 137|0x0000000088900000, 0x0000000088a00000, 0x0000000088a00000|100%|HC|  |TAMS 0x0000000088a00000, 0x0000000088900000| Complete 
| 138|0x0000000088a00000, 0x0000000088b00000, 0x0000000088b00000|100%|HC|  |TAMS 0x0000000088b00000, 0x0000000088a00000| Complete 
| 139|0x0000000088b00000, 0x0000000088c00000, 0x0000000088c00000|100%|HC|  |TAMS 0x0000000088c00000, 0x0000000088b00000| Complete 
| 140|0x0000000088c00000, 0x0000000088d00000, 0x0000000088d00000|100%|HC|  |TAMS 0x0000000088d00000, 0x0000000088c00000| Complete 
| 141|0x0000000088d00000, 0x0000000088e00000, 0x0000000088e00000|100%|HC|  |TAMS 0x0000000088e00000, 0x0000000088d00000| Complete 
| 142|0x0000000088e00000, 0x0000000088f00000, 0x0000000088f00000|100%|HS|  |TAMS 0x0000000088f00000, 0x0000000088e00000| Complete 
| 143|0x0000000088f00000, 0x0000000089000000, 0x0000000089000000|100%| O|  |TAMS 0x0000000089000000, 0x0000000088f00000| Untracked 
| 144|0x0000000089000000, 0x0000000089100000, 0x0000000089100000|100%| O|  |TAMS 0x0000000089100000, 0x0000000089000000| Untracked 
| 145|0x0000000089100000, 0x0000000089200000, 0x0000000089200000|100%| O|  |TAMS 0x0000000089200000, 0x0000000089100000| Untracked 
| 146|0x0000000089200000, 0x0000000089300000, 0x0000000089300000|100%| O|  |TAMS 0x0000000089300000, 0x0000000089200000| Untracked 
| 147|0x0000000089300000, 0x0000000089400000, 0x0000000089400000|100%| O|  |TAMS 0x0000000089400000, 0x0000000089300000| Untracked 
| 148|0x0000000089400000, 0x0000000089400000, 0x0000000089500000|  0%| F|  |TAMS 0x0000000089400000, 0x0000000089400000| Untracked 
| 149|0x0000000089500000, 0x0000000089600000, 0x0000000089600000|100%| O|  |TAMS 0x0000000089500000, 0x0000000089500000| Untracked 
| 150|0x0000000089600000, 0x0000000089700000, 0x0000000089700000|100%| O|  |TAMS 0x0000000089600000, 0x0000000089600000| Untracked 
| 151|0x0000000089700000, 0x0000000089800000, 0x0000000089800000|100%| O|  |TAMS 0x0000000089700000, 0x0000000089700000| Untracked 
| 152|0x0000000089800000, 0x0000000089900000, 0x0000000089900000|100%| O|  |TAMS 0x0000000089800000, 0x0000000089800000| Untracked 
| 153|0x0000000089900000, 0x0000000089a00000, 0x0000000089a00000|100%| O|  |TAMS 0x0000000089900000, 0x0000000089900000| Untracked 
| 154|0x0000000089a00000, 0x0000000089b00000, 0x0000000089b00000|100%| O|  |TAMS 0x0000000089a00000, 0x0000000089a00000| Untracked 
| 155|0x0000000089b00000, 0x0000000089c00000, 0x0000000089c00000|100%| O|  |TAMS 0x0000000089b00000, 0x0000000089b00000| Untracked 
| 156|0x0000000089c00000, 0x0000000089c38c00, 0x0000000089d00000| 22%| O|  |TAMS 0x0000000089c00000, 0x0000000089c00000| Untracked 
| 157|0x0000000089d00000, 0x0000000089d00000, 0x0000000089e00000|  0%| F|  |TAMS 0x0000000089d00000, 0x0000000089d00000| Untracked 
| 158|0x0000000089e00000, 0x0000000089e00000, 0x0000000089f00000|  0%| F|  |TAMS 0x0000000089e00000, 0x0000000089e00000| Untracked 
| 159|0x0000000089f00000, 0x0000000089f00000, 0x000000008a000000|  0%| F|  |TAMS 0x0000000089f00000, 0x0000000089f00000| Untracked 
| 160|0x000000008a000000, 0x000000008a000000, 0x000000008a100000|  0%| F|  |TAMS 0x000000008a000000, 0x000000008a000000| Untracked 
| 161|0x000000008a100000, 0x000000008a100000, 0x000000008a200000|  0%| F|  |TAMS 0x000000008a100000, 0x000000008a100000| Untracked 
| 162|0x000000008a200000, 0x000000008a200000, 0x000000008a300000|  0%| F|  |TAMS 0x000000008a200000, 0x000000008a200000| Untracked 
| 163|0x000000008a300000, 0x000000008a300000, 0x000000008a400000|  0%| F|  |TAMS 0x000000008a300000, 0x000000008a300000| Untracked 
| 164|0x000000008a400000, 0x000000008a400000, 0x000000008a500000|  0%| F|  |TAMS 0x000000008a400000, 0x000000008a400000| Untracked 
| 165|0x000000008a500000, 0x000000008a500000, 0x000000008a600000|  0%| F|  |TAMS 0x000000008a500000, 0x000000008a500000| Untracked 
| 166|0x000000008a600000, 0x000000008a600000, 0x000000008a700000|  0%| F|  |TAMS 0x000000008a600000, 0x000000008a600000| Untracked 
| 167|0x000000008a700000, 0x000000008a700000, 0x000000008a800000|  0%| F|  |TAMS 0x000000008a700000, 0x000000008a700000| Untracked 
| 168|0x000000008a800000, 0x000000008a800000, 0x000000008a900000|  0%| F|  |TAMS 0x000000008a800000, 0x000000008a800000| Untracked 
| 169|0x000000008a900000, 0x000000008a900000, 0x000000008aa00000|  0%| F|  |TAMS 0x000000008a900000, 0x000000008a900000| Untracked 
| 170|0x000000008aa00000, 0x000000008aa00000, 0x000000008ab00000|  0%| F|  |TAMS 0x000000008aa00000, 0x000000008aa00000| Untracked 
| 171|0x000000008ab00000, 0x000000008ab00000, 0x000000008ac00000|  0%| F|  |TAMS 0x000000008ab00000, 0x000000008ab00000| Untracked 
| 172|0x000000008ac00000, 0x000000008ac00000, 0x000000008ad00000|  0%| F|  |TAMS 0x000000008ac00000, 0x000000008ac00000| Untracked 
| 173|0x000000008ad00000, 0x000000008ad00000, 0x000000008ae00000|  0%| F|  |TAMS 0x000000008ad00000, 0x000000008ad00000| Untracked 
| 174|0x000000008ae00000, 0x000000008ae00000, 0x000000008af00000|  0%| F|  |TAMS 0x000000008ae00000, 0x000000008ae00000| Untracked 
| 175|0x000000008af00000, 0x000000008af00000, 0x000000008b000000|  0%| F|  |TAMS 0x000000008af00000, 0x000000008af00000| Untracked 
| 176|0x000000008b000000, 0x000000008b000000, 0x000000008b100000|  0%| F|  |TAMS 0x000000008b000000, 0x000000008b000000| Untracked 
| 177|0x000000008b100000, 0x000000008b100000, 0x000000008b200000|  0%| F|  |TAMS 0x000000008b100000, 0x000000008b100000| Untracked 
| 178|0x000000008b200000, 0x000000008b200000, 0x000000008b300000|  0%| F|  |TAMS 0x000000008b200000, 0x000000008b200000| Untracked 
| 179|0x000000008b300000, 0x000000008b300000, 0x000000008b400000|  0%| F|  |TAMS 0x000000008b300000, 0x000000008b300000| Untracked 
| 180|0x000000008b400000, 0x000000008b400000, 0x000000008b500000|  0%| F|  |TAMS 0x000000008b400000, 0x000000008b400000| Untracked 
| 181|0x000000008b500000, 0x000000008b500000, 0x000000008b600000|  0%| F|  |TAMS 0x000000008b500000, 0x000000008b500000| Untracked 
| 182|0x000000008b600000, 0x000000008b600000, 0x000000008b700000|  0%| F|  |TAMS 0x000000008b600000, 0x000000008b600000| Untracked 
| 183|0x000000008b700000, 0x000000008b700000, 0x000000008b800000|  0%| F|  |TAMS 0x000000008b700000, 0x000000008b700000| Untracked 
| 184|0x000000008b800000, 0x000000008b800000, 0x000000008b900000|  0%| F|  |TAMS 0x000000008b800000, 0x000000008b800000| Untracked 
| 185|0x000000008b900000, 0x000000008b900000, 0x000000008ba00000|  0%| F|  |TAMS 0x000000008b900000, 0x000000008b900000| Untracked 
| 186|0x000000008ba00000, 0x000000008ba00000, 0x000000008bb00000|  0%| F|  |TAMS 0x000000008ba00000, 0x000000008ba00000| Untracked 
| 187|0x000000008bb00000, 0x000000008bb00000, 0x000000008bc00000|  0%| F|  |TAMS 0x000000008bb00000, 0x000000008bb00000| Untracked 
| 188|0x000000008bc00000, 0x000000008bc00000, 0x000000008bd00000|  0%| F|  |TAMS 0x000000008bc00000, 0x000000008bc00000| Untracked 
| 189|0x000000008bd00000, 0x000000008bd00000, 0x000000008be00000|  0%| F|  |TAMS 0x000000008bd00000, 0x000000008bd00000| Untracked 
| 190|0x000000008be00000, 0x000000008be00000, 0x000000008bf00000|  0%| F|  |TAMS 0x000000008be00000, 0x000000008be00000| Untracked 
| 191|0x000000008bf00000, 0x000000008bf00000, 0x000000008c000000|  0%| F|  |TAMS 0x000000008bf00000, 0x000000008bf00000| Untracked 
| 192|0x000000008c000000, 0x000000008c000000, 0x000000008c100000|  0%| F|  |TAMS 0x000000008c000000, 0x000000008c000000| Untracked 
| 193|0x000000008c100000, 0x000000008c100000, 0x000000008c200000|  0%| F|  |TAMS 0x000000008c100000, 0x000000008c100000| Untracked 
| 194|0x000000008c200000, 0x000000008c200000, 0x000000008c300000|  0%| F|  |TAMS 0x000000008c200000, 0x000000008c200000| Untracked 
| 195|0x000000008c300000, 0x000000008c300000, 0x000000008c400000|  0%| F|  |TAMS 0x000000008c300000, 0x000000008c300000| Untracked 
| 196|0x000000008c400000, 0x000000008c400000, 0x000000008c500000|  0%| F|  |TAMS 0x000000008c400000, 0x000000008c400000| Untracked 
| 197|0x000000008c500000, 0x000000008c500000, 0x000000008c600000|  0%| F|  |TAMS 0x000000008c500000, 0x000000008c500000| Untracked 
| 198|0x000000008c600000, 0x000000008c600000, 0x000000008c700000|  0%| F|  |TAMS 0x000000008c600000, 0x000000008c600000| Untracked 
| 199|0x000000008c700000, 0x000000008c700000, 0x000000008c800000|  0%| F|  |TAMS 0x000000008c700000, 0x000000008c700000| Untracked 
| 200|0x000000008c800000, 0x000000008c800000, 0x000000008c900000|  0%| F|  |TAMS 0x000000008c800000, 0x000000008c800000| Untracked 
| 201|0x000000008c900000, 0x000000008c900000, 0x000000008ca00000|  0%| F|  |TAMS 0x000000008c900000, 0x000000008c900000| Untracked 
| 202|0x000000008ca00000, 0x000000008cab0ce8, 0x000000008cb00000| 69%| S|CS|TAMS 0x000000008ca00000, 0x000000008ca00000| Complete 
| 203|0x000000008cb00000, 0x000000008cc00000, 0x000000008cc00000|100%| S|CS|TAMS 0x000000008cb00000, 0x000000008cb00000| Complete 
| 204|0x000000008cc00000, 0x000000008cd00000, 0x000000008cd00000|100%| S|CS|TAMS 0x000000008cc00000, 0x000000008cc00000| Complete 
| 205|0x000000008cd00000, 0x000000008ce00000, 0x000000008ce00000|100%| S|CS|TAMS 0x000000008cd00000, 0x000000008cd00000| Complete 
| 206|0x000000008ce00000, 0x000000008ce00000, 0x000000008cf00000|  0%| F|  |TAMS 0x000000008ce00000, 0x000000008ce00000| Untracked 
| 207|0x000000008cf00000, 0x000000008cf00000, 0x000000008d000000|  0%| F|  |TAMS 0x000000008cf00000, 0x000000008cf00000| Untracked 
| 208|0x000000008d000000, 0x000000008d000000, 0x000000008d100000|  0%| F|  |TAMS 0x000000008d000000, 0x000000008d000000| Untracked 
| 209|0x000000008d100000, 0x000000008d100000, 0x000000008d200000|  0%| F|  |TAMS 0x000000008d100000, 0x000000008d100000| Untracked 
| 210|0x000000008d200000, 0x000000008d200000, 0x000000008d300000|  0%| F|  |TAMS 0x000000008d200000, 0x000000008d200000| Untracked 
| 211|0x000000008d300000, 0x000000008d300000, 0x000000008d400000|  0%| F|  |TAMS 0x000000008d300000, 0x000000008d300000| Untracked 
| 212|0x000000008d400000, 0x000000008d400000, 0x000000008d500000|  0%| F|  |TAMS 0x000000008d400000, 0x000000008d400000| Untracked 
| 213|0x000000008d500000, 0x000000008d500000, 0x000000008d600000|  0%| F|  |TAMS 0x000000008d500000, 0x000000008d500000| Untracked 
| 214|0x000000008d600000, 0x000000008d600000, 0x000000008d700000|  0%| F|  |TAMS 0x000000008d600000, 0x000000008d600000| Untracked 
| 215|0x000000008d700000, 0x000000008d700000, 0x000000008d800000|  0%| F|  |TAMS 0x000000008d700000, 0x000000008d700000| Untracked 
| 216|0x000000008d800000, 0x000000008d800000, 0x000000008d900000|  0%| F|  |TAMS 0x000000008d800000, 0x000000008d800000| Untracked 
| 217|0x000000008d900000, 0x000000008d900000, 0x000000008da00000|  0%| F|  |TAMS 0x000000008d900000, 0x000000008d900000| Untracked 
| 218|0x000000008da00000, 0x000000008da00000, 0x000000008db00000|  0%| F|  |TAMS 0x000000008da00000, 0x000000008da00000| Untracked 
| 219|0x000000008db00000, 0x000000008db00000, 0x000000008dc00000|  0%| F|  |TAMS 0x000000008db00000, 0x000000008db00000| Untracked 
| 220|0x000000008dc00000, 0x000000008dc00000, 0x000000008dd00000|  0%| F|  |TAMS 0x000000008dc00000, 0x000000008dc00000| Untracked 
| 221|0x000000008dd00000, 0x000000008dd00000, 0x000000008de00000|  0%| F|  |TAMS 0x000000008dd00000, 0x000000008dd00000| Untracked 
| 222|0x000000008de00000, 0x000000008de00000, 0x000000008df00000|  0%| F|  |TAMS 0x000000008de00000, 0x000000008de00000| Untracked 
| 223|0x000000008df00000, 0x000000008df00000, 0x000000008e000000|  0%| F|  |TAMS 0x000000008df00000, 0x000000008df00000| Untracked 
| 224|0x000000008e000000, 0x000000008e000000, 0x000000008e100000|  0%| F|  |TAMS 0x000000008e000000, 0x000000008e000000| Untracked 
| 225|0x000000008e100000, 0x000000008e100000, 0x000000008e200000|  0%| F|  |TAMS 0x000000008e100000, 0x000000008e100000| Untracked 
| 226|0x000000008e200000, 0x000000008e200000, 0x000000008e300000|  0%| F|  |TAMS 0x000000008e200000, 0x000000008e200000| Untracked 
| 227|0x000000008e300000, 0x000000008e300000, 0x000000008e400000|  0%| F|  |TAMS 0x000000008e300000, 0x000000008e300000| Untracked 
| 228|0x000000008e400000, 0x000000008e400000, 0x000000008e500000|  0%| F|  |TAMS 0x000000008e400000, 0x000000008e400000| Untracked 
| 229|0x000000008e500000, 0x000000008e500000, 0x000000008e600000|  0%| F|  |TAMS 0x000000008e500000, 0x000000008e500000| Untracked 
| 230|0x000000008e600000, 0x000000008e600000, 0x000000008e700000|  0%| F|  |TAMS 0x000000008e600000, 0x000000008e600000| Untracked 
| 231|0x000000008e700000, 0x000000008e700000, 0x000000008e800000|  0%| F|  |TAMS 0x000000008e700000, 0x000000008e700000| Untracked 
| 232|0x000000008e800000, 0x000000008e800000, 0x000000008e900000|  0%| F|  |TAMS 0x000000008e800000, 0x000000008e800000| Untracked 
| 233|0x000000008e900000, 0x000000008e900000, 0x000000008ea00000|  0%| F|  |TAMS 0x000000008e900000, 0x000000008e900000| Untracked 
| 234|0x000000008ea00000, 0x000000008ea00000, 0x000000008eb00000|  0%| F|  |TAMS 0x000000008ea00000, 0x000000008ea00000| Untracked 
| 235|0x000000008eb00000, 0x000000008eb00000, 0x000000008ec00000|  0%| F|  |TAMS 0x000000008eb00000, 0x000000008eb00000| Untracked 
| 236|0x000000008ec00000, 0x000000008ec00000, 0x000000008ed00000|  0%| F|  |TAMS 0x000000008ec00000, 0x000000008ec00000| Untracked 
| 237|0x000000008ed00000, 0x000000008ed00000, 0x000000008ee00000|  0%| F|  |TAMS 0x000000008ed00000, 0x000000008ed00000| Untracked 
| 238|0x000000008ee00000, 0x000000008ee00000, 0x000000008ef00000|  0%| F|  |TAMS 0x000000008ee00000, 0x000000008ee00000| Untracked 
| 239|0x000000008ef00000, 0x000000008ef00000, 0x000000008f000000|  0%| F|  |TAMS 0x000000008ef00000, 0x000000008ef00000| Untracked 
| 240|0x000000008f000000, 0x000000008f000000, 0x000000008f100000|  0%| F|  |TAMS 0x000000008f000000, 0x000000008f000000| Untracked 
| 241|0x000000008f100000, 0x000000008f100000, 0x000000008f200000|  0%| F|  |TAMS 0x000000008f100000, 0x000000008f100000| Untracked 
| 242|0x000000008f200000, 0x000000008f200000, 0x000000008f300000|  0%| F|  |TAMS 0x000000008f200000, 0x000000008f200000| Untracked 
| 243|0x000000008f300000, 0x000000008f300000, 0x000000008f400000|  0%| F|  |TAMS 0x000000008f300000, 0x000000008f300000| Untracked 
| 244|0x000000008f400000, 0x000000008f400000, 0x000000008f500000|  0%| F|  |TAMS 0x000000008f400000, 0x000000008f400000| Untracked 
| 245|0x000000008f500000, 0x000000008f500000, 0x000000008f600000|  0%| F|  |TAMS 0x000000008f500000, 0x000000008f500000| Untracked 
| 246|0x000000008f600000, 0x000000008f600000, 0x000000008f700000|  0%| F|  |TAMS 0x000000008f600000, 0x000000008f600000| Untracked 
| 247|0x000000008f700000, 0x000000008f700000, 0x000000008f800000|  0%| F|  |TAMS 0x000000008f700000, 0x000000008f700000| Untracked 
| 248|0x000000008f800000, 0x000000008f800000, 0x000000008f900000|  0%| F|  |TAMS 0x000000008f800000, 0x000000008f800000| Untracked 
| 249|0x000000008f900000, 0x000000008f900000, 0x000000008fa00000|  0%| F|  |TAMS 0x000000008f900000, 0x000000008f900000| Untracked 
| 250|0x000000008fa00000, 0x000000008fa00000, 0x000000008fb00000|  0%| F|  |TAMS 0x000000008fa00000, 0x000000008fa00000| Untracked 
| 251|0x000000008fb00000, 0x000000008fb00000, 0x000000008fc00000|  0%| F|  |TAMS 0x000000008fb00000, 0x000000008fb00000| Untracked 
| 252|0x000000008fc00000, 0x000000008fc00000, 0x000000008fd00000|  0%| F|  |TAMS 0x000000008fc00000, 0x000000008fc00000| Untracked 
| 253|0x000000008fd00000, 0x000000008fd00000, 0x000000008fe00000|  0%| F|  |TAMS 0x000000008fd00000, 0x000000008fd00000| Untracked 
| 254|0x000000008fe00000, 0x000000008fe00000, 0x000000008ff00000|  0%| F|  |TAMS 0x000000008fe00000, 0x000000008fe00000| Untracked 
| 255|0x000000008ff00000, 0x000000008ff00000, 0x0000000090000000|  0%| F|  |TAMS 0x000000008ff00000, 0x000000008ff00000| Untracked 
| 256|0x0000000090000000, 0x0000000090000000, 0x0000000090100000|  0%| F|  |TAMS 0x0000000090000000, 0x0000000090000000| Untracked 
| 257|0x0000000090100000, 0x0000000090100000, 0x0000000090200000|  0%| F|  |TAMS 0x0000000090100000, 0x0000000090100000| Untracked 
| 258|0x0000000090200000, 0x0000000090200000, 0x0000000090300000|  0%| F|  |TAMS 0x0000000090200000, 0x0000000090200000| Untracked 
| 259|0x0000000090300000, 0x0000000090300000, 0x0000000090400000|  0%| F|  |TAMS 0x0000000090300000, 0x0000000090300000| Untracked 
| 260|0x0000000090400000, 0x0000000090400000, 0x0000000090500000|  0%| F|  |TAMS 0x0000000090400000, 0x0000000090400000| Untracked 
| 261|0x0000000090500000, 0x0000000090500000, 0x0000000090600000|  0%| F|  |TAMS 0x0000000090500000, 0x0000000090500000| Untracked 
| 262|0x0000000090600000, 0x0000000090600000, 0x0000000090700000|  0%| F|  |TAMS 0x0000000090600000, 0x0000000090600000| Untracked 
| 263|0x0000000090700000, 0x0000000090700000, 0x0000000090800000|  0%| F|  |TAMS 0x0000000090700000, 0x0000000090700000| Untracked 
| 264|0x0000000090800000, 0x0000000090800000, 0x0000000090900000|  0%| F|  |TAMS 0x0000000090800000, 0x0000000090800000| Untracked 

Card table byte_map: [0x000001e1bc000000,0x000001e1bc400000] _byte_map_base: 0x000001e1bbc00000

Marking Bits (Prev, Next): (CMBitMap*) 0x000001e1a92466f0, (CMBitMap*) 0x000001e1a9246730
 Prev Bits: [0x000001e1bc800000, 0x000001e1be800000)
 Next Bits: [0x000001e1be800000, 0x000001e1c0800000)

Polling page: 0x000001e1a7120000

Metaspace:

Usage:
  Non-class:     96.61 MB used.
      Class:     14.94 MB used.
       Both:    111.55 MB used.

Virtual space:
  Non-class space:      104.00 MB reserved,      97.06 MB ( 93%) committed,  13 nodes.
      Class space:        1.00 GB reserved,      15.31 MB (  1%) committed,  1 nodes.
             Both:        1.10 GB reserved,     112.38 MB ( 10%) committed. 

Chunk freelists:
   Non-Class:  2.11 MB
       Class:  608.00 KB
        Both:  2.70 MB

MaxMetaspaceSize: unlimited
CompressedClassSpaceSize: 1.00 GB
Initial GC threshold: 21.00 MB
Current GC threshold: 170.12 MB
CDS: off
MetaspaceReclaimPolicy: balanced
 - commit_granule_bytes: 65536.
 - commit_granule_words: 8192.
 - virtual_space_node_default_size: 1048576.
 - enlarge_chunks_in_place: 1.
 - new_chunks_are_fully_committed: 0.
 - uncommit_free_chunks: 1.
 - use_allocation_guard: 0.
 - handle_deallocations: 1.


Internal statistics:

num_allocs_failed_limit: 6.
num_arena_births: 930.
num_arena_deaths: 0.
num_vsnodes_births: 14.
num_vsnodes_deaths: 0.
num_space_committed: 1796.
num_space_uncommitted: 0.
num_chunks_returned_to_freelist: 6.
num_chunks_taken_from_freelist: 4862.
num_chunk_merges: 6.
num_chunk_splits: 3560.
num_chunks_enlarged: 2744.
num_purges: 0.
num_inconsistent_stats: 0.

CodeHeap 'non-profiled nmethods': size=120000Kb used=5019Kb max_used=5380Kb free=114980Kb
 bounds [0x000001e1b4180000, 0x000001e1b46d0000, 0x000001e1bb6b0000]
CodeHeap 'profiled nmethods': size=120000Kb used=15367Kb max_used=15863Kb free=104632Kb
 bounds [0x000001e1ac6b0000, 0x000001e1ad650000, 0x000001e1b3be0000]
CodeHeap 'non-nmethods': size=5760Kb used=2438Kb max_used=2506Kb free=3321Kb
 bounds [0x000001e1b3be0000, 0x000001e1b3e60000, 0x000001e1b4180000]
 total_blobs=9036 nmethods=8052 adapters=894
 compilation: enabled
              stopped_count=0, restarted_count=0
 full_count=0

Compilation events (20 events):
Event: 8.933 Thread 0x000001e1c445df90 nmethod 9577 0x000001e1b463d990 code [0x000001e1b463db20, 0x000001e1b463dc68]
Event: 8.934 Thread 0x000001e1c445df90 9515       4       org.jetbrains.kotlin.protobuf.GeneratedMessageLite$ExtendableMessage$ExtensionWriter::writeUntil (140 bytes)
Event: 8.950 Thread 0x000001e1c445df90 nmethod 9515 0x000001e1b4653190 code [0x000001e1b46533c0, 0x000001e1b4653f98]
Event: 8.950 Thread 0x000001e1c445df90 9535       4       org.jetbrains.kotlin.metadata.ProtoBuf$Type::writeTo (354 bytes)
Event: 8.951 Thread 0x000001e1c407f6e0 9581       1       kotlin.collections.IndexedValue::getIndex (5 bytes)
Event: 8.951 Thread 0x000001e1c407f6e0 nmethod 9581 0x000001e1b463d690 code [0x000001e1b463d820, 0x000001e1b463d8f8]
Event: 8.951 Thread 0x000001e1c407f6e0 9582       1       kotlin.collections.IndexedValue::getValue (5 bytes)
Event: 8.951 Thread 0x000001e1c407f6e0 nmethod 9582 0x000001e1b463d290 code [0x000001e1b463d420, 0x000001e1b463d4f8]
Event: 8.952 Thread 0x000001e1c407f6e0 9583   !   2       kotlin.jvm.internal.ArrayIterator::next (48 bytes)
Event: 8.952 Thread 0x000001e1c407f6e0 nmethod 9583 0x000001e1acee0e90 code [0x000001e1acee1040, 0x000001e1acee1278]
Event: 8.953 Thread 0x000001e1c407f6e0 9584       1       kotlin.Pair::getSecond (5 bytes)
Event: 8.953 Thread 0x000001e1c407f6e0 nmethod 9584 0x000001e1b4640a90 code [0x000001e1b4640c20, 0x000001e1b4640cf8]
Event: 8.955 Thread 0x000001e1c407f6e0 9585       2       kotlin.jvm.internal.ArrayIterator::hasNext (18 bytes)
Event: 8.955 Thread 0x000001e1c407f6e0 nmethod 9585 0x000001e1acee0b10 code [0x000001e1acee0ca0, 0x000001e1acee0dd8]
Event: 8.956 Thread 0x000001e1c407f6e0 9587       2       kotlin.sequences.SequencesKt___SequencesKt::map (25 bytes)
Event: 8.957 Thread 0x000001e1c407f6e0 nmethod 9587 0x000001e1ad009f10 code [0x000001e1ad00a1c0, 0x000001e1ad00aa18]
Event: 8.957 Thread 0x000001e1c407f6e0 9588       2       org.jetbrains.kotlin.com.intellij.openapi.progress.impl.CoreProgressManager::doCheckCanceled (53 bytes)
Event: 8.957 Thread 0x000001e1c407f6e0 nmethod 9588 0x000001e1accd0890 code [0x000001e1accd0ae0, 0x000001e1accd1078]
Event: 8.957 Thread 0x000001e1c407f6e0 9589       2       kotlin.sequences.FilteringSequence$iterator$1::hasNext (26 bytes)
Event: 8.957 Thread 0x000001e1c407f6e0 nmethod 9589 0x000001e1acee0710 code [0x000001e1acee08a0, 0x000001e1acee09e8]

GC Heap History (20 events):
Event: 6.441 GC heap after
{Heap after GC invocations=32 (full 0):
 garbage-first heap   total 188416K, used 111410K [0x0000000080000000, 0x0000000100000000)
  region size 1024K, 2 young (2048K), 2 survivors (2048K)
 Metaspace       used 81496K, committed 82176K, reserved 1122304K
  class space    used 10947K, committed 11264K, reserved 1048576K
}
Event: 6.777 GC heap before
{Heap before GC invocations=32 (full 0):
 garbage-first heap   total 188416K, used 156466K [0x0000000080000000, 0x0000000100000000)
  region size 1024K, 46 young (47104K), 2 survivors (2048K)
 Metaspace       used 86232K, committed 87040K, reserved 1130496K
  class space    used 11552K, committed 11904K, reserved 1048576K
}
Event: 6.779 GC heap after
{Heap after GC invocations=33 (full 0):
 garbage-first heap   total 226304K, used 112364K [0x0000000080000000, 0x0000000100000000)
  region size 1024K, 3 young (3072K), 3 survivors (3072K)
 Metaspace       used 86232K, committed 87040K, reserved 1130496K
  class space    used 11552K, committed 11904K, reserved 1048576K
}
Event: 7.284 GC heap before
{Heap before GC invocations=34 (full 0):
 garbage-first heap   total 226304K, used 185068K [0x0000000080000000, 0x0000000100000000)
  region size 1024K, 67 young (68608K), 3 survivors (3072K)
 Metaspace       used 94781K, committed 95552K, reserved 1138688K
  class space    used 13100K, committed 13440K, reserved 1048576K
}
Event: 7.287 GC heap after
{Heap after GC invocations=35 (full 0):
 garbage-first heap   total 226304K, used 124312K [0x0000000080000000, 0x0000000100000000)
  region size 1024K, 7 young (7168K), 7 survivors (7168K)
 Metaspace       used 94781K, committed 95552K, reserved 1138688K
  class space    used 13100K, committed 13440K, reserved 1048576K
}
Event: 7.295 GC heap before
{Heap before GC invocations=35 (full 0):
 garbage-first heap   total 226304K, used 128408K [0x0000000080000000, 0x0000000100000000)
  region size 1024K, 11 young (11264K), 7 survivors (7168K)
 Metaspace       used 94781K, committed 95552K, reserved 1138688K
  class space    used 13100K, committed 13440K, reserved 1048576K
}
Event: 7.298 GC heap after
{Heap after GC invocations=36 (full 0):
 garbage-first heap   total 226304K, used 124944K [0x0000000080000000, 0x0000000100000000)
  region size 1024K, 2 young (2048K), 2 survivors (2048K)
 Metaspace       used 94781K, committed 95552K, reserved 1138688K
  class space    used 13100K, committed 13440K, reserved 1048576K
}
Event: 7.445 GC heap before
{Heap before GC invocations=36 (full 0):
 garbage-first heap   total 226304K, used 183312K [0x0000000080000000, 0x0000000100000000)
  region size 1024K, 59 young (60416K), 2 survivors (2048K)
 Metaspace       used 94918K, committed 95744K, reserved 1138688K
  class space    used 13107K, committed 13504K, reserved 1048576K
}
Event: 7.454 GC heap after
{Heap after GC invocations=37 (full 0):
 garbage-first heap   total 226304K, used 138239K [0x0000000080000000, 0x0000000100000000)
  region size 1024K, 8 young (8192K), 8 survivors (8192K)
 Metaspace       used 94918K, committed 95744K, reserved 1138688K
  class space    used 13107K, committed 13504K, reserved 1048576K
}
Event: 7.727 GC heap before
{Heap before GC invocations=38 (full 0):
 garbage-first heap   total 249856K, used 181247K [0x0000000080000000, 0x0000000100000000)
  region size 1024K, 50 young (51200K), 8 survivors (8192K)
 Metaspace       used 98468K, committed 99200K, reserved 1138688K
  class space    used 13541K, committed 13888K, reserved 1048576K
}
Event: 7.733 GC heap after
{Heap after GC invocations=39 (full 0):
 garbage-first heap   total 249856K, used 144632K [0x0000000080000000, 0x0000000100000000)
  region size 1024K, 6 young (6144K), 6 survivors (6144K)
 Metaspace       used 98468K, committed 99200K, reserved 1138688K
  class space    used 13541K, committed 13888K, reserved 1048576K
}
Event: 7.797 GC heap before
{Heap before GC invocations=39 (full 0):
 garbage-first heap   total 249856K, used 156920K [0x0000000080000000, 0x0000000100000000)
  region size 1024K, 12 young (12288K), 6 survivors (6144K)
 Metaspace       used 99117K, committed 99904K, reserved 1138688K
  class space    used 13622K, committed 14016K, reserved 1048576K
}
Event: 7.800 GC heap after
{Heap after GC invocations=40 (full 0):
 garbage-first heap   total 249856K, used 152681K [0x0000000080000000, 0x0000000100000000)
  region size 1024K, 2 young (2048K), 2 survivors (2048K)
 Metaspace       used 99117K, committed 99904K, reserved 1138688K
  class space    used 13622K, committed 14016K, reserved 1048576K
}
Event: 8.064 GC heap before
{Heap before GC invocations=40 (full 0):
 garbage-first heap   total 249856K, used 199785K [0x0000000080000000, 0x0000000100000000)
  region size 1024K, 48 young (49152K), 2 survivors (2048K)
 Metaspace       used 102909K, committed 103744K, reserved 1146880K
  class space    used 13999K, committed 14400K, reserved 1048576K
}
Event: 8.066 GC heap after
{Heap after GC invocations=41 (full 0):
 garbage-first heap   total 249856K, used 156623K [0x0000000080000000, 0x0000000100000000)
  region size 1024K, 5 young (5120K), 5 survivors (5120K)
 Metaspace       used 102909K, committed 103744K, reserved 1146880K
  class space    used 13999K, committed 14400K, reserved 1048576K
}
Event: 8.510 GC heap before
{Heap before GC invocations=42 (full 0):
 garbage-first heap   total 271360K, used 203727K [0x0000000080000000, 0x0000000100000000)
  region size 1024K, 51 young (52224K), 5 survivors (5120K)
 Metaspace       used 108663K, committed 109440K, reserved 1146880K
  class space    used 14607K, committed 14976K, reserved 1048576K
}
Event: 8.513 GC heap after
{Heap after GC invocations=43 (full 0):
 garbage-first heap   total 271360K, used 159063K [0x0000000080000000, 0x0000000100000000)
  region size 1024K, 3 young (3072K), 3 survivors (3072K)
 Metaspace       used 108663K, committed 109440K, reserved 1146880K
  class space    used 14607K, committed 14976K, reserved 1048576K
}
Event: 8.596 GC heap before
{Heap before GC invocations=43 (full 0):
 garbage-first heap   total 271360K, used 168279K [0x0000000080000000, 0x0000000100000000)
  region size 1024K, 13 young (13312K), 3 survivors (3072K)
 Metaspace       used 109563K, committed 110336K, reserved 1146880K
  class space    used 14712K, committed 15104K, reserved 1048576K
}
Event: 8.599 GC heap after
{Heap after GC invocations=44 (full 0):
 garbage-first heap   total 271360K, used 159249K [0x0000000080000000, 0x0000000100000000)
  region size 1024K, 2 young (2048K), 2 survivors (2048K)
 Metaspace       used 109563K, committed 110336K, reserved 1146880K
  class space    used 14712K, committed 15104K, reserved 1048576K
}
Event: 8.960 GC heap before
{Heap before GC invocations=44 (full 0):
 garbage-first heap   total 271360K, used 218641K [0x0000000080000000, 0x0000000100000000)
  region size 1024K, 59 young (60416K), 2 survivors (2048K)
 Metaspace       used 114227K, committed 115072K, reserved 1155072K
  class space    used 15301K, committed 15680K, reserved 1048576K
}

Dll operation events (3 events):
Event: 0.006 Loaded shared library C:\Program Files\Android\Android Studio\jbr\bin\java.dll
Event: 0.091 Loaded shared library C:\Program Files\Android\Android Studio\jbr\bin\zip.dll
Event: 0.270 Loaded shared library C:\Program Files\Android\Android Studio\jbr\bin\verify.dll

Deoptimization events (20 events):
Event: 8.466 Thread 0x000001e1c6b7e7b0 Uncommon trap: trap_request=0xffffff45 fr.pc=0x000001e1b4670c48 relative=0x0000000000000708
Event: 8.466 Thread 0x000001e1c6b7e7b0 Uncommon trap: reason=unstable_if action=reinterpret pc=0x000001e1b4670c48 method=org.jetbrains.org.objectweb.asm.ClassReader.readUtf(II[C)Ljava/lang/String; @ 41 c2
Event: 8.466 Thread 0x000001e1c6b7e7b0 DEOPT PACKING pc=0x000001e1b4670c48 sp=0x000000a9828f3780
Event: 8.466 Thread 0x000001e1c6b7e7b0 DEOPT UNPACKING pc=0x000001e1b3c369a3 sp=0x000000a9828f36a8 mode 2
Event: 8.466 Thread 0x000001e1c6b7e7b0 Uncommon trap: trap_request=0xffffffc6 fr.pc=0x000001e1b4689d70 relative=0x0000000000000610
Event: 8.466 Thread 0x000001e1c6b7e7b0 Uncommon trap: reason=bimorphic_or_optimized_type_check action=maybe_recompile pc=0x000001e1b4689d70 method=org.jetbrains.kotlin.protobuf.CodedInputStream.tryRefillBuffer(I)Z @ 177 c2
Event: 8.466 Thread 0x000001e1c6b7e7b0 DEOPT PACKING pc=0x000001e1b4689d70 sp=0x000000a9828f39f0
Event: 8.466 Thread 0x000001e1c6b7e7b0 DEOPT UNPACKING pc=0x000001e1b3c369a3 sp=0x000000a9828f3938 mode 2
Event: 8.484 Thread 0x000001e1c6b7e7b0 Uncommon trap: trap_request=0xffffff45 fr.pc=0x000001e1b466d784 relative=0x00000000000005c4
Event: 8.484 Thread 0x000001e1c6b7e7b0 Uncommon trap: reason=unstable_if action=reinterpret pc=0x000001e1b466d784 method=org.jetbrains.org.objectweb.asm.ClassReader.readUtf(II[C)Ljava/lang/String; @ 41 c2
Event: 8.484 Thread 0x000001e1c6b7e7b0 DEOPT PACKING pc=0x000001e1b466d784 sp=0x000000a9828f32e0
Event: 8.484 Thread 0x000001e1c6b7e7b0 DEOPT UNPACKING pc=0x000001e1b3c369a3 sp=0x000000a9828f3288 mode 2
Event: 8.739 Thread 0x000001e1c6b7e7b0 Uncommon trap: trap_request=0xffffffcc fr.pc=0x000001e1b465847c relative=0x000000000000341c
Event: 8.739 Thread 0x000001e1c6b7e7b0 Uncommon trap: reason=intrinsic_or_type_checked_inlining action=make_not_entrant pc=0x000001e1b465847c method=java.util.ArrayList$SubList.toArray([Ljava/lang/Object;)[Ljava/lang/Object; @ 58 c2
Event: 8.739 Thread 0x000001e1c6b7e7b0 DEOPT PACKING pc=0x000001e1b465847c sp=0x000000a9828f1550
Event: 8.739 Thread 0x000001e1c6b7e7b0 DEOPT UNPACKING pc=0x000001e1b3c369a3 sp=0x000000a9828f14f8 mode 2
Event: 8.767 Thread 0x000001e1c6b7e7b0 Uncommon trap: trap_request=0xffffff45 fr.pc=0x000001e1b43fedfc relative=0x00000000000000dc
Event: 8.767 Thread 0x000001e1c6b7e7b0 Uncommon trap: reason=unstable_if action=reinterpret pc=0x000001e1b43fedfc method=java.text.StringCharacterIterator.current()C @ 19 c2
Event: 8.767 Thread 0x000001e1c6b7e7b0 DEOPT PACKING pc=0x000001e1b43fedfc sp=0x000000a9828f1c80
Event: 8.767 Thread 0x000001e1c6b7e7b0 DEOPT UNPACKING pc=0x000001e1b3c369a3 sp=0x000000a9828f1c18 mode 2

Classes unloaded (0 events):
No events

Classes redefined (0 events):
No events

Internal exceptions (20 events):
Event: 6.621 Thread 0x000001e1c6b7e7b0 Exception <a 'sun/nio/fs/WindowsException'{0x0000000089fdb1f8}> (0x0000000089fdb1f8) 
thrown [s\src\hotspot\share\prims\jni.cpp, line 517]
Event: 6.622 Thread 0x000001e1c6b7e7b0 Exception <a 'sun/nio/fs/WindowsException'{0x0000000089fdcfb0}> (0x0000000089fdcfb0) 
thrown [s\src\hotspot\share\prims\jni.cpp, line 517]
Event: 6.656 Thread 0x000001e1c6b7e7b0 Exception <a 'java/lang/NoSuchMethodError'{0x000000008996c538}: 'java.lang.Object java.lang.invoke.DirectMethodHandle$Holder.invokeStaticInit(java.lang.Object, int)'> (0x000000008996c538) 
thrown [s\src\hotspot\share\interpreter\linkResolver.cpp, line 771]
Event: 6.672 Thread 0x000001e1c6b7e7b0 Exception <a 'java/lang/NoSuchMethodError'{0x00000000897b27a8}: 'long java.lang.invoke.DirectMethodHandle$Holder.invokeStatic(java.lang.Object)'> (0x00000000897b27a8) 
thrown [s\src\hotspot\share\interpreter\linkResolver.cpp, line 771]
Event: 6.673 Thread 0x000001e1c6b7e7b0 Exception <a 'java/lang/NoSuchMethodError'{0x00000000897b75f0}: 'long java.lang.invoke.DirectMethodHandle$Holder.invokeStaticInit(java.lang.Object)'> (0x00000000897b75f0) 
thrown [s\src\hotspot\share\interpreter\linkResolver.cpp, line 771]
Event: 6.716 Thread 0x000001e1c6b7e7b0 Exception <a 'java/lang/NoSuchMethodError'{0x00000000891b0828}: 'long java.lang.invoke.Invokers$Holder.invoke_MT(java.lang.Object, java.lang.Object, java.lang.Object, java.lang.Object)'> (0x00000000891b0828) 
thrown [s\src\hotspot\share\interpreter\linkResolver.cpp, line 771]
Event: 6.716 Thread 0x000001e1c6b7e7b0 Exception <a 'java/lang/NoSuchMethodError'{0x00000000891ba1e8}: 'int java.lang.invoke.Invokers$Holder.invoke_MT(java.lang.Object, java.lang.Object, java.lang.Object, java.lang.Object)'> (0x00000000891ba1e8) 
thrown [s\src\hotspot\share\interpreter\linkResolver.cpp, line 771]
Event: 6.717 Thread 0x000001e1c6b7e7b0 Exception <a 'java/lang/NoSuchMethodError'{0x00000000891cabd0}: 'void java.lang.invoke.DelegatingMethodHandle$Holder.reinvoke_L(java.lang.Object, java.lang.Object, java.lang.Object, long, java.lang.Object)'> (0x00000000891cabd0) 
thrown [s\src\hotspot\share\interpreter\linkResolver.cpp, line 771]
Event: 6.717 Thread 0x000001e1c6b7e7b0 Exception <a 'java/lang/NoSuchMethodError'{0x00000000891d3688}: 'java.lang.Object java.lang.invoke.DirectMethodHandle$Holder.invokeSpecial(java.lang.Object, java.lang.Object, java.lang.Object, java.lang.Object, long)'> (0x00000000891d3688) 
thrown [s\src\hotspot\share\interpreter\linkResolver.cpp, line 771]
Event: 6.718 Thread 0x000001e1c6b7e7b0 Exception <a 'java/lang/NoSuchMethodError'{0x00000000891e3f78}: 'int java.lang.invoke.DelegatingMethodHandle$Holder.reinvoke_L(java.lang.Object, java.lang.Object, java.lang.Object, long, java.lang.Object, java.lang.Object)'> (0x00000000891e3f78) 
thrown [s\src\hotspot\share\interpreter\linkResolver.cpp, line 771]
Event: 6.719 Thread 0x000001e1c6b7e7b0 Exception <a 'java/lang/NoSuchMethodError'{0x00000000891f4140}: 'int java.lang.invoke.DelegatingMethodHandle$Holder.reinvoke_L(java.lang.Object, java.lang.Object, java.lang.Object, long, int, int)'> (0x00000000891f4140) 
thrown [s\src\hotspot\share\interpreter\linkResolver.cpp, line 771]
Event: 6.719 Thread 0x000001e1c6b7e7b0 Exception <a 'java/lang/NoSuchMethodError'{0x0000000089004560}: 'int java.lang.invoke.DelegatingMethodHandle$Holder.reinvoke_L(java.lang.Object, java.lang.Object, java.lang.Object, long, long, long)'> (0x0000000089004560) 
thrown [s\src\hotspot\share\interpreter\linkResolver.cpp, line 771]
Event: 6.720 Thread 0x000001e1c6b7e7b0 Exception <a 'java/lang/NoSuchMethodError'{0x00000000890141b8}: 'int java.lang.invoke.DelegatingMethodHandle$Holder.reinvoke_L(java.lang.Object, java.lang.Object, java.lang.Object, long, int)'> (0x00000000890141b8) 
thrown [s\src\hotspot\share\interpreter\linkResolver.cpp, line 771]
Event: 7.200 Thread 0x000001e1c6b7e7b0 Exception <a 'java/lang/NoSuchMethodError'{0x000000008ae0f350}: 'java.lang.Object java.lang.invoke.Invokers$Holder.invokeExact_MT(java.lang.Object, java.lang.Object, long, java.lang.Object)'> (0x000000008ae0f350) 
thrown [s\src\hotspot\share\interpreter\linkResolver.cpp, line 771]
Event: 7.205 Thread 0x000001e1c55ba6f0 Exception <a 'java/lang/NoSuchMethodError'{0x000000008aefac18}: static Lorg/gradle/launcher/daemon/protocol/Command;.<clinit>()V> (0x000000008aefac18) 
thrown [s\src\hotspot\share\prims\jni.cpp, line 1108]
Event: 7.206 Thread 0x000001e1c55ba6f0 Exception <a 'java/lang/NoSuchMethodError'{0x000000008ad85b90}: static Lorg/gradle/launcher/daemon/protocol/InvalidateVirtualFileSystem;.<clinit>()V> (0x000000008ad85b90) 
thrown [s\src\hotspot\share\prims\jni.cpp, line 1108]
Event: 7.224 Thread 0x000001e1c6b7e7b0 Exception <a 'java/lang/NoSuchMethodError'{0x000000008ab409d0}: 'java.lang.Object java.lang.invoke.Invokers$Holder.invoke_MT(java.lang.Object, java.lang.Object, java.lang.Object)'> (0x000000008ab409d0) 
thrown [s\src\hotspot\share\interpreter\linkResolver.cpp, line 771]
Event: 7.352 Thread 0x000001e1c6b7e7b0 Implicit null exception at 0x000001e1b4636a96 to 0x000001e1b4637b40
Event: 7.360 Thread 0x000001e1c6b7e7b0 Implicit null exception at 0x000001e1b46392a4 to 0x000001e1b463b2ec
Event: 8.727 Thread 0x000001e1c6b7e7b0 Exception <a 'java/lang/NoSuchMethodError'{0x000000008f71dff8}: 'java.lang.Object java.lang.invoke.DirectMethodHandle$Holder.invokeStatic(java.lang.Object, java.lang.Object, java.lang.Object, java.lang.Object, int)'> (0x000000008f71dff8) 
thrown [s\src\hotspot\share\interpreter\linkResolver.cpp, line 771]

VM Operations (20 events):
Event: 8.432 Executing VM operation: HandshakeAllThreads done
Event: 8.446 Executing VM operation: HandshakeAllThreads
Event: 8.446 Executing VM operation: HandshakeAllThreads done
Event: 8.456 Executing VM operation: HandshakeAllThreads
Event: 8.456 Executing VM operation: HandshakeAllThreads done
Event: 8.510 Executing VM operation: G1CollectForAllocation
Event: 8.513 Executing VM operation: G1CollectForAllocation done
Event: 8.552 Executing VM operation: HandshakeAllThreads
Event: 8.552 Executing VM operation: HandshakeAllThreads done
Event: 8.596 Executing VM operation: G1CollectForAllocation
Event: 8.599 Executing VM operation: G1CollectForAllocation done
Event: 8.699 Executing VM operation: HandshakeAllThreads
Event: 8.699 Executing VM operation: HandshakeAllThreads done
Event: 8.757 Executing VM operation: HandshakeAllThreads
Event: 8.757 Executing VM operation: HandshakeAllThreads done
Event: 8.865 Executing VM operation: ICBufferFull
Event: 8.866 Executing VM operation: ICBufferFull done
Event: 8.908 Executing VM operation: HandshakeAllThreads
Event: 8.908 Executing VM operation: HandshakeAllThreads done
Event: 8.960 Executing VM operation: G1CollectForAllocation

Events (20 events):
Event: 8.318 Thread 0x000001e1c40820e0 flushing nmethod 0x000001e1ad52a190
Event: 8.318 Thread 0x000001e1c40820e0 flushing nmethod 0x000001e1ad52a990
Event: 8.318 Thread 0x000001e1c40820e0 flushing nmethod 0x000001e1ad52c510
Event: 8.318 Thread 0x000001e1c40820e0 flushing nmethod 0x000001e1ad52d690
Event: 8.318 Thread 0x000001e1c40820e0 flushing nmethod 0x000001e1ad52f510
Event: 8.318 Thread 0x000001e1c40820e0 flushing nmethod 0x000001e1ad52fa90
Event: 8.318 Thread 0x000001e1c40820e0 flushing nmethod 0x000001e1ad531690
Event: 8.318 Thread 0x000001e1c40820e0 flushing nmethod 0x000001e1ad532490
Event: 8.491 loading class java/text/StringCharacterIterator
Event: 8.491 loading class java/text/StringCharacterIterator done
Event: 8.508 loading class java/io/NotSerializableException
Event: 8.508 loading class java/io/NotSerializableException done
Event: 8.551 loading class java/util/AbstractList$ListItr
Event: 8.551 loading class java/util/AbstractList$ListItr done
Event: 8.686 loading class java/util/function/IntUnaryOperator
Event: 8.687 loading class java/util/function/IntUnaryOperator done
Event: 8.714 loading class java/util/AbstractList$SubList
Event: 8.714 loading class java/util/AbstractList$SubList done
Event: 8.714 loading class java/util/AbstractList$SubList$1
Event: 8.714 loading class java/util/AbstractList$SubList$1 done


Dynamic libraries:
0x00007ff68b030000 - 0x00007ff68b03a000 	C:\Program Files\Android\Android Studio\jbr\bin\java.exe
0x00007ffef7170000 - 0x00007ffef7387000 	C:\WINDOWS\SYSTEM32\ntdll.dll
0x00007ffef5f20000 - 0x00007ffef5fe4000 	C:\WINDOWS\System32\KERNEL32.DLL
0x00007ffef4a30000 - 0x00007ffef4dd6000 	C:\WINDOWS\System32\KERNELBASE.dll
0x00007ffef4570000 - 0x00007ffef4681000 	C:\WINDOWS\System32\ucrtbase.dll
0x00007ffeeb520000 - 0x00007ffeeb53b000 	C:\Program Files\Android\Android Studio\jbr\bin\VCRUNTIME140.dll
0x00007ffee0e50000 - 0x00007ffee0e67000 	C:\Program Files\Android\Android Studio\jbr\bin\jli.dll
0x00007ffef52d0000 - 0x00007ffef547d000 	C:\WINDOWS\System32\USER32.dll
0x00007ffef4ea0000 - 0x00007ffef4ec6000 	C:\WINDOWS\System32\win32u.dll
0x00007ffeda580000 - 0x00007ffeda813000 	C:\WINDOWS\WinSxS\amd64_microsoft.windows.common-controls_6595b64144ccf1df_6.0.22621.2361_none_2712ced57382f843\COMCTL32.dll
0x00007ffef6b60000 - 0x00007ffef6b89000 	C:\WINDOWS\System32\GDI32.dll
0x00007ffef6d30000 - 0x00007ffef6dd7000 	C:\WINDOWS\System32\msvcrt.dll
0x00007ffef4800000 - 0x00007ffef4918000 	C:\WINDOWS\System32\gdi32full.dll
0x00007ffef4990000 - 0x00007ffef4a2a000 	C:\WINDOWS\System32\msvcp_win.dll
0x00007ffef5ee0000 - 0x00007ffef5f11000 	C:\WINDOWS\System32\IMM32.DLL
0x00007ffeef8b0000 - 0x00007ffeef8bc000 	C:\Program Files\Android\Android Studio\jbr\bin\vcruntime140_1.dll
0x00007ffeeb490000 - 0x00007ffeeb51d000 	C:\Program Files\Android\Android Studio\jbr\bin\msvcp140.dll
0x00007ffe6f200000 - 0x00007ffe6fe6e000 	C:\Program Files\Android\Android Studio\jbr\bin\server\jvm.dll
0x00007ffef5ff0000 - 0x00007ffef60a0000 	C:\WINDOWS\System32\ADVAPI32.dll
0x00007ffef50b0000 - 0x00007ffef5156000 	C:\WINDOWS\System32\sechost.dll
0x00007ffef4f90000 - 0x00007ffef50a7000 	C:\WINDOWS\System32\RPCRT4.dll
0x00007ffee4a80000 - 0x00007ffee4ab4000 	C:\WINDOWS\SYSTEM32\WINMM.dll
0x00007ffeedf70000 - 0x00007ffeedf7a000 	C:\WINDOWS\SYSTEM32\VERSION.dll
0x00007ffef17b0000 - 0x00007ffef17b9000 	C:\WINDOWS\SYSTEM32\WSOCK32.dll
0x00007ffef6c90000 - 0x00007ffef6d01000 	C:\WINDOWS\System32\WS2_32.dll
0x00007ffef34d0000 - 0x00007ffef34e8000 	C:\WINDOWS\SYSTEM32\kernel.appcore.dll
0x00007ffef1800000 - 0x00007ffef180a000 	C:\Program Files\Android\Android Studio\jbr\bin\jimage.dll
0x00007ffee4770000 - 0x00007ffee499e000 	C:\WINDOWS\SYSTEM32\DBGHELP.DLL
0x00007ffef67d0000 - 0x00007ffef6b5a000 	C:\WINDOWS\System32\combase.dll
0x00007ffef7040000 - 0x00007ffef7117000 	C:\WINDOWS\System32\OLEAUT32.dll
0x00007ffee4b30000 - 0x00007ffee4b62000 	C:\WINDOWS\SYSTEM32\dbgcore.DLL
0x00007ffef44f0000 - 0x00007ffef456a000 	C:\WINDOWS\System32\bcryptPrimitives.dll
0x00007ffee3ac0000 - 0x00007ffee3ace000 	C:\Program Files\Android\Android Studio\jbr\bin\instrument.dll
0x00007ffeef870000 - 0x00007ffeef895000 	C:\Program Files\Android\Android Studio\jbr\bin\java.dll
0x00007ffee5830000 - 0x00007ffee5848000 	C:\Program Files\Android\Android Studio\jbr\bin\zip.dll
0x00007ffef5680000 - 0x00007ffef5ed8000 	C:\WINDOWS\System32\SHELL32.dll
0x00007ffef2450000 - 0x00007ffef2d42000 	C:\WINDOWS\SYSTEM32\windows.storage.dll
0x00007ffef2310000 - 0x00007ffef244e000 	C:\WINDOWS\SYSTEM32\wintypes.dll
0x00007ffef6b90000 - 0x00007ffef6c83000 	C:\WINDOWS\System32\SHCORE.dll
0x00007ffef4f30000 - 0x00007ffef4f8e000 	C:\WINDOWS\System32\shlwapi.dll
0x00007ffef4420000 - 0x00007ffef4446000 	C:\WINDOWS\SYSTEM32\profapi.dll
0x00007ffee3e80000 - 0x00007ffee3e99000 	C:\Program Files\Android\Android Studio\jbr\bin\net.dll
0x00007ffeed9a0000 - 0x00007ffeedad7000 	C:\WINDOWS\SYSTEM32\WINHTTP.dll
0x00007ffef39b0000 - 0x00007ffef3a19000 	C:\WINDOWS\system32\mswsock.dll
0x00007ffee3e60000 - 0x00007ffee3e76000 	C:\Program Files\Android\Android Studio\jbr\bin\nio.dll
0x00007ffef1780000 - 0x00007ffef1790000 	C:\Program Files\Android\Android Studio\jbr\bin\verify.dll
0x00007ffeeb310000 - 0x00007ffeeb337000 	C:\Users\matel\.gradle\native\c067742578af261105cb4f569cf0c3c89f3d7b1fecec35dd04571415982c5e48\windows-amd64\native-platform.dll
0x00007ffeeae30000 - 0x00007ffeeaf74000 	C:\Users\matel\.gradle\native\38dada09dfb8b06ba9b0570ebf7e218e3eb74d4ef43ca46872605cf95ebc2f47\windows-amd64\native-platform-file-events.dll
0x00007ffee58c0000 - 0x00007ffee58c9000 	C:\Program Files\Android\Android Studio\jbr\bin\management.dll
0x00007ffee3ad0000 - 0x00007ffee3adb000 	C:\Program Files\Android\Android Studio\jbr\bin\management_ext.dll
0x00007ffef7030000 - 0x00007ffef7038000 	C:\WINDOWS\System32\PSAPI.DLL
0x00007ffef3c00000 - 0x00007ffef3c1b000 	C:\WINDOWS\SYSTEM32\CRYPTSP.dll
0x00007ffef3490000 - 0x00007ffef34c5000 	C:\WINDOWS\system32\rsaenh.dll
0x00007ffef3aa0000 - 0x00007ffef3acc000 	C:\WINDOWS\SYSTEM32\USERENV.dll
0x00007ffef3da0000 - 0x00007ffef3dc8000 	C:\WINDOWS\SYSTEM32\bcrypt.dll
0x00007ffef3c20000 - 0x00007ffef3c2c000 	C:\WINDOWS\SYSTEM32\CRYPTBASE.dll
0x00007ffef2fb0000 - 0x00007ffef2fdd000 	C:\WINDOWS\SYSTEM32\IPHLPAPI.DLL
0x00007ffef60a0000 - 0x00007ffef60a9000 	C:\WINDOWS\System32\NSI.dll
0x00007ffeed7d0000 - 0x00007ffeed7e9000 	C:\WINDOWS\SYSTEM32\dhcpcsvc6.DLL
0x00007ffeed7b0000 - 0x00007ffeed7cf000 	C:\WINDOWS\SYSTEM32\dhcpcsvc.DLL
0x00007ffef3020000 - 0x00007ffef3119000 	C:\WINDOWS\SYSTEM32\DNSAPI.dll
0x00007ffecef30000 - 0x00007ffecef38000 	C:\WINDOWS\system32\wshunix.dll

dbghelp: loaded successfully - version: 4.0.5 - missing functions: none
symbol engine: initialized successfully - sym options: 0x614 - pdb path: .;C:\Program Files\Android\Android Studio\jbr\bin;C:\WINDOWS\SYSTEM32;C:\WINDOWS\WinSxS\amd64_microsoft.windows.common-controls_6595b64144ccf1df_6.0.22621.2361_none_2712ced57382f843;C:\Program Files\Android\Android Studio\jbr\bin\server;C:\Users\matel\.gradle\native\c067742578af261105cb4f569cf0c3c89f3d7b1fecec35dd04571415982c5e48\windows-amd64;C:\Users\matel\.gradle\native\38dada09dfb8b06ba9b0570ebf7e218e3eb74d4ef43ca46872605cf95ebc2f47\windows-amd64

VM Arguments:
jvm_args: --add-opens=java.base/java.util=ALL-UNNAMED --add-opens=java.base/java.lang=ALL-UNNAMED --add-opens=java.base/java.lang.invoke=ALL-UNNAMED --add-opens=java.prefs/java.util.prefs=ALL-UNNAMED --add-opens=java.base/java.nio.charset=ALL-UNNAMED --add-opens=java.base/java.net=ALL-UNNAMED --add-opens=java.base/java.util.concurrent.atomic=ALL-UNNAMED -Xmx2048m -Dfile.encoding=UTF-8 -Duser.country=ES -Duser.language=es -Duser.variant -javaagent:C:\Users\matel\.gradle\wrapper\dists\gradle-8.4-bin\1w5dpkrfk8irigvoxmyhowfim\gradle-8.4\lib\agents\gradle-instrumentation-agent-8.4.jar 
java_command: org.gradle.launcher.daemon.bootstrap.GradleDaemon 8.4
java_class_path (initial): C:\Users\matel\.gradle\wrapper\dists\gradle-8.4-bin\1w5dpkrfk8irigvoxmyhowfim\gradle-8.4\lib\gradle-launcher-8.4.jar
Launcher Type: SUN_STANDARD

[Global flags]
     intx CICompilerCount                          = 4                                         {product} {ergonomic}
     uint ConcGCThreads                            = 3                                         {product} {ergonomic}
     uint G1ConcRefinementThreads                  = 10                                        {product} {ergonomic}
   size_t G1HeapRegionSize                         = 1048576                                   {product} {ergonomic}
    uintx GCDrainStackTargetSize                   = 64                                        {product} {ergonomic}
   size_t InitialHeapSize                          = 251658240                                 {product} {ergonomic}
   size_t MarkStackSize                            = 4194304                                   {product} {ergonomic}
   size_t MaxHeapSize                              = 2147483648                                {product} {command line}
   size_t MaxNewSize                               = 1287651328                                {product} {ergonomic}
   size_t MinHeapDeltaBytes                        = 1048576                                   {product} {ergonomic}
   size_t MinHeapSize                              = 8388608                                   {product} {ergonomic}
    uintx NonNMethodCodeHeapSize                   = 5839372                                {pd product} {ergonomic}
    uintx NonProfiledCodeHeapSize                  = 122909434                              {pd product} {ergonomic}
    uintx ProfiledCodeHeapSize                     = 122909434                              {pd product} {ergonomic}
    uintx ReservedCodeCacheSize                    = 251658240                              {pd product} {ergonomic}
     bool SegmentedCodeCache                       = true                                      {product} {ergonomic}
   size_t SoftMaxHeapSize                          = 2147483648                             {manageable} {ergonomic}
     bool UseCompressedClassPointers               = true                           {product lp64_product} {ergonomic}
     bool UseCompressedOops                        = true                           {product lp64_product} {ergonomic}
     bool UseG1GC                                  = true                                      {product} {ergonomic}
     bool UseLargePagesIndividualAllocation        = false                                  {pd product} {ergonomic}

Logging:
Log output configuration:
 #0: stdout all=warning uptime,level,tags
 #1: stderr all=off uptime,level,tags

Environment Variables:
PATH=C:\Program Files (x86)\VMware\VMware Player\bin\;C:\WINDOWS\system32;C:\WINDOWS;C:\WINDOWS\System32\Wbem;C:\WINDOWS\System32\WindowsPowerShell\v1.0\;C:\WINDOWS\System32\OpenSSH\;C:\Program Files\Microsoft VS Code\bin;C:\Users\matel\AppData\Local\Programs\Python\Python311;C:\Program Files (x86)\NVIDIA Corporation\PhysX\Common;C:\Program Files\NVIDIA Corporation\NVIDIA NvDLISR;C:\Program Files\Microsoft SQL Server\150\Tools\Binn\;C:\Program Files (x86)\Intel\Intel(R) Management Engine Components\DAL;C:\Program Files\Intel\Intel(R) Management Engine Components\DAL;C:\Program Files\Microsoft SQL Server\Client SDK\ODBC\170\Tools\Binn\;C:\Program Files\Docker\Docker\resources\bin;C:\Program Files (x86)\Microsoft SQL Server\160\Tools\Binn\;C:\Program Files\Microsoft SQL Server\160\Tools\Binn\;C:\Program Files\Microsoft SQL Server\160\DTS\Binn\;C:\Program Files (x86)\Microsoft SQL Server\160\DTS\Binn\;C:\Program Files\Azure Data Studio\bin;C:\Program Files\dotnet\;C:\Program Files\Git\cmd;C:\Users\matel\AppData\Local\Microsoft\WindowsApps;C:\Users\matel\.dotnet\tools;C:\Program Files\Azure Data Studio\bin;C:\Users\matel\AppData\Local\GitHubDesktop\bin
USERNAME=orion
OS=Windows_NT
PROCESSOR_IDENTIFIER=Intel64 Family 6 Model 158 Stepping 10, GenuineIntel
TMP=C:\Users\matel\AppData\Local\Temp
TEMP=C:\Users\matel\AppData\Local\Temp


JNI global refs:
JNI global refs: 30, weak refs: 19

JNI global refs memory usage: 843, weak refs: 841


---------------  S Y S T E M  ---------------

OS:
 Windows 11 , 64 bit Build 22621 (10.0.22621.2428)
OS uptime: 0 days 1:08 hours

CPU: total 12 (initial active 12) (6 cores per cpu, 2 threads per core) family 6 model 158 stepping 10 microcode 0xde, cx8, cmov, fxsr, ht, mmx, 3dnowpref, sse, sse2, sse3, ssse3, sse4.1, sse4.2, popcnt, lzcnt, tsc, tscinvbit, avx, avx2, aes, erms, clmul, bmi1, bmi2, rtm, adx, fma, vzeroupper, clflush, clflushopt

Memory: 4k page, system-wide physical 15289M (771M free)
TotalPageFile size 19385M (AvailPageFile size 40M)
current process WorkingSet (physical memory assigned to process): 553M, peak: 554M
current process commit charge ("private bytes"): 590M, peak: 856M

vm_info: OpenJDK 64-Bit Server VM (17.0.6+0-b2043.56-10027231) for windows-amd64 JRE (17.0.6+0-b2043.56-10027231), built on Apr 28 2023 00:43:19 by "androidbuild" with MS VC++ 16.10 / 16.11 (VS2019)

END.
