#
# There is insufficient memory for the Java Runtime Environment to continue.
# Native memory allocation (mmap) failed to map 251658240 bytes for G1 virtual space
# Possible reasons:
#   The system is out of physical RAM or swap space
#   The process is running with CompressedOops enabled, and the Java Heap may be blocking the growth of the native heap
# Possible solutions:
#   Reduce memory load on the system
#   Increase physical memory or swap space
#   Check if swap backing store is full
#   Decrease Java heap size (-Xmx/-Xms)
#   Decrease number of Java threads
#   Decrease Java thread stack sizes (-Xss)
#   Set larger code cache with -XX:ReservedCodeCacheSize=
#   JVM is running with Zero Based Compressed Oops mode in which the Java heap is
#     placed in the first 32GB address space. The Java Heap base address is the
#     maximum limit for the native heap growth. Please use -XX:HeapBaseMinAddress
#     to set the Java Heap base and to place the Java Heap above 32GB virtual address.
# This output file may be truncated or incomplete.
#
#  Out of Memory Error (os_windows.cpp:3769), pid=15412, tid=13080
#
# JRE version:  (17.0.6) (build )
# Java VM: OpenJDK 64-Bit Server VM (17.0.6+0-b2043.56-10027231, mixed mode, sharing, tiered, compressed oops, compressed class ptrs, g1 gc, windows-amd64)
# No core dump will be written. Minidumps are not enabled by default on client versions of Windows
#

---------------  S U M M A R Y ------------

Command Line: org.jetbrains.kotlin.cli.jvm.K2JVMCompiler @C:\Projects\Android\SendImage\app\build\20231014_2102652186398753853.compiler.options

Host: Intel(R) Core(TM) i7-8700K CPU @ 3.70GHz, 12 cores, 14G,  Windows 11 , 64 bit Build 22621 (10.0.22621.2428)
Time: Sat Oct 14 17:33:56 2023 Hora de verano GMT elapsed time: 0.008175 seconds (0d 0h 0m 0s)

---------------  T H R E A D  ---------------

Current thread (0x00000182816880f0):  JavaThread "Unknown thread" [_thread_in_vm, id=13080, stack(0x000000073ed00000,0x000000073ee00000)]

Stack: [0x000000073ed00000,0x000000073ee00000]
Native frames: (J=compiled Java code, j=interpreted, Vv=VM code, C=native code)
V  [jvm.dll+0x683c9a]
V  [jvm.dll+0x8427a4]
V  [jvm.dll+0x843f9e]
V  [jvm.dll+0x844603]
V  [jvm.dll+0x249b75]
V  [jvm.dll+0x680b69]
V  [jvm.dll+0x67505a]
V  [jvm.dll+0x309acb]
V  [jvm.dll+0x310f86]
V  [jvm.dll+0x3608ee]
V  [jvm.dll+0x360b1f]
V  [jvm.dll+0x2dfbf8]
V  [jvm.dll+0x2e0b64]
V  [jvm.dll+0x814091]
V  [jvm.dll+0x36e6a1]
V  [jvm.dll+0x7f35cc]
V  [jvm.dll+0x3f0e8f]
V  [jvm.dll+0x3f29d1]
C  [jli.dll+0x526b]
C  [ucrtbase.dll+0x29363]
C  [KERNEL32.DLL+0x1257d]
C  [ntdll.dll+0x5aa78]


---------------  P R O C E S S  ---------------

Threads class SMR info:
_java_thread_list=0x00007ffe6fd3c058, length=0, elements={
}

Java Threads: ( => current thread )

Other Threads:
  0x00000182816f04d0 GCTaskThread "GC Thread#0" [stack: 0x000000073ee00000,0x000000073ef00000] [id=15788]
  0x0000018281701720 ConcurrentGCThread "G1 Main Marker" [stack: 0x000000073ef00000,0x000000073f000000] [id=1688]
  0x00000182817028d0 ConcurrentGCThread "G1 Conc#0" [stack: 0x000000073f000000,0x000000073f100000] [id=392]

[error occurred during error reporting (printing all threads), id 0xc0000005, EXCEPTION_ACCESS_VIOLATION (0xc0000005) at pc=0x00007ffe6f4f0797]

VM state: not at safepoint (not fully initialized)

VM Mutex/Monitor currently owned by a thread:  ([mutex/lock_event])
[0x0000018281684690] Heap_lock - owner thread: 0x00000182816880f0

Heap address: 0x00000004e0a00000, size: 3824 MB, Compressed Oops mode: Zero based, Oop shift amount: 3

CDS archive(s) mapped at: [0x0000000000000000-0x0000000000000000-0x0000000000000000), size 0, SharedBaseAddress: 0x0000000800000000, ArchiveRelocationMode: 0.
Narrow klass base: 0x0000000000000000, Narrow klass shift: 0, Narrow klass range: 0x0

GC Precious Log:
<Empty>

Heap:
 garbage-first heap   total 0K, used 0K [0x00000004e0a00000, 0x00000005cfa00000)
  region size 2048K, 0 young (0K), 0 survivors (0K)

[error occurred during error reporting (printing heap information), id 0xc0000005, EXCEPTION_ACCESS_VIOLATION (0xc0000005) at pc=0x00007ffe6f8dda89]

GC Heap History (0 events):
No events

Dll operation events (1 events):
Event: 0.006 Loaded shared library C:\Program Files\Android\Android Studio\jbr\bin\java.dll

Deoptimization events (0 events):
No events

Classes unloaded (0 events):
No events

Classes redefined (0 events):
No events

Internal exceptions (0 events):
No events

VM Operations (0 events):
No events

Events (0 events):
No events


Dynamic libraries:
0x00007ff68b030000 - 0x00007ff68b03a000 	C:\Program Files\Android\Android Studio\jbr\bin\java.exe
0x00007ffef7170000 - 0x00007ffef7387000 	C:\WINDOWS\SYSTEM32\ntdll.dll
0x00007ffef5f20000 - 0x00007ffef5fe4000 	C:\WINDOWS\System32\KERNEL32.DLL
0x00007ffef4a30000 - 0x00007ffef4dd6000 	C:\WINDOWS\System32\KERNELBASE.dll
0x00007ffef4570000 - 0x00007ffef4681000 	C:\WINDOWS\System32\ucrtbase.dll
0x00007ffee0e50000 - 0x00007ffee0e67000 	C:\Program Files\Android\Android Studio\jbr\bin\jli.dll
0x00007ffeeb520000 - 0x00007ffeeb53b000 	C:\Program Files\Android\Android Studio\jbr\bin\VCRUNTIME140.dll
0x00007ffef52d0000 - 0x00007ffef547d000 	C:\WINDOWS\System32\USER32.dll
0x00007ffeda580000 - 0x00007ffeda813000 	C:\WINDOWS\WinSxS\amd64_microsoft.windows.common-controls_6595b64144ccf1df_6.0.22621.2361_none_2712ced57382f843\COMCTL32.dll
0x00007ffef4ea0000 - 0x00007ffef4ec6000 	C:\WINDOWS\System32\win32u.dll
0x00007ffef6d30000 - 0x00007ffef6dd7000 	C:\WINDOWS\System32\msvcrt.dll
0x00007ffef6b60000 - 0x00007ffef6b89000 	C:\WINDOWS\System32\GDI32.dll
0x00007ffef4800000 - 0x00007ffef4918000 	C:\WINDOWS\System32\gdi32full.dll
0x00007ffef4990000 - 0x00007ffef4a2a000 	C:\WINDOWS\System32\msvcp_win.dll
0x00007ffef5ee0000 - 0x00007ffef5f11000 	C:\WINDOWS\System32\IMM32.DLL
0x00007ffeef8b0000 - 0x00007ffeef8bc000 	C:\Program Files\Android\Android Studio\jbr\bin\vcruntime140_1.dll
0x00007ffeeb490000 - 0x00007ffeeb51d000 	C:\Program Files\Android\Android Studio\jbr\bin\msvcp140.dll
0x00007ffe6f200000 - 0x00007ffe6fe6e000 	C:\Program Files\Android\Android Studio\jbr\bin\server\jvm.dll
0x00007ffef5ff0000 - 0x00007ffef60a0000 	C:\WINDOWS\System32\ADVAPI32.dll
0x00007ffef50b0000 - 0x00007ffef5156000 	C:\WINDOWS\System32\sechost.dll
0x00007ffef4f90000 - 0x00007ffef50a7000 	C:\WINDOWS\System32\RPCRT4.dll
0x00007ffef17b0000 - 0x00007ffef17b9000 	C:\WINDOWS\SYSTEM32\WSOCK32.dll
0x00007ffee4a80000 - 0x00007ffee4ab4000 	C:\WINDOWS\SYSTEM32\WINMM.dll
0x00007ffef6c90000 - 0x00007ffef6d01000 	C:\WINDOWS\System32\WS2_32.dll
0x00007ffeedf70000 - 0x00007ffeedf7a000 	C:\WINDOWS\SYSTEM32\VERSION.dll
0x00007ffef34d0000 - 0x00007ffef34e8000 	C:\WINDOWS\SYSTEM32\kernel.appcore.dll
0x00007ffef1800000 - 0x00007ffef180a000 	C:\Program Files\Android\Android Studio\jbr\bin\jimage.dll
0x00007ffee4770000 - 0x00007ffee499e000 	C:\WINDOWS\SYSTEM32\DBGHELP.DLL
0x00007ffef67d0000 - 0x00007ffef6b5a000 	C:\WINDOWS\System32\combase.dll
0x00007ffef7040000 - 0x00007ffef7117000 	C:\WINDOWS\System32\OLEAUT32.dll
0x00007ffee4b30000 - 0x00007ffee4b62000 	C:\WINDOWS\SYSTEM32\dbgcore.DLL
0x00007ffef44f0000 - 0x00007ffef456a000 	C:\WINDOWS\System32\bcryptPrimitives.dll
0x00007ffeef870000 - 0x00007ffeef895000 	C:\Program Files\Android\Android Studio\jbr\bin\java.dll

dbghelp: loaded successfully - version: 4.0.5 - missing functions: none
symbol engine: initialized successfully - sym options: 0x614 - pdb path: .;C:\Program Files\Android\Android Studio\jbr\bin;C:\WINDOWS\SYSTEM32;C:\WINDOWS\WinSxS\amd64_microsoft.windows.common-controls_6595b64144ccf1df_6.0.22621.2361_none_2712ced57382f843;C:\Program Files\Android\Android Studio\jbr\bin\server

VM Arguments:
java_command: org.jetbrains.kotlin.cli.jvm.K2JVMCompiler @C:\Projects\Android\SendImage\app\build\20231014_2102652186398753853.compiler.options
java_class_path (initial): C:\Users\matel\.gradle\caches\modules-2\files-2.1\org.jetbrains.kotlin\kotlin-compiler-embeddable\1.8.10\b0757fd774344d54ce93f5ad6c30ba1c1731c8ff\kotlin-compiler-embeddable-1.8.10.jar;C:\Users\matel\.gradle\caches\modules-2\files-2.1\org.jetbrains.kotlin\kotlin-stdlib\1.8.10\6d5560a229477df9406943d5feda5618e98eb64c\kotlin-stdlib-1.8.10.jar;C:\Users\matel\.gradle\caches\modules-2\files-2.1\org.jetbrains.kotlin\kotlin-script-runtime\1.8.10\b13ea9c7e46d589139e56086a878763290e20bd5\kotlin-script-runtime-1.8.10.jar;C:\Users\matel\.gradle\caches\modules-2\files-2.1\org.jetbrains.kotlin\kotlin-reflect\1.6.10\1cbe9c92c12a94eea200d23c2bbaedaf3daf5132\kotlin-reflect-1.6.10.jar;C:\Users\matel\.gradle\caches\modules-2\files-2.1\org.jetbrains.kotlin\kotlin-daemon-embeddable\1.8.10\ad8541d9bc1cf9e52c3204161247910c2cf601d4\kotlin-daemon-embeddable-1.8.10.jar;C:\Users\matel\.gradle\caches\modules-2\files-2.1\org.jetbrains.intellij.deps\trove4j\1.0.20200330\3afb14d5f9ceb459d724e907a21145e8ff394f02\trove4j-1.0.20200330.jar;C:\Users\matel\.gradle\caches\modules-2\files-2.1\net.java.dev.jna\jna\5.6.0\330f2244e9030119ab3030fc3fededc86713d9cc\jna-5.6.0.jar;C:\Users\matel\.gradle\caches\modules-2\files-2.1\org.jetbrains.kotlin\kotlin-stdlib-common\1.8.10\a61b182458550492c12aee66157d7b524a63a5ec\kotlin-stdlib-common-1.8.10.jar;C:\Users\matel\.gradle\caches\modules-2\files-2.1\org.jetbrains\annotations\13.0\919f0dfe192fb4e063e7dacadee7f8bb9a2672a9\annotations-13.0.jar
Launcher Type: SUN_STANDARD

[Global flags]
     intx CICompilerCount                          = 4                                         {product} {ergonomic}
     uint ConcGCThreads                            = 3                                         {product} {ergonomic}
     uint G1ConcRefinementThreads                  = 10                                        {product} {ergonomic}
   size_t G1HeapRegionSize                         = 2097152                                   {product} {ergonomic}
    uintx GCDrainStackTargetSize                   = 64                                        {product} {ergonomic}
   size_t InitialHeapSize                          = 251658240                                 {product} {ergonomic}
   size_t MarkStackSize                            = 4194304                                   {product} {ergonomic}
   size_t MaxHeapSize                              = 4009754624                                {product} {ergonomic}
   size_t MinHeapDeltaBytes                        = 2097152                                   {product} {ergonomic}
   size_t MinHeapSize                              = 8388608                                   {product} {ergonomic}
    uintx NonNMethodCodeHeapSize                   = 5839372                                {pd product} {ergonomic}
    uintx NonProfiledCodeHeapSize                  = 122909434                              {pd product} {ergonomic}
    uintx ProfiledCodeHeapSize                     = 122909434                              {pd product} {ergonomic}
    uintx ReservedCodeCacheSize                    = 251658240                              {pd product} {ergonomic}
     bool SegmentedCodeCache                       = true                                      {product} {ergonomic}
   size_t SoftMaxHeapSize                          = 4009754624                             {manageable} {ergonomic}
     bool UseCompressedClassPointers               = true                           {product lp64_product} {ergonomic}
     bool UseCompressedOops                        = true                           {product lp64_product} {ergonomic}
     bool UseG1GC                                  = true                                      {product} {ergonomic}
     bool UseLargePagesIndividualAllocation        = false                                  {pd product} {ergonomic}

Logging:
Log output configuration:
 #0: stdout all=warning uptime,level,tags
 #1: stderr all=off uptime,level,tags

Environment Variables:
PATH=C:\Program Files (x86)\VMware\VMware Player\bin\;C:\WINDOWS\system32;C:\WINDOWS;C:\WINDOWS\System32\Wbem;C:\WINDOWS\System32\WindowsPowerShell\v1.0\;C:\WINDOWS\System32\OpenSSH\;C:\Program Files\Microsoft VS Code\bin;C:\Users\matel\AppData\Local\Programs\Python\Python311;C:\Program Files (x86)\NVIDIA Corporation\PhysX\Common;C:\Program Files\NVIDIA Corporation\NVIDIA NvDLISR;C:\Program Files\Microsoft SQL Server\150\Tools\Binn\;C:\Program Files (x86)\Intel\Intel(R) Management Engine Components\DAL;C:\Program Files\Intel\Intel(R) Management Engine Components\DAL;C:\Program Files\Microsoft SQL Server\Client SDK\ODBC\170\Tools\Binn\;C:\Program Files\Docker\Docker\resources\bin;C:\Program Files (x86)\Microsoft SQL Server\160\Tools\Binn\;C:\Program Files\Microsoft SQL Server\160\Tools\Binn\;C:\Program Files\Microsoft SQL Server\160\DTS\Binn\;C:\Program Files (x86)\Microsoft SQL Server\160\DTS\Binn\;C:\Program Files\Azure Data Studio\bin;C:\Program Files\dotnet\;C:\Program Files\Git\cmd;C:\Users\matel\AppData\Local\Microsoft\WindowsApps;C:\Users\matel\.dotnet\tools;C:\Program Files\Azure Data Studio\bin;C:\Users\matel\AppData\Local\GitHubDesktop\bin
USERNAME=orion
OS=Windows_NT
PROCESSOR_IDENTIFIER=Intel64 Family 6 Model 158 Stepping 10, GenuineIntel
TMP=C:\Users\matel\AppData\Local\Temp
TEMP=C:\Users\matel\AppData\Local\Temp


JNI global refs:

[error occurred during error reporting (JNI global references), id 0xc0000005, EXCEPTION_ACCESS_VIOLATION (0xc0000005) at pc=0x00007ffe6f2b7a10]


---------------  S Y S T E M  ---------------

OS:
 Windows 11 , 64 bit Build 22621 (10.0.22621.2428)
OS uptime: 0 days 1:13 hours

CPU: total 12 (initial active 12) (6 cores per cpu, 2 threads per core) family 6 model 158 stepping 10 microcode 0xde, cx8, cmov, fxsr, ht, mmx, 3dnowpref, sse, sse2, sse3, ssse3, sse4.1, sse4.2, popcnt, lzcnt, tsc, tscinvbit, avx, avx2, aes, erms, clmul, bmi1, bmi2, rtm, adx, fma, vzeroupper, clflush, clflushopt

Memory: 4k page, system-wide physical 15289M (793M free)
TotalPageFile size 19385M (AvailPageFile size 208M)
current process WorkingSet (physical memory assigned to process): 11M, peak: 11M
current process commit charge ("private bytes"): 64M, peak: 304M

vm_info: OpenJDK 64-Bit Server VM (17.0.6+0-b2043.56-10027231) for windows-amd64 JRE (17.0.6+0-b2043.56-10027231), built on Apr 28 2023 00:43:19 by "androidbuild" with MS VC++ 16.10 / 16.11 (VS2019)

END.
