#
# There is insufficient memory for the Java Runtime Environment to continue.
# Native memory allocation (mmap) failed to map 130023424 bytes for G1 virtual space
# Possible reasons:
#   The system is out of physical RAM or swap space
#   The process is running with CompressedOops enabled, and the Java Heap may be blocking the growth of the native heap
# Possible solutions:
#   Reduce memory load on the system
#   Increase physical memory or swap space
#   Check if swap backing store is full
#   Decrease Java heap size (-Xmx/-Xms)
#   Decrease number of Java threads
#   Decrease Java thread stack sizes (-Xss)
#   Set larger code cache with -XX:ReservedCodeCacheSize=
#   JVM is running with Unscaled Compressed Oops mode in which the Java heap is
#     placed in the first 4GB address space. The Java Heap base address is the
#     maximum limit for the native heap growth. Please use -XX:HeapBaseMinAddress
#     to set the Java Heap base and to place the Java Heap above 4GB virtual address.
# This output file may be truncated or incomplete.
#
#  Out of Memory Error (os_windows.cpp:3769), pid=14268, tid=7584
#
# JRE version: OpenJDK Runtime Environment (17.0.6) (build 17.0.6+0-b2043.56-10027231)
# Java VM: OpenJDK 64-Bit Server VM (17.0.6+0-b2043.56-10027231, mixed mode, tiered, compressed oops, compressed class ptrs, g1 gc, windows-amd64)
# No core dump will be written. Minidumps are not enabled by default on client versions of Windows
#

---------------  S U M M A R Y ------------

Command Line: --add-opens=java.base/java.util=ALL-UNNAMED --add-opens=java.base/java.lang=ALL-UNNAMED --add-opens=java.base/java.lang.invoke=ALL-UNNAMED --add-opens=java.prefs/java.util.prefs=ALL-UNNAMED --add-opens=java.base/java.nio.charset=ALL-UNNAMED --add-opens=java.base/java.net=ALL-UNNAMED --add-opens=java.base/java.util.concurrent.atomic=ALL-UNNAMED -Xmx2048m -Dfile.encoding=UTF-8 -Duser.country=ES -Duser.language=es -Duser.variant -javaagent:C:\Users\matel\.gradle\wrapper\dists\gradle-8.4-bin\1w5dpkrfk8irigvoxmyhowfim\gradle-8.4\lib\agents\gradle-instrumentation-agent-8.4.jar org.gradle.launcher.daemon.bootstrap.GradleDaemon 8.4

Host: Intel(R) Core(TM) i7-8700K CPU @ 3.70GHz, 12 cores, 14G,  Windows 11 , 64 bit Build 22621 (10.0.22621.2428)
Time: Sat Oct 14 17:25:37 2023 Hora de verano GMT elapsed time: 7.959253 seconds (0d 0h 0m 7s)

---------------  T H R E A D  ---------------

Current thread (0x0000020b22046020):  VMThread "VM Thread" [stack: 0x00000025d8400000,0x00000025d8500000] [id=7584]

Stack: [0x00000025d8400000,0x00000025d8500000]
Native frames: (J=compiled Java code, j=interpreted, Vv=VM code, C=native code)
V  [jvm.dll+0x683c9a]
V  [jvm.dll+0x8427a4]
V  [jvm.dll+0x843f9e]
V  [jvm.dll+0x844603]
V  [jvm.dll+0x249b75]
V  [jvm.dll+0x680b69]
V  [jvm.dll+0x67505a]
V  [jvm.dll+0x309acb]
V  [jvm.dll+0x310f86]
V  [jvm.dll+0x3608ee]
V  [jvm.dll+0x360b1f]
V  [jvm.dll+0x2dfbf8]
V  [jvm.dll+0x2ddec4]
V  [jvm.dll+0x2dd4cc]
V  [jvm.dll+0x321f3b]
V  [jvm.dll+0x848ccb]
V  [jvm.dll+0x849a04]
V  [jvm.dll+0x849f1d]
V  [jvm.dll+0x84a2f4]
V  [jvm.dll+0x84a3c0]
V  [jvm.dll+0x7f274a]
V  [jvm.dll+0x682ad5]
C  [ucrtbase.dll+0x29363]
C  [KERNEL32.DLL+0x1257d]
C  [ntdll.dll+0x5aa78]

VM_Operation (0x00000025d9cf3940): G1CollectForAllocation, mode: safepoint, requested by thread 0x0000020b23ac3080


---------------  P R O C E S S  ---------------

Threads class SMR info:
_java_thread_list=0x0000020b289c7270, length=48, elements={
0x0000020b051cd480, 0x0000020b22049970, 0x0000020b2204a5f0, 0x0000020b220966c0,
0x0000020b22097080, 0x0000020b22099f60, 0x0000020b2209a820, 0x0000020b2209b4c0,
0x0000020b2209be70, 0x0000020b220a6790, 0x0000020b21423830, 0x0000020b2233d030,
0x0000020b245b1d50, 0x0000020b233f3050, 0x0000020b2369d050, 0x0000020b23b15510,
0x0000020b24ee5010, 0x0000020b24cbf290, 0x0000020b23ac3080, 0x0000020b23ac1870,
0x0000020b23ac1d40, 0x0000020b23ac13a0, 0x0000020b23ac26e0, 0x0000020b23ac2210,
0x0000020b23ac2bb0, 0x0000020b23abfb90, 0x0000020b23ac0060, 0x0000020b23ac0ed0,
0x0000020b24960970, 0x0000020b24963990, 0x0000020b24962ff0, 0x0000020b24961cb0,
0x0000020b24961310, 0x0000020b249634c0, 0x0000020b24962650, 0x0000020b2495ffd0,
0x0000020b24962b20, 0x0000020b249604a0, 0x0000020b24960e40, 0x0000020b249617e0,
0x0000020b24962180, 0x0000020b254f1da0, 0x0000020b254f6100, 0x0000020b254ee8b0,
0x0000020b254f0590, 0x0000020b254f5290, 0x0000020b27b96e70, 0x0000020b254df800
}

Java Threads: ( => current thread )
  0x0000020b051cd480 JavaThread "main" [_thread_blocked, id=8172, stack(0x00000025d7e00000,0x00000025d7f00000)]
  0x0000020b22049970 JavaThread "Reference Handler" daemon [_thread_blocked, id=14888, stack(0x00000025d8500000,0x00000025d8600000)]
  0x0000020b2204a5f0 JavaThread "Finalizer" daemon [_thread_blocked, id=14196, stack(0x00000025d8600000,0x00000025d8700000)]
  0x0000020b220966c0 JavaThread "Signal Dispatcher" daemon [_thread_blocked, id=13116, stack(0x00000025d8700000,0x00000025d8800000)]
  0x0000020b22097080 JavaThread "Attach Listener" daemon [_thread_blocked, id=14604, stack(0x00000025d8800000,0x00000025d8900000)]
  0x0000020b22099f60 JavaThread "Service Thread" daemon [_thread_blocked, id=1720, stack(0x00000025d8900000,0x00000025d8a00000)]
  0x0000020b2209a820 JavaThread "Monitor Deflation Thread" daemon [_thread_blocked, id=4668, stack(0x00000025d8a00000,0x00000025d8b00000)]
  0x0000020b2209b4c0 JavaThread "C2 CompilerThread0" daemon [_thread_blocked, id=3360, stack(0x00000025d8b00000,0x00000025d8c00000)]
  0x0000020b2209be70 JavaThread "C1 CompilerThread0" daemon [_thread_blocked, id=4580, stack(0x00000025d8c00000,0x00000025d8d00000)]
  0x0000020b220a6790 JavaThread "Sweeper thread" daemon [_thread_blocked, id=12360, stack(0x00000025d8d00000,0x00000025d8e00000)]
  0x0000020b21423830 JavaThread "Common-Cleaner" daemon [_thread_blocked, id=13704, stack(0x00000025d8e00000,0x00000025d8f00000)]
  0x0000020b2233d030 JavaThread "Notification Thread" daemon [_thread_blocked, id=1480, stack(0x00000025d8f00000,0x00000025d9000000)]
  0x0000020b245b1d50 JavaThread "Daemon health stats" [_thread_blocked, id=2672, stack(0x00000025d9700000,0x00000025d9800000)]
  0x0000020b233f3050 JavaThread "Incoming local TCP Connector on port 51310" [_thread_in_native, id=14388, stack(0x00000025d9800000,0x00000025d9900000)]
  0x0000020b2369d050 JavaThread "Daemon periodic checks" [_thread_blocked, id=3436, stack(0x00000025d9200000,0x00000025d9300000)]
  0x0000020b23b15510 JavaThread "Daemon" [_thread_blocked, id=4544, stack(0x00000025d9900000,0x00000025d9a00000)]
  0x0000020b24ee5010 JavaThread "Handler for socket connection from /127.0.0.1:51310 to /127.0.0.1:51311" [_thread_in_native, id=10796, stack(0x00000025d9a00000,0x00000025d9b00000)]
  0x0000020b24cbf290 JavaThread "Cancel handler" [_thread_blocked, id=4660, stack(0x00000025d9b00000,0x00000025d9c00000)]
  0x0000020b23ac3080 JavaThread "Daemon worker" [_thread_blocked, id=8048, stack(0x00000025d9c00000,0x00000025d9d00000)]
  0x0000020b23ac1870 JavaThread "Asynchronous log dispatcher for DefaultDaemonConnection: socket connection from /127.0.0.1:51310 to /127.0.0.1:51311" [_thread_blocked, id=15832, stack(0x00000025d9d00000,0x00000025d9e00000)]
  0x0000020b23ac1d40 JavaThread "Stdin handler" [_thread_blocked, id=15500, stack(0x00000025d9e00000,0x00000025d9f00000)]
  0x0000020b23ac13a0 JavaThread "Daemon client event forwarder" [_thread_blocked, id=3560, stack(0x00000025d9f00000,0x00000025da000000)]
  0x0000020b23ac26e0 JavaThread "Cache worker for journal cache (C:\Users\matel\.gradle\caches\journal-1)" [_thread_blocked, id=2816, stack(0x00000025da700000,0x00000025da800000)]
  0x0000020b23ac2210 JavaThread "File lock request listener" [_thread_in_native, id=16380, stack(0x00000025da800000,0x00000025da900000)]
  0x0000020b23ac2bb0 JavaThread "Cache worker for file hash cache (C:\Users\matel\.gradle\caches\8.4\fileHashes)" [_thread_blocked, id=15868, stack(0x00000025da900000,0x00000025daa00000)]
  0x0000020b23abfb90 JavaThread "File watcher server" daemon [_thread_in_native, id=14796, stack(0x00000025dab00000,0x00000025dac00000)]
  0x0000020b23ac0060 JavaThread "File watcher consumer" daemon [_thread_blocked, id=13048, stack(0x00000025dac00000,0x00000025dad00000)]
  0x0000020b23ac0ed0 JavaThread "jar transforms" [_thread_blocked, id=15972, stack(0x00000025dad00000,0x00000025dae00000)]
  0x0000020b24960970 JavaThread "jar transforms Thread 2" [_thread_blocked, id=7436, stack(0x00000025dae00000,0x00000025daf00000)]
  0x0000020b24963990 JavaThread "jar transforms Thread 3" [_thread_blocked, id=15728, stack(0x00000025daf00000,0x00000025db000000)]
  0x0000020b24962ff0 JavaThread "jar transforms Thread 4" [_thread_blocked, id=13812, stack(0x00000025db000000,0x00000025db100000)]
  0x0000020b24961cb0 JavaThread "jar transforms Thread 5" [_thread_blocked, id=11388, stack(0x00000025db100000,0x00000025db200000)]
  0x0000020b24961310 JavaThread "jar transforms Thread 6" [_thread_blocked, id=14096, stack(0x00000025db200000,0x00000025db300000)]
  0x0000020b249634c0 JavaThread "jar transforms Thread 7" [_thread_blocked, id=16356, stack(0x00000025db300000,0x00000025db400000)]
  0x0000020b24962650 JavaThread "jar transforms Thread 8" [_thread_blocked, id=15200, stack(0x00000025db400000,0x00000025db500000)]
  0x0000020b2495ffd0 JavaThread "jar transforms Thread 9" [_thread_blocked, id=9964, stack(0x00000025db500000,0x00000025db600000)]
  0x0000020b24962b20 JavaThread "jar transforms Thread 10" [_thread_blocked, id=14664, stack(0x00000025db600000,0x00000025db700000)]
  0x0000020b249604a0 JavaThread "jar transforms Thread 11" [_thread_blocked, id=10532, stack(0x00000025db700000,0x00000025db800000)]
  0x0000020b24960e40 JavaThread "jar transforms Thread 12" [_thread_blocked, id=15720, stack(0x00000025db800000,0x00000025db900000)]
  0x0000020b249617e0 JavaThread "Cache worker for checksums cache (C:\Projects\Android\SendImage\.gradle\8.4\checksums)" [_thread_blocked, id=5092, stack(0x00000025db900000,0x00000025dba00000)]
  0x0000020b24962180 JavaThread "Cache worker for file hash cache (C:\Projects\Android\SendImage\.gradle\8.4\fileHashes)" [_thread_blocked, id=14932, stack(0x00000025dba00000,0x00000025dbb00000)]
  0x0000020b254f1da0 JavaThread "Cache worker for cache directory md-supplier (C:\Users\matel\.gradle\caches\8.4\md-supplier)" [_thread_blocked, id=6516, stack(0x00000025dbb00000,0x00000025dbc00000)]
  0x0000020b254f6100 JavaThread "Cache worker for file content cache (C:\Users\matel\.gradle\caches\8.4\fileContent)" [_thread_blocked, id=10856, stack(0x00000025dbc00000,0x00000025dbd00000)]
  0x0000020b254ee8b0 JavaThread "Cache worker for cache directory md-rule (C:\Users\matel\.gradle\caches\8.4\md-rule)" [_thread_blocked, id=6744, stack(0x00000025dbd00000,0x00000025dbe00000)]
  0x0000020b254f0590 JavaThread "Cache worker for execution history cache (C:\Users\matel\.gradle\caches\8.4\executionHistory)" [_thread_blocked, id=12164, stack(0x00000025dbe00000,0x00000025dbf00000)]
  0x0000020b254f5290 JavaThread "Cache worker for kotlin-dsl (C:\Users\matel\.gradle\caches\8.4\kotlin-dsl)" [_thread_blocked, id=4168, stack(0x00000025dbf00000,0x00000025dc000000)]
  0x0000020b27b96e70 JavaThread "C2 CompilerThread1" daemon [_thread_in_native, id=2724, stack(0x00000025d9100000,0x00000025d9200000)]
  0x0000020b254df800 JavaThread "C2 CompilerThread2" daemon [_thread_blocked, id=9160, stack(0x00000025daa00000,0x00000025dab00000)]

Other Threads:
=>0x0000020b22046020 VMThread "VM Thread" [stack: 0x00000025d8400000,0x00000025d8500000] [id=7584]
  0x0000020b051ce200 WatcherThread [stack: 0x00000025d9000000,0x00000025d9100000] [id=13360]
  0x0000020b052285d0 GCTaskThread "GC Thread#0" [stack: 0x00000025d7f00000,0x00000025d8000000] [id=15844]
  0x0000020b23003950 GCTaskThread "GC Thread#1" [stack: 0x00000025d9300000,0x00000025d9400000] [id=15188]
  0x0000020b23003c00 GCTaskThread "GC Thread#2" [stack: 0x00000025d9400000,0x00000025d9500000] [id=15852]
  0x0000020b23003eb0 GCTaskThread "GC Thread#3" [stack: 0x00000025d9500000,0x00000025d9600000] [id=3676]
  0x0000020b22b75290 GCTaskThread "GC Thread#4" [stack: 0x00000025d9600000,0x00000025d9700000] [id=1764]
  0x0000020b24511d30 GCTaskThread "GC Thread#5" [stack: 0x00000025da000000,0x00000025da100000] [id=12376]
  0x0000020b24511270 GCTaskThread "GC Thread#6" [stack: 0x00000025da100000,0x00000025da200000] [id=392]
  0x0000020b24510500 GCTaskThread "GC Thread#7" [stack: 0x00000025da200000,0x00000025da300000] [id=16200]
  0x0000020b24511520 GCTaskThread "GC Thread#8" [stack: 0x00000025da300000,0x00000025da400000] [id=14060]
  0x0000020b245117d0 GCTaskThread "GC Thread#9" [stack: 0x00000025da400000,0x00000025da500000] [id=8632]
  0x0000020b0523a430 ConcurrentGCThread "G1 Main Marker" [stack: 0x00000025d8000000,0x00000025d8100000] [id=15684]
  0x0000020b0523ad50 ConcurrentGCThread "G1 Conc#0" [stack: 0x00000025d8100000,0x00000025d8200000] [id=2584]
  0x0000020b24511a80 ConcurrentGCThread "G1 Conc#1" [stack: 0x00000025da500000,0x00000025da600000] [id=10676]
  0x0000020b24510250 ConcurrentGCThread "G1 Conc#2" [stack: 0x00000025da600000,0x00000025da700000] [id=10100]
  0x0000020b212ef670 ConcurrentGCThread "G1 Refine#0" [stack: 0x00000025d8200000,0x00000025d8300000] [id=15716]
  0x0000020b292ce9b0 ConcurrentGCThread "G1 Refine#1" [stack: 0x00000025dc000000,0x00000025dc100000] [id=4172]
  0x0000020b292cec90 ConcurrentGCThread "G1 Refine#2" [stack: 0x00000025dc100000,0x00000025dc200000] [id=15848]
  0x0000020b292cccf0 ConcurrentGCThread "G1 Refine#3" [stack: 0x00000025dc200000,0x00000025dc300000] [id=15828]
  0x0000020b292cb8d0 ConcurrentGCThread "G1 Refine#4" [stack: 0x00000025dc300000,0x00000025dc400000] [id=13408]
  0x0000020b292ce6d0 ConcurrentGCThread "G1 Refine#5" [stack: 0x00000025dc400000,0x00000025dc500000] [id=15548]
  0x0000020b292ce3f0 ConcurrentGCThread "G1 Refine#6" [stack: 0x00000025dc500000,0x00000025dc600000] [id=3272]
  0x0000020b292cbbb0 ConcurrentGCThread "G1 Refine#7" [stack: 0x00000025dc600000,0x00000025dc700000] [id=12804]
  0x0000020b292cb030 ConcurrentGCThread "G1 Refine#8" [stack: 0x00000025dc700000,0x00000025dc800000] [id=10744]
  0x0000020b292ccfd0 ConcurrentGCThread "G1 Refine#9" [stack: 0x00000025dc800000,0x00000025dc900000] [id=1772]
  0x0000020b212efea0 ConcurrentGCThread "G1 Service" [stack: 0x00000025d8300000,0x00000025d8400000] [id=16204]

Threads with active compile tasks:
C2 CompilerThread0     7976 7787       4       org.jetbrains.kotlin.metadata.ProtoBuf$Type::writeTo (354 bytes)
C1 CompilerThread0     7976 8000   !   2       org.jetbrains.kotlin.metadata.jvm.JvmProtoBuf$JvmPropertySignature::<init> (647 bytes)
C2 CompilerThread1     7976 7770       4       org.jetbrains.kotlin.metadata.ProtoBuf$Function::isInitialized (251 bytes)
C2 CompilerThread2     7976 7779       4       org.jetbrains.kotlin.metadata.ProtoBuf$Type::getSerializedSize (393 bytes)

VM state: at safepoint (normal execution)

VM Mutex/Monitor currently owned by a thread:  ([mutex/lock_event])
[0x0000020b051c96c0] Threads_lock - owner thread: 0x0000020b22046020
[0x0000020b051c9990] Heap_lock - owner thread: 0x0000020b23ac3080

Heap address: 0x0000000080000000, size: 2048 MB, Compressed Oops mode: 32-bit

CDS archive(s) not mapped
Compressed class space mapped at: 0x0000000100000000-0x0000000140000000, reserved size: 1073741824
Narrow klass base: 0x0000000000000000, Narrow klass shift: 3, Narrow klass range: 0x140000000

GC Precious Log:
 CPUs: 12 total, 12 available
 Memory: 15289M
 Large Page Support: Disabled
 NUMA Support: Disabled
 Compressed Oops: Enabled (32-bit)
 Heap Region Size: 1M
 Heap Min Capacity: 8M
 Heap Initial Capacity: 240M
 Heap Max Capacity: 2G
 Pre-touch: Disabled
 Parallel Workers: 10
 Concurrent Workers: 3
 Concurrent Refinement Workers: 10
 Periodic GC: Disabled

Heap:
 garbage-first heap   total 245760K, used 114006K [0x0000000080000000, 0x0000000100000000)
  region size 1024K, 5 young (5120K), 5 survivors (5120K)
 Metaspace       used 110863K, committed 111424K, reserved 1146880K
  class space    used 14295K, committed 14528K, reserved 1048576K

Heap Regions: E=young(eden), S=young(survivor), O=old, HS=humongous(starts), HC=humongous(continues), CS=collection set, F=free, OA=open archive, CA=closed archive, TAMS=top-at-mark-start (previous, next)
|   0|0x0000000080000000, 0x0000000080100000, 0x0000000080100000|100%|HS|  |TAMS 0x0000000080100000, 0x0000000080100000| Complete 
|   1|0x0000000080100000, 0x0000000080200000, 0x0000000080200000|100%|HC|  |TAMS 0x0000000080200000, 0x0000000080200000| Complete 
|   2|0x0000000080200000, 0x0000000080300000, 0x0000000080300000|100%|HC|  |TAMS 0x0000000080300000, 0x0000000080300000| Complete 
|   3|0x0000000080300000, 0x0000000080400000, 0x0000000080400000|100%|HC|  |TAMS 0x0000000080400000, 0x0000000080400000| Complete 
|   4|0x0000000080400000, 0x0000000080500000, 0x0000000080500000|100%| O|  |TAMS 0x0000000080500000, 0x0000000080500000| Untracked 
|   5|0x0000000080500000, 0x0000000080600000, 0x0000000080600000|100%| O|  |TAMS 0x0000000080600000, 0x0000000080600000| Untracked 
|   6|0x0000000080600000, 0x0000000080700000, 0x0000000080700000|100%| O|  |TAMS 0x0000000080700000, 0x0000000080700000| Untracked 
|   7|0x0000000080700000, 0x0000000080800000, 0x0000000080800000|100%| O|  |TAMS 0x0000000080800000, 0x0000000080800000| Untracked 
|   8|0x0000000080800000, 0x0000000080900000, 0x0000000080900000|100%| O|  |TAMS 0x0000000080900000, 0x0000000080900000| Untracked 
|   9|0x0000000080900000, 0x0000000080a00000, 0x0000000080a00000|100%| O|  |TAMS 0x0000000080a00000, 0x0000000080a00000| Untracked 
|  10|0x0000000080a00000, 0x0000000080b00000, 0x0000000080b00000|100%| O|  |TAMS 0x0000000080b00000, 0x0000000080b00000| Untracked 
|  11|0x0000000080b00000, 0x0000000080b00000, 0x0000000080c00000|  0%| F|  |TAMS 0x0000000080b00000, 0x0000000080b00000| Untracked 
|  12|0x0000000080c00000, 0x0000000080d00000, 0x0000000080d00000|100%| O|  |TAMS 0x0000000080d00000, 0x0000000080d00000| Untracked 
|  13|0x0000000080d00000, 0x0000000080e00000, 0x0000000080e00000|100%| O|  |TAMS 0x0000000080e00000, 0x0000000080e00000| Untracked 
|  14|0x0000000080e00000, 0x0000000080f00000, 0x0000000080f00000|100%| O|  |TAMS 0x0000000080f00000, 0x0000000080f00000| Untracked 
|  15|0x0000000080f00000, 0x0000000081000000, 0x0000000081000000|100%| O|  |TAMS 0x0000000081000000, 0x0000000081000000| Untracked 
|  16|0x0000000081000000, 0x0000000081100000, 0x0000000081100000|100%| O|  |TAMS 0x0000000081100000, 0x0000000081100000| Untracked 
|  17|0x0000000081100000, 0x0000000081200000, 0x0000000081200000|100%| O|  |TAMS 0x0000000081200000, 0x0000000081200000| Untracked 
|  18|0x0000000081200000, 0x0000000081300000, 0x0000000081300000|100%| O|  |TAMS 0x0000000081300000, 0x0000000081300000| Untracked 
|  19|0x0000000081300000, 0x0000000081400000, 0x0000000081400000|100%|HS|  |TAMS 0x0000000081400000, 0x0000000081400000| Complete 
|  20|0x0000000081400000, 0x0000000081500000, 0x0000000081500000|100%|HC|  |TAMS 0x0000000081500000, 0x0000000081500000| Complete 
|  21|0x0000000081500000, 0x0000000081600000, 0x0000000081600000|100%|HS|  |TAMS 0x0000000081600000, 0x0000000081600000| Complete 
|  22|0x0000000081600000, 0x0000000081700000, 0x0000000081700000|100%|HC|  |TAMS 0x0000000081700000, 0x0000000081700000| Complete 
|  23|0x0000000081700000, 0x0000000081800000, 0x0000000081800000|100%|HC|  |TAMS 0x0000000081800000, 0x0000000081800000| Complete 
|  24|0x0000000081800000, 0x0000000081900000, 0x0000000081900000|100%|HS|  |TAMS 0x0000000081900000, 0x0000000081900000| Complete 
|  25|0x0000000081900000, 0x0000000081a00000, 0x0000000081a00000|100%|HC|  |TAMS 0x0000000081a00000, 0x0000000081a00000| Complete 
|  26|0x0000000081a00000, 0x0000000081b00000, 0x0000000081b00000|100%|HC|  |TAMS 0x0000000081b00000, 0x0000000081b00000| Complete 
|  27|0x0000000081b00000, 0x0000000081c00000, 0x0000000081c00000|100%| O|  |TAMS 0x0000000081c00000, 0x0000000081c00000| Untracked 
|  28|0x0000000081c00000, 0x0000000081d00000, 0x0000000081d00000|100%| O|  |TAMS 0x0000000081d00000, 0x0000000081d00000| Untracked 
|  29|0x0000000081d00000, 0x0000000081e00000, 0x0000000081e00000|100%|HS|  |TAMS 0x0000000081e00000, 0x0000000081e00000| Complete 
|  30|0x0000000081e00000, 0x0000000081f00000, 0x0000000081f00000|100%|HC|  |TAMS 0x0000000081f00000, 0x0000000081f00000| Complete 
|  31|0x0000000081f00000, 0x0000000082000000, 0x0000000082000000|100%|HC|  |TAMS 0x0000000082000000, 0x0000000082000000| Complete 
|  32|0x0000000082000000, 0x0000000082100000, 0x0000000082100000|100%|HC|  |TAMS 0x0000000082100000, 0x0000000082100000| Complete 
|  33|0x0000000082100000, 0x0000000082200000, 0x0000000082200000|100%|HC|  |TAMS 0x0000000082200000, 0x0000000082200000| Complete 
|  34|0x0000000082200000, 0x0000000082300000, 0x0000000082300000|100%|HC|  |TAMS 0x0000000082300000, 0x0000000082300000| Complete 
|  35|0x0000000082300000, 0x0000000082400000, 0x0000000082400000|100%|HC|  |TAMS 0x0000000082400000, 0x0000000082400000| Complete 
|  36|0x0000000082400000, 0x0000000082500000, 0x0000000082500000|100%|HC|  |TAMS 0x0000000082500000, 0x0000000082500000| Complete 
|  37|0x0000000082500000, 0x0000000082600000, 0x0000000082600000|100%|HC|  |TAMS 0x0000000082600000, 0x0000000082600000| Complete 
|  38|0x0000000082600000, 0x0000000082700000, 0x0000000082700000|100%|HC|  |TAMS 0x0000000082700000, 0x0000000082700000| Complete 
|  39|0x0000000082700000, 0x0000000082800000, 0x0000000082800000|100%|HC|  |TAMS 0x0000000082800000, 0x0000000082800000| Complete 
|  40|0x0000000082800000, 0x0000000082900000, 0x0000000082900000|100%|HC|  |TAMS 0x0000000082900000, 0x0000000082900000| Complete 
|  41|0x0000000082900000, 0x0000000082a00000, 0x0000000082a00000|100%| O|  |TAMS 0x0000000082a00000, 0x0000000082a00000| Untracked 
|  42|0x0000000082a00000, 0x0000000082b00000, 0x0000000082b00000|100%| O|  |TAMS 0x0000000082b00000, 0x0000000082b00000| Untracked 
|  43|0x0000000082b00000, 0x0000000082c00000, 0x0000000082c00000|100%| O|  |TAMS 0x0000000082c00000, 0x0000000082c00000| Untracked 
|  44|0x0000000082c00000, 0x0000000082d00000, 0x0000000082d00000|100%| O|  |TAMS 0x0000000082d00000, 0x0000000082d00000| Untracked 
|  45|0x0000000082d00000, 0x0000000082e00000, 0x0000000082e00000|100%| O|  |TAMS 0x0000000082e00000, 0x0000000082e00000| Untracked 
|  46|0x0000000082e00000, 0x0000000082f00000, 0x0000000082f00000|100%|HS|  |TAMS 0x0000000082f00000, 0x0000000082f00000| Complete 
|  47|0x0000000082f00000, 0x0000000083000000, 0x0000000083000000|100%|HC|  |TAMS 0x0000000083000000, 0x0000000083000000| Complete 
|  48|0x0000000083000000, 0x0000000083100000, 0x0000000083100000|100%| O|  |TAMS 0x0000000083100000, 0x0000000083100000| Untracked 
|  49|0x0000000083100000, 0x0000000083100000, 0x0000000083200000|  0%| F|  |TAMS 0x0000000083100000, 0x0000000083100000| Untracked 
|  50|0x0000000083200000, 0x0000000083300000, 0x0000000083300000|100%| O|  |TAMS 0x0000000083300000, 0x0000000083300000| Untracked 
|  51|0x0000000083300000, 0x0000000083400000, 0x0000000083400000|100%| O|  |TAMS 0x0000000083400000, 0x0000000083400000| Untracked 
|  52|0x0000000083400000, 0x0000000083500000, 0x0000000083500000|100%| O|  |TAMS 0x0000000083500000, 0x0000000083500000| Untracked 
|  53|0x0000000083500000, 0x0000000083600000, 0x0000000083600000|100%| O|  |TAMS 0x0000000083600000, 0x0000000083600000| Untracked 
|  54|0x0000000083600000, 0x0000000083700000, 0x0000000083700000|100%| O|  |TAMS 0x0000000083700000, 0x0000000083700000| Untracked 
|  55|0x0000000083700000, 0x0000000083800000, 0x0000000083800000|100%| O|  |TAMS 0x0000000083800000, 0x0000000083800000| Untracked 
|  56|0x0000000083800000, 0x0000000083900000, 0x0000000083900000|100%| O|  |TAMS 0x0000000083900000, 0x0000000083900000| Untracked 
|  57|0x0000000083900000, 0x0000000083a00000, 0x0000000083a00000|100%|HS|  |TAMS 0x0000000083a00000, 0x0000000083a00000| Complete 
|  58|0x0000000083a00000, 0x0000000083b00000, 0x0000000083b00000|100%|HC|  |TAMS 0x0000000083b00000, 0x0000000083b00000| Complete 
|  59|0x0000000083b00000, 0x0000000083c00000, 0x0000000083c00000|100%|HC|  |TAMS 0x0000000083c00000, 0x0000000083c00000| Complete 
|  60|0x0000000083c00000, 0x0000000083d00000, 0x0000000083d00000|100%| O|  |TAMS 0x0000000083d00000, 0x0000000083d00000| Untracked 
|  61|0x0000000083d00000, 0x0000000083e00000, 0x0000000083e00000|100%| O|  |TAMS 0x0000000083e00000, 0x0000000083e00000| Untracked 
|  62|0x0000000083e00000, 0x0000000083f00000, 0x0000000083f00000|100%| O|  |TAMS 0x0000000083f00000, 0x0000000083f00000| Untracked 
|  63|0x0000000083f00000, 0x0000000084000000, 0x0000000084000000|100%| O|  |TAMS 0x0000000084000000, 0x0000000084000000| Untracked 
|  64|0x0000000084000000, 0x0000000084100000, 0x0000000084100000|100%| O|  |TAMS 0x0000000084100000, 0x0000000084100000| Untracked 
|  65|0x0000000084100000, 0x0000000084200000, 0x0000000084200000|100%| O|  |TAMS 0x0000000084200000, 0x0000000084200000| Untracked 
|  66|0x0000000084200000, 0x0000000084300000, 0x0000000084300000|100%| O|  |TAMS 0x0000000084300000, 0x0000000084300000| Untracked 
|  67|0x0000000084300000, 0x0000000084400000, 0x0000000084400000|100%| O|  |TAMS 0x0000000084400000, 0x0000000084400000| Untracked 
|  68|0x0000000084400000, 0x0000000084500000, 0x0000000084500000|100%| O|  |TAMS 0x0000000084500000, 0x0000000084500000| Untracked 
|  69|0x0000000084500000, 0x0000000084600000, 0x0000000084600000|100%| O|  |TAMS 0x0000000084600000, 0x0000000084600000| Untracked 
|  70|0x0000000084600000, 0x0000000084700000, 0x0000000084700000|100%| O|  |TAMS 0x0000000084700000, 0x0000000084700000| Untracked 
|  71|0x0000000084700000, 0x0000000084800000, 0x0000000084800000|100%| O|  |TAMS 0x0000000084800000, 0x0000000084800000| Untracked 
|  72|0x0000000084800000, 0x0000000084900000, 0x0000000084900000|100%| O|  |TAMS 0x0000000084900000, 0x0000000084900000| Untracked 
|  73|0x0000000084900000, 0x0000000084a00000, 0x0000000084a00000|100%| O|  |TAMS 0x0000000084a00000, 0x0000000084a00000| Untracked 
|  74|0x0000000084a00000, 0x0000000084b00000, 0x0000000084b00000|100%| O|  |TAMS 0x0000000084b00000, 0x0000000084b00000| Untracked 
|  75|0x0000000084b00000, 0x0000000084c00000, 0x0000000084c00000|100%| O|  |TAMS 0x0000000084c00000, 0x0000000084c00000| Untracked 
|  76|0x0000000084c00000, 0x0000000084d00000, 0x0000000084d00000|100%| O|  |TAMS 0x0000000084d00000, 0x0000000084d00000| Untracked 
|  77|0x0000000084d00000, 0x0000000084e00000, 0x0000000084e00000|100%| O|  |TAMS 0x0000000084e00000, 0x0000000084e00000| Untracked 
|  78|0x0000000084e00000, 0x0000000084f00000, 0x0000000084f00000|100%| O|  |TAMS 0x0000000084f00000, 0x0000000084f00000| Untracked 
|  79|0x0000000084f00000, 0x0000000085000000, 0x0000000085000000|100%|HS|  |TAMS 0x0000000085000000, 0x0000000085000000| Complete 
|  80|0x0000000085000000, 0x0000000085100000, 0x0000000085100000|100%|HC|  |TAMS 0x0000000085100000, 0x0000000085100000| Complete 
|  81|0x0000000085100000, 0x0000000085200000, 0x0000000085200000|100%|HC|  |TAMS 0x0000000085200000, 0x0000000085200000| Complete 
|  82|0x0000000085200000, 0x0000000085300000, 0x0000000085300000|100%|HC|  |TAMS 0x0000000085300000, 0x0000000085300000| Complete 
|  83|0x0000000085300000, 0x0000000085400000, 0x0000000085400000|100%|HC|  |TAMS 0x0000000085400000, 0x0000000085400000| Complete 
|  84|0x0000000085400000, 0x0000000085500000, 0x0000000085500000|100%|HC|  |TAMS 0x0000000085500000, 0x0000000085500000| Complete 
|  85|0x0000000085500000, 0x0000000085600000, 0x0000000085600000|100%|HS|  |TAMS 0x0000000085600000, 0x0000000085600000| Complete 
|  86|0x0000000085600000, 0x0000000085700000, 0x0000000085700000|100%| O|  |TAMS 0x0000000085700000, 0x0000000085700000| Untracked 
|  87|0x0000000085700000, 0x0000000085800000, 0x0000000085800000|100%| O|  |TAMS 0x0000000085800000, 0x0000000085800000| Untracked 
|  88|0x0000000085800000, 0x0000000085900000, 0x0000000085900000|100%| O|  |TAMS 0x0000000085900000, 0x0000000085900000| Untracked 
|  89|0x0000000085900000, 0x0000000085a00000, 0x0000000085a00000|100%| O|  |TAMS 0x0000000085a00000, 0x0000000085a00000| Untracked 
|  90|0x0000000085a00000, 0x0000000085b00000, 0x0000000085b00000|100%| O|  |TAMS 0x0000000085b00000, 0x0000000085b00000| Untracked 
|  91|0x0000000085b00000, 0x0000000085c00000, 0x0000000085c00000|100%| O|  |TAMS 0x0000000085c00000, 0x0000000085c00000| Untracked 
|  92|0x0000000085c00000, 0x0000000085d00000, 0x0000000085d00000|100%| O|  |TAMS 0x0000000085d00000, 0x0000000085d00000| Untracked 
|  93|0x0000000085d00000, 0x0000000085e00000, 0x0000000085e00000|100%| O|  |TAMS 0x0000000085e00000, 0x0000000085e00000| Untracked 
|  94|0x0000000085e00000, 0x0000000085f00000, 0x0000000085f00000|100%| O|  |TAMS 0x0000000085f00000, 0x0000000085f00000| Untracked 
|  95|0x0000000085f00000, 0x0000000086000000, 0x0000000086000000|100%| O|  |TAMS 0x0000000086000000, 0x0000000086000000| Untracked 
|  96|0x0000000086000000, 0x0000000086100000, 0x0000000086100000|100%| O|  |TAMS 0x0000000086100000, 0x0000000086100000| Untracked 
|  97|0x0000000086100000, 0x0000000086200000, 0x0000000086200000|100%| O|  |TAMS 0x0000000086200000, 0x0000000086200000| Untracked 
|  98|0x0000000086200000, 0x0000000086300000, 0x0000000086300000|100%| O|  |TAMS 0x0000000086300000, 0x0000000086300000| Untracked 
|  99|0x0000000086300000, 0x0000000086400000, 0x0000000086400000|100%| O|  |TAMS 0x0000000086400000, 0x0000000086400000| Untracked 
| 100|0x0000000086400000, 0x0000000086500000, 0x0000000086500000|100%| O|  |TAMS 0x0000000086500000, 0x0000000086500000| Untracked 
| 101|0x0000000086500000, 0x0000000086600000, 0x0000000086600000|100%| O|  |TAMS 0x0000000086600000, 0x0000000086600000| Untracked 
| 102|0x0000000086600000, 0x0000000086700000, 0x0000000086700000|100%| O|  |TAMS 0x0000000086700000, 0x0000000086700000| Untracked 
| 103|0x0000000086700000, 0x0000000086800000, 0x0000000086800000|100%| O|  |TAMS 0x00000000867dde00, 0x0000000086800000| Untracked 
| 104|0x0000000086800000, 0x0000000086900000, 0x0000000086900000|100%| O|  |TAMS 0x0000000086800000, 0x0000000086900000| Untracked 
| 105|0x0000000086900000, 0x0000000086a00000, 0x0000000086a00000|100%| O|  |TAMS 0x0000000086900000, 0x0000000086a00000| Untracked 
| 106|0x0000000086a00000, 0x0000000086b00000, 0x0000000086b00000|100%| O|  |TAMS 0x0000000086a00000, 0x0000000086b00000| Untracked 
| 107|0x0000000086b00000, 0x0000000086c00000, 0x0000000086c00000|100%| O|  |TAMS 0x0000000086b00000, 0x0000000086c00000| Untracked 
| 108|0x0000000086c00000, 0x0000000086d00000, 0x0000000086d00000|100%| O|  |TAMS 0x0000000086c00000, 0x0000000086d00000| Untracked 
| 109|0x0000000086d00000, 0x0000000086d13400, 0x0000000086e00000|  7%| O|  |TAMS 0x0000000086d00000, 0x0000000086d13400| Untracked 
| 110|0x0000000086e00000, 0x0000000086e00000, 0x0000000086f00000|  0%| F|  |TAMS 0x0000000086e00000, 0x0000000086e00000| Untracked 
| 111|0x0000000086f00000, 0x0000000086f00000, 0x0000000087000000|  0%| F|  |TAMS 0x0000000086f00000, 0x0000000086f00000| Untracked 
| 112|0x0000000087000000, 0x0000000087000000, 0x0000000087100000|  0%| F|  |TAMS 0x0000000087000000, 0x0000000087000000| Untracked 
| 113|0x0000000087100000, 0x0000000087100000, 0x0000000087200000|  0%| F|  |TAMS 0x0000000087100000, 0x0000000087100000| Untracked 
| 114|0x0000000087200000, 0x0000000087200000, 0x0000000087300000|  0%| F|  |TAMS 0x0000000087200000, 0x0000000087200000| Untracked 
| 115|0x0000000087300000, 0x0000000087300000, 0x0000000087400000|  0%| F|  |TAMS 0x0000000087300000, 0x0000000087300000| Untracked 
| 116|0x0000000087400000, 0x0000000087400000, 0x0000000087500000|  0%| F|  |TAMS 0x0000000087400000, 0x0000000087400000| Untracked 
| 117|0x0000000087500000, 0x0000000087500000, 0x0000000087600000|  0%| F|  |TAMS 0x0000000087500000, 0x0000000087500000| Untracked 
| 118|0x0000000087600000, 0x0000000087600000, 0x0000000087700000|  0%| F|  |TAMS 0x0000000087600000, 0x0000000087600000| Untracked 
| 119|0x0000000087700000, 0x0000000087700000, 0x0000000087800000|  0%| F|  |TAMS 0x0000000087700000, 0x0000000087700000| Untracked 
| 120|0x0000000087800000, 0x0000000087800000, 0x0000000087900000|  0%| F|  |TAMS 0x0000000087800000, 0x0000000087800000| Untracked 
| 121|0x0000000087900000, 0x0000000087900000, 0x0000000087a00000|  0%| F|  |TAMS 0x0000000087900000, 0x0000000087900000| Untracked 
| 122|0x0000000087a00000, 0x0000000087a00000, 0x0000000087b00000|  0%| F|  |TAMS 0x0000000087a00000, 0x0000000087a00000| Untracked 
| 123|0x0000000087b00000, 0x0000000087b00000, 0x0000000087c00000|  0%| F|  |TAMS 0x0000000087b00000, 0x0000000087b00000| Untracked 
| 124|0x0000000087c00000, 0x0000000087c00000, 0x0000000087d00000|  0%| F|  |TAMS 0x0000000087c00000, 0x0000000087c00000| Untracked 
| 125|0x0000000087d00000, 0x0000000087d00000, 0x0000000087e00000|  0%| F|  |TAMS 0x0000000087d00000, 0x0000000087d00000| Untracked 
| 126|0x0000000087e00000, 0x0000000087e00000, 0x0000000087f00000|  0%| F|  |TAMS 0x0000000087e00000, 0x0000000087e00000| Untracked 
| 127|0x0000000087f00000, 0x0000000087f00000, 0x0000000088000000|  0%| F|  |TAMS 0x0000000087f00000, 0x0000000087f00000| Untracked 
| 128|0x0000000088000000, 0x0000000088000000, 0x0000000088100000|  0%| F|  |TAMS 0x0000000088000000, 0x0000000088000000| Untracked 
| 129|0x0000000088100000, 0x0000000088100000, 0x0000000088200000|  0%| F|  |TAMS 0x0000000088100000, 0x0000000088100000| Untracked 
| 130|0x0000000088200000, 0x0000000088200000, 0x0000000088300000|  0%| F|  |TAMS 0x0000000088200000, 0x0000000088200000| Untracked 
| 131|0x0000000088300000, 0x0000000088300000, 0x0000000088400000|  0%| F|  |TAMS 0x0000000088300000, 0x0000000088300000| Untracked 
| 132|0x0000000088400000, 0x0000000088400000, 0x0000000088500000|  0%| F|  |TAMS 0x0000000088400000, 0x0000000088400000| Untracked 
| 133|0x0000000088500000, 0x00000000885426d8, 0x0000000088600000| 25%| S|CS|TAMS 0x0000000088500000, 0x0000000088500000| Complete 
| 134|0x0000000088600000, 0x0000000088700000, 0x0000000088700000|100%| S|CS|TAMS 0x0000000088600000, 0x0000000088600000| Complete 
| 135|0x0000000088700000, 0x0000000088800000, 0x0000000088800000|100%| S|CS|TAMS 0x0000000088700000, 0x0000000088700000| Complete 
| 136|0x0000000088800000, 0x0000000088900000, 0x0000000088900000|100%| S|CS|TAMS 0x0000000088800000, 0x0000000088800000| Complete 
| 137|0x0000000088900000, 0x0000000088a00000, 0x0000000088a00000|100%| S|CS|TAMS 0x0000000088900000, 0x0000000088900000| Complete 
| 138|0x0000000088a00000, 0x0000000088a00000, 0x0000000088b00000|  0%| F|  |TAMS 0x0000000088a00000, 0x0000000088a00000| Untracked 
| 139|0x0000000088b00000, 0x0000000088b00000, 0x0000000088c00000|  0%| F|  |TAMS 0x0000000088b00000, 0x0000000088b00000| Untracked 
| 140|0x0000000088c00000, 0x0000000088c00000, 0x0000000088d00000|  0%| F|  |TAMS 0x0000000088c00000, 0x0000000088c00000| Untracked 
| 141|0x0000000088d00000, 0x0000000088d00000, 0x0000000088e00000|  0%| F|  |TAMS 0x0000000088d00000, 0x0000000088d00000| Untracked 
| 142|0x0000000088e00000, 0x0000000088e00000, 0x0000000088f00000|  0%| F|  |TAMS 0x0000000088e00000, 0x0000000088e00000| Untracked 
| 143|0x0000000088f00000, 0x0000000088f00000, 0x0000000089000000|  0%| F|  |TAMS 0x0000000088f00000, 0x0000000088f00000| Untracked 
| 144|0x0000000089000000, 0x0000000089000000, 0x0000000089100000|  0%| F|  |TAMS 0x0000000089000000, 0x0000000089000000| Untracked 
| 145|0x0000000089100000, 0x0000000089100000, 0x0000000089200000|  0%| F|  |TAMS 0x0000000089100000, 0x0000000089100000| Untracked 
| 146|0x0000000089200000, 0x0000000089200000, 0x0000000089300000|  0%| F|  |TAMS 0x0000000089200000, 0x0000000089200000| Untracked 
| 147|0x0000000089300000, 0x0000000089300000, 0x0000000089400000|  0%| F|  |TAMS 0x0000000089300000, 0x0000000089300000| Untracked 
| 148|0x0000000089400000, 0x0000000089400000, 0x0000000089500000|  0%| F|  |TAMS 0x0000000089400000, 0x0000000089400000| Untracked 
| 149|0x0000000089500000, 0x0000000089500000, 0x0000000089600000|  0%| F|  |TAMS 0x0000000089500000, 0x0000000089500000| Untracked 
| 150|0x0000000089600000, 0x0000000089600000, 0x0000000089700000|  0%| F|  |TAMS 0x0000000089600000, 0x0000000089600000| Untracked 
| 151|0x0000000089700000, 0x0000000089700000, 0x0000000089800000|  0%| F|  |TAMS 0x0000000089700000, 0x0000000089700000| Untracked 
| 152|0x0000000089800000, 0x0000000089800000, 0x0000000089900000|  0%| F|  |TAMS 0x0000000089800000, 0x0000000089800000| Untracked 
| 153|0x0000000089900000, 0x0000000089900000, 0x0000000089a00000|  0%| F|  |TAMS 0x0000000089900000, 0x0000000089900000| Untracked 
| 154|0x0000000089a00000, 0x0000000089a00000, 0x0000000089b00000|  0%| F|  |TAMS 0x0000000089a00000, 0x0000000089a00000| Untracked 
| 155|0x0000000089b00000, 0x0000000089b00000, 0x0000000089c00000|  0%| F|  |TAMS 0x0000000089b00000, 0x0000000089b00000| Untracked 
| 156|0x0000000089c00000, 0x0000000089c00000, 0x0000000089d00000|  0%| F|  |TAMS 0x0000000089c00000, 0x0000000089c00000| Untracked 
| 157|0x0000000089d00000, 0x0000000089d00000, 0x0000000089e00000|  0%| F|  |TAMS 0x0000000089d00000, 0x0000000089d00000| Untracked 
| 158|0x0000000089e00000, 0x0000000089e00000, 0x0000000089f00000|  0%| F|  |TAMS 0x0000000089e00000, 0x0000000089e00000| Untracked 
| 159|0x0000000089f00000, 0x0000000089f00000, 0x000000008a000000|  0%| F|  |TAMS 0x0000000089f00000, 0x0000000089f00000| Untracked 
| 160|0x000000008a000000, 0x000000008a000000, 0x000000008a100000|  0%| F|  |TAMS 0x000000008a000000, 0x000000008a000000| Untracked 
| 161|0x000000008a100000, 0x000000008a100000, 0x000000008a200000|  0%| F|  |TAMS 0x000000008a100000, 0x000000008a100000| Untracked 
| 162|0x000000008a200000, 0x000000008a200000, 0x000000008a300000|  0%| F|  |TAMS 0x000000008a200000, 0x000000008a200000| Untracked 
| 163|0x000000008a300000, 0x000000008a300000, 0x000000008a400000|  0%| F|  |TAMS 0x000000008a300000, 0x000000008a300000| Untracked 
| 164|0x000000008a400000, 0x000000008a400000, 0x000000008a500000|  0%| F|  |TAMS 0x000000008a400000, 0x000000008a400000| Untracked 
| 165|0x000000008a500000, 0x000000008a500000, 0x000000008a600000|  0%| F|  |TAMS 0x000000008a500000, 0x000000008a500000| Untracked 
| 166|0x000000008a600000, 0x000000008a600000, 0x000000008a700000|  0%| F|  |TAMS 0x000000008a600000, 0x000000008a600000| Untracked 
| 167|0x000000008a700000, 0x000000008a700000, 0x000000008a800000|  0%| F|  |TAMS 0x000000008a700000, 0x000000008a700000| Untracked 
| 168|0x000000008a800000, 0x000000008a800000, 0x000000008a900000|  0%| F|  |TAMS 0x000000008a800000, 0x000000008a800000| Untracked 
| 169|0x000000008a900000, 0x000000008a900000, 0x000000008aa00000|  0%| F|  |TAMS 0x000000008a900000, 0x000000008a900000| Untracked 
| 170|0x000000008aa00000, 0x000000008aa00000, 0x000000008ab00000|  0%| F|  |TAMS 0x000000008aa00000, 0x000000008aa00000| Untracked 
| 171|0x000000008ab00000, 0x000000008ab00000, 0x000000008ac00000|  0%| F|  |TAMS 0x000000008ab00000, 0x000000008ab00000| Untracked 
| 172|0x000000008ac00000, 0x000000008ac00000, 0x000000008ad00000|  0%| F|  |TAMS 0x000000008ac00000, 0x000000008ac00000| Untracked 
| 173|0x000000008ad00000, 0x000000008ad00000, 0x000000008ae00000|  0%| F|  |TAMS 0x000000008ad00000, 0x000000008ad00000| Untracked 
| 174|0x000000008ae00000, 0x000000008ae00000, 0x000000008af00000|  0%| F|  |TAMS 0x000000008ae00000, 0x000000008ae00000| Untracked 
| 175|0x000000008af00000, 0x000000008af00000, 0x000000008b000000|  0%| F|  |TAMS 0x000000008af00000, 0x000000008af00000| Untracked 
| 176|0x000000008b000000, 0x000000008b000000, 0x000000008b100000|  0%| F|  |TAMS 0x000000008b000000, 0x000000008b000000| Untracked 
| 177|0x000000008b100000, 0x000000008b100000, 0x000000008b200000|  0%| F|  |TAMS 0x000000008b100000, 0x000000008b100000| Untracked 
| 178|0x000000008b200000, 0x000000008b200000, 0x000000008b300000|  0%| F|  |TAMS 0x000000008b200000, 0x000000008b200000| Untracked 
| 179|0x000000008b300000, 0x000000008b300000, 0x000000008b400000|  0%| F|  |TAMS 0x000000008b300000, 0x000000008b300000| Untracked 
| 180|0x000000008b400000, 0x000000008b400000, 0x000000008b500000|  0%| F|  |TAMS 0x000000008b400000, 0x000000008b400000| Untracked 
| 181|0x000000008b500000, 0x000000008b500000, 0x000000008b600000|  0%| F|  |TAMS 0x000000008b500000, 0x000000008b500000| Untracked 
| 182|0x000000008b600000, 0x000000008b600000, 0x000000008b700000|  0%| F|  |TAMS 0x000000008b600000, 0x000000008b600000| Untracked 
| 183|0x000000008b700000, 0x000000008b700000, 0x000000008b800000|  0%| F|  |TAMS 0x000000008b700000, 0x000000008b700000| Untracked 
| 184|0x000000008b800000, 0x000000008b800000, 0x000000008b900000|  0%| F|  |TAMS 0x000000008b800000, 0x000000008b800000| Untracked 
| 185|0x000000008b900000, 0x000000008b900000, 0x000000008ba00000|  0%| F|  |TAMS 0x000000008b900000, 0x000000008b900000| Untracked 
| 186|0x000000008ba00000, 0x000000008ba00000, 0x000000008bb00000|  0%| F|  |TAMS 0x000000008ba00000, 0x000000008ba00000| Untracked 
| 187|0x000000008bb00000, 0x000000008bb00000, 0x000000008bc00000|  0%| F|  |TAMS 0x000000008bb00000, 0x000000008bb00000| Untracked 
| 188|0x000000008bc00000, 0x000000008bc00000, 0x000000008bd00000|  0%| F|  |TAMS 0x000000008bc00000, 0x000000008bc00000| Untracked 
| 189|0x000000008bd00000, 0x000000008bd00000, 0x000000008be00000|  0%| F|  |TAMS 0x000000008bd00000, 0x000000008bd00000| Untracked 
| 190|0x000000008be00000, 0x000000008be00000, 0x000000008bf00000|  0%| F|  |TAMS 0x000000008be00000, 0x000000008be00000| Untracked 
| 191|0x000000008bf00000, 0x000000008bf00000, 0x000000008c000000|  0%| F|  |TAMS 0x000000008bf00000, 0x000000008bf00000| Untracked 
| 192|0x000000008c000000, 0x000000008c000000, 0x000000008c100000|  0%| F|  |TAMS 0x000000008c000000, 0x000000008c000000| Untracked 
| 193|0x000000008c100000, 0x000000008c100000, 0x000000008c200000|  0%| F|  |TAMS 0x000000008c100000, 0x000000008c100000| Untracked 
| 194|0x000000008c200000, 0x000000008c200000, 0x000000008c300000|  0%| F|  |TAMS 0x000000008c200000, 0x000000008c200000| Untracked 
| 195|0x000000008c300000, 0x000000008c300000, 0x000000008c400000|  0%| F|  |TAMS 0x000000008c300000, 0x000000008c300000| Untracked 
| 196|0x000000008c400000, 0x000000008c400000, 0x000000008c500000|  0%| F|  |TAMS 0x000000008c400000, 0x000000008c400000| Untracked 
| 197|0x000000008c500000, 0x000000008c500000, 0x000000008c600000|  0%| F|  |TAMS 0x000000008c500000, 0x000000008c500000| Untracked 
| 198|0x000000008c600000, 0x000000008c600000, 0x000000008c700000|  0%| F|  |TAMS 0x000000008c600000, 0x000000008c600000| Untracked 
| 199|0x000000008c700000, 0x000000008c700000, 0x000000008c800000|  0%| F|  |TAMS 0x000000008c700000, 0x000000008c700000| Untracked 
| 200|0x000000008c800000, 0x000000008c800000, 0x000000008c900000|  0%| F|  |TAMS 0x000000008c800000, 0x000000008c800000| Untracked 
| 201|0x000000008c900000, 0x000000008c900000, 0x000000008ca00000|  0%| F|  |TAMS 0x000000008c900000, 0x000000008c900000| Untracked 
| 202|0x000000008ca00000, 0x000000008ca00000, 0x000000008cb00000|  0%| F|  |TAMS 0x000000008ca00000, 0x000000008ca00000| Untracked 
| 203|0x000000008cb00000, 0x000000008cb00000, 0x000000008cc00000|  0%| F|  |TAMS 0x000000008cb00000, 0x000000008cb00000| Untracked 
| 204|0x000000008cc00000, 0x000000008cc00000, 0x000000008cd00000|  0%| F|  |TAMS 0x000000008cc00000, 0x000000008cc00000| Untracked 
| 205|0x000000008cd00000, 0x000000008cd00000, 0x000000008ce00000|  0%| F|  |TAMS 0x000000008cd00000, 0x000000008cd00000| Untracked 
| 206|0x000000008ce00000, 0x000000008ce00000, 0x000000008cf00000|  0%| F|  |TAMS 0x000000008ce00000, 0x000000008ce00000| Untracked 
| 207|0x000000008cf00000, 0x000000008cf00000, 0x000000008d000000|  0%| F|  |TAMS 0x000000008cf00000, 0x000000008cf00000| Untracked 
| 208|0x000000008d000000, 0x000000008d000000, 0x000000008d100000|  0%| F|  |TAMS 0x000000008d000000, 0x000000008d000000| Untracked 
| 209|0x000000008d100000, 0x000000008d100000, 0x000000008d200000|  0%| F|  |TAMS 0x000000008d100000, 0x000000008d100000| Untracked 
| 210|0x000000008d200000, 0x000000008d200000, 0x000000008d300000|  0%| F|  |TAMS 0x000000008d200000, 0x000000008d200000| Untracked 
| 211|0x000000008d300000, 0x000000008d300000, 0x000000008d400000|  0%| F|  |TAMS 0x000000008d300000, 0x000000008d300000| Untracked 
| 212|0x000000008d400000, 0x000000008d400000, 0x000000008d500000|  0%| F|  |TAMS 0x000000008d400000, 0x000000008d400000| Untracked 
| 213|0x000000008d500000, 0x000000008d500000, 0x000000008d600000|  0%| F|  |TAMS 0x000000008d500000, 0x000000008d500000| Untracked 
| 214|0x000000008d600000, 0x000000008d600000, 0x000000008d700000|  0%| F|  |TAMS 0x000000008d600000, 0x000000008d600000| Untracked 
| 215|0x000000008d700000, 0x000000008d700000, 0x000000008d800000|  0%| F|  |TAMS 0x000000008d700000, 0x000000008d700000| Untracked 
| 216|0x000000008d800000, 0x000000008d800000, 0x000000008d900000|  0%| F|  |TAMS 0x000000008d800000, 0x000000008d800000| Untracked 
| 217|0x000000008d900000, 0x000000008d900000, 0x000000008da00000|  0%| F|  |TAMS 0x000000008d900000, 0x000000008d900000| Untracked 
| 218|0x000000008da00000, 0x000000008da00000, 0x000000008db00000|  0%| F|  |TAMS 0x000000008da00000, 0x000000008da00000| Untracked 
| 219|0x000000008db00000, 0x000000008db00000, 0x000000008dc00000|  0%| F|  |TAMS 0x000000008db00000, 0x000000008db00000| Untracked 
| 220|0x000000008dc00000, 0x000000008dc00000, 0x000000008dd00000|  0%| F|  |TAMS 0x000000008dc00000, 0x000000008dc00000| Untracked 
| 221|0x000000008dd00000, 0x000000008dd00000, 0x000000008de00000|  0%| F|  |TAMS 0x000000008dd00000, 0x000000008dd00000| Untracked 
| 222|0x000000008de00000, 0x000000008de00000, 0x000000008df00000|  0%| F|  |TAMS 0x000000008de00000, 0x000000008de00000| Untracked 
| 223|0x000000008df00000, 0x000000008df00000, 0x000000008e000000|  0%| F|  |TAMS 0x000000008df00000, 0x000000008df00000| Untracked 
| 224|0x000000008e000000, 0x000000008e000000, 0x000000008e100000|  0%| F|  |TAMS 0x000000008e000000, 0x000000008e000000| Untracked 
| 225|0x000000008e100000, 0x000000008e100000, 0x000000008e200000|  0%| F|  |TAMS 0x000000008e100000, 0x000000008e100000| Untracked 
| 226|0x000000008e200000, 0x000000008e200000, 0x000000008e300000|  0%| F|  |TAMS 0x000000008e200000, 0x000000008e200000| Untracked 
| 227|0x000000008e300000, 0x000000008e300000, 0x000000008e400000|  0%| F|  |TAMS 0x000000008e300000, 0x000000008e300000| Untracked 
| 228|0x000000008e400000, 0x000000008e400000, 0x000000008e500000|  0%| F|  |TAMS 0x000000008e400000, 0x000000008e400000| Untracked 
| 229|0x000000008e500000, 0x000000008e500000, 0x000000008e600000|  0%| F|  |TAMS 0x000000008e500000, 0x000000008e500000| Untracked 
| 230|0x000000008e600000, 0x000000008e600000, 0x000000008e700000|  0%| F|  |TAMS 0x000000008e600000, 0x000000008e600000| Untracked 
| 231|0x000000008e700000, 0x000000008e700000, 0x000000008e800000|  0%| F|  |TAMS 0x000000008e700000, 0x000000008e700000| Untracked 
| 232|0x000000008e800000, 0x000000008e800000, 0x000000008e900000|  0%| F|  |TAMS 0x000000008e800000, 0x000000008e800000| Untracked 
| 233|0x000000008e900000, 0x000000008e900000, 0x000000008ea00000|  0%| F|  |TAMS 0x000000008e900000, 0x000000008e900000| Untracked 
| 234|0x000000008ea00000, 0x000000008ea00000, 0x000000008eb00000|  0%| F|  |TAMS 0x000000008ea00000, 0x000000008ea00000| Untracked 
| 235|0x000000008eb00000, 0x000000008eb00000, 0x000000008ec00000|  0%| F|  |TAMS 0x000000008eb00000, 0x000000008eb00000| Untracked 
| 236|0x000000008ec00000, 0x000000008ec00000, 0x000000008ed00000|  0%| F|  |TAMS 0x000000008ec00000, 0x000000008ec00000| Untracked 
| 237|0x000000008ed00000, 0x000000008ed00000, 0x000000008ee00000|  0%| F|  |TAMS 0x000000008ed00000, 0x000000008ed00000| Untracked 
| 238|0x000000008ee00000, 0x000000008ee00000, 0x000000008ef00000|  0%| F|  |TAMS 0x000000008ee00000, 0x000000008ee00000| Untracked 
| 239|0x000000008ef00000, 0x000000008ef00000, 0x000000008f000000|  0%| F|  |TAMS 0x000000008ef00000, 0x000000008ef00000| Untracked 

Card table byte_map: [0x0000020b19f20000,0x0000020b1a320000] _byte_map_base: 0x0000020b19b20000

Marking Bits (Prev, Next): (CMBitMap*) 0x0000020b05229b40, (CMBitMap*) 0x0000020b05229b00
 Prev Bits: [0x0000020b1c720000, 0x0000020b1e720000)
 Next Bits: [0x0000020b1a720000, 0x0000020b1c720000)

Polling page: 0x0000020b05290000

Metaspace:

Usage:
  Non-class:     94.31 MB used.
      Class:     13.96 MB used.
       Both:    108.27 MB used.

Virtual space:
  Non-class space:       96.00 MB reserved,      94.62 MB ( 99%) committed,  12 nodes.
      Class space:        1.00 GB reserved,      14.19 MB (  1%) committed,  1 nodes.
             Both:        1.09 GB reserved,     108.81 MB ( 10%) committed. 

Chunk freelists:
   Non-Class:  1.33 MB
       Class:  1.83 MB
        Both:  3.16 MB

MaxMetaspaceSize: unlimited
CompressedClassSpaceSize: 1.00 GB
Initial GC threshold: 21.00 MB
Current GC threshold: 174.62 MB
CDS: off
MetaspaceReclaimPolicy: balanced
 - commit_granule_bytes: 65536.
 - commit_granule_words: 8192.
 - virtual_space_node_default_size: 1048576.
 - enlarge_chunks_in_place: 1.
 - new_chunks_are_fully_committed: 0.
 - uncommit_free_chunks: 1.
 - use_allocation_guard: 0.
 - handle_deallocations: 1.


Internal statistics:

num_allocs_failed_limit: 3.
num_arena_births: 704.
num_arena_deaths: 0.
num_vsnodes_births: 13.
num_vsnodes_deaths: 0.
num_space_committed: 1739.
num_space_uncommitted: 0.
num_chunks_returned_to_freelist: 3.
num_chunks_taken_from_freelist: 4273.
num_chunk_merges: 3.
num_chunk_splits: 3375.
num_chunks_enlarged: 2827.
num_purges: 0.
num_inconsistent_stats: 0.

CodeHeap 'non-profiled nmethods': size=120000Kb used=4563Kb max_used=4563Kb free=115436Kb
 bounds [0x0000020b11970000, 0x0000020b11df0000, 0x0000020b18ea0000]
CodeHeap 'profiled nmethods': size=120000Kb used=14912Kb max_used=14912Kb free=105087Kb
 bounds [0x0000020b09ea0000, 0x0000020b0ad40000, 0x0000020b113d0000]
CodeHeap 'non-nmethods': size=5760Kb used=2485Kb max_used=2564Kb free=3275Kb
 bounds [0x0000020b113d0000, 0x0000020b11670000, 0x0000020b11970000]
 total_blobs=8276 nmethods=7233 adapters=955
 compilation: enabled
              stopped_count=0, restarted_count=0
 full_count=0

Compilation events (20 events):
Event: 7.946 Thread 0x0000020b2209be70 nmethod 7989 0x0000020b0ad2d310 code [0x0000020b0ad2d500, 0x0000020b0ad2d848]
Event: 7.946 Thread 0x0000020b2209be70 7988       1       org.jetbrains.kotlin.storage.LockBasedStorageManager$KeyWithComputation::access$400 (5 bytes)
Event: 7.946 Thread 0x0000020b2209be70 nmethod 7988 0x0000020b11de4b90 code [0x0000020b11de4d20, 0x0000020b11de4dd8]
Event: 7.950 Thread 0x0000020b2209be70 7991       2       org.jetbrains.kotlin.load.kotlin.FileBasedKotlinClass$1::visitInnerClass (19 bytes)
Event: 7.950 Thread 0x0000020b2209be70 nmethod 7991 0x0000020b0ad2db10 code [0x0000020b0ad2dcc0, 0x0000020b0ad2de38]
Event: 7.950 Thread 0x0000020b2209be70 7992       2       org.jetbrains.kotlin.load.kotlin.FileBasedKotlinClass$InnerClassesInfo::add (48 bytes)
Event: 7.950 Thread 0x0000020b2209be70 nmethod 7992 0x0000020b0ad2df90 code [0x0000020b0ad2e140, 0x0000020b0ad2e4d8]
Event: 7.950 Thread 0x0000020b2209be70 7993       2       org.jetbrains.kotlin.load.kotlin.FileBasedKotlinClass$OuterAndInnerName::<init> (7 bytes)
Event: 7.950 Thread 0x0000020b2209be70 nmethod 7993 0x0000020b0ad2e610 code [0x0000020b0ad2e7a0, 0x0000020b0ad2e958]
Event: 7.950 Thread 0x0000020b2209be70 7994       2       org.jetbrains.kotlin.load.kotlin.FileBasedKotlinClass$OuterAndInnerName::<init> (15 bytes)
Event: 7.950 Thread 0x0000020b2209be70 nmethod 7994 0x0000020b0ad2ea10 code [0x0000020b0ad2eba0, 0x0000020b0ad2ed58]
Event: 7.953 Thread 0x0000020b2209be70 7995       2       org.jetbrains.kotlin.load.kotlin.VirtualFileKotlinClass$Factory$create$1$kotlinJvmBinaryClass$1::invoke (22 bytes)
Event: 7.953 Thread 0x0000020b2209be70 nmethod 7995 0x0000020b0ad2ee10 code [0x0000020b0ad2efc0, 0x0000020b0ad2f1a8]
Event: 7.953 Thread 0x0000020b2209be70 7996       2       org.jetbrains.kotlin.load.kotlin.VirtualFileKotlinClass$Factory$create$1$kotlinJvmBinaryClass$1::invoke (46 bytes)
Event: 7.953 Thread 0x0000020b2209be70 nmethod 7996 0x0000020b0ad2f310 code [0x0000020b0ad2f4e0, 0x0000020b0ad2f768]
Event: 7.953 Thread 0x0000020b2209be70 7997       2       org.jetbrains.kotlin.load.kotlin.VirtualFileKotlinClass::<init> (12 bytes)
Event: 7.953 Thread 0x0000020b2209be70 nmethod 7997 0x0000020b0ad2f910 code [0x0000020b0ad2faa0, 0x0000020b0ad2fbc8]
Event: 7.953 Thread 0x0000020b2209be70 7998       2       org.jetbrains.kotlin.load.kotlin.VirtualFileKotlinClass::<init> (16 bytes)
Event: 7.953 Thread 0x0000020b2209be70 nmethod 7998 0x0000020b0ad2fc90 code [0x0000020b0ad2fe20, 0x0000020b0ad2ffa8]
Event: 7.953 Thread 0x0000020b2209be70 8000   !   2       org.jetbrains.kotlin.metadata.jvm.JvmProtoBuf$JvmPropertySignature::<init> (647 bytes)

GC Heap History (20 events):
Event: 5.573 GC heap after
{Heap after GC invocations=34 (full 0):
 garbage-first heap   total 169984K, used 92213K [0x0000000080000000, 0x0000000100000000)
  region size 1024K, 5 young (5120K), 5 survivors (5120K)
 Metaspace       used 80324K, committed 80896K, reserved 1122304K
  class space    used 10783K, committed 11008K, reserved 1048576K
}
Event: 5.912 GC heap before
{Heap before GC invocations=34 (full 0):
 garbage-first heap   total 169984K, used 138293K [0x0000000080000000, 0x0000000100000000)
  region size 1024K, 50 young (51200K), 5 survivors (5120K)
 Metaspace       used 85434K, committed 85952K, reserved 1130496K
  class space    used 11403K, committed 11648K, reserved 1048576K
}
Event: 5.915 GC heap after
{Heap after GC invocations=35 (full 0):
 garbage-first heap   total 169984K, used 95113K [0x0000000080000000, 0x0000000100000000)
  region size 1024K, 7 young (7168K), 7 survivors (7168K)
 Metaspace       used 85434K, committed 85952K, reserved 1130496K
  class space    used 11403K, committed 11648K, reserved 1048576K
}
Event: 6.110 GC heap before
{Heap before GC invocations=36 (full 0):
 garbage-first heap   total 169984K, used 116617K [0x0000000080000000, 0x0000000100000000)
  region size 1024K, 29 young (29696K), 7 survivors (7168K)
 Metaspace       used 88569K, committed 89152K, reserved 1130496K
  class space    used 11825K, committed 12096K, reserved 1048576K
}
Event: 6.114 GC heap after
{Heap after GC invocations=37 (full 0):
 garbage-first heap   total 169984K, used 96538K [0x0000000080000000, 0x0000000100000000)
  region size 1024K, 5 young (5120K), 5 survivors (5120K)
 Metaspace       used 88569K, committed 89152K, reserved 1130496K
  class space    used 11825K, committed 12096K, reserved 1048576K
}
Event: 6.331 GC heap before
{Heap before GC invocations=38 (full 0):
 garbage-first heap   total 183296K, used 139546K [0x0000000080000000, 0x0000000100000000)
  region size 1024K, 46 young (47104K), 5 survivors (5120K)
 Metaspace       used 90246K, committed 90816K, reserved 1130496K
  class space    used 12013K, committed 12224K, reserved 1048576K
}
Event: 6.334 GC heap after
{Heap after GC invocations=39 (full 0):
 garbage-first heap   total 183296K, used 99018K [0x0000000080000000, 0x0000000100000000)
  region size 1024K, 4 young (4096K), 4 survivors (4096K)
 Metaspace       used 90246K, committed 90816K, reserved 1130496K
  class space    used 12013K, committed 12224K, reserved 1048576K
}
Event: 6.700 GC heap before
{Heap before GC invocations=39 (full 0):
 garbage-first heap   total 183296K, used 149194K [0x0000000080000000, 0x0000000100000000)
  region size 1024K, 53 young (54272K), 4 survivors (4096K)
 Metaspace       used 93905K, committed 94464K, reserved 1130496K
  class space    used 12438K, committed 12672K, reserved 1048576K
}
Event: 6.703 GC heap after
{Heap after GC invocations=40 (full 0):
 garbage-first heap   total 183296K, used 102183K [0x0000000080000000, 0x0000000100000000)
  region size 1024K, 7 young (7168K), 7 survivors (7168K)
 Metaspace       used 93905K, committed 94464K, reserved 1130496K
  class space    used 12438K, committed 12672K, reserved 1048576K
}
Event: 7.124 GC heap before
{Heap before GC invocations=41 (full 0):
 garbage-first heap   total 183296K, used 149287K [0x0000000080000000, 0x0000000100000000)
  region size 1024K, 54 young (55296K), 7 survivors (7168K)
 Metaspace       used 99332K, committed 99904K, reserved 1138688K
  class space    used 13043K, committed 13312K, reserved 1048576K
}
Event: 7.128 GC heap after
{Heap after GC invocations=42 (full 0):
 garbage-first heap   total 183296K, used 105798K [0x0000000080000000, 0x0000000100000000)
  region size 1024K, 7 young (7168K), 7 survivors (7168K)
 Metaspace       used 99332K, committed 99904K, reserved 1138688K
  class space    used 13043K, committed 13312K, reserved 1048576K
}
Event: 7.137 GC heap before
{Heap before GC invocations=42 (full 0):
 garbage-first heap   total 183296K, used 106822K [0x0000000080000000, 0x0000000100000000)
  region size 1024K, 8 young (8192K), 7 survivors (7168K)
 Metaspace       used 99427K, committed 99968K, reserved 1138688K
  class space    used 13065K, committed 13312K, reserved 1048576K
}
Event: 7.141 GC heap after
{Heap after GC invocations=43 (full 0):
 garbage-first heap   total 183296K, used 106359K [0x0000000080000000, 0x0000000100000000)
  region size 1024K, 1 young (1024K), 1 survivors (1024K)
 Metaspace       used 99427K, committed 99968K, reserved 1138688K
  class space    used 13065K, committed 13312K, reserved 1048576K
}
Event: 7.484 GC heap before
{Heap before GC invocations=43 (full 0):
 garbage-first heap   total 183296K, used 152439K [0x0000000080000000, 0x0000000100000000)
  region size 1024K, 46 young (47104K), 1 survivors (1024K)
 Metaspace       used 106310K, committed 106816K, reserved 1146880K
  class space    used 13794K, committed 14016K, reserved 1048576K
}
Event: 7.486 GC heap after
{Heap after GC invocations=44 (full 0):
 garbage-first heap   total 183296K, used 106455K [0x0000000080000000, 0x0000000100000000)
  region size 1024K, 2 young (2048K), 2 survivors (2048K)
 Metaspace       used 106310K, committed 106816K, reserved 1146880K
  class space    used 13794K, committed 14016K, reserved 1048576K
}
Event: 7.847 GC heap before
{Heap before GC invocations=45 (full 0):
 garbage-first heap   total 186368K, used 153559K [0x0000000080000000, 0x0000000100000000)
  region size 1024K, 48 young (49152K), 2 survivors (2048K)
 Metaspace       used 110721K, committed 111296K, reserved 1146880K
  class space    used 14295K, committed 14528K, reserved 1048576K
}
Event: 7.850 GC heap after
{Heap after GC invocations=46 (full 0):
 garbage-first heap   total 186368K, used 110197K [0x0000000080000000, 0x0000000100000000)
  region size 1024K, 5 young (5120K), 5 survivors (5120K)
 Metaspace       used 110721K, committed 111296K, reserved 1146880K
  class space    used 14295K, committed 14528K, reserved 1048576K
}
Event: 7.868 GC heap before
{Heap before GC invocations=46 (full 0):
 garbage-first heap   total 186368K, used 114293K [0x0000000080000000, 0x0000000100000000)
  region size 1024K, 9 young (9216K), 5 survivors (5120K)
 Metaspace       used 110737K, committed 111296K, reserved 1146880K
  class space    used 14295K, committed 14528K, reserved 1048576K
}
Event: 7.871 GC heap after
{Heap after GC invocations=47 (full 0):
 garbage-first heap   total 186368K, used 110876K [0x0000000080000000, 0x0000000100000000)
  region size 1024K, 2 young (2048K), 2 survivors (2048K)
 Metaspace       used 110737K, committed 111296K, reserved 1146880K
  class space    used 14295K, committed 14528K, reserved 1048576K
}
Event: 7.955 GC heap before
{Heap before GC invocations=47 (full 0):
 garbage-first heap   total 186368K, used 153884K [0x0000000080000000, 0x0000000100000000)
  region size 1024K, 44 young (45056K), 2 survivors (2048K)
 Metaspace       used 110863K, committed 111424K, reserved 1146880K
  class space    used 14295K, committed 14528K, reserved 1048576K
}

Dll operation events (3 events):
Event: 0.006 Loaded shared library C:\Program Files\Android\Android Studio\jbr\bin\java.dll
Event: 0.097 Loaded shared library C:\Program Files\Android\Android Studio\jbr\bin\zip.dll
Event: 0.312 Loaded shared library C:\Program Files\Android\Android Studio\jbr\bin\verify.dll

Deoptimization events (20 events):
Event: 7.810 Thread 0x0000020b23ac3080 Uncommon trap: trap_request=0xffffffc6 fr.pc=0x0000020b11cc7ca0 relative=0x0000000000000f00
Event: 7.810 Thread 0x0000020b23ac3080 Uncommon trap: reason=bimorphic_or_optimized_type_check action=maybe_recompile pc=0x0000020b11cc7ca0 method=org.jetbrains.kotlin.storage.LockBasedStorageManager$MapBasedMemoizedFunction.invoke(Ljava/lang/Object;)Ljava/lang/Object; @ 235 c2
Event: 7.810 Thread 0x0000020b23ac3080 DEOPT PACKING pc=0x0000020b11cc7ca0 sp=0x00000025d9cf6510
Event: 7.811 Thread 0x0000020b23ac3080 DEOPT UNPACKING pc=0x0000020b114269a3 sp=0x00000025d9cf64d0 mode 2
Event: 7.811 Thread 0x0000020b23ac3080 Uncommon trap: trap_request=0xffffffc6 fr.pc=0x0000020b11cc7ca0 relative=0x0000000000000f00
Event: 7.811 Thread 0x0000020b23ac3080 Uncommon trap: reason=bimorphic_or_optimized_type_check action=maybe_recompile pc=0x0000020b11cc7ca0 method=org.jetbrains.kotlin.storage.LockBasedStorageManager$MapBasedMemoizedFunction.invoke(Ljava/lang/Object;)Ljava/lang/Object; @ 235 c2
Event: 7.811 Thread 0x0000020b23ac3080 DEOPT PACKING pc=0x0000020b11cc7ca0 sp=0x00000025d9cf6510
Event: 7.811 Thread 0x0000020b23ac3080 DEOPT UNPACKING pc=0x0000020b114269a3 sp=0x00000025d9cf64d0 mode 2
Event: 7.811 Thread 0x0000020b23ac3080 Uncommon trap: trap_request=0xffffffc6 fr.pc=0x0000020b11cc7ca0 relative=0x0000000000000f00
Event: 7.811 Thread 0x0000020b23ac3080 Uncommon trap: reason=bimorphic_or_optimized_type_check action=maybe_recompile pc=0x0000020b11cc7ca0 method=org.jetbrains.kotlin.storage.LockBasedStorageManager$MapBasedMemoizedFunction.invoke(Ljava/lang/Object;)Ljava/lang/Object; @ 235 c2
Event: 7.811 Thread 0x0000020b23ac3080 DEOPT PACKING pc=0x0000020b11cc7ca0 sp=0x00000025d9cf6510
Event: 7.811 Thread 0x0000020b23ac3080 DEOPT UNPACKING pc=0x0000020b114269a3 sp=0x00000025d9cf64d0 mode 2
Event: 7.826 Thread 0x0000020b23ac3080 Uncommon trap: trap_request=0xffffffde fr.pc=0x0000020b11ae652c relative=0x0000000000000cac
Event: 7.826 Thread 0x0000020b23ac3080 Uncommon trap: reason=class_check action=maybe_recompile pc=0x0000020b11ae652c method=java.util.HashMap.computeIfAbsent(Ljava/lang/Object;Ljava/util/function/Function;)Ljava/lang/Object; @ 142 c2
Event: 7.826 Thread 0x0000020b23ac3080 DEOPT PACKING pc=0x0000020b11ae652c sp=0x00000025d9cf5e90
Event: 7.827 Thread 0x0000020b23ac3080 DEOPT UNPACKING pc=0x0000020b114269a3 sp=0x00000025d9cf5e40 mode 2
Event: 7.829 Thread 0x0000020b23ac3080 Uncommon trap: trap_request=0xffffffde fr.pc=0x0000020b11ae652c relative=0x0000000000000cac
Event: 7.829 Thread 0x0000020b23ac3080 Uncommon trap: reason=class_check action=maybe_recompile pc=0x0000020b11ae652c method=java.util.HashMap.computeIfAbsent(Ljava/lang/Object;Ljava/util/function/Function;)Ljava/lang/Object; @ 142 c2
Event: 7.829 Thread 0x0000020b23ac3080 DEOPT PACKING pc=0x0000020b11ae652c sp=0x00000025d9cf5e90
Event: 7.829 Thread 0x0000020b23ac3080 DEOPT UNPACKING pc=0x0000020b114269a3 sp=0x00000025d9cf5e40 mode 2

Classes unloaded (0 events):
No events

Classes redefined (0 events):
No events

Internal exceptions (20 events):
Event: 4.466 Thread 0x0000020b23ac3080 Exception <a 'java/lang/NoSuchMethodError'{0x0000000086731128}: 'int java.lang.invoke.DelegatingMethodHandle$Holder.reinvoke_L(java.lang.Object, java.lang.Object, java.lang.Object, long, int, int)'> (0x0000000086731128) 
thrown [s\src\hotspot\share\interpreter\linkResolver.cpp, line 771]
Event: 4.467 Thread 0x0000020b23ac3080 Exception <a 'java/lang/NoSuchMethodError'{0x0000000086740fa0}: 'int java.lang.invoke.DelegatingMethodHandle$Holder.reinvoke_L(java.lang.Object, java.lang.Object, java.lang.Object, long, long, long)'> (0x0000000086740fa0) 
thrown [s\src\hotspot\share\interpreter\linkResolver.cpp, line 771]
Event: 4.467 Thread 0x0000020b23ac3080 Exception <a 'java/lang/NoSuchMethodError'{0x0000000086750af8}: 'int java.lang.invoke.DelegatingMethodHandle$Holder.reinvoke_L(java.lang.Object, java.lang.Object, java.lang.Object, long, int)'> (0x0000000086750af8) 
thrown [s\src\hotspot\share\interpreter\linkResolver.cpp, line 771]
Event: 4.667 Thread 0x0000020b23ac3080 Exception <a 'java/lang/NoSuchMethodError'{0x000000008781a580}: 'void java.lang.invoke.DirectMethodHandle$Holder.invokeVirtual(java.lang.Object, java.lang.Object)'> (0x000000008781a580) 
thrown [s\src\hotspot\share\interpreter\linkResolver.cpp, line 771]
Event: 4.768 Thread 0x0000020b23ac3080 Exception <a 'java/lang/NoSuchMethodError'{0x0000000086a588b8}: 'java.lang.Object java.lang.invoke.Invokers$Holder.invokeExact_MT(java.lang.Object, java.lang.Object, long, java.lang.Object)'> (0x0000000086a588b8) 
thrown [s\src\hotspot\share\interpreter\linkResolver.cpp, line 771]
Event: 4.789 Thread 0x0000020b23ac3080 Exception <a 'java/lang/NoSuchMethodError'{0x00000000868cad98}: 'java.lang.Object java.lang.invoke.Invokers$Holder.invoke_MT(java.lang.Object, java.lang.Object, java.lang.Object)'> (0x00000000868cad98) 
thrown [s\src\hotspot\share\interpreter\linkResolver.cpp, line 771]
Event: 4.921 Thread 0x0000020b23ac3080 Implicit null exception at 0x0000020b1199d580 to 0x0000020b1199e758
Event: 4.925 Thread 0x0000020b23ac3080 Implicit null exception at 0x0000020b119d1f80 to 0x0000020b119d409c
Event: 4.988 Thread 0x0000020b23ac3080 Implicit null exception at 0x0000020b119ab893 to 0x0000020b119ab9ec
Event: 5.987 Thread 0x0000020b23ac3080 Exception <a 'java/lang/NoSuchMethodError'{0x000000008b8a1a18}: 'java.lang.Object java.lang.invoke.DirectMethodHandle$Holder.invokeStatic(java.lang.Object, java.lang.Object, java.lang.Object, java.lang.Object, int)'> (0x000000008b8a1a18) 
thrown [s\src\hotspot\share\interpreter\linkResolver.cpp, line 771]
Event: 5.987 Thread 0x0000020b23ac3080 Exception <a 'java/lang/NoSuchMethodError'{0x000000008b8ac8b0}: 'java.lang.Object java.lang.invoke.DirectMethodHandle$Holder.newInvokeSpecial(java.lang.Object, java.lang.Object, java.lang.Object, java.lang.Object, int)'> (0x000000008b8ac8b0) 
thrown [s\src\hotspot\share\interpreter\linkResolver.cpp, line 771]
Event: 5.988 Thread 0x0000020b23ac3080 Exception <a 'java/lang/NoSuchMethodError'{0x000000008b8b28d8}: 'java.lang.Object java.lang.invoke.DirectMethodHandle$Holder.invokeSpecial(java.lang.Object, java.lang.Object, java.lang.Object, java.lang.Object, java.lang.Object, int)'> (0x000000008b8b28d8) 
thrown [s\src\hotspot\share\interpreter\linkResolver.cpp, line 771]
Event: 5.988 Thread 0x0000020b23ac3080 Exception <a 'java/lang/NoSuchMethodError'{0x000000008b8b82b0}: 'java.lang.Object java.lang.invoke.Invokers$Holder.linkToTargetMethod(java.lang.Object, java.lang.Object, java.lang.Object, int, java.lang.Object)'> (0x000000008b8b82b0) 
thrown [s\src\hotspot\share\interpreter\linkResolver.cpp, line 771]
Event: 6.963 Thread 0x0000020b23ac3080 Exception <a 'java/lang/NoSuchMethodError'{0x00000000893db568}: 'java.lang.Object java.lang.invoke.DirectMethodHandle$Holder.newInvokeSpecial(java.lang.Object, java.lang.Object, java.lang.Object, int, int, java.lang.Object, java.lang.Object)'> (0x00000000893db568) 
thrown [s\src\hotspot\share\interpreter\linkResolver.cpp, line 771]
Event: 7.738 Thread 0x0000020b249604a0 Exception <a 'sun/nio/fs/WindowsException'{0x0000000089adcdb8}> (0x0000000089adcdb8) 
thrown [s\src\hotspot\share\prims\jni.cpp, line 517]
Event: 7.742 Thread 0x0000020b249604a0 Exception <a 'sun/nio/fs/WindowsException'{0x0000000089962818}> (0x0000000089962818) 
thrown [s\src\hotspot\share\prims\jni.cpp, line 517]
Event: 7.742 Thread 0x0000020b249604a0 Exception <a 'sun/nio/fs/WindowsException'{0x0000000089962990}> (0x0000000089962990) 
thrown [s\src\hotspot\share\prims\jni.cpp, line 517]
Event: 7.788 Thread 0x0000020b23ac3080 Exception <a 'java/lang/IncompatibleClassChangeError'{0x000000008950ca98}: Found class java.lang.Object, but interface was expected> (0x000000008950ca98) 
thrown [s\src\hotspot\share\interpreter\linkResolver.cpp, line 838]
Event: 7.803 Thread 0x0000020b23ac3080 Exception <a 'sun/nio/fs/WindowsException'{0x00000000895b58c0}> (0x00000000895b58c0) 
thrown [s\src\hotspot\share\prims\jni.cpp, line 517]
Event: 7.803 Thread 0x0000020b23ac3080 Exception <a 'sun/nio/fs/WindowsException'{0x00000000895b73d0}> (0x00000000895b73d0) 
thrown [s\src\hotspot\share\prims\jni.cpp, line 517]

VM Operations (20 events):
Event: 7.232 Executing VM operation: HandshakeAllThreads done
Event: 7.233 Executing VM operation: HandshakeAllThreads
Event: 7.233 Executing VM operation: HandshakeAllThreads done
Event: 7.377 Executing VM operation: HandshakeAllThreads
Event: 7.377 Executing VM operation: HandshakeAllThreads done
Event: 7.484 Executing VM operation: G1CollectForAllocation
Event: 7.486 Executing VM operation: G1CollectForAllocation done
Event: 7.514 Executing VM operation: G1Concurrent
Event: 7.519 Executing VM operation: G1Concurrent done
Event: 7.533 Executing VM operation: G1Concurrent
Event: 7.533 Executing VM operation: G1Concurrent done
Event: 7.567 Executing VM operation: HandshakeAllThreads
Event: 7.567 Executing VM operation: HandshakeAllThreads done
Event: 7.633 Executing VM operation: HandshakeAllThreads
Event: 7.633 Executing VM operation: HandshakeAllThreads done
Event: 7.847 Executing VM operation: G1CollectForAllocation
Event: 7.850 Executing VM operation: G1CollectForAllocation done
Event: 7.868 Executing VM operation: G1CollectForAllocation
Event: 7.871 Executing VM operation: G1CollectForAllocation done
Event: 7.955 Executing VM operation: G1CollectForAllocation

Events (20 events):
Event: 5.976 loading class java/util/AbstractList$SubList$1 done
Event: 6.142 Thread 0x0000020b27b98cd0 Thread added: 0x0000020b27b98cd0
Event: 6.483 loading class java/util/AbstractList$RandomAccessSubList
Event: 6.483 loading class java/util/AbstractList$RandomAccessSubList done
Event: 6.623 Thread 0x0000020b220a6790 flushing nmethod 0x0000020b119b1190
Event: 6.628 Thread 0x0000020b220a6790 flushing nmethod 0x0000020b0a7efa10
Event: 7.209 Thread 0x0000020b27b98cd0 Thread exited: 0x0000020b27b98cd0
Event: 7.681 loading class java/util/Vector$Itr
Event: 7.681 loading class java/util/Vector$Itr done
Event: 7.686 Thread 0x0000020b27b96e70 Thread exited: 0x0000020b27b96e70
Event: 7.721 loading class java/lang/Byte$ByteCache
Event: 7.721 loading class java/lang/Byte$ByteCache done
Event: 7.739 loading class java/util/zip/ZipInputStream
Event: 7.739 loading class java/util/zip/ZipInputStream done
Event: 7.744 loading class jdk/internal/loader/URLClassPath$FileLoader
Event: 7.744 loading class jdk/internal/loader/URLClassPath$FileLoader done
Event: 7.745 loading class jdk/internal/loader/URLClassPath$FileLoader$1
Event: 7.745 loading class jdk/internal/loader/URLClassPath$FileLoader$1 done
Event: 7.752 Thread 0x0000020b27b96e70 Thread added: 0x0000020b27b96e70
Event: 7.756 Thread 0x0000020b254df800 Thread added: 0x0000020b254df800


Dynamic libraries:
0x00007ff68b030000 - 0x00007ff68b03a000 	C:\Program Files\Android\Android Studio\jbr\bin\java.exe
0x00007ffef7170000 - 0x00007ffef7387000 	C:\WINDOWS\SYSTEM32\ntdll.dll
0x00007ffef5f20000 - 0x00007ffef5fe4000 	C:\WINDOWS\System32\KERNEL32.DLL
0x00007ffef4a30000 - 0x00007ffef4dd6000 	C:\WINDOWS\System32\KERNELBASE.dll
0x00007ffef4570000 - 0x00007ffef4681000 	C:\WINDOWS\System32\ucrtbase.dll
0x00007ffee0e50000 - 0x00007ffee0e67000 	C:\Program Files\Android\Android Studio\jbr\bin\jli.dll
0x00007ffeeb520000 - 0x00007ffeeb53b000 	C:\Program Files\Android\Android Studio\jbr\bin\VCRUNTIME140.dll
0x00007ffef52d0000 - 0x00007ffef547d000 	C:\WINDOWS\System32\USER32.dll
0x00007ffeda580000 - 0x00007ffeda813000 	C:\WINDOWS\WinSxS\amd64_microsoft.windows.common-controls_6595b64144ccf1df_6.0.22621.2361_none_2712ced57382f843\COMCTL32.dll
0x00007ffef4ea0000 - 0x00007ffef4ec6000 	C:\WINDOWS\System32\win32u.dll
0x00007ffef6d30000 - 0x00007ffef6dd7000 	C:\WINDOWS\System32\msvcrt.dll
0x00007ffef6b60000 - 0x00007ffef6b89000 	C:\WINDOWS\System32\GDI32.dll
0x00007ffef4800000 - 0x00007ffef4918000 	C:\WINDOWS\System32\gdi32full.dll
0x00007ffef4990000 - 0x00007ffef4a2a000 	C:\WINDOWS\System32\msvcp_win.dll
0x00007ffef5ee0000 - 0x00007ffef5f11000 	C:\WINDOWS\System32\IMM32.DLL
0x00007ffeef8b0000 - 0x00007ffeef8bc000 	C:\Program Files\Android\Android Studio\jbr\bin\vcruntime140_1.dll
0x00007ffeeb490000 - 0x00007ffeeb51d000 	C:\Program Files\Android\Android Studio\jbr\bin\msvcp140.dll
0x00007ffe6f200000 - 0x00007ffe6fe6e000 	C:\Program Files\Android\Android Studio\jbr\bin\server\jvm.dll
0x00007ffef5ff0000 - 0x00007ffef60a0000 	C:\WINDOWS\System32\ADVAPI32.dll
0x00007ffef50b0000 - 0x00007ffef5156000 	C:\WINDOWS\System32\sechost.dll
0x00007ffef4f90000 - 0x00007ffef50a7000 	C:\WINDOWS\System32\RPCRT4.dll
0x00007ffef17b0000 - 0x00007ffef17b9000 	C:\WINDOWS\SYSTEM32\WSOCK32.dll
0x00007ffee4a80000 - 0x00007ffee4ab4000 	C:\WINDOWS\SYSTEM32\WINMM.dll
0x00007ffeedf70000 - 0x00007ffeedf7a000 	C:\WINDOWS\SYSTEM32\VERSION.dll
0x00007ffef6c90000 - 0x00007ffef6d01000 	C:\WINDOWS\System32\WS2_32.dll
0x00007ffef34d0000 - 0x00007ffef34e8000 	C:\WINDOWS\SYSTEM32\kernel.appcore.dll
0x00007ffef1800000 - 0x00007ffef180a000 	C:\Program Files\Android\Android Studio\jbr\bin\jimage.dll
0x00007ffee4770000 - 0x00007ffee499e000 	C:\WINDOWS\SYSTEM32\DBGHELP.DLL
0x00007ffef67d0000 - 0x00007ffef6b5a000 	C:\WINDOWS\System32\combase.dll
0x00007ffef7040000 - 0x00007ffef7117000 	C:\WINDOWS\System32\OLEAUT32.dll
0x00007ffee4b30000 - 0x00007ffee4b62000 	C:\WINDOWS\SYSTEM32\dbgcore.DLL
0x00007ffef44f0000 - 0x00007ffef456a000 	C:\WINDOWS\System32\bcryptPrimitives.dll
0x00007ffee3ac0000 - 0x00007ffee3ace000 	C:\Program Files\Android\Android Studio\jbr\bin\instrument.dll
0x00007ffeef870000 - 0x00007ffeef895000 	C:\Program Files\Android\Android Studio\jbr\bin\java.dll
0x00007ffee5830000 - 0x00007ffee5848000 	C:\Program Files\Android\Android Studio\jbr\bin\zip.dll
0x00007ffef5680000 - 0x00007ffef5ed8000 	C:\WINDOWS\System32\SHELL32.dll
0x00007ffef2450000 - 0x00007ffef2d42000 	C:\WINDOWS\SYSTEM32\windows.storage.dll
0x00007ffef2310000 - 0x00007ffef244e000 	C:\WINDOWS\SYSTEM32\wintypes.dll
0x00007ffef6b90000 - 0x00007ffef6c83000 	C:\WINDOWS\System32\SHCORE.dll
0x00007ffef4f30000 - 0x00007ffef4f8e000 	C:\WINDOWS\System32\shlwapi.dll
0x00007ffef4420000 - 0x00007ffef4446000 	C:\WINDOWS\SYSTEM32\profapi.dll
0x00007ffee3e80000 - 0x00007ffee3e99000 	C:\Program Files\Android\Android Studio\jbr\bin\net.dll
0x00007ffeed9a0000 - 0x00007ffeedad7000 	C:\WINDOWS\SYSTEM32\WINHTTP.dll
0x00007ffef39b0000 - 0x00007ffef3a19000 	C:\WINDOWS\system32\mswsock.dll
0x00007ffee3e60000 - 0x00007ffee3e76000 	C:\Program Files\Android\Android Studio\jbr\bin\nio.dll
0x00007ffef1780000 - 0x00007ffef1790000 	C:\Program Files\Android\Android Studio\jbr\bin\verify.dll
0x00007ffeeb310000 - 0x00007ffeeb337000 	C:\Users\matel\.gradle\native\c067742578af261105cb4f569cf0c3c89f3d7b1fecec35dd04571415982c5e48\windows-amd64\native-platform.dll
0x00007ffeeb1c0000 - 0x00007ffeeb304000 	C:\Users\matel\.gradle\native\38dada09dfb8b06ba9b0570ebf7e218e3eb74d4ef43ca46872605cf95ebc2f47\windows-amd64\native-platform-file-events.dll
0x00007ffee58c0000 - 0x00007ffee58c9000 	C:\Program Files\Android\Android Studio\jbr\bin\management.dll
0x00007ffee3ad0000 - 0x00007ffee3adb000 	C:\Program Files\Android\Android Studio\jbr\bin\management_ext.dll
0x00007ffef7030000 - 0x00007ffef7038000 	C:\WINDOWS\System32\PSAPI.DLL
0x00007ffef3c00000 - 0x00007ffef3c1b000 	C:\WINDOWS\SYSTEM32\CRYPTSP.dll
0x00007ffef3490000 - 0x00007ffef34c5000 	C:\WINDOWS\system32\rsaenh.dll
0x00007ffef3aa0000 - 0x00007ffef3acc000 	C:\WINDOWS\SYSTEM32\USERENV.dll
0x00007ffef3da0000 - 0x00007ffef3dc8000 	C:\WINDOWS\SYSTEM32\bcrypt.dll
0x00007ffef3c20000 - 0x00007ffef3c2c000 	C:\WINDOWS\SYSTEM32\CRYPTBASE.dll
0x00007ffef2fb0000 - 0x00007ffef2fdd000 	C:\WINDOWS\SYSTEM32\IPHLPAPI.DLL
0x00007ffef60a0000 - 0x00007ffef60a9000 	C:\WINDOWS\System32\NSI.dll
0x00007ffeed7d0000 - 0x00007ffeed7e9000 	C:\WINDOWS\SYSTEM32\dhcpcsvc6.DLL
0x00007ffeed7b0000 - 0x00007ffeed7cf000 	C:\WINDOWS\SYSTEM32\dhcpcsvc.DLL
0x00007ffef3020000 - 0x00007ffef3119000 	C:\WINDOWS\SYSTEM32\DNSAPI.dll
0x00007ffecef30000 - 0x00007ffecef38000 	C:\WINDOWS\system32\wshunix.dll

dbghelp: loaded successfully - version: 4.0.5 - missing functions: none
symbol engine: initialized successfully - sym options: 0x614 - pdb path: .;C:\Program Files\Android\Android Studio\jbr\bin;C:\WINDOWS\SYSTEM32;C:\WINDOWS\WinSxS\amd64_microsoft.windows.common-controls_6595b64144ccf1df_6.0.22621.2361_none_2712ced57382f843;C:\Program Files\Android\Android Studio\jbr\bin\server;C:\Users\matel\.gradle\native\c067742578af261105cb4f569cf0c3c89f3d7b1fecec35dd04571415982c5e48\windows-amd64;C:\Users\matel\.gradle\native\38dada09dfb8b06ba9b0570ebf7e218e3eb74d4ef43ca46872605cf95ebc2f47\windows-amd64

VM Arguments:
jvm_args: --add-opens=java.base/java.util=ALL-UNNAMED --add-opens=java.base/java.lang=ALL-UNNAMED --add-opens=java.base/java.lang.invoke=ALL-UNNAMED --add-opens=java.prefs/java.util.prefs=ALL-UNNAMED --add-opens=java.base/java.nio.charset=ALL-UNNAMED --add-opens=java.base/java.net=ALL-UNNAMED --add-opens=java.base/java.util.concurrent.atomic=ALL-UNNAMED -Xmx2048m -Dfile.encoding=UTF-8 -Duser.country=ES -Duser.language=es -Duser.variant -javaagent:C:\Users\matel\.gradle\wrapper\dists\gradle-8.4-bin\1w5dpkrfk8irigvoxmyhowfim\gradle-8.4\lib\agents\gradle-instrumentation-agent-8.4.jar 
java_command: org.gradle.launcher.daemon.bootstrap.GradleDaemon 8.4
java_class_path (initial): C:\Users\matel\.gradle\wrapper\dists\gradle-8.4-bin\1w5dpkrfk8irigvoxmyhowfim\gradle-8.4\lib\gradle-launcher-8.4.jar
Launcher Type: SUN_STANDARD

[Global flags]
     intx CICompilerCount                          = 4                                         {product} {ergonomic}
     uint ConcGCThreads                            = 3                                         {product} {ergonomic}
     uint G1ConcRefinementThreads                  = 10                                        {product} {ergonomic}
   size_t G1HeapRegionSize                         = 1048576                                   {product} {ergonomic}
    uintx GCDrainStackTargetSize                   = 64                                        {product} {ergonomic}
   size_t InitialHeapSize                          = 251658240                                 {product} {ergonomic}
   size_t MarkStackSize                            = 4194304                                   {product} {ergonomic}
   size_t MaxHeapSize                              = 2147483648                                {product} {command line}
   size_t MaxNewSize                               = 1287651328                                {product} {ergonomic}
   size_t MinHeapDeltaBytes                        = 1048576                                   {product} {ergonomic}
   size_t MinHeapSize                              = 8388608                                   {product} {ergonomic}
    uintx NonNMethodCodeHeapSize                   = 5839372                                {pd product} {ergonomic}
    uintx NonProfiledCodeHeapSize                  = 122909434                              {pd product} {ergonomic}
    uintx ProfiledCodeHeapSize                     = 122909434                              {pd product} {ergonomic}
    uintx ReservedCodeCacheSize                    = 251658240                              {pd product} {ergonomic}
     bool SegmentedCodeCache                       = true                                      {product} {ergonomic}
   size_t SoftMaxHeapSize                          = 2147483648                             {manageable} {ergonomic}
     bool UseCompressedClassPointers               = true                           {product lp64_product} {ergonomic}
     bool UseCompressedOops                        = true                           {product lp64_product} {ergonomic}
     bool UseG1GC                                  = true                                      {product} {ergonomic}
     bool UseLargePagesIndividualAllocation        = false                                  {pd product} {ergonomic}

Logging:
Log output configuration:
 #0: stdout all=warning uptime,level,tags
 #1: stderr all=off uptime,level,tags

Environment Variables:
PATH=C:\Program Files (x86)\VMware\VMware Player\bin\;C:\WINDOWS\system32;C:\WINDOWS;C:\WINDOWS\System32\Wbem;C:\WINDOWS\System32\WindowsPowerShell\v1.0\;C:\WINDOWS\System32\OpenSSH\;C:\Program Files\Microsoft VS Code\bin;C:\Users\matel\AppData\Local\Programs\Python\Python311;C:\Program Files (x86)\NVIDIA Corporation\PhysX\Common;C:\Program Files\NVIDIA Corporation\NVIDIA NvDLISR;C:\Program Files\Microsoft SQL Server\150\Tools\Binn\;C:\Program Files (x86)\Intel\Intel(R) Management Engine Components\DAL;C:\Program Files\Intel\Intel(R) Management Engine Components\DAL;C:\Program Files\Microsoft SQL Server\Client SDK\ODBC\170\Tools\Binn\;C:\Program Files\Docker\Docker\resources\bin;C:\Program Files (x86)\Microsoft SQL Server\160\Tools\Binn\;C:\Program Files\Microsoft SQL Server\160\Tools\Binn\;C:\Program Files\Microsoft SQL Server\160\DTS\Binn\;C:\Program Files (x86)\Microsoft SQL Server\160\DTS\Binn\;C:\Program Files\Azure Data Studio\bin;C:\Program Files\dotnet\;C:\Program Files\Git\cmd;C:\Users\matel\AppData\Local\Microsoft\WindowsApps;C:\Users\matel\.dotnet\tools;C:\Program Files\Azure Data Studio\bin;C:\Users\matel\AppData\Local\GitHubDesktop\bin
USERNAME=orion
OS=Windows_NT
PROCESSOR_IDENTIFIER=Intel64 Family 6 Model 158 Stepping 10, GenuineIntel
TMP=C:\Users\matel\AppData\Local\Temp
TEMP=C:\Users\matel\AppData\Local\Temp


JNI global refs:
JNI global refs: 31, weak refs: 25

JNI global refs memory usage: 843, weak refs: 841


---------------  S Y S T E M  ---------------

OS:
 Windows 11 , 64 bit Build 22621 (10.0.22621.2428)
OS uptime: 0 days 1:05 hours

CPU: total 12 (initial active 12) (6 cores per cpu, 2 threads per core) family 6 model 158 stepping 10 microcode 0xde, cx8, cmov, fxsr, ht, mmx, 3dnowpref, sse, sse2, sse3, ssse3, sse4.1, sse4.2, popcnt, lzcnt, tsc, tscinvbit, avx, avx2, aes, erms, clmul, bmi1, bmi2, rtm, adx, fma, vzeroupper, clflush, clflushopt

Memory: 4k page, system-wide physical 15289M (764M free)
TotalPageFile size 19385M (AvailPageFile size 44M)
current process WorkingSet (physical memory assigned to process): 463M, peak: 465M
current process commit charge ("private bytes"): 560M, peak: 683M

vm_info: OpenJDK 64-Bit Server VM (17.0.6+0-b2043.56-10027231) for windows-amd64 JRE (17.0.6+0-b2043.56-10027231), built on Apr 28 2023 00:43:19 by "androidbuild" with MS VC++ 16.10 / 16.11 (VS2019)

END.
