#
# There is insufficient memory for the Java Runtime Environment to continue.
# Native memory allocation (mmap) failed to map 260046848 bytes for G1 virtual space
# Possible reasons:
#   The system is out of physical RAM or swap space
#   The process is running with CompressedOops enabled, and the Java Heap may be blocking the growth of the native heap
# Possible solutions:
#   Reduce memory load on the system
#   Increase physical memory or swap space
#   Check if swap backing store is full
#   Decrease Java heap size (-Xmx/-Xms)
#   Decrease number of Java threads
#   Decrease Java thread stack sizes (-Xss)
#   Set larger code cache with -XX:ReservedCodeCacheSize=
#   JVM is running with Unscaled Compressed Oops mode in which the Java heap is
#     placed in the first 4GB address space. The Java Heap base address is the
#     maximum limit for the native heap growth. Please use -XX:HeapBaseMinAddress
#     to set the Java Heap base and to place the Java Heap above 4GB virtual address.
# This output file may be truncated or incomplete.
#
#  Out of Memory Error (os_windows.cpp:3769), pid=16864, tid=6792
#
# JRE version: OpenJDK Runtime Environment (17.0.6) (build 17.0.6+0-b2043.56-10027231)
# Java VM: OpenJDK 64-Bit Server VM (17.0.6+0-b2043.56-10027231, mixed mode, tiered, compressed oops, compressed class ptrs, g1 gc, windows-amd64)
# No core dump will be written. Minidumps are not enabled by default on client versions of Windows
#

---------------  S U M M A R Y ------------

Command Line: --add-opens=java.base/java.util=ALL-UNNAMED --add-opens=java.base/java.lang=ALL-UNNAMED --add-opens=java.base/java.lang.invoke=ALL-UNNAMED --add-opens=java.prefs/java.util.prefs=ALL-UNNAMED --add-opens=java.base/java.nio.charset=ALL-UNNAMED --add-opens=java.base/java.net=ALL-UNNAMED --add-opens=java.base/java.util.concurrent.atomic=ALL-UNNAMED -Xmx2048m -Dfile.encoding=UTF-8 -Duser.country=ES -Duser.language=es -Duser.variant -javaagent:C:\Users\matel\.gradle\wrapper\dists\gradle-8.4-bin\1w5dpkrfk8irigvoxmyhowfim\gradle-8.4\lib\agents\gradle-instrumentation-agent-8.4.jar org.gradle.launcher.daemon.bootstrap.GradleDaemon 8.4

Host: Intel(R) Core(TM) i7-8700K CPU @ 3.70GHz, 12 cores, 14G,  Windows 11 , 64 bit Build 22621 (10.0.22621.2428)
Time: Sat Oct 14 17:30:18 2023 Hora de verano GMT elapsed time: 8.127172 seconds (0d 0h 0m 8s)

---------------  T H R E A D  ---------------

Current thread (0x000001ef1e37e330):  VMThread "VM Thread" [stack: 0x0000008e45900000,0x0000008e45a00000] [id=6792]

Stack: [0x0000008e45900000,0x0000008e45a00000]
Native frames: (J=compiled Java code, j=interpreted, Vv=VM code, C=native code)
V  [jvm.dll+0x683c9a]
V  [jvm.dll+0x8427a4]
V  [jvm.dll+0x843f9e]
V  [jvm.dll+0x844603]
V  [jvm.dll+0x249b75]
V  [jvm.dll+0x680b69]
V  [jvm.dll+0x67505a]
V  [jvm.dll+0x309acb]
V  [jvm.dll+0x310f86]
V  [jvm.dll+0x3608ee]
V  [jvm.dll+0x360b1f]
V  [jvm.dll+0x2dfbf8]
V  [jvm.dll+0x2ddec4]
V  [jvm.dll+0x2dd4cc]
V  [jvm.dll+0x321f3b]
V  [jvm.dll+0x848ccb]
V  [jvm.dll+0x849a04]
V  [jvm.dll+0x849f1d]
V  [jvm.dll+0x84a2f4]
V  [jvm.dll+0x84a3c0]
V  [jvm.dll+0x7f274a]
V  [jvm.dll+0x682ad5]
C  [ucrtbase.dll+0x29363]
C  [KERNEL32.DLL+0x1257d]
C  [ntdll.dll+0x5aa78]

VM_Operation (0x0000008e471f1920): G1CollectForAllocation, mode: safepoint, requested by thread 0x000001ef21ae9dd0


---------------  P R O C E S S  ---------------

Threads class SMR info:
_java_thread_list=0x000001ef24a98230, length=62, elements={
0x000001ef0403ade0, 0x000001ef1e37e9b0, 0x000001ef1ec4e8d0, 0x000001ef1ec7a020,
0x000001ef1ec7a5f0, 0x000001ef1ec7d0b0, 0x000001ef1ec7da60, 0x000001ef1ec7ee00,
0x000001ef1ec7f8a0, 0x000001ef1ec822a0, 0x000001ef1e337e90, 0x000001ef1ef14800,
0x000001ef1ef3c140, 0x000001ef21d55d00, 0x000001ef22862550, 0x000001ef1f5bcf90,
0x000001ef1f9db770, 0x000001ef20869a50, 0x000001ef21ae9900, 0x000001ef21ae9dd0,
0x000001ef20782bc0, 0x000001ef20783560, 0x000001ef20781d50, 0x000001ef207813b0,
0x000001ef20781880, 0x000001ef20782220, 0x000001ef20783090, 0x000001ef20780ee0,
0x000001ef2077fba0, 0x000001ef20780070, 0x000001ef20780540, 0x000001ef20780a10,
0x000001ef24911f40, 0x000001ef24912db0, 0x000001ef24913280, 0x000001ef24913c20,
0x000001ef24912410, 0x000001ef2490f8c0, 0x000001ef24913750, 0x000001ef249140f0,
0x000001ef24915dd0, 0x000001ef249145c0, 0x000001ef24914a90, 0x000001ef249115a0,
0x000001ef2490fd90, 0x000001ef24910c00, 0x000001ef24914f60, 0x000001ef249162a0,
0x000001ef24915900, 0x000001ef24910730, 0x000001ef2490ef20, 0x000001ef24911a70,
0x000001ef249128e0, 0x000001ef259043f0, 0x000001ef25900560, 0x000001ef25901d70,
0x000001ef259030b0, 0x000001ef259013d0, 0x000001ef25903f20, 0x000001ef259048c0,
0x000001ef25904d90, 0x000001ef22f9a850
}

Java Threads: ( => current thread )
  0x000001ef0403ade0 JavaThread "main" [_thread_blocked, id=16096, stack(0x0000008e45300000,0x0000008e45400000)]
  0x000001ef1e37e9b0 JavaThread "Reference Handler" daemon [_thread_blocked, id=14248, stack(0x0000008e45a00000,0x0000008e45b00000)]
  0x000001ef1ec4e8d0 JavaThread "Finalizer" daemon [_thread_blocked, id=17040, stack(0x0000008e45b00000,0x0000008e45c00000)]
  0x000001ef1ec7a020 JavaThread "Signal Dispatcher" daemon [_thread_blocked, id=16436, stack(0x0000008e45c00000,0x0000008e45d00000)]
  0x000001ef1ec7a5f0 JavaThread "Attach Listener" daemon [_thread_blocked, id=16840, stack(0x0000008e45d00000,0x0000008e45e00000)]
  0x000001ef1ec7d0b0 JavaThread "Service Thread" daemon [_thread_blocked, id=15824, stack(0x0000008e45e00000,0x0000008e45f00000)]
  0x000001ef1ec7da60 JavaThread "Monitor Deflation Thread" daemon [_thread_blocked, id=15768, stack(0x0000008e45f00000,0x0000008e46000000)]
  0x000001ef1ec7ee00 JavaThread "C2 CompilerThread0" daemon [_thread_blocked, id=15320, stack(0x0000008e46000000,0x0000008e46100000)]
  0x000001ef1ec7f8a0 JavaThread "C1 CompilerThread0" daemon [_thread_blocked, id=13032, stack(0x0000008e46100000,0x0000008e46200000)]
  0x000001ef1ec822a0 JavaThread "Sweeper thread" daemon [_thread_blocked, id=16892, stack(0x0000008e46200000,0x0000008e46300000)]
  0x000001ef1e337e90 JavaThread "Common-Cleaner" daemon [_thread_blocked, id=4372, stack(0x0000008e46300000,0x0000008e46400000)]
  0x000001ef1ef14800 JavaThread "Notification Thread" daemon [_thread_blocked, id=17180, stack(0x0000008e46400000,0x0000008e46500000)]
  0x000001ef1ef3c140 JavaThread "C2 CompilerThread1" daemon [_thread_blocked, id=17004, stack(0x0000008e46600000,0x0000008e46700000)]
  0x000001ef21d55d00 JavaThread "Daemon health stats" [_thread_blocked, id=9612, stack(0x0000008e46c00000,0x0000008e46d00000)]
  0x000001ef22862550 JavaThread "Incoming local TCP Connector on port 51439" [_thread_in_native, id=14452, stack(0x0000008e46d00000,0x0000008e46e00000)]
  0x000001ef1f5bcf90 JavaThread "Daemon periodic checks" [_thread_blocked, id=11480, stack(0x0000008e46700000,0x0000008e46800000)]
  0x000001ef1f9db770 JavaThread "Daemon" [_thread_blocked, id=11964, stack(0x0000008e46e00000,0x0000008e46f00000)]
  0x000001ef20869a50 JavaThread "Handler for socket connection from /127.0.0.1:51439 to /127.0.0.1:51440" [_thread_in_native, id=14552, stack(0x0000008e46f00000,0x0000008e47000000)]
  0x000001ef21ae9900 JavaThread "Cancel handler" [_thread_blocked, id=15220, stack(0x0000008e47000000,0x0000008e47100000)]
  0x000001ef21ae9dd0 JavaThread "Daemon worker" [_thread_blocked, id=13524, stack(0x0000008e47100000,0x0000008e47200000)]
  0x000001ef20782bc0 JavaThread "Asynchronous log dispatcher for DefaultDaemonConnection: socket connection from /127.0.0.1:51439 to /127.0.0.1:51440" [_thread_blocked, id=7328, stack(0x0000008e47200000,0x0000008e47300000)]
  0x000001ef20783560 JavaThread "Stdin handler" [_thread_blocked, id=7420, stack(0x0000008e47300000,0x0000008e47400000)]
  0x000001ef20781d50 JavaThread "Daemon client event forwarder" [_thread_blocked, id=15704, stack(0x0000008e47400000,0x0000008e47500000)]
  0x000001ef207813b0 JavaThread "Cache worker for journal cache (C:\Users\matel\.gradle\caches\journal-1)" [_thread_blocked, id=11680, stack(0x0000008e47c00000,0x0000008e47d00000)]
  0x000001ef20781880 JavaThread "File lock request listener" [_thread_in_native, id=10104, stack(0x0000008e47d00000,0x0000008e47e00000)]
  0x000001ef20782220 JavaThread "Cache worker for file hash cache (C:\Users\matel\.gradle\caches\8.4\fileHashes)" [_thread_blocked, id=16472, stack(0x0000008e47e00000,0x0000008e47f00000)]
  0x000001ef20783090 JavaThread "File watcher server" daemon [_thread_in_native, id=5696, stack(0x0000008e48000000,0x0000008e48100000)]
  0x000001ef20780ee0 JavaThread "File watcher consumer" daemon [_thread_blocked, id=3816, stack(0x0000008e48100000,0x0000008e48200000)]
  0x000001ef2077fba0 JavaThread "jar transforms" [_thread_blocked, id=3788, stack(0x0000008e48200000,0x0000008e48300000)]
  0x000001ef20780070 JavaThread "jar transforms Thread 2" [_thread_blocked, id=2304, stack(0x0000008e48300000,0x0000008e48400000)]
  0x000001ef20780540 JavaThread "jar transforms Thread 3" [_thread_blocked, id=6552, stack(0x0000008e48400000,0x0000008e48500000)]
  0x000001ef20780a10 JavaThread "jar transforms Thread 4" [_thread_blocked, id=3020, stack(0x0000008e48500000,0x0000008e48600000)]
  0x000001ef24911f40 JavaThread "jar transforms Thread 5" [_thread_blocked, id=10172, stack(0x0000008e48600000,0x0000008e48700000)]
  0x000001ef24912db0 JavaThread "jar transforms Thread 6" [_thread_blocked, id=17096, stack(0x0000008e48700000,0x0000008e48800000)]
  0x000001ef24913280 JavaThread "jar transforms Thread 7" [_thread_blocked, id=17156, stack(0x0000008e48800000,0x0000008e48900000)]
  0x000001ef24913c20 JavaThread "jar transforms Thread 8" [_thread_blocked, id=13740, stack(0x0000008e48900000,0x0000008e48a00000)]
  0x000001ef24912410 JavaThread "jar transforms Thread 9" [_thread_blocked, id=14792, stack(0x0000008e48a00000,0x0000008e48b00000)]
  0x000001ef2490f8c0 JavaThread "jar transforms Thread 10" [_thread_blocked, id=12692, stack(0x0000008e48b00000,0x0000008e48c00000)]
  0x000001ef24913750 JavaThread "jar transforms Thread 11" [_thread_blocked, id=13992, stack(0x0000008e48c00000,0x0000008e48d00000)]
  0x000001ef249140f0 JavaThread "jar transforms Thread 12" [_thread_blocked, id=5064, stack(0x0000008e48d00000,0x0000008e48e00000)]
  0x000001ef24915dd0 JavaThread "Cache worker for checksums cache (C:\Projects\Android\SendImage\.gradle\8.4\checksums)" [_thread_blocked, id=16364, stack(0x0000008e48e00000,0x0000008e48f00000)]
  0x000001ef249145c0 JavaThread "Cache worker for file hash cache (C:\Projects\Android\SendImage\.gradle\8.4\fileHashes)" [_thread_blocked, id=344, stack(0x0000008e48f00000,0x0000008e49000000)]
  0x000001ef24914a90 JavaThread "Cache worker for cache directory md-supplier (C:\Users\matel\.gradle\caches\8.4\md-supplier)" [_thread_blocked, id=16284, stack(0x0000008e49000000,0x0000008e49100000)]
  0x000001ef249115a0 JavaThread "Cache worker for file content cache (C:\Users\matel\.gradle\caches\8.4\fileContent)" [_thread_blocked, id=16128, stack(0x0000008e49100000,0x0000008e49200000)]
  0x000001ef2490fd90 JavaThread "Cache worker for cache directory md-rule (C:\Users\matel\.gradle\caches\8.4\md-rule)" [_thread_blocked, id=440, stack(0x0000008e49200000,0x0000008e49300000)]
  0x000001ef24910c00 JavaThread "Cache worker for execution history cache (C:\Users\matel\.gradle\caches\8.4\executionHistory)" [_thread_blocked, id=15236, stack(0x0000008e49300000,0x0000008e49400000)]
  0x000001ef24914f60 JavaThread "Cache worker for kotlin-dsl (C:\Users\matel\.gradle\caches\8.4\kotlin-dsl)" [_thread_blocked, id=5324, stack(0x0000008e49400000,0x0000008e49500000)]
  0x000001ef249162a0 JavaThread "Cache worker for dependencies-accessors (C:\Projects\Android\SendImage\.gradle\8.4\dependencies-accessors)" [_thread_blocked, id=12924, stack(0x0000008e49500000,0x0000008e49600000)]
  0x000001ef24915900 JavaThread "Cache worker for Build Output Cleanup Cache (C:\Projects\Android\SendImage\.gradle\buildOutputCleanup)" [_thread_blocked, id=12460, stack(0x0000008e49600000,0x0000008e49700000)]
  0x000001ef24910730 JavaThread "Unconstrained build operations" [_thread_blocked, id=15248, stack(0x0000008e49700000,0x0000008e49800000)]
  0x000001ef2490ef20 JavaThread "Unconstrained build operations Thread 2" [_thread_blocked, id=13696, stack(0x0000008e49800000,0x0000008e49900000)]
  0x000001ef24911a70 JavaThread "Unconstrained build operations Thread 3" [_thread_blocked, id=11396, stack(0x0000008e49900000,0x0000008e49a00000)]
  0x000001ef249128e0 JavaThread "Unconstrained build operations Thread 4" [_thread_blocked, id=5068, stack(0x0000008e49a00000,0x0000008e49b00000)]
  0x000001ef259043f0 JavaThread "Unconstrained build operations Thread 5" [_thread_blocked, id=17256, stack(0x0000008e49b00000,0x0000008e49c00000)]
  0x000001ef25900560 JavaThread "Unconstrained build operations Thread 6" [_thread_blocked, id=15892, stack(0x0000008e49c00000,0x0000008e49d00000)]
  0x000001ef25901d70 JavaThread "Unconstrained build operations Thread 7" [_thread_blocked, id=2108, stack(0x0000008e49d00000,0x0000008e49e00000)]
  0x000001ef259030b0 JavaThread "Unconstrained build operations Thread 8" [_thread_blocked, id=13668, stack(0x0000008e49e00000,0x0000008e49f00000)]
  0x000001ef259013d0 JavaThread "Unconstrained build operations Thread 9" [_thread_blocked, id=6568, stack(0x0000008e49f00000,0x0000008e4a000000)]
  0x000001ef25903f20 JavaThread "Unconstrained build operations Thread 10" [_thread_blocked, id=10312, stack(0x0000008e4a000000,0x0000008e4a100000)]
  0x000001ef259048c0 JavaThread "Unconstrained build operations Thread 11" [_thread_blocked, id=5612, stack(0x0000008e4a100000,0x0000008e4a200000)]
  0x000001ef25904d90 JavaThread "Memory manager" [_thread_blocked, id=4288, stack(0x0000008e4a200000,0x0000008e4a300000)]
  0x000001ef22f9a850 JavaThread "C2 CompilerThread2" daemon [_thread_in_native, id=14588, stack(0x0000008e47f00000,0x0000008e48000000)]

Other Threads:
=>0x000001ef1e37e330 VMThread "VM Thread" [stack: 0x0000008e45900000,0x0000008e45a00000] [id=6792]
  0x000001ef040bff30 WatcherThread [stack: 0x0000008e46500000,0x0000008e46600000] [id=15944]
  0x000001ef04096580 GCTaskThread "GC Thread#0" [stack: 0x0000008e45400000,0x0000008e45500000] [id=14576]
  0x000001ef200d8c00 GCTaskThread "GC Thread#1" [stack: 0x0000008e46800000,0x0000008e46900000] [id=16732]
  0x000001ef1f9e5400 GCTaskThread "GC Thread#2" [stack: 0x0000008e46900000,0x0000008e46a00000] [id=9112]
  0x000001ef1fe32c30 GCTaskThread "GC Thread#3" [stack: 0x0000008e46a00000,0x0000008e46b00000] [id=16912]
  0x000001ef1fe33700 GCTaskThread "GC Thread#4" [stack: 0x0000008e46b00000,0x0000008e46c00000] [id=17344]
  0x000001ef21882f80 GCTaskThread "GC Thread#5" [stack: 0x0000008e47500000,0x0000008e47600000] [id=13764]
  0x000001ef21882770 GCTaskThread "GC Thread#6" [stack: 0x0000008e47600000,0x0000008e47700000] [id=14192]
  0x000001ef21883790 GCTaskThread "GC Thread#7" [stack: 0x0000008e47700000,0x0000008e47800000] [id=15448]
  0x000001ef21881cb0 GCTaskThread "GC Thread#8" [stack: 0x0000008e47800000,0x0000008e47900000] [id=17332]
  0x000001ef21883230 GCTaskThread "GC Thread#9" [stack: 0x0000008e47900000,0x0000008e47a00000] [id=17372]
  0x000001ef040a74c0 ConcurrentGCThread "G1 Main Marker" [stack: 0x0000008e45500000,0x0000008e45600000] [id=7700]
  0x000001ef040a7ed0 ConcurrentGCThread "G1 Conc#0" [stack: 0x0000008e45600000,0x0000008e45700000] [id=3016]
  0x000001ef21882a20 ConcurrentGCThread "G1 Conc#1" [stack: 0x0000008e47a00000,0x0000008e47b00000] [id=12000]
  0x000001ef21882cd0 ConcurrentGCThread "G1 Conc#2" [stack: 0x0000008e47b00000,0x0000008e47c00000] [id=17340]
  0x000001ef1e200160 ConcurrentGCThread "G1 Refine#0" [stack: 0x0000008e45700000,0x0000008e45800000] [id=9516]
  0x000001ef25c154f0 ConcurrentGCThread "G1 Refine#1" [stack: 0x0000008e4a300000,0x0000008e4a400000] [id=9464]
  0x000001ef25c17a50 ConcurrentGCThread "G1 Refine#2" [stack: 0x0000008e4a400000,0x0000008e4a500000] [id=16672]
  0x000001ef25c14690 ConcurrentGCThread "G1 Refine#3" [stack: 0x0000008e4a500000,0x0000008e4a600000] [id=17012]
  0x000001ef25c171b0 ConcurrentGCThread "G1 Refine#4" [stack: 0x0000008e4a600000,0x0000008e4a700000] [id=14556]
  0x000001ef25c17770 ConcurrentGCThread "G1 Refine#5" [stack: 0x0000008e4a700000,0x0000008e4a800000] [id=16452]
  0x000001ef25c14970 ConcurrentGCThread "G1 Refine#6" [stack: 0x0000008e4a800000,0x0000008e4a900000] [id=4300]
  0x000001ef25c15210 ConcurrentGCThread "G1 Refine#7" [stack: 0x0000008e4a900000,0x0000008e4aa00000] [id=9024]
  0x000001ef25c157d0 ConcurrentGCThread "G1 Refine#8" [stack: 0x0000008e4aa00000,0x0000008e4ab00000] [id=16376]
  0x000001ef1e200b80 ConcurrentGCThread "G1 Service" [stack: 0x0000008e45800000,0x0000008e45900000] [id=372]

Threads with active compile tasks:
C2 CompilerThread1     8145 8832       4       java.lang.PublicMethods::toArray (76 bytes)
C2 CompilerThread2     8145 8815       4       sun.reflect.generics.parser.SignatureParser::parseFieldTypeSignature (73 bytes)

VM state: at safepoint (normal execution)

VM Mutex/Monitor currently owned by a thread:  ([mutex/lock_event])
[0x000001ef04035cb0] Threads_lock - owner thread: 0x000001ef1e37e330
[0x000001ef04037180] Heap_lock - owner thread: 0x000001ef21ae9dd0

Heap address: 0x0000000080000000, size: 2048 MB, Compressed Oops mode: 32-bit

CDS archive(s) not mapped
Compressed class space mapped at: 0x0000000100000000-0x0000000140000000, reserved size: 1073741824
Narrow klass base: 0x0000000000000000, Narrow klass shift: 3, Narrow klass range: 0x140000000

GC Precious Log:
 CPUs: 12 total, 12 available
 Memory: 15289M
 Large Page Support: Disabled
 NUMA Support: Disabled
 Compressed Oops: Enabled (32-bit)
 Heap Region Size: 1M
 Heap Min Capacity: 8M
 Heap Initial Capacity: 240M
 Heap Max Capacity: 2G
 Pre-touch: Disabled
 Parallel Workers: 10
 Concurrent Workers: 3
 Concurrent Refinement Workers: 10
 Periodic GC: Disabled

Heap:
 garbage-first heap   total 245760K, used 155357K [0x0000000080000000, 0x0000000100000000)
  region size 1024K, 6 young (6144K), 6 survivors (6144K)
 Metaspace       used 104359K, committed 105152K, reserved 1146880K
  class space    used 14158K, committed 14528K, reserved 1048576K

Heap Regions: E=young(eden), S=young(survivor), O=old, HS=humongous(starts), HC=humongous(continues), CS=collection set, F=free, OA=open archive, CA=closed archive, TAMS=top-at-mark-start (previous, next)
|   0|0x0000000080000000, 0x0000000080100000, 0x0000000080100000|100%|HS|  |TAMS 0x0000000080100000, 0x0000000080100000| Complete 
|   1|0x0000000080100000, 0x0000000080200000, 0x0000000080200000|100%|HC|  |TAMS 0x0000000080200000, 0x0000000080200000| Complete 
|   2|0x0000000080200000, 0x0000000080300000, 0x0000000080300000|100%|HC|  |TAMS 0x0000000080300000, 0x0000000080300000| Complete 
|   3|0x0000000080300000, 0x0000000080400000, 0x0000000080400000|100%|HC|  |TAMS 0x0000000080400000, 0x0000000080400000| Complete 
|   4|0x0000000080400000, 0x0000000080500000, 0x0000000080500000|100%| O|  |TAMS 0x0000000080500000, 0x0000000080500000| Untracked 
|   5|0x0000000080500000, 0x0000000080600000, 0x0000000080600000|100%| O|  |TAMS 0x0000000080600000, 0x0000000080600000| Untracked 
|   6|0x0000000080600000, 0x0000000080700000, 0x0000000080700000|100%| O|  |TAMS 0x0000000080700000, 0x0000000080700000| Untracked 
|   7|0x0000000080700000, 0x0000000080800000, 0x0000000080800000|100%| O|  |TAMS 0x0000000080800000, 0x0000000080800000| Untracked 
|   8|0x0000000080800000, 0x0000000080900000, 0x0000000080900000|100%| O|  |TAMS 0x0000000080900000, 0x0000000080900000| Untracked 
|   9|0x0000000080900000, 0x0000000080a00000, 0x0000000080a00000|100%| O|  |TAMS 0x0000000080a00000, 0x0000000080a00000| Untracked 
|  10|0x0000000080a00000, 0x0000000080b00000, 0x0000000080b00000|100%| O|  |TAMS 0x0000000080b00000, 0x0000000080b00000| Untracked 
|  11|0x0000000080b00000, 0x0000000080c00000, 0x0000000080c00000|100%| O|  |TAMS 0x0000000080b00000, 0x0000000080c00000| Untracked 
|  12|0x0000000080c00000, 0x0000000080d00000, 0x0000000080d00000|100%| O|  |TAMS 0x0000000080d00000, 0x0000000080d00000| Untracked 
|  13|0x0000000080d00000, 0x0000000080e00000, 0x0000000080e00000|100%| O|  |TAMS 0x0000000080e00000, 0x0000000080e00000| Untracked 
|  14|0x0000000080e00000, 0x0000000080f00000, 0x0000000080f00000|100%| O|  |TAMS 0x0000000080f00000, 0x0000000080f00000| Untracked 
|  15|0x0000000080f00000, 0x0000000081000000, 0x0000000081000000|100%| O|  |TAMS 0x0000000081000000, 0x0000000081000000| Untracked 
|  16|0x0000000081000000, 0x0000000081100000, 0x0000000081100000|100%| O|  |TAMS 0x0000000081100000, 0x0000000081100000| Untracked 
|  17|0x0000000081100000, 0x0000000081200000, 0x0000000081200000|100%| O|  |TAMS 0x0000000081200000, 0x0000000081200000| Untracked 
|  18|0x0000000081200000, 0x0000000081300000, 0x0000000081300000|100%| O|  |TAMS 0x0000000081300000, 0x0000000081300000| Untracked 
|  19|0x0000000081300000, 0x0000000081400000, 0x0000000081400000|100%|HS|  |TAMS 0x0000000081400000, 0x0000000081400000| Complete 
|  20|0x0000000081400000, 0x0000000081500000, 0x0000000081500000|100%|HC|  |TAMS 0x0000000081500000, 0x0000000081500000| Complete 
|  21|0x0000000081500000, 0x0000000081600000, 0x0000000081600000|100%|HS|  |TAMS 0x0000000081600000, 0x0000000081600000| Complete 
|  22|0x0000000081600000, 0x0000000081700000, 0x0000000081700000|100%|HC|  |TAMS 0x0000000081700000, 0x0000000081700000| Complete 
|  23|0x0000000081700000, 0x0000000081800000, 0x0000000081800000|100%|HC|  |TAMS 0x0000000081800000, 0x0000000081800000| Complete 
|  24|0x0000000081800000, 0x0000000081900000, 0x0000000081900000|100%|HS|  |TAMS 0x0000000081900000, 0x0000000081900000| Complete 
|  25|0x0000000081900000, 0x0000000081a00000, 0x0000000081a00000|100%|HC|  |TAMS 0x0000000081a00000, 0x0000000081a00000| Complete 
|  26|0x0000000081a00000, 0x0000000081b00000, 0x0000000081b00000|100%|HC|  |TAMS 0x0000000081b00000, 0x0000000081b00000| Complete 
|  27|0x0000000081b00000, 0x0000000081c00000, 0x0000000081c00000|100%| O|  |TAMS 0x0000000081c00000, 0x0000000081c00000| Untracked 
|  28|0x0000000081c00000, 0x0000000081d00000, 0x0000000081d00000|100%| O|  |TAMS 0x0000000081d00000, 0x0000000081d00000| Untracked 
|  29|0x0000000081d00000, 0x0000000081e00000, 0x0000000081e00000|100%|HS|  |TAMS 0x0000000081e00000, 0x0000000081e00000| Complete 
|  30|0x0000000081e00000, 0x0000000081f00000, 0x0000000081f00000|100%|HC|  |TAMS 0x0000000081f00000, 0x0000000081f00000| Complete 
|  31|0x0000000081f00000, 0x0000000082000000, 0x0000000082000000|100%|HC|  |TAMS 0x0000000082000000, 0x0000000082000000| Complete 
|  32|0x0000000082000000, 0x0000000082100000, 0x0000000082100000|100%|HC|  |TAMS 0x0000000082100000, 0x0000000082100000| Complete 
|  33|0x0000000082100000, 0x0000000082200000, 0x0000000082200000|100%|HC|  |TAMS 0x0000000082200000, 0x0000000082200000| Complete 
|  34|0x0000000082200000, 0x0000000082300000, 0x0000000082300000|100%|HC|  |TAMS 0x0000000082300000, 0x0000000082300000| Complete 
|  35|0x0000000082300000, 0x0000000082400000, 0x0000000082400000|100%|HC|  |TAMS 0x0000000082400000, 0x0000000082400000| Complete 
|  36|0x0000000082400000, 0x0000000082500000, 0x0000000082500000|100%|HC|  |TAMS 0x0000000082500000, 0x0000000082500000| Complete 
|  37|0x0000000082500000, 0x0000000082600000, 0x0000000082600000|100%|HC|  |TAMS 0x0000000082600000, 0x0000000082600000| Complete 
|  38|0x0000000082600000, 0x0000000082700000, 0x0000000082700000|100%|HC|  |TAMS 0x0000000082700000, 0x0000000082700000| Complete 
|  39|0x0000000082700000, 0x0000000082800000, 0x0000000082800000|100%|HC|  |TAMS 0x0000000082800000, 0x0000000082800000| Complete 
|  40|0x0000000082800000, 0x0000000082900000, 0x0000000082900000|100%|HC|  |TAMS 0x0000000082900000, 0x0000000082900000| Complete 
|  41|0x0000000082900000, 0x0000000082a00000, 0x0000000082a00000|100%| O|  |TAMS 0x0000000082a00000, 0x0000000082a00000| Untracked 
|  42|0x0000000082a00000, 0x0000000082b00000, 0x0000000082b00000|100%| O|  |TAMS 0x0000000082b00000, 0x0000000082b00000| Untracked 
|  43|0x0000000082b00000, 0x0000000082c00000, 0x0000000082c00000|100%| O|  |TAMS 0x0000000082c00000, 0x0000000082c00000| Untracked 
|  44|0x0000000082c00000, 0x0000000082d00000, 0x0000000082d00000|100%| O|  |TAMS 0x0000000082d00000, 0x0000000082d00000| Untracked 
|  45|0x0000000082d00000, 0x0000000082e00000, 0x0000000082e00000|100%| O|  |TAMS 0x0000000082e00000, 0x0000000082e00000| Untracked 
|  46|0x0000000082e00000, 0x0000000082f00000, 0x0000000082f00000|100%|HS|  |TAMS 0x0000000082f00000, 0x0000000082f00000| Complete 
|  47|0x0000000082f00000, 0x0000000083000000, 0x0000000083000000|100%|HC|  |TAMS 0x0000000083000000, 0x0000000083000000| Complete 
|  48|0x0000000083000000, 0x0000000083100000, 0x0000000083100000|100%| O|  |TAMS 0x0000000083100000, 0x0000000083100000| Untracked 
|  49|0x0000000083100000, 0x0000000083200000, 0x0000000083200000|100%| O|  |TAMS 0x0000000083200000, 0x0000000083200000| Untracked 
|  50|0x0000000083200000, 0x0000000083300000, 0x0000000083300000|100%| O|  |TAMS 0x0000000083300000, 0x0000000083300000| Untracked 
|  51|0x0000000083300000, 0x0000000083400000, 0x0000000083400000|100%| O|  |TAMS 0x0000000083400000, 0x0000000083400000| Untracked 
|  52|0x0000000083400000, 0x0000000083500000, 0x0000000083500000|100%| O|  |TAMS 0x0000000083500000, 0x0000000083500000| Untracked 
|  53|0x0000000083500000, 0x0000000083600000, 0x0000000083600000|100%| O|  |TAMS 0x0000000083600000, 0x0000000083600000| Untracked 
|  54|0x0000000083600000, 0x0000000083700000, 0x0000000083700000|100%| O|  |TAMS 0x0000000083700000, 0x0000000083700000| Untracked 
|  55|0x0000000083700000, 0x0000000083800000, 0x0000000083800000|100%| O|  |TAMS 0x0000000083800000, 0x0000000083800000| Untracked 
|  56|0x0000000083800000, 0x0000000083900000, 0x0000000083900000|100%| O|  |TAMS 0x0000000083900000, 0x0000000083900000| Untracked 
|  57|0x0000000083900000, 0x0000000083a00000, 0x0000000083a00000|100%|HS|  |TAMS 0x0000000083a00000, 0x0000000083a00000| Complete 
|  58|0x0000000083a00000, 0x0000000083b00000, 0x0000000083b00000|100%|HC|  |TAMS 0x0000000083b00000, 0x0000000083b00000| Complete 
|  59|0x0000000083b00000, 0x0000000083c00000, 0x0000000083c00000|100%|HC|  |TAMS 0x0000000083c00000, 0x0000000083c00000| Complete 
|  60|0x0000000083c00000, 0x0000000083d00000, 0x0000000083d00000|100%| O|  |TAMS 0x0000000083d00000, 0x0000000083d00000| Untracked 
|  61|0x0000000083d00000, 0x0000000083e00000, 0x0000000083e00000|100%| O|  |TAMS 0x0000000083e00000, 0x0000000083e00000| Untracked 
|  62|0x0000000083e00000, 0x0000000083f00000, 0x0000000083f00000|100%| O|  |TAMS 0x0000000083f00000, 0x0000000083f00000| Untracked 
|  63|0x0000000083f00000, 0x0000000084000000, 0x0000000084000000|100%| O|  |TAMS 0x0000000084000000, 0x0000000084000000| Untracked 
|  64|0x0000000084000000, 0x0000000084100000, 0x0000000084100000|100%| O|  |TAMS 0x0000000084100000, 0x0000000084100000| Untracked 
|  65|0x0000000084100000, 0x0000000084200000, 0x0000000084200000|100%| O|  |TAMS 0x0000000084200000, 0x0000000084200000| Untracked 
|  66|0x0000000084200000, 0x0000000084300000, 0x0000000084300000|100%| O|  |TAMS 0x0000000084300000, 0x0000000084300000| Untracked 
|  67|0x0000000084300000, 0x0000000084400000, 0x0000000084400000|100%| O|  |TAMS 0x0000000084400000, 0x0000000084400000| Untracked 
|  68|0x0000000084400000, 0x0000000084500000, 0x0000000084500000|100%| O|  |TAMS 0x0000000084500000, 0x0000000084500000| Untracked 
|  69|0x0000000084500000, 0x0000000084600000, 0x0000000084600000|100%| O|  |TAMS 0x0000000084600000, 0x0000000084600000| Untracked 
|  70|0x0000000084600000, 0x0000000084700000, 0x0000000084700000|100%| O|  |TAMS 0x0000000084700000, 0x0000000084700000| Untracked 
|  71|0x0000000084700000, 0x0000000084800000, 0x0000000084800000|100%| O|  |TAMS 0x0000000084800000, 0x0000000084800000| Untracked 
|  72|0x0000000084800000, 0x0000000084900000, 0x0000000084900000|100%|HS|  |TAMS 0x0000000084900000, 0x0000000084900000| Complete 
|  73|0x0000000084900000, 0x0000000084a00000, 0x0000000084a00000|100%|HS|  |TAMS 0x0000000084a00000, 0x0000000084a00000| Complete 
|  74|0x0000000084a00000, 0x0000000084b00000, 0x0000000084b00000|100%|HS|  |TAMS 0x0000000084b00000, 0x0000000084b00000| Complete 
|  75|0x0000000084b00000, 0x0000000084c00000, 0x0000000084c00000|100%|HC|  |TAMS 0x0000000084c00000, 0x0000000084c00000| Complete 
|  76|0x0000000084c00000, 0x0000000084d00000, 0x0000000084d00000|100%|HS|  |TAMS 0x0000000084d00000, 0x0000000084d00000| Complete 
|  77|0x0000000084d00000, 0x0000000084e00000, 0x0000000084e00000|100%|HC|  |TAMS 0x0000000084e00000, 0x0000000084e00000| Complete 
|  78|0x0000000084e00000, 0x0000000084f00000, 0x0000000084f00000|100%|HS|  |TAMS 0x0000000084f00000, 0x0000000084f00000| Complete 
|  79|0x0000000084f00000, 0x0000000085000000, 0x0000000085000000|100%|HS|  |TAMS 0x0000000085000000, 0x0000000085000000| Complete 
|  80|0x0000000085000000, 0x0000000085100000, 0x0000000085100000|100%|HS|  |TAMS 0x0000000085100000, 0x0000000085100000| Complete 
|  81|0x0000000085100000, 0x0000000085200000, 0x0000000085200000|100%|HC|  |TAMS 0x0000000085200000, 0x0000000085200000| Complete 
|  82|0x0000000085200000, 0x0000000085300000, 0x0000000085300000|100%|HC|  |TAMS 0x0000000085300000, 0x0000000085300000| Complete 
|  83|0x0000000085300000, 0x0000000085400000, 0x0000000085400000|100%|HC|  |TAMS 0x0000000085400000, 0x0000000085400000| Complete 
|  84|0x0000000085400000, 0x0000000085500000, 0x0000000085500000|100%| O|  |TAMS 0x0000000085500000, 0x0000000085500000| Untracked 
|  85|0x0000000085500000, 0x0000000085600000, 0x0000000085600000|100%| O|  |TAMS 0x0000000085600000, 0x0000000085600000| Untracked 
|  86|0x0000000085600000, 0x0000000085700000, 0x0000000085700000|100%| O|  |TAMS 0x0000000085700000, 0x0000000085700000| Untracked 
|  87|0x0000000085700000, 0x0000000085800000, 0x0000000085800000|100%| O|  |TAMS 0x0000000085800000, 0x0000000085800000| Untracked 
|  88|0x0000000085800000, 0x0000000085900000, 0x0000000085900000|100%| O|  |TAMS 0x0000000085900000, 0x0000000085900000| Untracked 
|  89|0x0000000085900000, 0x0000000085a00000, 0x0000000085a00000|100%| O|  |TAMS 0x0000000085a00000, 0x0000000085a00000| Untracked 
|  90|0x0000000085a00000, 0x0000000085b00000, 0x0000000085b00000|100%| O|  |TAMS 0x0000000085b00000, 0x0000000085b00000| Untracked 
|  91|0x0000000085b00000, 0x0000000085c00000, 0x0000000085c00000|100%| O|  |TAMS 0x0000000085c00000, 0x0000000085c00000| Untracked 
|  92|0x0000000085c00000, 0x0000000085d00000, 0x0000000085d00000|100%| O|  |TAMS 0x0000000085d00000, 0x0000000085d00000| Untracked 
|  93|0x0000000085d00000, 0x0000000085e00000, 0x0000000085e00000|100%| O|  |TAMS 0x0000000085e00000, 0x0000000085e00000| Untracked 
|  94|0x0000000085e00000, 0x0000000085f00000, 0x0000000085f00000|100%| O|  |TAMS 0x0000000085f00000, 0x0000000085f00000| Untracked 
|  95|0x0000000085f00000, 0x0000000086000000, 0x0000000086000000|100%| O|  |TAMS 0x0000000086000000, 0x0000000086000000| Untracked 
|  96|0x0000000086000000, 0x0000000086100000, 0x0000000086100000|100%| O|  |TAMS 0x0000000086100000, 0x0000000086100000| Untracked 
|  97|0x0000000086100000, 0x0000000086200000, 0x0000000086200000|100%| O|  |TAMS 0x0000000086200000, 0x0000000086200000| Untracked 
|  98|0x0000000086200000, 0x0000000086300000, 0x0000000086300000|100%| O|  |TAMS 0x0000000086300000, 0x0000000086300000| Untracked 
|  99|0x0000000086300000, 0x0000000086400000, 0x0000000086400000|100%| O|  |TAMS 0x0000000086400000, 0x0000000086400000| Untracked 
| 100|0x0000000086400000, 0x0000000086500000, 0x0000000086500000|100%|HS|  |TAMS 0x0000000086500000, 0x0000000086500000| Complete 
| 101|0x0000000086500000, 0x0000000086600000, 0x0000000086600000|100%|HC|  |TAMS 0x0000000086600000, 0x0000000086600000| Complete 
| 102|0x0000000086600000, 0x0000000086700000, 0x0000000086700000|100%|HC|  |TAMS 0x0000000086700000, 0x0000000086700000| Complete 
| 103|0x0000000086700000, 0x0000000086800000, 0x0000000086800000|100%|HC|  |TAMS 0x0000000086800000, 0x0000000086800000| Complete 
| 104|0x0000000086800000, 0x0000000086900000, 0x0000000086900000|100%| O|  |TAMS 0x0000000086900000, 0x0000000086900000| Untracked 
| 105|0x0000000086900000, 0x0000000086a00000, 0x0000000086a00000|100%| O|  |TAMS 0x0000000086a00000, 0x0000000086a00000| Untracked 
| 106|0x0000000086a00000, 0x0000000086b00000, 0x0000000086b00000|100%| O|  |TAMS 0x0000000086b00000, 0x0000000086b00000| Untracked 
| 107|0x0000000086b00000, 0x0000000086c00000, 0x0000000086c00000|100%| O|  |TAMS 0x0000000086c00000, 0x0000000086c00000| Untracked 
| 108|0x0000000086c00000, 0x0000000086d00000, 0x0000000086d00000|100%| O|  |TAMS 0x0000000086d00000, 0x0000000086d00000| Untracked 
| 109|0x0000000086d00000, 0x0000000086e00000, 0x0000000086e00000|100%| O|  |TAMS 0x0000000086e00000, 0x0000000086e00000| Untracked 
| 110|0x0000000086e00000, 0x0000000086f00000, 0x0000000086f00000|100%| O|  |TAMS 0x0000000086f00000, 0x0000000086f00000| Untracked 
| 111|0x0000000086f00000, 0x0000000087000000, 0x0000000087000000|100%| O|  |TAMS 0x0000000087000000, 0x0000000087000000| Untracked 
| 112|0x0000000087000000, 0x0000000087100000, 0x0000000087100000|100%| O|  |TAMS 0x0000000087100000, 0x0000000087100000| Untracked 
| 113|0x0000000087100000, 0x0000000087200000, 0x0000000087200000|100%| O|  |TAMS 0x0000000087200000, 0x0000000087200000| Untracked 
| 114|0x0000000087200000, 0x0000000087300000, 0x0000000087300000|100%| O|  |TAMS 0x0000000087300000, 0x0000000087300000| Untracked 
| 115|0x0000000087300000, 0x0000000087400000, 0x0000000087400000|100%| O|  |TAMS 0x0000000087400000, 0x0000000087400000| Untracked 
| 116|0x0000000087400000, 0x0000000087500000, 0x0000000087500000|100%| O|  |TAMS 0x0000000087500000, 0x0000000087500000| Untracked 
| 117|0x0000000087500000, 0x0000000087600000, 0x0000000087600000|100%| O|  |TAMS 0x0000000087600000, 0x0000000087600000| Untracked 
| 118|0x0000000087600000, 0x0000000087700000, 0x0000000087700000|100%| O|  |TAMS 0x0000000087700000, 0x0000000087700000| Untracked 
| 119|0x0000000087700000, 0x0000000087800000, 0x0000000087800000|100%| O|  |TAMS 0x0000000087800000, 0x0000000087800000| Untracked 
| 120|0x0000000087800000, 0x0000000087900000, 0x0000000087900000|100%| O|  |TAMS 0x0000000087900000, 0x0000000087900000| Untracked 
| 121|0x0000000087900000, 0x0000000087a00000, 0x0000000087a00000|100%| O|  |TAMS 0x0000000087a00000, 0x0000000087a00000| Untracked 
| 122|0x0000000087a00000, 0x0000000087b00000, 0x0000000087b00000|100%| O|  |TAMS 0x0000000087b00000, 0x0000000087b00000| Untracked 
| 123|0x0000000087b00000, 0x0000000087c00000, 0x0000000087c00000|100%| O|  |TAMS 0x0000000087c00000, 0x0000000087c00000| Untracked 
| 124|0x0000000087c00000, 0x0000000087d00000, 0x0000000087d00000|100%| O|  |TAMS 0x0000000087d00000, 0x0000000087d00000| Untracked 
| 125|0x0000000087d00000, 0x0000000087d00000, 0x0000000087e00000|  0%| F|  |TAMS 0x0000000087d00000, 0x0000000087d00000| Untracked 
| 126|0x0000000087e00000, 0x0000000087f00000, 0x0000000087f00000|100%| O|  |TAMS 0x0000000087e00000, 0x0000000087f00000| Untracked 
| 127|0x0000000087f00000, 0x0000000088000000, 0x0000000088000000|100%| O|  |TAMS 0x0000000087f00000, 0x0000000088000000| Untracked 
| 128|0x0000000088000000, 0x0000000088100000, 0x0000000088100000|100%| O|  |TAMS 0x0000000088000000, 0x0000000088100000| Untracked 
| 129|0x0000000088100000, 0x0000000088200000, 0x0000000088200000|100%| O|  |TAMS 0x0000000088100000, 0x0000000088200000| Untracked 
| 130|0x0000000088200000, 0x0000000088300000, 0x0000000088300000|100%| O|  |TAMS 0x0000000088200000, 0x0000000088300000| Untracked 
| 131|0x0000000088300000, 0x0000000088400000, 0x0000000088400000|100%| O|  |TAMS 0x0000000088300000, 0x0000000088400000| Untracked 
| 132|0x0000000088400000, 0x0000000088500000, 0x0000000088500000|100%| O|  |TAMS 0x0000000088400000, 0x0000000088500000| Untracked 
| 133|0x0000000088500000, 0x0000000088600000, 0x0000000088600000|100%| O|  |TAMS 0x0000000088500000, 0x0000000088600000| Untracked 
| 134|0x0000000088600000, 0x0000000088700000, 0x0000000088700000|100%| O|  |TAMS 0x0000000088600000, 0x0000000088700000| Untracked 
| 135|0x0000000088700000, 0x0000000088800000, 0x0000000088800000|100%| O|  |TAMS 0x0000000088700000, 0x0000000088800000| Untracked 
| 136|0x0000000088800000, 0x0000000088900000, 0x0000000088900000|100%| O|  |TAMS 0x0000000088800000, 0x0000000088900000| Untracked 
| 137|0x0000000088900000, 0x0000000088a00000, 0x0000000088a00000|100%| O|  |TAMS 0x0000000088900000, 0x0000000088a00000| Untracked 
| 138|0x0000000088a00000, 0x0000000088b00000, 0x0000000088b00000|100%| O|  |TAMS 0x0000000088a00000, 0x0000000088b00000| Untracked 
| 139|0x0000000088b00000, 0x0000000088c00000, 0x0000000088c00000|100%|HS|  |TAMS 0x0000000088b00000, 0x0000000088c00000| Complete 
| 140|0x0000000088c00000, 0x0000000088d00000, 0x0000000088d00000|100%|HC|  |TAMS 0x0000000088c00000, 0x0000000088d00000| Complete 
| 141|0x0000000088d00000, 0x0000000088e00000, 0x0000000088e00000|100%|HC|  |TAMS 0x0000000088d00000, 0x0000000088e00000| Complete 
| 142|0x0000000088e00000, 0x0000000088f00000, 0x0000000088f00000|100%|HC|  |TAMS 0x0000000088e00000, 0x0000000088f00000| Complete 
| 143|0x0000000088f00000, 0x0000000089000000, 0x0000000089000000|100%|HC|  |TAMS 0x0000000088f00000, 0x0000000089000000| Complete 
| 144|0x0000000089000000, 0x0000000089100000, 0x0000000089100000|100%|HC|  |TAMS 0x0000000089000000, 0x0000000089100000| Complete 
| 145|0x0000000089100000, 0x0000000089200000, 0x0000000089200000|100%|HS|  |TAMS 0x0000000089100000, 0x0000000089200000| Complete 
| 146|0x0000000089200000, 0x0000000089300000, 0x0000000089300000|100%| O|  |TAMS 0x0000000089200000, 0x0000000089300000| Untracked 
| 147|0x0000000089300000, 0x0000000089390a00, 0x0000000089400000| 56%| O|  |TAMS 0x0000000089300000, 0x0000000089390a00| Untracked 
| 148|0x0000000089400000, 0x0000000089400000, 0x0000000089500000|  0%| F|  |TAMS 0x0000000089400000, 0x0000000089400000| Untracked 
| 149|0x0000000089500000, 0x0000000089500000, 0x0000000089600000|  0%| F|  |TAMS 0x0000000089500000, 0x0000000089500000| Untracked 
| 150|0x0000000089600000, 0x0000000089600000, 0x0000000089700000|  0%| F|  |TAMS 0x0000000089600000, 0x0000000089600000| Untracked 
| 151|0x0000000089700000, 0x0000000089700000, 0x0000000089800000|  0%| F|  |TAMS 0x0000000089700000, 0x0000000089700000| Untracked 
| 152|0x0000000089800000, 0x0000000089800000, 0x0000000089900000|  0%| F|  |TAMS 0x0000000089800000, 0x0000000089800000| Untracked 
| 153|0x0000000089900000, 0x0000000089900000, 0x0000000089a00000|  0%| F|  |TAMS 0x0000000089900000, 0x0000000089900000| Untracked 
| 154|0x0000000089a00000, 0x0000000089a00000, 0x0000000089b00000|  0%| F|  |TAMS 0x0000000089a00000, 0x0000000089a00000| Untracked 
| 155|0x0000000089b00000, 0x0000000089b00000, 0x0000000089c00000|  0%| F|  |TAMS 0x0000000089b00000, 0x0000000089b00000| Untracked 
| 156|0x0000000089c00000, 0x0000000089c00000, 0x0000000089d00000|  0%| F|  |TAMS 0x0000000089c00000, 0x0000000089c00000| Untracked 
| 157|0x0000000089d00000, 0x0000000089d00000, 0x0000000089e00000|  0%| F|  |TAMS 0x0000000089d00000, 0x0000000089d00000| Untracked 
| 158|0x0000000089e00000, 0x0000000089e00000, 0x0000000089f00000|  0%| F|  |TAMS 0x0000000089e00000, 0x0000000089e00000| Untracked 
| 159|0x0000000089f00000, 0x0000000089f00000, 0x000000008a000000|  0%| F|  |TAMS 0x0000000089f00000, 0x0000000089f00000| Untracked 
| 160|0x000000008a000000, 0x000000008a000000, 0x000000008a100000|  0%| F|  |TAMS 0x000000008a000000, 0x000000008a000000| Untracked 
| 161|0x000000008a100000, 0x000000008a100000, 0x000000008a200000|  0%| F|  |TAMS 0x000000008a100000, 0x000000008a100000| Untracked 
| 162|0x000000008a200000, 0x000000008a200000, 0x000000008a300000|  0%| F|  |TAMS 0x000000008a200000, 0x000000008a200000| Untracked 
| 163|0x000000008a300000, 0x000000008a300000, 0x000000008a400000|  0%| F|  |TAMS 0x000000008a300000, 0x000000008a300000| Untracked 
| 164|0x000000008a400000, 0x000000008a400000, 0x000000008a500000|  0%| F|  |TAMS 0x000000008a400000, 0x000000008a400000| Untracked 
| 165|0x000000008a500000, 0x000000008a500000, 0x000000008a600000|  0%| F|  |TAMS 0x000000008a500000, 0x000000008a500000| Untracked 
| 166|0x000000008a600000, 0x000000008a600000, 0x000000008a700000|  0%| F|  |TAMS 0x000000008a600000, 0x000000008a600000| Untracked 
| 167|0x000000008a700000, 0x000000008a700000, 0x000000008a800000|  0%| F|  |TAMS 0x000000008a700000, 0x000000008a700000| Untracked 
| 168|0x000000008a800000, 0x000000008a800000, 0x000000008a900000|  0%| F|  |TAMS 0x000000008a800000, 0x000000008a800000| Untracked 
| 169|0x000000008a900000, 0x000000008a900000, 0x000000008aa00000|  0%| F|  |TAMS 0x000000008a900000, 0x000000008a900000| Untracked 
| 170|0x000000008aa00000, 0x000000008aa00000, 0x000000008ab00000|  0%| F|  |TAMS 0x000000008aa00000, 0x000000008aa00000| Untracked 
| 171|0x000000008ab00000, 0x000000008ab00000, 0x000000008ac00000|  0%| F|  |TAMS 0x000000008ab00000, 0x000000008ab00000| Untracked 
| 172|0x000000008ac00000, 0x000000008ac00000, 0x000000008ad00000|  0%| F|  |TAMS 0x000000008ac00000, 0x000000008ac00000| Untracked 
| 173|0x000000008ad00000, 0x000000008ad00000, 0x000000008ae00000|  0%| F|  |TAMS 0x000000008ad00000, 0x000000008ad00000| Untracked 
| 174|0x000000008ae00000, 0x000000008ae00000, 0x000000008af00000|  0%| F|  |TAMS 0x000000008ae00000, 0x000000008ae00000| Untracked 
| 175|0x000000008af00000, 0x000000008af00000, 0x000000008b000000|  0%| F|  |TAMS 0x000000008af00000, 0x000000008af00000| Untracked 
| 176|0x000000008b000000, 0x000000008b000000, 0x000000008b100000|  0%| F|  |TAMS 0x000000008b000000, 0x000000008b000000| Untracked 
| 177|0x000000008b100000, 0x000000008b100000, 0x000000008b200000|  0%| F|  |TAMS 0x000000008b100000, 0x000000008b100000| Untracked 
| 178|0x000000008b200000, 0x000000008b200000, 0x000000008b300000|  0%| F|  |TAMS 0x000000008b200000, 0x000000008b200000| Untracked 
| 179|0x000000008b300000, 0x000000008b300000, 0x000000008b400000|  0%| F|  |TAMS 0x000000008b300000, 0x000000008b300000| Untracked 
| 180|0x000000008b400000, 0x000000008b400000, 0x000000008b500000|  0%| F|  |TAMS 0x000000008b400000, 0x000000008b400000| Untracked 
| 181|0x000000008b500000, 0x000000008b500000, 0x000000008b600000|  0%| F|  |TAMS 0x000000008b500000, 0x000000008b500000| Untracked 
| 182|0x000000008b600000, 0x000000008b600000, 0x000000008b700000|  0%| F|  |TAMS 0x000000008b600000, 0x000000008b600000| Untracked 
| 183|0x000000008b700000, 0x000000008b700000, 0x000000008b800000|  0%| F|  |TAMS 0x000000008b700000, 0x000000008b700000| Untracked 
| 184|0x000000008b800000, 0x000000008b800000, 0x000000008b900000|  0%| F|  |TAMS 0x000000008b800000, 0x000000008b800000| Untracked 
| 185|0x000000008b900000, 0x000000008b900000, 0x000000008ba00000|  0%| F|  |TAMS 0x000000008b900000, 0x000000008b900000| Untracked 
| 186|0x000000008ba00000, 0x000000008ba00000, 0x000000008bb00000|  0%| F|  |TAMS 0x000000008ba00000, 0x000000008ba00000| Untracked 
| 187|0x000000008bb00000, 0x000000008bb00000, 0x000000008bc00000|  0%| F|  |TAMS 0x000000008bb00000, 0x000000008bb00000| Untracked 
| 188|0x000000008bc00000, 0x000000008bc26ac0, 0x000000008bd00000| 15%| S|CS|TAMS 0x000000008bc00000, 0x000000008bc00000| Complete 
| 189|0x000000008bd00000, 0x000000008be00000, 0x000000008be00000|100%| S|CS|TAMS 0x000000008bd00000, 0x000000008bd00000| Complete 
| 190|0x000000008be00000, 0x000000008bf00000, 0x000000008bf00000|100%| S|CS|TAMS 0x000000008be00000, 0x000000008be00000| Complete 
| 191|0x000000008bf00000, 0x000000008c000000, 0x000000008c000000|100%| S|CS|TAMS 0x000000008bf00000, 0x000000008bf00000| Complete 
| 192|0x000000008c000000, 0x000000008c100000, 0x000000008c100000|100%| S|CS|TAMS 0x000000008c000000, 0x000000008c000000| Complete 
| 193|0x000000008c100000, 0x000000008c200000, 0x000000008c200000|100%| S|CS|TAMS 0x000000008c100000, 0x000000008c100000| Complete 
| 194|0x000000008c200000, 0x000000008c200000, 0x000000008c300000|  0%| F|  |TAMS 0x000000008c200000, 0x000000008c200000| Untracked 
| 195|0x000000008c300000, 0x000000008c300000, 0x000000008c400000|  0%| F|  |TAMS 0x000000008c300000, 0x000000008c300000| Untracked 
| 196|0x000000008c400000, 0x000000008c400000, 0x000000008c500000|  0%| F|  |TAMS 0x000000008c400000, 0x000000008c400000| Untracked 
| 197|0x000000008c500000, 0x000000008c500000, 0x000000008c600000|  0%| F|  |TAMS 0x000000008c500000, 0x000000008c500000| Untracked 
| 198|0x000000008c600000, 0x000000008c600000, 0x000000008c700000|  0%| F|  |TAMS 0x000000008c600000, 0x000000008c600000| Untracked 
| 199|0x000000008c700000, 0x000000008c700000, 0x000000008c800000|  0%| F|  |TAMS 0x000000008c700000, 0x000000008c700000| Untracked 
| 200|0x000000008c800000, 0x000000008c800000, 0x000000008c900000|  0%| F|  |TAMS 0x000000008c800000, 0x000000008c800000| Untracked 
| 201|0x000000008c900000, 0x000000008c900000, 0x000000008ca00000|  0%| F|  |TAMS 0x000000008c900000, 0x000000008c900000| Untracked 
| 202|0x000000008ca00000, 0x000000008ca00000, 0x000000008cb00000|  0%| F|  |TAMS 0x000000008ca00000, 0x000000008ca00000| Untracked 
| 203|0x000000008cb00000, 0x000000008cb00000, 0x000000008cc00000|  0%| F|  |TAMS 0x000000008cb00000, 0x000000008cb00000| Untracked 
| 204|0x000000008cc00000, 0x000000008cc00000, 0x000000008cd00000|  0%| F|  |TAMS 0x000000008cc00000, 0x000000008cc00000| Untracked 
| 205|0x000000008cd00000, 0x000000008cd00000, 0x000000008ce00000|  0%| F|  |TAMS 0x000000008cd00000, 0x000000008cd00000| Untracked 
| 206|0x000000008ce00000, 0x000000008ce00000, 0x000000008cf00000|  0%| F|  |TAMS 0x000000008ce00000, 0x000000008ce00000| Untracked 
| 207|0x000000008cf00000, 0x000000008cf00000, 0x000000008d000000|  0%| F|  |TAMS 0x000000008cf00000, 0x000000008cf00000| Untracked 
| 208|0x000000008d000000, 0x000000008d000000, 0x000000008d100000|  0%| F|  |TAMS 0x000000008d000000, 0x000000008d000000| Untracked 
| 209|0x000000008d100000, 0x000000008d100000, 0x000000008d200000|  0%| F|  |TAMS 0x000000008d100000, 0x000000008d100000| Untracked 
| 210|0x000000008d200000, 0x000000008d200000, 0x000000008d300000|  0%| F|  |TAMS 0x000000008d200000, 0x000000008d200000| Untracked 
| 211|0x000000008d300000, 0x000000008d300000, 0x000000008d400000|  0%| F|  |TAMS 0x000000008d300000, 0x000000008d300000| Untracked 
| 212|0x000000008d400000, 0x000000008d400000, 0x000000008d500000|  0%| F|  |TAMS 0x000000008d400000, 0x000000008d400000| Untracked 
| 213|0x000000008d500000, 0x000000008d500000, 0x000000008d600000|  0%| F|  |TAMS 0x000000008d500000, 0x000000008d500000| Untracked 
| 214|0x000000008d600000, 0x000000008d600000, 0x000000008d700000|  0%| F|  |TAMS 0x000000008d600000, 0x000000008d600000| Untracked 
| 215|0x000000008d700000, 0x000000008d700000, 0x000000008d800000|  0%| F|  |TAMS 0x000000008d700000, 0x000000008d700000| Untracked 
| 216|0x000000008d800000, 0x000000008d800000, 0x000000008d900000|  0%| F|  |TAMS 0x000000008d800000, 0x000000008d800000| Untracked 
| 217|0x000000008d900000, 0x000000008d900000, 0x000000008da00000|  0%| F|  |TAMS 0x000000008d900000, 0x000000008d900000| Untracked 
| 218|0x000000008da00000, 0x000000008da00000, 0x000000008db00000|  0%| F|  |TAMS 0x000000008da00000, 0x000000008da00000| Untracked 
| 219|0x000000008db00000, 0x000000008db00000, 0x000000008dc00000|  0%| F|  |TAMS 0x000000008db00000, 0x000000008db00000| Untracked 
| 220|0x000000008dc00000, 0x000000008dc00000, 0x000000008dd00000|  0%| F|  |TAMS 0x000000008dc00000, 0x000000008dc00000| Untracked 
| 221|0x000000008dd00000, 0x000000008dd00000, 0x000000008de00000|  0%| F|  |TAMS 0x000000008dd00000, 0x000000008dd00000| Untracked 
| 222|0x000000008de00000, 0x000000008de00000, 0x000000008df00000|  0%| F|  |TAMS 0x000000008de00000, 0x000000008de00000| Untracked 
| 223|0x000000008df00000, 0x000000008df00000, 0x000000008e000000|  0%| F|  |TAMS 0x000000008df00000, 0x000000008df00000| Untracked 
| 224|0x000000008e000000, 0x000000008e000000, 0x000000008e100000|  0%| F|  |TAMS 0x000000008e000000, 0x000000008e000000| Untracked 
| 225|0x000000008e100000, 0x000000008e100000, 0x000000008e200000|  0%| F|  |TAMS 0x000000008e100000, 0x000000008e100000| Untracked 
| 226|0x000000008e200000, 0x000000008e200000, 0x000000008e300000|  0%| F|  |TAMS 0x000000008e200000, 0x000000008e200000| Untracked 
| 227|0x000000008e300000, 0x000000008e300000, 0x000000008e400000|  0%| F|  |TAMS 0x000000008e300000, 0x000000008e300000| Untracked 
| 228|0x000000008e400000, 0x000000008e400000, 0x000000008e500000|  0%| F|  |TAMS 0x000000008e400000, 0x000000008e400000| Untracked 
| 229|0x000000008e500000, 0x000000008e500000, 0x000000008e600000|  0%| F|  |TAMS 0x000000008e500000, 0x000000008e500000| Untracked 
| 230|0x000000008e600000, 0x000000008e600000, 0x000000008e700000|  0%| F|  |TAMS 0x000000008e600000, 0x000000008e600000| Untracked 
| 231|0x000000008e700000, 0x000000008e700000, 0x000000008e800000|  0%| F|  |TAMS 0x000000008e700000, 0x000000008e700000| Untracked 
| 232|0x000000008e800000, 0x000000008e800000, 0x000000008e900000|  0%| F|  |TAMS 0x000000008e800000, 0x000000008e800000| Untracked 
| 233|0x000000008e900000, 0x000000008e900000, 0x000000008ea00000|  0%| F|  |TAMS 0x000000008e900000, 0x000000008e900000| Untracked 
| 234|0x000000008ea00000, 0x000000008ea00000, 0x000000008eb00000|  0%| F|  |TAMS 0x000000008ea00000, 0x000000008ea00000| Untracked 
| 235|0x000000008eb00000, 0x000000008eb00000, 0x000000008ec00000|  0%| F|  |TAMS 0x000000008eb00000, 0x000000008eb00000| Untracked 
| 236|0x000000008ec00000, 0x000000008ec00000, 0x000000008ed00000|  0%| F|  |TAMS 0x000000008ec00000, 0x000000008ec00000| Untracked 
| 237|0x000000008ed00000, 0x000000008ed00000, 0x000000008ee00000|  0%| F|  |TAMS 0x000000008ed00000, 0x000000008ed00000| Untracked 
| 238|0x000000008ee00000, 0x000000008ee00000, 0x000000008ef00000|  0%| F|  |TAMS 0x000000008ee00000, 0x000000008ee00000| Untracked 
| 239|0x000000008ef00000, 0x000000008ef00000, 0x000000008f000000|  0%| F|  |TAMS 0x000000008ef00000, 0x000000008ef00000| Untracked 

Card table byte_map: [0x000001ef16e50000,0x000001ef17250000] _byte_map_base: 0x000001ef16a50000

Marking Bits (Prev, Next): (CMBitMap*) 0x000001ef04096b90, (CMBitMap*) 0x000001ef04096bd0
 Prev Bits: [0x000001ef17650000, 0x000001ef19650000)
 Next Bits: [0x000001ef19650000, 0x000001ef1b650000)

Polling page: 0x000001ef03800000

Metaspace:

Usage:
  Non-class:     88.09 MB used.
      Class:     13.83 MB used.
       Both:    101.91 MB used.

Virtual space:
  Non-class space:       96.00 MB reserved,      88.50 MB ( 92%) committed,  12 nodes.
      Class space:        1.00 GB reserved,      14.19 MB (  1%) committed,  1 nodes.
             Both:        1.09 GB reserved,     102.69 MB (  9%) committed. 

Chunk freelists:
   Non-Class:  2.72 MB
       Class:  1.73 MB
        Both:  4.45 MB

MaxMetaspaceSize: unlimited
CompressedClassSpaceSize: 1.00 GB
Initial GC threshold: 21.00 MB
Current GC threshold: 157.75 MB
CDS: off
MetaspaceReclaimPolicy: balanced
 - commit_granule_bytes: 65536.
 - commit_granule_words: 8192.
 - virtual_space_node_default_size: 1048576.
 - enlarge_chunks_in_place: 1.
 - new_chunks_are_fully_committed: 0.
 - uncommit_free_chunks: 1.
 - use_allocation_guard: 0.
 - handle_deallocations: 1.


Internal statistics:

num_allocs_failed_limit: 3.
num_arena_births: 936.
num_arena_deaths: 0.
num_vsnodes_births: 13.
num_vsnodes_deaths: 0.
num_space_committed: 1641.
num_space_uncommitted: 0.
num_chunks_returned_to_freelist: 3.
num_chunks_taken_from_freelist: 4580.
num_chunk_merges: 3.
num_chunk_splits: 3261.
num_chunks_enlarged: 2426.
num_purges: 0.
num_inconsistent_stats: 0.

CodeHeap 'non-profiled nmethods': size=120000Kb used=5367Kb max_used=5367Kb free=114632Kb
 bounds [0x000001ef0efd0000, 0x000001ef0f510000, 0x000001ef16500000]
CodeHeap 'profiled nmethods': size=120000Kb used=15575Kb max_used=15575Kb free=104424Kb
 bounds [0x000001ef07500000, 0x000001ef08440000, 0x000001ef0ea30000]
CodeHeap 'non-nmethods': size=5760Kb used=2412Kb max_used=2534Kb free=3347Kb
 bounds [0x000001ef0ea30000, 0x000001ef0ecb0000, 0x000001ef0efd0000]
 total_blobs=9007 nmethods=8056 adapters=862
 compilation: enabled
              stopped_count=0, restarted_count=0
 full_count=0

Compilation events (20 events):
Event: 8.036 Thread 0x000001ef1ec7f8a0 nmethod 8823 0x000001ef08426d90 code [0x000001ef08426f40, 0x000001ef08427278]
Event: 8.037 Thread 0x000001ef1ec7f8a0 8824       3       org.jetbrains.kotlin.container.CacheKt::getInfo (14 bytes)
Event: 8.038 Thread 0x000001ef1ec7f8a0 nmethod 8824 0x000001ef08427390 code [0x000001ef084275a0, 0x000001ef08427b48]
Event: 8.038 Thread 0x000001ef1ec7f8a0 8825       3       org.jetbrains.kotlin.container.ClassTraversalCache::getClassInfo (43 bytes)
Event: 8.038 Thread 0x000001ef1ec7f8a0 nmethod 8825 0x000001ef08427d90 code [0x000001ef08427fe0, 0x000001ef084288e8]
Event: 8.038 Thread 0x000001ef1ec7f8a0 8826       3       org.jetbrains.kotlin.com.intellij.util.containers.ConcurrentWeakKeySoftValueHashMap$HardKey::clear (6 bytes)
Event: 8.038 Thread 0x000001ef1ec7f8a0 nmethod 8826 0x000001ef08428c10 code [0x000001ef08428da0, 0x000001ef08428ed8]
Event: 8.094 Thread 0x000001ef1ec7f8a0 8827       3       kotlin.collections.CollectionsKt__MutableCollectionsKt::addAll (74 bytes)
Event: 8.095 Thread 0x000001ef1ec7f8a0 nmethod 8827 0x000001ef08428f90 code [0x000001ef084292a0, 0x000001ef0842a448]
Event: 8.095 Thread 0x000001ef1ec7f8a0 8828       3       org.jetbrains.kotlin.container.CacheKt::getConstructorInfo (258 bytes)
Event: 8.097 Thread 0x000001ef1ec7f8a0 nmethod 8828 0x000001ef0842a990 code [0x000001ef0842b220, 0x000001ef08430758]
Event: 8.101 Thread 0x000001ef1ec7f8a0 8829       3       org.jetbrains.kotlin.container.CacheKt::getRegistrations (115 bytes)
Event: 8.102 Thread 0x000001ef1ec7f8a0 nmethod 8829 0x000001ef08432390 code [0x000001ef08432620, 0x000001ef08433048]
Event: 8.102 Thread 0x000001ef1ec7f8a0 8830       3       kotlin.sequences.SequencesKt__SequencesKt::generateSequence (42 bytes)
Event: 8.102 Thread 0x000001ef1ec7f8a0 nmethod 8830 0x000001ef08433390 code [0x000001ef08433680, 0x000001ef084346d8]
Event: 8.102 Thread 0x000001ef1ec7f8a0 8831       3       kotlin.sequences.GeneratorSequence::<init> (27 bytes)
Event: 8.103 Thread 0x000001ef1ec7f8a0 nmethod 8831 0x000001ef08434c90 code [0x000001ef08434f20, 0x000001ef08435a58]
Event: 8.121 Thread 0x000001ef1ef3c140 nmethod 8779 0x000001ef0f4f8c90 code [0x000001ef0f4f94c0, 0x000001ef0f4ffa30]
Event: 8.122 Thread 0x000001ef1ef3c140 8832       4       java.lang.PublicMethods::toArray (76 bytes)
Event: 8.123 Thread 0x000001ef1ec7ee00 nmethod 8778 0x000001ef0f503910 code [0x000001ef0f5040e0, 0x000001ef0f50a2a8]

GC Heap History (20 events):
Event: 6.227 GC heap after
{Heap after GC invocations=41 (full 0):
 garbage-first heap   total 189440K, used 104030K [0x0000000080000000, 0x0000000100000000)
  region size 1024K, 3 young (3072K), 3 survivors (3072K)
 Metaspace       used 80546K, committed 81216K, reserved 1122304K
  class space    used 11297K, committed 11584K, reserved 1048576K
}
Event: 6.525 GC heap before
{Heap before GC invocations=42 (full 0):
 garbage-first heap   total 189440K, used 150110K [0x0000000080000000, 0x0000000100000000)
  region size 1024K, 44 young (45056K), 3 survivors (3072K)
 Metaspace       used 85047K, committed 85760K, reserved 1122304K
  class space    used 11897K, committed 12224K, reserved 1048576K
}
Event: 6.528 GC heap after
{Heap after GC invocations=43 (full 0):
 garbage-first heap   total 189440K, used 110433K [0x0000000080000000, 0x0000000100000000)
  region size 1024K, 5 young (5120K), 5 survivors (5120K)
 Metaspace       used 85047K, committed 85760K, reserved 1122304K
  class space    used 11897K, committed 12224K, reserved 1048576K
}
Event: 6.849 GC heap before
{Heap before GC invocations=43 (full 0):
 garbage-first heap   total 189440K, used 150369K [0x0000000080000000, 0x0000000100000000)
  region size 1024K, 45 young (46080K), 5 survivors (5120K)
 Metaspace       used 88313K, committed 89088K, reserved 1130496K
  class space    used 12310K, committed 12672K, reserved 1048576K
}
Event: 6.853 GC heap after
{Heap after GC invocations=44 (full 0):
 garbage-first heap   total 189440K, used 112645K [0x0000000080000000, 0x0000000100000000)
  region size 1024K, 6 young (6144K), 6 survivors (6144K)
 Metaspace       used 88313K, committed 89088K, reserved 1130496K
  class space    used 12310K, committed 12672K, reserved 1048576K
}
Event: 7.145 GC heap before
{Heap before GC invocations=45 (full 0):
 garbage-first heap   total 196608K, used 152581K [0x0000000080000000, 0x0000000100000000)
  region size 1024K, 45 young (46080K), 6 survivors (6144K)
 Metaspace       used 94246K, committed 95040K, reserved 1138688K
  class space    used 13081K, committed 13440K, reserved 1048576K
}
Event: 7.148 GC heap after
{Heap after GC invocations=46 (full 0):
 garbage-first heap   total 196608K, used 113642K [0x0000000080000000, 0x0000000100000000)
  region size 1024K, 4 young (4096K), 4 survivors (4096K)
 Metaspace       used 94246K, committed 95040K, reserved 1138688K
  class space    used 13081K, committed 13440K, reserved 1048576K
}
Event: 7.203 GC heap before
{Heap before GC invocations=46 (full 0):
 garbage-first heap   total 196608K, used 119786K [0x0000000080000000, 0x0000000100000000)
  region size 1024K, 11 young (11264K), 4 survivors (4096K)
 Metaspace       used 95386K, committed 96128K, reserved 1138688K
  class space    used 13228K, committed 13568K, reserved 1048576K
}
Event: 7.205 GC heap after
{Heap after GC invocations=47 (full 0):
 garbage-first heap   total 196608K, used 113704K [0x0000000080000000, 0x0000000100000000)
  region size 1024K, 4 young (4096K), 4 survivors (4096K)
 Metaspace       used 95386K, committed 96128K, reserved 1138688K
  class space    used 13228K, committed 13568K, reserved 1048576K
}
Event: 7.359 GC heap before
{Heap before GC invocations=48 (full 0):
 garbage-first heap   total 211968K, used 167976K [0x0000000080000000, 0x0000000100000000)
  region size 1024K, 50 young (51200K), 4 survivors (4096K)
 Metaspace       used 95699K, committed 96512K, reserved 1138688K
  class space    used 13238K, committed 13568K, reserved 1048576K
}
Event: 7.366 GC heap after
{Heap after GC invocations=49 (full 0):
 garbage-first heap   total 211968K, used 127281K [0x0000000080000000, 0x0000000100000000)
  region size 1024K, 7 young (7168K), 7 survivors (7168K)
 Metaspace       used 95699K, committed 96512K, reserved 1138688K
  class space    used 13238K, committed 13568K, reserved 1048576K
}
Event: 7.373 GC heap before
{Heap before GC invocations=49 (full 0):
 garbage-first heap   total 211968K, used 130353K [0x0000000080000000, 0x0000000100000000)
  region size 1024K, 10 young (10240K), 7 survivors (7168K)
 Metaspace       used 95699K, committed 96512K, reserved 1138688K
  class space    used 13238K, committed 13568K, reserved 1048576K
}
Event: 7.378 GC heap after
{Heap after GC invocations=50 (full 0):
 garbage-first heap   total 211968K, used 129631K [0x0000000080000000, 0x0000000100000000)
  region size 1024K, 2 young (2048K), 2 survivors (2048K)
 Metaspace       used 95699K, committed 96512K, reserved 1138688K
  class space    used 13238K, committed 13568K, reserved 1048576K
}
Event: 7.508 GC heap before
{Heap before GC invocations=50 (full 0):
 garbage-first heap   total 211968K, used 170591K [0x0000000080000000, 0x0000000100000000)
  region size 1024K, 42 young (43008K), 2 survivors (2048K)
 Metaspace       used 95864K, committed 96576K, reserved 1138688K
  class space    used 13261K, committed 13568K, reserved 1048576K
}
Event: 7.514 GC heap after
{Heap after GC invocations=51 (full 0):
 garbage-first heap   total 211968K, used 141449K [0x0000000080000000, 0x0000000100000000)
  region size 1024K, 6 young (6144K), 6 survivors (6144K)
 Metaspace       used 95864K, committed 96576K, reserved 1138688K
  class space    used 13261K, committed 13568K, reserved 1048576K
}
Event: 7.742 GC heap before
{Heap before GC invocations=52 (full 0):
 garbage-first heap   total 245760K, used 172169K [0x0000000080000000, 0x0000000100000000)
  region size 1024K, 36 young (36864K), 6 survivors (6144K)
 Metaspace       used 99540K, committed 100352K, reserved 1138688K
  class space    used 13703K, committed 14080K, reserved 1048576K
}
Event: 7.746 GC heap after
{Heap after GC invocations=53 (full 0):
 garbage-first heap   total 245760K, used 143644K [0x0000000080000000, 0x0000000100000000)
  region size 1024K, 2 young (2048K), 2 survivors (2048K)
 Metaspace       used 99540K, committed 100352K, reserved 1138688K
  class space    used 13703K, committed 14080K, reserved 1048576K
}
Event: 7.803 GC heap before
{Heap before GC invocations=53 (full 0):
 garbage-first heap   total 245760K, used 161052K [0x0000000080000000, 0x0000000100000000)
  region size 1024K, 12 young (12288K), 2 survivors (2048K)
 Metaspace       used 100009K, committed 100800K, reserved 1138688K
  class space    used 13747K, committed 14080K, reserved 1048576K
}
Event: 7.805 GC heap after
{Heap after GC invocations=54 (full 0):
 garbage-first heap   total 245760K, used 151840K [0x0000000080000000, 0x0000000100000000)
  region size 1024K, 2 young (2048K), 2 survivors (2048K)
 Metaspace       used 100009K, committed 100800K, reserved 1138688K
  class space    used 13747K, committed 14080K, reserved 1048576K
}
Event: 8.124 GC heap before
{Heap before GC invocations=54 (full 0):
 garbage-first heap   total 245760K, used 196896K [0x0000000080000000, 0x0000000100000000)
  region size 1024K, 46 young (47104K), 2 survivors (2048K)
 Metaspace       used 104359K, committed 105152K, reserved 1146880K
  class space    used 14158K, committed 14528K, reserved 1048576K
}

Dll operation events (3 events):
Event: 0.005 Loaded shared library C:\Program Files\Android\Android Studio\jbr\bin\java.dll
Event: 0.091 Loaded shared library C:\Program Files\Android\Android Studio\jbr\bin\zip.dll
Event: 0.277 Loaded shared library C:\Program Files\Android\Android Studio\jbr\bin\verify.dll

Deoptimization events (20 events):
Event: 7.447 Thread 0x000001ef21ae9dd0 Uncommon trap: trap_request=0xffffff45 fr.pc=0x000001ef0f4a5e70 relative=0x00000000000057b0
Event: 7.447 Thread 0x000001ef21ae9dd0 Uncommon trap: reason=unstable_if action=reinterpret pc=0x000001ef0f4a5e70 method=org.jetbrains.kotlin.com.intellij.openapi.vfs.impl.ArchiveHandler.directoryEntry(Ljava/util/Map;Lorg/jetbrains/kotlin/com/intellij/openapi/diagnostic/Logger;Ljava/lang/Strin
Event: 7.447 Thread 0x000001ef21ae9dd0 DEOPT PACKING pc=0x000001ef0f4a5e70 sp=0x0000008e471f4bc0
Event: 7.447 Thread 0x000001ef21ae9dd0 DEOPT UNPACKING pc=0x000001ef0ea869a3 sp=0x0000008e471f4ac8 mode 2
Event: 7.769 Thread 0x000001ef21ae9dd0 Uncommon trap: trap_request=0xffffffde fr.pc=0x000001ef0f4d3c04 relative=0x00000000000005a4
Event: 7.769 Thread 0x000001ef21ae9dd0 Uncommon trap: reason=class_check action=maybe_recompile pc=0x000001ef0f4d3c04 method=org.jetbrains.kotlin.protobuf.CodedInputStream.tryRefillBuffer(I)Z @ 177 c2
Event: 7.769 Thread 0x000001ef21ae9dd0 DEOPT PACKING pc=0x000001ef0f4d3c04 sp=0x0000008e471f4820
Event: 7.769 Thread 0x000001ef21ae9dd0 DEOPT UNPACKING pc=0x000001ef0ea869a3 sp=0x0000008e471f4708 mode 2
Event: 7.771 Thread 0x000001ef21ae9dd0 Uncommon trap: trap_request=0xffffffde fr.pc=0x000001ef0f4d3c04 relative=0x00000000000005a4
Event: 7.771 Thread 0x000001ef21ae9dd0 Uncommon trap: reason=class_check action=maybe_recompile pc=0x000001ef0f4d3c04 method=org.jetbrains.kotlin.protobuf.CodedInputStream.tryRefillBuffer(I)Z @ 177 c2
Event: 7.771 Thread 0x000001ef21ae9dd0 DEOPT PACKING pc=0x000001ef0f4d3c04 sp=0x0000008e471f4820
Event: 7.771 Thread 0x000001ef21ae9dd0 DEOPT UNPACKING pc=0x000001ef0ea869a3 sp=0x0000008e471f4708 mode 2
Event: 7.773 Thread 0x000001ef21ae9dd0 Uncommon trap: trap_request=0xffffffde fr.pc=0x000001ef0f4d3c04 relative=0x00000000000005a4
Event: 7.773 Thread 0x000001ef21ae9dd0 Uncommon trap: reason=class_check action=maybe_recompile pc=0x000001ef0f4d3c04 method=org.jetbrains.kotlin.protobuf.CodedInputStream.tryRefillBuffer(I)Z @ 177 c2
Event: 7.773 Thread 0x000001ef21ae9dd0 DEOPT PACKING pc=0x000001ef0f4d3c04 sp=0x0000008e471f4820
Event: 7.773 Thread 0x000001ef21ae9dd0 DEOPT UNPACKING pc=0x000001ef0ea869a3 sp=0x0000008e471f4708 mode 2
Event: 7.773 Thread 0x000001ef21ae9dd0 Uncommon trap: trap_request=0xffffffde fr.pc=0x000001ef0f4d3c04 relative=0x00000000000005a4
Event: 7.773 Thread 0x000001ef21ae9dd0 Uncommon trap: reason=class_check action=maybe_recompile pc=0x000001ef0f4d3c04 method=org.jetbrains.kotlin.protobuf.CodedInputStream.tryRefillBuffer(I)Z @ 177 c2
Event: 7.773 Thread 0x000001ef21ae9dd0 DEOPT PACKING pc=0x000001ef0f4d3c04 sp=0x0000008e471f4820
Event: 7.773 Thread 0x000001ef21ae9dd0 DEOPT UNPACKING pc=0x000001ef0ea869a3 sp=0x0000008e471f4708 mode 2

Classes unloaded (0 events):
No events

Classes redefined (0 events):
No events

Internal exceptions (20 events):
Event: 6.321 Thread 0x000001ef21ae9dd0 Exception <a 'java/lang/ClassNotFoundException'{0x000000008adff1d8}: org/jetbrains/kotlin/gradle/targets/js/npm/DefaultPeerNpmDependencyExtensionCustomizer> (0x000000008adff1d8) 
thrown [s\src\hotspot\share\classfile\systemDictionary.cpp, line 256]
Event: 6.323 Thread 0x000001ef21ae9dd0 Exception <a 'java/lang/ClassNotFoundException'{0x000000008ac49de0}: org/jetbrains/kotlin/gradle/targets/js/npm/DefaultPeerNpmDependencyExtension$delegate$1BeanInfo> (0x000000008ac49de0) 
thrown [s\src\hotspot\share\classfile\systemDictionary.cpp, line 256]
Event: 6.323 Thread 0x000001ef21ae9dd0 Exception <a 'java/lang/ClassNotFoundException'{0x000000008ac556e0}: org/jetbrains/kotlin/gradle/targets/js/npm/DefaultPeerNpmDependencyExtension$delegate$1Customizer> (0x000000008ac556e0) 
thrown [s\src\hotspot\share\classfile\systemDictionary.cpp, line 256]
Event: 6.417 Thread 0x000001ef21ae9dd0 Implicit null exception at 0x000001ef0f00abf2 to 0x000001ef0f00b20c
Event: 6.471 Thread 0x000001ef21ae9dd0 Implicit null exception at 0x000001ef0f025672 to 0x000001ef0f025c8c
Event: 6.777 Thread 0x000001ef21ae9dd0 Exception <a 'sun/nio/fs/WindowsException'{0x0000000089cc8e10}> (0x0000000089cc8e10) 
thrown [s\src\hotspot\share\prims\jni.cpp, line 517]
Event: 6.777 Thread 0x000001ef21ae9dd0 Exception <a 'sun/nio/fs/WindowsException'{0x0000000089ccabc8}> (0x0000000089ccabc8) 
thrown [s\src\hotspot\share\prims\jni.cpp, line 517]
Event: 6.823 Thread 0x000001ef21ae9dd0 Exception <a 'java/lang/NoSuchMethodError'{0x00000000895f7ee8}: 'long java.lang.invoke.DirectMethodHandle$Holder.invokeStatic(java.lang.Object)'> (0x00000000895f7ee8) 
thrown [s\src\hotspot\share\interpreter\linkResolver.cpp, line 771]
Event: 6.823 Thread 0x000001ef21ae9dd0 Exception <a 'java/lang/NoSuchMethodError'{0x00000000895fcd30}: 'long java.lang.invoke.DirectMethodHandle$Holder.invokeStaticInit(java.lang.Object)'> (0x00000000895fcd30) 
thrown [s\src\hotspot\share\interpreter\linkResolver.cpp, line 771]
Event: 6.861 Thread 0x000001ef21ae9dd0 Exception <a 'java/lang/NoSuchMethodError'{0x000000008c041868}: 'long java.lang.invoke.Invokers$Holder.invoke_MT(java.lang.Object, java.lang.Object, java.lang.Object, java.lang.Object)'> (0x000000008c041868) 
thrown [s\src\hotspot\share\interpreter\linkResolver.cpp, line 771]
Event: 6.862 Thread 0x000001ef21ae9dd0 Exception <a 'java/lang/NoSuchMethodError'{0x000000008c04b228}: 'int java.lang.invoke.Invokers$Holder.invoke_MT(java.lang.Object, java.lang.Object, java.lang.Object, java.lang.Object)'> (0x000000008c04b228) 
thrown [s\src\hotspot\share\interpreter\linkResolver.cpp, line 771]
Event: 6.863 Thread 0x000001ef21ae9dd0 Exception <a 'java/lang/NoSuchMethodError'{0x000000008c05bc10}: 'void java.lang.invoke.DelegatingMethodHandle$Holder.reinvoke_L(java.lang.Object, java.lang.Object, java.lang.Object, long, java.lang.Object)'> (0x000000008c05bc10) 
thrown [s\src\hotspot\share\interpreter\linkResolver.cpp, line 771]
Event: 6.863 Thread 0x000001ef21ae9dd0 Exception <a 'java/lang/NoSuchMethodError'{0x000000008c0646c8}: 'java.lang.Object java.lang.invoke.DirectMethodHandle$Holder.invokeSpecial(java.lang.Object, java.lang.Object, java.lang.Object, java.lang.Object, long)'> (0x000000008c0646c8) 
thrown [s\src\hotspot\share\interpreter\linkResolver.cpp, line 771]
Event: 6.864 Thread 0x000001ef21ae9dd0 Exception <a 'java/lang/NoSuchMethodError'{0x000000008c074fb8}: 'int java.lang.invoke.DelegatingMethodHandle$Holder.reinvoke_L(java.lang.Object, java.lang.Object, java.lang.Object, long, java.lang.Object, java.lang.Object)'> (0x000000008c074fb8) 
thrown [s\src\hotspot\share\interpreter\linkResolver.cpp, line 771]
Event: 6.864 Thread 0x000001ef21ae9dd0 Exception <a 'java/lang/NoSuchMethodError'{0x000000008c085180}: 'int java.lang.invoke.DelegatingMethodHandle$Holder.reinvoke_L(java.lang.Object, java.lang.Object, java.lang.Object, long, int, int)'> (0x000000008c085180) 
thrown [s\src\hotspot\share\interpreter\linkResolver.cpp, line 771]
Event: 6.865 Thread 0x000001ef21ae9dd0 Exception <a 'java/lang/NoSuchMethodError'{0x000000008c095330}: 'int java.lang.invoke.DelegatingMethodHandle$Holder.reinvoke_L(java.lang.Object, java.lang.Object, java.lang.Object, long, long, long)'> (0x000000008c095330) 
thrown [s\src\hotspot\share\interpreter\linkResolver.cpp, line 771]
Event: 6.865 Thread 0x000001ef21ae9dd0 Exception <a 'java/lang/NoSuchMethodError'{0x000000008c0a4f88}: 'int java.lang.invoke.DelegatingMethodHandle$Holder.reinvoke_L(java.lang.Object, java.lang.Object, java.lang.Object, long, int)'> (0x000000008c0a4f88) 
thrown [s\src\hotspot\share\interpreter\linkResolver.cpp, line 771]
Event: 7.171 Thread 0x000001ef21ae9dd0 Exception <a 'java/lang/NoSuchMethodError'{0x000000008be05ad8}: 'java.lang.Object java.lang.invoke.Invokers$Holder.invokeExact_MT(java.lang.Object, java.lang.Object, long, java.lang.Object)'> (0x000000008be05ad8) 
thrown [s\src\hotspot\share\interpreter\linkResolver.cpp, line 771]
Event: 7.192 Thread 0x000001ef21ae9dd0 Exception <a 'java/lang/NoSuchMethodError'{0x000000008bc81340}: 'java.lang.Object java.lang.invoke.Invokers$Holder.invoke_MT(java.lang.Object, java.lang.Object, java.lang.Object)'> (0x000000008bc81340) 
thrown [s\src\hotspot\share\interpreter\linkResolver.cpp, line 771]
Event: 7.324 Thread 0x000001ef21ae9dd0 Implicit null exception at 0x000001ef0f482209 to 0x000001ef0f4842b8

VM Operations (20 events):
Event: 7.205 Executing VM operation: G1TryInitiateConcMark done
Event: 7.229 Executing VM operation: G1Concurrent
Event: 7.235 Executing VM operation: G1Concurrent done
Event: 7.245 Executing VM operation: G1Concurrent
Event: 7.245 Executing VM operation: G1Concurrent done
Event: 7.359 Executing VM operation: G1CollectForAllocation
Event: 7.366 Executing VM operation: G1CollectForAllocation done
Event: 7.373 Executing VM operation: G1CollectForAllocation
Event: 7.378 Executing VM operation: G1CollectForAllocation done
Event: 7.508 Executing VM operation: G1CollectForAllocation
Event: 7.514 Executing VM operation: G1CollectForAllocation done
Event: 7.548 Executing VM operation: G1Concurrent
Event: 7.551 Executing VM operation: G1Concurrent done
Event: 7.565 Executing VM operation: G1Concurrent
Event: 7.565 Executing VM operation: G1Concurrent done
Event: 7.742 Executing VM operation: G1CollectForAllocation
Event: 7.746 Executing VM operation: G1CollectForAllocation done
Event: 7.803 Executing VM operation: G1CollectForAllocation
Event: 7.805 Executing VM operation: G1CollectForAllocation done
Event: 8.124 Executing VM operation: G1CollectForAllocation

Events (20 events):
Event: 7.188 loading class java/io/IOError done
Event: 7.191 loading class java/nio/channels/FileChannel$MapMode
Event: 7.191 loading class java/nio/channels/FileChannel$MapMode done
Event: 7.191 loading class jdk/internal/misc/ExtendedMapMode
Event: 7.192 loading class jdk/internal/misc/ExtendedMapMode done
Event: 7.192 loading class sun/nio/ch/FileChannelImpl$DefaultUnmapper
Event: 7.192 loading class sun/nio/ch/FileChannelImpl$Unmapper
Event: 7.192 loading class jdk/internal/access/foreign/UnmapperProxy
Event: 7.192 loading class jdk/internal/access/foreign/UnmapperProxy done
Event: 7.192 loading class sun/nio/ch/FileChannelImpl$Unmapper done
Event: 7.192 loading class sun/nio/ch/FileChannelImpl$DefaultUnmapper done
Event: 7.192 loading class sun/nio/ch/Util$4
Event: 7.192 loading class sun/nio/ch/Util$4 done
Event: 7.193 loading class java/io/UTFDataFormatException
Event: 7.193 loading class java/io/UTFDataFormatException done
Event: 7.240 Thread 0x000001ef22f9a850 Thread added: 0x000001ef22f9a850
Event: 7.484 loading class java/nio/channels/Channels$ReadableByteChannelImpl
Event: 7.484 loading class java/nio/channels/Channels$ReadableByteChannelImpl done
Event: 7.485 loading class java/nio/channels/NonWritableChannelException
Event: 7.485 loading class java/nio/channels/NonWritableChannelException done


Dynamic libraries:
0x00007ff68b030000 - 0x00007ff68b03a000 	C:\Program Files\Android\Android Studio\jbr\bin\java.exe
0x00007ffef7170000 - 0x00007ffef7387000 	C:\WINDOWS\SYSTEM32\ntdll.dll
0x00007ffef5f20000 - 0x00007ffef5fe4000 	C:\WINDOWS\System32\KERNEL32.DLL
0x00007ffef4a30000 - 0x00007ffef4dd6000 	C:\WINDOWS\System32\KERNELBASE.dll
0x00007ffef4570000 - 0x00007ffef4681000 	C:\WINDOWS\System32\ucrtbase.dll
0x00007ffee0e50000 - 0x00007ffee0e67000 	C:\Program Files\Android\Android Studio\jbr\bin\jli.dll
0x00007ffeeb520000 - 0x00007ffeeb53b000 	C:\Program Files\Android\Android Studio\jbr\bin\VCRUNTIME140.dll
0x00007ffef52d0000 - 0x00007ffef547d000 	C:\WINDOWS\System32\USER32.dll
0x00007ffef4ea0000 - 0x00007ffef4ec6000 	C:\WINDOWS\System32\win32u.dll
0x00007ffeda580000 - 0x00007ffeda813000 	C:\WINDOWS\WinSxS\amd64_microsoft.windows.common-controls_6595b64144ccf1df_6.0.22621.2361_none_2712ced57382f843\COMCTL32.dll
0x00007ffef6b60000 - 0x00007ffef6b89000 	C:\WINDOWS\System32\GDI32.dll
0x00007ffef6d30000 - 0x00007ffef6dd7000 	C:\WINDOWS\System32\msvcrt.dll
0x00007ffef4800000 - 0x00007ffef4918000 	C:\WINDOWS\System32\gdi32full.dll
0x00007ffef4990000 - 0x00007ffef4a2a000 	C:\WINDOWS\System32\msvcp_win.dll
0x00007ffef5ee0000 - 0x00007ffef5f11000 	C:\WINDOWS\System32\IMM32.DLL
0x00007ffeef8b0000 - 0x00007ffeef8bc000 	C:\Program Files\Android\Android Studio\jbr\bin\vcruntime140_1.dll
0x00007ffeeb490000 - 0x00007ffeeb51d000 	C:\Program Files\Android\Android Studio\jbr\bin\msvcp140.dll
0x00007ffe6f200000 - 0x00007ffe6fe6e000 	C:\Program Files\Android\Android Studio\jbr\bin\server\jvm.dll
0x00007ffef5ff0000 - 0x00007ffef60a0000 	C:\WINDOWS\System32\ADVAPI32.dll
0x00007ffef50b0000 - 0x00007ffef5156000 	C:\WINDOWS\System32\sechost.dll
0x00007ffef4f90000 - 0x00007ffef50a7000 	C:\WINDOWS\System32\RPCRT4.dll
0x00007ffef17b0000 - 0x00007ffef17b9000 	C:\WINDOWS\SYSTEM32\WSOCK32.dll
0x00007ffee4a80000 - 0x00007ffee4ab4000 	C:\WINDOWS\SYSTEM32\WINMM.dll
0x00007ffeedf70000 - 0x00007ffeedf7a000 	C:\WINDOWS\SYSTEM32\VERSION.dll
0x00007ffef6c90000 - 0x00007ffef6d01000 	C:\WINDOWS\System32\WS2_32.dll
0x00007ffef34d0000 - 0x00007ffef34e8000 	C:\WINDOWS\SYSTEM32\kernel.appcore.dll
0x00007ffef1800000 - 0x00007ffef180a000 	C:\Program Files\Android\Android Studio\jbr\bin\jimage.dll
0x00007ffee4770000 - 0x00007ffee499e000 	C:\WINDOWS\SYSTEM32\DBGHELP.DLL
0x00007ffef67d0000 - 0x00007ffef6b5a000 	C:\WINDOWS\System32\combase.dll
0x00007ffef7040000 - 0x00007ffef7117000 	C:\WINDOWS\System32\OLEAUT32.dll
0x00007ffee4b30000 - 0x00007ffee4b62000 	C:\WINDOWS\SYSTEM32\dbgcore.DLL
0x00007ffef44f0000 - 0x00007ffef456a000 	C:\WINDOWS\System32\bcryptPrimitives.dll
0x00007ffee3ac0000 - 0x00007ffee3ace000 	C:\Program Files\Android\Android Studio\jbr\bin\instrument.dll
0x00007ffeef870000 - 0x00007ffeef895000 	C:\Program Files\Android\Android Studio\jbr\bin\java.dll
0x00007ffee5830000 - 0x00007ffee5848000 	C:\Program Files\Android\Android Studio\jbr\bin\zip.dll
0x00007ffef5680000 - 0x00007ffef5ed8000 	C:\WINDOWS\System32\SHELL32.dll
0x00007ffef2450000 - 0x00007ffef2d42000 	C:\WINDOWS\SYSTEM32\windows.storage.dll
0x00007ffef2310000 - 0x00007ffef244e000 	C:\WINDOWS\SYSTEM32\wintypes.dll
0x00007ffef6b90000 - 0x00007ffef6c83000 	C:\WINDOWS\System32\SHCORE.dll
0x00007ffef4f30000 - 0x00007ffef4f8e000 	C:\WINDOWS\System32\shlwapi.dll
0x00007ffef4420000 - 0x00007ffef4446000 	C:\WINDOWS\SYSTEM32\profapi.dll
0x00007ffee3e80000 - 0x00007ffee3e99000 	C:\Program Files\Android\Android Studio\jbr\bin\net.dll
0x00007ffeed9a0000 - 0x00007ffeedad7000 	C:\WINDOWS\SYSTEM32\WINHTTP.dll
0x00007ffef39b0000 - 0x00007ffef3a19000 	C:\WINDOWS\system32\mswsock.dll
0x00007ffee3e60000 - 0x00007ffee3e76000 	C:\Program Files\Android\Android Studio\jbr\bin\nio.dll
0x00007ffef1780000 - 0x00007ffef1790000 	C:\Program Files\Android\Android Studio\jbr\bin\verify.dll
0x00007ffeeb310000 - 0x00007ffeeb337000 	C:\Users\matel\.gradle\native\c067742578af261105cb4f569cf0c3c89f3d7b1fecec35dd04571415982c5e48\windows-amd64\native-platform.dll
0x00007ffeeae30000 - 0x00007ffeeaf74000 	C:\Users\matel\.gradle\native\38dada09dfb8b06ba9b0570ebf7e218e3eb74d4ef43ca46872605cf95ebc2f47\windows-amd64\native-platform-file-events.dll
0x00007ffee58c0000 - 0x00007ffee58c9000 	C:\Program Files\Android\Android Studio\jbr\bin\management.dll
0x00007ffee3ad0000 - 0x00007ffee3adb000 	C:\Program Files\Android\Android Studio\jbr\bin\management_ext.dll
0x00007ffef7030000 - 0x00007ffef7038000 	C:\WINDOWS\System32\PSAPI.DLL
0x00007ffef3c00000 - 0x00007ffef3c1b000 	C:\WINDOWS\SYSTEM32\CRYPTSP.dll
0x00007ffef3490000 - 0x00007ffef34c5000 	C:\WINDOWS\system32\rsaenh.dll
0x00007ffef3aa0000 - 0x00007ffef3acc000 	C:\WINDOWS\SYSTEM32\USERENV.dll
0x00007ffef3da0000 - 0x00007ffef3dc8000 	C:\WINDOWS\SYSTEM32\bcrypt.dll
0x00007ffef3c20000 - 0x00007ffef3c2c000 	C:\WINDOWS\SYSTEM32\CRYPTBASE.dll
0x00007ffef2fb0000 - 0x00007ffef2fdd000 	C:\WINDOWS\SYSTEM32\IPHLPAPI.DLL
0x00007ffef60a0000 - 0x00007ffef60a9000 	C:\WINDOWS\System32\NSI.dll
0x00007ffeed7d0000 - 0x00007ffeed7e9000 	C:\WINDOWS\SYSTEM32\dhcpcsvc6.DLL
0x00007ffeed7b0000 - 0x00007ffeed7cf000 	C:\WINDOWS\SYSTEM32\dhcpcsvc.DLL
0x00007ffef3020000 - 0x00007ffef3119000 	C:\WINDOWS\SYSTEM32\DNSAPI.dll
0x00007ffecef30000 - 0x00007ffecef38000 	C:\WINDOWS\system32\wshunix.dll

dbghelp: loaded successfully - version: 4.0.5 - missing functions: none
symbol engine: initialized successfully - sym options: 0x614 - pdb path: .;C:\Program Files\Android\Android Studio\jbr\bin;C:\WINDOWS\SYSTEM32;C:\WINDOWS\WinSxS\amd64_microsoft.windows.common-controls_6595b64144ccf1df_6.0.22621.2361_none_2712ced57382f843;C:\Program Files\Android\Android Studio\jbr\bin\server;C:\Users\matel\.gradle\native\c067742578af261105cb4f569cf0c3c89f3d7b1fecec35dd04571415982c5e48\windows-amd64;C:\Users\matel\.gradle\native\38dada09dfb8b06ba9b0570ebf7e218e3eb74d4ef43ca46872605cf95ebc2f47\windows-amd64

VM Arguments:
jvm_args: --add-opens=java.base/java.util=ALL-UNNAMED --add-opens=java.base/java.lang=ALL-UNNAMED --add-opens=java.base/java.lang.invoke=ALL-UNNAMED --add-opens=java.prefs/java.util.prefs=ALL-UNNAMED --add-opens=java.base/java.nio.charset=ALL-UNNAMED --add-opens=java.base/java.net=ALL-UNNAMED --add-opens=java.base/java.util.concurrent.atomic=ALL-UNNAMED -Xmx2048m -Dfile.encoding=UTF-8 -Duser.country=ES -Duser.language=es -Duser.variant -javaagent:C:\Users\matel\.gradle\wrapper\dists\gradle-8.4-bin\1w5dpkrfk8irigvoxmyhowfim\gradle-8.4\lib\agents\gradle-instrumentation-agent-8.4.jar 
java_command: org.gradle.launcher.daemon.bootstrap.GradleDaemon 8.4
java_class_path (initial): C:\Users\matel\.gradle\wrapper\dists\gradle-8.4-bin\1w5dpkrfk8irigvoxmyhowfim\gradle-8.4\lib\gradle-launcher-8.4.jar
Launcher Type: SUN_STANDARD

[Global flags]
     intx CICompilerCount                          = 4                                         {product} {ergonomic}
     uint ConcGCThreads                            = 3                                         {product} {ergonomic}
     uint G1ConcRefinementThreads                  = 10                                        {product} {ergonomic}
   size_t G1HeapRegionSize                         = 1048576                                   {product} {ergonomic}
    uintx GCDrainStackTargetSize                   = 64                                        {product} {ergonomic}
   size_t InitialHeapSize                          = 251658240                                 {product} {ergonomic}
   size_t MarkStackSize                            = 4194304                                   {product} {ergonomic}
   size_t MaxHeapSize                              = 2147483648                                {product} {command line}
   size_t MaxNewSize                               = 1287651328                                {product} {ergonomic}
   size_t MinHeapDeltaBytes                        = 1048576                                   {product} {ergonomic}
   size_t MinHeapSize                              = 8388608                                   {product} {ergonomic}
    uintx NonNMethodCodeHeapSize                   = 5839372                                {pd product} {ergonomic}
    uintx NonProfiledCodeHeapSize                  = 122909434                              {pd product} {ergonomic}
    uintx ProfiledCodeHeapSize                     = 122909434                              {pd product} {ergonomic}
    uintx ReservedCodeCacheSize                    = 251658240                              {pd product} {ergonomic}
     bool SegmentedCodeCache                       = true                                      {product} {ergonomic}
   size_t SoftMaxHeapSize                          = 2147483648                             {manageable} {ergonomic}
     bool UseCompressedClassPointers               = true                           {product lp64_product} {ergonomic}
     bool UseCompressedOops                        = true                           {product lp64_product} {ergonomic}
     bool UseG1GC                                  = true                                      {product} {ergonomic}
     bool UseLargePagesIndividualAllocation        = false                                  {pd product} {ergonomic}

Logging:
Log output configuration:
 #0: stdout all=warning uptime,level,tags
 #1: stderr all=off uptime,level,tags

Environment Variables:
PATH=C:\Program Files (x86)\VMware\VMware Player\bin\;C:\WINDOWS\system32;C:\WINDOWS;C:\WINDOWS\System32\Wbem;C:\WINDOWS\System32\WindowsPowerShell\v1.0\;C:\WINDOWS\System32\OpenSSH\;C:\Program Files\Microsoft VS Code\bin;C:\Users\matel\AppData\Local\Programs\Python\Python311;C:\Program Files (x86)\NVIDIA Corporation\PhysX\Common;C:\Program Files\NVIDIA Corporation\NVIDIA NvDLISR;C:\Program Files\Microsoft SQL Server\150\Tools\Binn\;C:\Program Files (x86)\Intel\Intel(R) Management Engine Components\DAL;C:\Program Files\Intel\Intel(R) Management Engine Components\DAL;C:\Program Files\Microsoft SQL Server\Client SDK\ODBC\170\Tools\Binn\;C:\Program Files\Docker\Docker\resources\bin;C:\Program Files (x86)\Microsoft SQL Server\160\Tools\Binn\;C:\Program Files\Microsoft SQL Server\160\Tools\Binn\;C:\Program Files\Microsoft SQL Server\160\DTS\Binn\;C:\Program Files (x86)\Microsoft SQL Server\160\DTS\Binn\;C:\Program Files\Azure Data Studio\bin;C:\Program Files\dotnet\;C:\Program Files\Git\cmd;C:\Users\matel\AppData\Local\Microsoft\WindowsApps;C:\Users\matel\.dotnet\tools;C:\Program Files\Azure Data Studio\bin;C:\Users\matel\AppData\Local\GitHubDesktop\bin
USERNAME=orion
OS=Windows_NT
PROCESSOR_IDENTIFIER=Intel64 Family 6 Model 158 Stepping 10, GenuineIntel
TMP=C:\Users\matel\AppData\Local\Temp
TEMP=C:\Users\matel\AppData\Local\Temp


JNI global refs:
JNI global refs: 27, weak refs: 0

JNI global refs memory usage: 843, weak refs: 841


---------------  S Y S T E M  ---------------

OS:
 Windows 11 , 64 bit Build 22621 (10.0.22621.2428)
OS uptime: 0 days 1:09 hours

CPU: total 12 (initial active 12) (6 cores per cpu, 2 threads per core) family 6 model 158 stepping 10 microcode 0xde, cx8, cmov, fxsr, ht, mmx, 3dnowpref, sse, sse2, sse3, ssse3, sse4.1, sse4.2, popcnt, lzcnt, tsc, tscinvbit, avx, avx2, aes, erms, clmul, bmi1, bmi2, rtm, adx, fma, vzeroupper, clflush, clflushopt

Memory: 4k page, system-wide physical 15289M (767M free)
TotalPageFile size 19385M (AvailPageFile size 69M)
current process WorkingSet (physical memory assigned to process): 512M, peak: 524M
current process commit charge ("private bytes"): 550M, peak: 805M

vm_info: OpenJDK 64-Bit Server VM (17.0.6+0-b2043.56-10027231) for windows-amd64 JRE (17.0.6+0-b2043.56-10027231), built on Apr 28 2023 00:43:19 by "androidbuild" with MS VC++ 16.10 / 16.11 (VS2019)

END.
