#
# There is insufficient memory for the Java Runtime Environment to continue.
# Native memory allocation (malloc) failed to allocate 2123536 bytes for Chunk::new
# Possible reasons:
#   The system is out of physical RAM or swap space
#   The process is running with CompressedOops enabled, and the Java Heap may be blocking the growth of the native heap
# Possible solutions:
#   Reduce memory load on the system
#   Increase physical memory or swap space
#   Check if swap backing store is full
#   Decrease Java heap size (-Xmx/-Xms)
#   Decrease number of Java threads
#   Decrease Java thread stack sizes (-Xss)
#   Set larger code cache with -XX:ReservedCodeCacheSize=
#   JVM is running with Unscaled Compressed Oops mode in which the Java heap is
#     placed in the first 4GB address space. The Java Heap base address is the
#     maximum limit for the native heap growth. Please use -XX:HeapBaseMinAddress
#     to set the Java Heap base and to place the Java Heap above 4GB virtual address.
# This output file may be truncated or incomplete.
#
#  Out of Memory Error (arena.cpp:189), pid=17156, tid=10172
#
# JRE version: OpenJDK Runtime Environment (17.0.6) (build 17.0.6+0-b2043.56-10027231)
# Java VM: OpenJDK 64-Bit Server VM (17.0.6+0-b2043.56-10027231, mixed mode, tiered, compressed oops, compressed class ptrs, g1 gc, windows-amd64)
# No core dump will be written. Minidumps are not enabled by default on client versions of Windows
#

---------------  S U M M A R Y ------------

Command Line: --add-opens=java.base/java.util=ALL-UNNAMED --add-opens=java.base/java.lang=ALL-UNNAMED --add-opens=java.base/java.lang.invoke=ALL-UNNAMED --add-opens=java.prefs/java.util.prefs=ALL-UNNAMED --add-opens=java.base/java.nio.charset=ALL-UNNAMED --add-opens=java.base/java.net=ALL-UNNAMED --add-opens=java.base/java.util.concurrent.atomic=ALL-UNNAMED -Xmx2048m -Dfile.encoding=UTF-8 -Duser.country=ES -Duser.language=es -Duser.variant -javaagent:C:\Users\matel\.gradle\wrapper\dists\gradle-8.4-bin\1w5dpkrfk8irigvoxmyhowfim\gradle-8.4\lib\agents\gradle-instrumentation-agent-8.4.jar org.gradle.launcher.daemon.bootstrap.GradleDaemon 8.4

Host: Intel(R) Core(TM) i7-8700K CPU @ 3.70GHz, 12 cores, 14G,  Windows 11 , 64 bit Build 22621 (10.0.22621.2428)
Time: Sat Oct 14 17:25:19 2023 Hora de verano GMT elapsed time: 7.119050 seconds (0d 0h 0m 7s)

---------------  T H R E A D  ---------------

Current thread (0x00000211fca374d0):  JavaThread "C2 CompilerThread1" daemon [_thread_in_native, id=10172, stack(0x000000b8a0100000,0x000000b8a0200000)]


Current CompileTask:
C2:   7119 6279   !   4       org.jetbrains.kotlin.metadata.ProtoBuf$Function::<init> (1410 bytes)

Stack: [0x000000b8a0100000,0x000000b8a0200000]
Native frames: (J=compiled Java code, j=interpreted, Vv=VM code, C=native code)
V  [jvm.dll+0x683c9a]
V  [jvm.dll+0x8427a4]
V  [jvm.dll+0x843f9e]
V  [jvm.dll+0x844603]
V  [jvm.dll+0x249b75]
V  [jvm.dll+0xabcac]
V  [jvm.dll+0xac27c]
V  [jvm.dll+0x368802]
V  [jvm.dll+0x332f31]
V  [jvm.dll+0x3323da]
V  [jvm.dll+0x21c201]
V  [jvm.dll+0x21b621]
V  [jvm.dll+0x1a4fdd]
V  [jvm.dll+0x22b098]
V  [jvm.dll+0x229159]
V  [jvm.dll+0x7f81ec]
V  [jvm.dll+0x7f274a]
V  [jvm.dll+0x682ad5]
C  [ucrtbase.dll+0x29363]
C  [KERNEL32.DLL+0x1257d]
C  [ntdll.dll+0x5aa78]


---------------  P R O C E S S  ---------------

Threads class SMR info:
_java_thread_list=0x00000211f9c35a90, length=48, elements={
0x00000211d9c60660, 0x00000211f6865110, 0x00000211f6866590, 0x00000211f689e8c0,
0x00000211f689f380, 0x00000211f68b7300, 0x00000211f68b7cb0, 0x00000211f68b9050,
0x00000211f68bcc40, 0x00000211f68bd630, 0x00000211f69bc8e0, 0x00000211f6afe7d0,
0x00000211f9ea0b00, 0x00000211f7c49d80, 0x00000211f77ff020, 0x00000211f7d62840,
0x00000211f9285670, 0x00000211f8f81710, 0x00000211f930c630, 0x00000211f906fde0,
0x00000211f9070c50, 0x00000211f906f910, 0x00000211f9070780, 0x00000211f906e5d0,
0x00000211f90702b0, 0x00000211f906eaa0, 0x00000211f9071ac0, 0x00000211f9071f90,
0x00000211f9f3e3f0, 0x00000211f9f400d0, 0x00000211f9f3c240, 0x00000211f9f3e8c0,
0x00000211f9f3b8a0, 0x00000211f9f3ed90, 0x00000211f9f3cbe0, 0x00000211f9f3fc00,
0x00000211f9f3f260, 0x00000211f9f3aa30, 0x00000211f9f39bc0, 0x00000211f9f3da50,
0x00000211f9f3df20, 0x00000211f9f3af00, 0x00000211f9f3d0b0, 0x00000211f9f3f730,
0x00000211f9f405a0, 0x00000211f9f3a090, 0x00000211fca374d0, 0x00000211fca379e0
}

Java Threads: ( => current thread )
  0x00000211d9c60660 JavaThread "main" [_thread_blocked, id=17108, stack(0x000000b89ee00000,0x000000b89ef00000)]
  0x00000211f6865110 JavaThread "Reference Handler" daemon [_thread_blocked, id=16844, stack(0x000000b89f500000,0x000000b89f600000)]
  0x00000211f6866590 JavaThread "Finalizer" daemon [_thread_blocked, id=16740, stack(0x000000b89f600000,0x000000b89f700000)]
  0x00000211f689e8c0 JavaThread "Signal Dispatcher" daemon [_thread_blocked, id=16776, stack(0x000000b89f700000,0x000000b89f800000)]
  0x00000211f689f380 JavaThread "Attach Listener" daemon [_thread_blocked, id=16904, stack(0x000000b89f800000,0x000000b89f900000)]
  0x00000211f68b7300 JavaThread "Service Thread" daemon [_thread_blocked, id=14304, stack(0x000000b89f900000,0x000000b89fa00000)]
  0x00000211f68b7cb0 JavaThread "Monitor Deflation Thread" daemon [_thread_blocked, id=16976, stack(0x000000b89fa00000,0x000000b89fb00000)]
  0x00000211f68b9050 JavaThread "C2 CompilerThread0" daemon [_thread_blocked, id=17144, stack(0x000000b89fb00000,0x000000b89fc00000)]
  0x00000211f68bcc40 JavaThread "C1 CompilerThread0" daemon [_thread_in_native, id=16452, stack(0x000000b89fc00000,0x000000b89fd00000)]
  0x00000211f68bd630 JavaThread "Sweeper thread" daemon [_thread_blocked, id=16920, stack(0x000000b89fd00000,0x000000b89fe00000)]
  0x00000211f69bc8e0 JavaThread "Common-Cleaner" daemon [_thread_blocked, id=17116, stack(0x000000b89fe00000,0x000000b89ff00000)]
  0x00000211f6afe7d0 JavaThread "Notification Thread" daemon [_thread_blocked, id=9112, stack(0x000000b89ff00000,0x000000b8a0000000)]
  0x00000211f9ea0b00 JavaThread "Daemon health stats" [_thread_blocked, id=17152, stack(0x000000b8a0700000,0x000000b8a0800000)]
  0x00000211f7c49d80 JavaThread "Incoming local TCP Connector on port 51303" [_thread_in_native, id=16864, stack(0x000000b8a0800000,0x000000b8a0900000)]
  0x00000211f77ff020 JavaThread "Daemon periodic checks" [_thread_blocked, id=16748, stack(0x000000b8a0900000,0x000000b8a0a00000)]
  0x00000211f7d62840 JavaThread "Daemon" [_thread_blocked, id=16932, stack(0x000000b8a0a00000,0x000000b8a0b00000)]
  0x00000211f9285670 JavaThread "Handler for socket connection from /127.0.0.1:51303 to /127.0.0.1:51304" [_thread_in_native, id=16752, stack(0x000000b8a0b00000,0x000000b8a0c00000)]
  0x00000211f8f81710 JavaThread "Cancel handler" [_thread_blocked, id=17136, stack(0x000000b8a0c00000,0x000000b8a0d00000)]
  0x00000211f930c630 JavaThread "Daemon worker" [_thread_in_Java, id=17344, stack(0x000000b8a0d00000,0x000000b8a0e00000)]
  0x00000211f906fde0 JavaThread "Asynchronous log dispatcher for DefaultDaemonConnection: socket connection from /127.0.0.1:51303 to /127.0.0.1:51304" [_thread_blocked, id=13524, stack(0x000000b8a0e00000,0x000000b8a0f00000)]
  0x00000211f9070c50 JavaThread "Stdin handler" [_thread_blocked, id=17340, stack(0x000000b8a0f00000,0x000000b8a1000000)]
  0x00000211f906f910 JavaThread "Daemon client event forwarder" [_thread_blocked, id=17348, stack(0x000000b8a1000000,0x000000b8a1100000)]
  0x00000211f9070780 JavaThread "Cache worker for journal cache (C:\Users\matel\.gradle\caches\journal-1)" [_thread_blocked, id=11964, stack(0x000000b8a0200000,0x000000b8a0300000)]
  0x00000211f906e5d0 JavaThread "File lock request listener" [_thread_in_native, id=15220, stack(0x000000b8a1800000,0x000000b8a1900000)]
  0x00000211f90702b0 JavaThread "Cache worker for file hash cache (C:\Users\matel\.gradle\caches\8.4\fileHashes)" [_thread_blocked, id=14556, stack(0x000000b8a1900000,0x000000b8a1a00000)]
  0x00000211f906eaa0 JavaThread "File watcher server" daemon [_thread_in_native, id=16196, stack(0x000000b8a1b00000,0x000000b8a1c00000)]
  0x00000211f9071ac0 JavaThread "File watcher consumer" daemon [_thread_blocked, id=16596, stack(0x000000b8a1c00000,0x000000b8a1d00000)]
  0x00000211f9071f90 JavaThread "jar transforms" [_thread_blocked, id=7328, stack(0x000000b8a1d00000,0x000000b8a1e00000)]
  0x00000211f9f3e3f0 JavaThread "jar transforms Thread 2" [_thread_blocked, id=7420, stack(0x000000b8a1e00000,0x000000b8a1f00000)]
  0x00000211f9f400d0 JavaThread "jar transforms Thread 3" [_thread_blocked, id=15704, stack(0x000000b8a1f00000,0x000000b8a2000000)]
  0x00000211f9f3c240 JavaThread "jar transforms Thread 4" [_thread_blocked, id=6792, stack(0x000000b8a2000000,0x000000b8a2100000)]
  0x00000211f9f3e8c0 JavaThread "jar transforms Thread 5" [_thread_blocked, id=9516, stack(0x000000b8a2100000,0x000000b8a2200000)]
  0x00000211f9f3b8a0 JavaThread "jar transforms Thread 6" [_thread_blocked, id=13764, stack(0x000000b8a2200000,0x000000b8a2300000)]
  0x00000211f9f3ed90 JavaThread "jar transforms Thread 7" [_thread_blocked, id=14192, stack(0x000000b8a2300000,0x000000b8a2400000)]
  0x00000211f9f3cbe0 JavaThread "jar transforms Thread 8" [_thread_blocked, id=15448, stack(0x000000b8a2400000,0x000000b8a2500000)]
  0x00000211f9f3fc00 JavaThread "jar transforms Thread 9" [_thread_blocked, id=8324, stack(0x000000b8a2500000,0x000000b8a2600000)]
  0x00000211f9f3f260 JavaThread "jar transforms Thread 10" [_thread_blocked, id=11292, stack(0x000000b8a2600000,0x000000b8a2700000)]
  0x00000211f9f3aa30 JavaThread "jar transforms Thread 11" [_thread_blocked, id=9572, stack(0x000000b8a2700000,0x000000b8a2800000)]
  0x00000211f9f39bc0 JavaThread "jar transforms Thread 12" [_thread_blocked, id=17372, stack(0x000000b8a2800000,0x000000b8a2900000)]
  0x00000211f9f3da50 JavaThread "Cache worker for checksums cache (C:\Projects\Android\SendImage\.gradle\8.4\checksums)" [_thread_blocked, id=348, stack(0x000000b8a2900000,0x000000b8a2a00000)]
  0x00000211f9f3df20 JavaThread "Cache worker for file hash cache (C:\Projects\Android\SendImage\.gradle\8.4\fileHashes)" [_thread_blocked, id=6332, stack(0x000000b8a2a00000,0x000000b8a2b00000)]
  0x00000211f9f3af00 JavaThread "Cache worker for cache directory md-supplier (C:\Users\matel\.gradle\caches\8.4\md-supplier)" [_thread_blocked, id=12000, stack(0x000000b8a2b00000,0x000000b8a2c00000)]
  0x00000211f9f3d0b0 JavaThread "Cache worker for file content cache (C:\Users\matel\.gradle\caches\8.4\fileContent)" [_thread_blocked, id=11680, stack(0x000000b8a2c00000,0x000000b8a2d00000)]
  0x00000211f9f3f730 JavaThread "Cache worker for cache directory md-rule (C:\Users\matel\.gradle\caches\8.4\md-rule)" [_thread_blocked, id=10104, stack(0x000000b8a2d00000,0x000000b8a2e00000)]
  0x00000211f9f405a0 JavaThread "Cache worker for execution history cache (C:\Users\matel\.gradle\caches\8.4\executionHistory)" [_thread_blocked, id=16472, stack(0x000000b8a2e00000,0x000000b8a2f00000)]
  0x00000211f9f3a090 JavaThread "Cache worker for kotlin-dsl (C:\Users\matel\.gradle\caches\8.4\kotlin-dsl)" [_thread_blocked, id=13128, stack(0x000000b8a2f00000,0x000000b8a3000000)]
=>0x00000211fca374d0 JavaThread "C2 CompilerThread1" daemon [_thread_in_native, id=10172, stack(0x000000b8a0100000,0x000000b8a0200000)]
  0x00000211fca379e0 JavaThread "C2 CompilerThread2" daemon [_thread_in_native, id=7832, stack(0x000000b8a1a00000,0x000000b8a1b00000)]

Other Threads:
  0x00000211f68617c0 VMThread "VM Thread" [stack: 0x000000b89f400000,0x000000b89f500000] [id=17192]
  0x00000211f6afeca0 WatcherThread [stack: 0x000000b8a0000000,0x000000b8a0100000] [id=17024]
  0x00000211d9b6e880 GCTaskThread "GC Thread#0" [stack: 0x000000b89ef00000,0x000000b89f000000] [id=17200]
  0x00000211f731f680 GCTaskThread "GC Thread#1" [stack: 0x000000b8a0300000,0x000000b8a0400000] [id=17176]
  0x00000211f7e66250 GCTaskThread "GC Thread#2" [stack: 0x000000b8a0400000,0x000000b8a0500000] [id=16912]
  0x00000211f7e66500 GCTaskThread "GC Thread#3" [stack: 0x000000b8a0500000,0x000000b8a0600000] [id=16676]
  0x00000211f7e66bc0 GCTaskThread "GC Thread#4" [stack: 0x000000b8a0600000,0x000000b8a0700000] [id=17104]
  0x00000211f97a7420 GCTaskThread "GC Thread#5" [stack: 0x000000b8a1100000,0x000000b8a1200000] [id=17320]
  0x00000211f8c6f360 GCTaskThread "GC Thread#6" [stack: 0x000000b8a1200000,0x000000b8a1300000] [id=14408]
  0x00000211f82ff060 GCTaskThread "GC Thread#7" [stack: 0x000000b8a1300000,0x000000b8a1400000] [id=16020]
  0x00000211f82ff310 GCTaskThread "GC Thread#8" [stack: 0x000000b8a1400000,0x000000b8a1500000] [id=9612]
  0x00000211f82ff5c0 GCTaskThread "GC Thread#9" [stack: 0x000000b8a1500000,0x000000b8a1600000] [id=13288]
  0x00000211d9cc9860 ConcurrentGCThread "G1 Main Marker" [stack: 0x000000b89f000000,0x000000b89f100000] [id=16896]
  0x00000211d9cca180 ConcurrentGCThread "G1 Conc#0" [stack: 0x000000b89f100000,0x000000b89f200000] [id=7452]
  0x00000211f80a7160 ConcurrentGCThread "G1 Conc#1" [stack: 0x000000b8a1600000,0x000000b8a1700000] [id=14452]
  0x00000211f83eec00 ConcurrentGCThread "G1 Conc#2" [stack: 0x000000b8a1700000,0x000000b8a1800000] [id=11480]
  0x00000211f5c6c150 ConcurrentGCThread "G1 Refine#0" [stack: 0x000000b89f200000,0x000000b89f300000] [id=17204]
  0x00000211fd80dab0 ConcurrentGCThread "G1 Refine#1" [stack: 0x000000b8a3000000,0x000000b8a3100000] [id=5696]
  0x00000211fd80eed0 ConcurrentGCThread "G1 Refine#2" [stack: 0x000000b8a3100000,0x000000b8a3200000] [id=16364]
  0x00000211fd80f490 ConcurrentGCThread "G1 Refine#3" [stack: 0x000000b8a3200000,0x000000b8a3300000] [id=12924]
  0x00000211fd80f770 ConcurrentGCThread "G1 Refine#4" [stack: 0x000000b8a3300000,0x000000b8a3400000] [id=13992]
  0x0000021180bcb680 ConcurrentGCThread "G1 Refine#5" [stack: 0x000000b8a3400000,0x000000b8a3500000] [id=3816]
  0x0000021180bcc4e0 ConcurrentGCThread "G1 Refine#6" [stack: 0x000000b8a3500000,0x000000b8a3600000] [id=3788]
  0x0000021180bc9ca0 ConcurrentGCThread "G1 Refine#7" [stack: 0x000000b8a3600000,0x000000b8a3700000] [id=2304]
  0x0000021180bcbc40 ConcurrentGCThread "G1 Refine#8" [stack: 0x000000b8a3700000,0x000000b8a3800000] [id=6552]
  0x00000211f5c6ca80 ConcurrentGCThread "G1 Service" [stack: 0x000000b89f300000,0x000000b89f400000] [id=17120]

Threads with active compile tasks:
C2 CompilerThread1     7134 6279   !   4       org.jetbrains.kotlin.metadata.ProtoBuf$Function::<init> (1410 bytes)
C2 CompilerThread2     7135 6319       4       org.jetbrains.kotlin.load.java.structure.impl.classFiles.BinaryClassSignatureParser::parseParameterizedClassRefSignature (262 bytes)

VM state: not at safepoint (normal execution)

VM Mutex/Monitor currently owned by a thread: None

Heap address: 0x0000000080000000, size: 2048 MB, Compressed Oops mode: 32-bit

CDS archive(s) not mapped
Compressed class space mapped at: 0x0000000100000000-0x0000000140000000, reserved size: 1073741824
Narrow klass base: 0x0000000000000000, Narrow klass shift: 3, Narrow klass range: 0x140000000

GC Precious Log:
 CPUs: 12 total, 12 available
 Memory: 15289M
 Large Page Support: Disabled
 NUMA Support: Disabled
 Compressed Oops: Enabled (32-bit)
 Heap Region Size: 1M
 Heap Min Capacity: 8M
 Heap Initial Capacity: 240M
 Heap Max Capacity: 2G
 Pre-touch: Disabled
 Parallel Workers: 10
 Concurrent Workers: 3
 Concurrent Refinement Workers: 10
 Periodic GC: Disabled

Heap:
 garbage-first heap   total 186368K, used 98548K [0x0000000080000000, 0x0000000100000000)
  region size 1024K, 2 young (2048K), 1 survivors (1024K)
 Metaspace       used 90836K, committed 91456K, reserved 1130496K
  class space    used 12079K, committed 12352K, reserved 1048576K

Heap Regions: E=young(eden), S=young(survivor), O=old, HS=humongous(starts), HC=humongous(continues), CS=collection set, F=free, OA=open archive, CA=closed archive, TAMS=top-at-mark-start (previous, next)
|   0|0x0000000080000000, 0x0000000080100000, 0x0000000080100000|100%|HS|  |TAMS 0x0000000080100000, 0x0000000080000000| Complete 
|   1|0x0000000080100000, 0x0000000080200000, 0x0000000080200000|100%|HC|  |TAMS 0x0000000080200000, 0x0000000080100000| Complete 
|   2|0x0000000080200000, 0x0000000080300000, 0x0000000080300000|100%|HC|  |TAMS 0x0000000080300000, 0x0000000080200000| Complete 
|   3|0x0000000080300000, 0x0000000080400000, 0x0000000080400000|100%|HC|  |TAMS 0x0000000080400000, 0x0000000080300000| Complete 
|   4|0x0000000080400000, 0x0000000080500000, 0x0000000080500000|100%| O|  |TAMS 0x0000000080500000, 0x0000000080400000| Untracked 
|   5|0x0000000080500000, 0x0000000080600000, 0x0000000080600000|100%| O|  |TAMS 0x0000000080600000, 0x0000000080500000| Untracked 
|   6|0x0000000080600000, 0x0000000080700000, 0x0000000080700000|100%| O|  |TAMS 0x0000000080700000, 0x0000000080600000| Untracked 
|   7|0x0000000080700000, 0x0000000080800000, 0x0000000080800000|100%| O|  |TAMS 0x0000000080800000, 0x0000000080700000| Untracked 
|   8|0x0000000080800000, 0x0000000080900000, 0x0000000080900000|100%| O|  |TAMS 0x0000000080900000, 0x0000000080800000| Untracked 
|   9|0x0000000080900000, 0x0000000080a00000, 0x0000000080a00000|100%| O|  |TAMS 0x0000000080a00000, 0x0000000080900000| Untracked 
|  10|0x0000000080a00000, 0x0000000080b00000, 0x0000000080b00000|100%| O|  |TAMS 0x0000000080b00000, 0x0000000080a00000| Untracked 
|  11|0x0000000080b00000, 0x0000000080c00000, 0x0000000080c00000|100%| O|  |TAMS 0x0000000080c00000, 0x0000000080b00000| Untracked 
|  12|0x0000000080c00000, 0x0000000080d00000, 0x0000000080d00000|100%| O|  |TAMS 0x0000000080d00000, 0x0000000080c00000| Untracked 
|  13|0x0000000080d00000, 0x0000000080e00000, 0x0000000080e00000|100%| O|  |TAMS 0x0000000080e00000, 0x0000000080d00000| Untracked 
|  14|0x0000000080e00000, 0x0000000080f00000, 0x0000000080f00000|100%| O|  |TAMS 0x0000000080f00000, 0x0000000080e00000| Untracked 
|  15|0x0000000080f00000, 0x0000000081000000, 0x0000000081000000|100%| O|  |TAMS 0x0000000081000000, 0x0000000080f00000| Untracked 
|  16|0x0000000081000000, 0x0000000081100000, 0x0000000081100000|100%| O|  |TAMS 0x0000000081100000, 0x0000000081000000| Untracked 
|  17|0x0000000081100000, 0x0000000081200000, 0x0000000081200000|100%| O|  |TAMS 0x0000000081200000, 0x0000000081100000| Untracked 
|  18|0x0000000081200000, 0x0000000081300000, 0x0000000081300000|100%| O|  |TAMS 0x0000000081300000, 0x0000000081200000| Untracked 
|  19|0x0000000081300000, 0x0000000081400000, 0x0000000081400000|100%| O|  |TAMS 0x0000000081400000, 0x0000000081300000| Untracked 
|  20|0x0000000081400000, 0x0000000081500000, 0x0000000081500000|100%| O|  |TAMS 0x0000000081500000, 0x0000000081400000| Untracked 
|  21|0x0000000081500000, 0x0000000081600000, 0x0000000081600000|100%| O|  |TAMS 0x0000000081600000, 0x0000000081500000| Untracked 
|  22|0x0000000081600000, 0x0000000081700000, 0x0000000081700000|100%|HS|  |TAMS 0x0000000081700000, 0x0000000081600000| Complete 
|  23|0x0000000081700000, 0x0000000081800000, 0x0000000081800000|100%|HC|  |TAMS 0x0000000081800000, 0x0000000081700000| Complete 
|  24|0x0000000081800000, 0x0000000081900000, 0x0000000081900000|100%|HS|  |TAMS 0x0000000081900000, 0x0000000081800000| Complete 
|  25|0x0000000081900000, 0x0000000081a00000, 0x0000000081a00000|100%|HC|  |TAMS 0x0000000081a00000, 0x0000000081900000| Complete 
|  26|0x0000000081a00000, 0x0000000081b00000, 0x0000000081b00000|100%|HC|  |TAMS 0x0000000081b00000, 0x0000000081a00000| Complete 
|  27|0x0000000081b00000, 0x0000000081c00000, 0x0000000081c00000|100%|HS|  |TAMS 0x0000000081c00000, 0x0000000081b00000| Complete 
|  28|0x0000000081c00000, 0x0000000081d00000, 0x0000000081d00000|100%|HC|  |TAMS 0x0000000081d00000, 0x0000000081c00000| Complete 
|  29|0x0000000081d00000, 0x0000000081e00000, 0x0000000081e00000|100%|HC|  |TAMS 0x0000000081e00000, 0x0000000081d00000| Complete 
|  30|0x0000000081e00000, 0x0000000081f00000, 0x0000000081f00000|100%|HS|  |TAMS 0x0000000081f00000, 0x0000000081e00000| Complete 
|  31|0x0000000081f00000, 0x0000000082000000, 0x0000000082000000|100%|HC|  |TAMS 0x0000000082000000, 0x0000000081f00000| Complete 
|  32|0x0000000082000000, 0x0000000082100000, 0x0000000082100000|100%|HC|  |TAMS 0x0000000082100000, 0x0000000082000000| Complete 
|  33|0x0000000082100000, 0x0000000082200000, 0x0000000082200000|100%|HC|  |TAMS 0x0000000082200000, 0x0000000082100000| Complete 
|  34|0x0000000082200000, 0x0000000082300000, 0x0000000082300000|100%|HC|  |TAMS 0x0000000082300000, 0x0000000082200000| Complete 
|  35|0x0000000082300000, 0x0000000082400000, 0x0000000082400000|100%|HC|  |TAMS 0x0000000082400000, 0x0000000082300000| Complete 
|  36|0x0000000082400000, 0x0000000082500000, 0x0000000082500000|100%|HC|  |TAMS 0x0000000082500000, 0x0000000082400000| Complete 
|  37|0x0000000082500000, 0x0000000082600000, 0x0000000082600000|100%|HC|  |TAMS 0x0000000082600000, 0x0000000082500000| Complete 
|  38|0x0000000082600000, 0x0000000082700000, 0x0000000082700000|100%|HC|  |TAMS 0x0000000082700000, 0x0000000082600000| Complete 
|  39|0x0000000082700000, 0x0000000082800000, 0x0000000082800000|100%|HC|  |TAMS 0x0000000082800000, 0x0000000082700000| Complete 
|  40|0x0000000082800000, 0x0000000082900000, 0x0000000082900000|100%|HC|  |TAMS 0x0000000082900000, 0x0000000082800000| Complete 
|  41|0x0000000082900000, 0x0000000082a00000, 0x0000000082a00000|100%|HC|  |TAMS 0x0000000082a00000, 0x0000000082900000| Complete 
|  42|0x0000000082a00000, 0x0000000082b00000, 0x0000000082b00000|100%| O|  |TAMS 0x0000000082b00000, 0x0000000082a00000| Untracked 
|  43|0x0000000082b00000, 0x0000000082c00000, 0x0000000082c00000|100%| O|  |TAMS 0x0000000082c00000, 0x0000000082b00000| Untracked 
|  44|0x0000000082c00000, 0x0000000082d00000, 0x0000000082d00000|100%| O|  |TAMS 0x0000000082d00000, 0x0000000082c00000| Untracked 
|  45|0x0000000082d00000, 0x0000000082e00000, 0x0000000082e00000|100%|HS|  |TAMS 0x0000000082e00000, 0x0000000082d00000| Complete 
|  46|0x0000000082e00000, 0x0000000082f00000, 0x0000000082f00000|100%|HC|  |TAMS 0x0000000082f00000, 0x0000000082e00000| Complete 
|  47|0x0000000082f00000, 0x0000000083000000, 0x0000000083000000|100%| O|  |TAMS 0x0000000083000000, 0x0000000082f00000| Untracked 
|  48|0x0000000083000000, 0x0000000083100000, 0x0000000083100000|100%| O|  |TAMS 0x0000000083000000, 0x0000000083000000| Untracked 
|  49|0x0000000083100000, 0x0000000083200000, 0x0000000083200000|100%| O|  |TAMS 0x0000000083200000, 0x0000000083100000| Untracked 
|  50|0x0000000083200000, 0x0000000083300000, 0x0000000083300000|100%| O|  |TAMS 0x0000000083300000, 0x0000000083200000| Untracked 
|  51|0x0000000083300000, 0x0000000083400000, 0x0000000083400000|100%| O|  |TAMS 0x0000000083400000, 0x0000000083300000| Untracked 
|  52|0x0000000083400000, 0x0000000083500000, 0x0000000083500000|100%| O|  |TAMS 0x0000000083500000, 0x0000000083400000| Untracked 
|  53|0x0000000083500000, 0x0000000083600000, 0x0000000083600000|100%| O|  |TAMS 0x0000000083600000, 0x0000000083500000| Untracked 
|  54|0x0000000083600000, 0x0000000083700000, 0x0000000083700000|100%| O|  |TAMS 0x0000000083700000, 0x0000000083600000| Untracked 
|  55|0x0000000083700000, 0x0000000083800000, 0x0000000083800000|100%| O|  |TAMS 0x0000000083800000, 0x0000000083700000| Untracked 
|  56|0x0000000083800000, 0x0000000083900000, 0x0000000083900000|100%| O|  |TAMS 0x0000000083900000, 0x0000000083800000| Untracked 
|  57|0x0000000083900000, 0x0000000083a00000, 0x0000000083a00000|100%| O|  |TAMS 0x0000000083a00000, 0x0000000083900000| Untracked 
|  58|0x0000000083a00000, 0x0000000083b00000, 0x0000000083b00000|100%| O|  |TAMS 0x0000000083b00000, 0x0000000083a00000| Untracked 
|  59|0x0000000083b00000, 0x0000000083c00000, 0x0000000083c00000|100%| O|  |TAMS 0x0000000083c00000, 0x0000000083b00000| Untracked 
|  60|0x0000000083c00000, 0x0000000083d00000, 0x0000000083d00000|100%|HS|  |TAMS 0x0000000083d00000, 0x0000000083c00000| Complete 
|  61|0x0000000083d00000, 0x0000000083e00000, 0x0000000083e00000|100%|HC|  |TAMS 0x0000000083e00000, 0x0000000083d00000| Complete 
|  62|0x0000000083e00000, 0x0000000083f00000, 0x0000000083f00000|100%|HC|  |TAMS 0x0000000083f00000, 0x0000000083e00000| Complete 
|  63|0x0000000083f00000, 0x0000000084000000, 0x0000000084000000|100%| O|  |TAMS 0x0000000084000000, 0x0000000083f00000| Untracked 
|  64|0x0000000084000000, 0x0000000084100000, 0x0000000084100000|100%| O|  |TAMS 0x0000000084100000, 0x0000000084000000| Untracked 
|  65|0x0000000084100000, 0x0000000084200000, 0x0000000084200000|100%| O|  |TAMS 0x0000000084200000, 0x0000000084100000| Untracked 
|  66|0x0000000084200000, 0x0000000084300000, 0x0000000084300000|100%| O|  |TAMS 0x0000000084300000, 0x0000000084200000| Untracked 
|  67|0x0000000084300000, 0x0000000084400000, 0x0000000084400000|100%| O|  |TAMS 0x0000000084400000, 0x0000000084300000| Untracked 
|  68|0x0000000084400000, 0x0000000084500000, 0x0000000084500000|100%|HS|  |TAMS 0x0000000084500000, 0x0000000084400000| Complete 
|  69|0x0000000084500000, 0x0000000084600000, 0x0000000084600000|100%| O|  |TAMS 0x0000000084600000, 0x0000000084500000| Untracked 
|  70|0x0000000084600000, 0x0000000084700000, 0x0000000084700000|100%| O|  |TAMS 0x0000000084700000, 0x0000000084600000| Untracked 
|  71|0x0000000084700000, 0x0000000084700000, 0x0000000084800000|  0%| F|  |TAMS 0x0000000084700000, 0x0000000084700000| Untracked 
|  72|0x0000000084800000, 0x0000000084900000, 0x0000000084900000|100%| O|  |TAMS 0x0000000084900000, 0x0000000084800000| Untracked 
|  73|0x0000000084900000, 0x0000000084a00000, 0x0000000084a00000|100%| O|  |TAMS 0x0000000084a00000, 0x0000000084900000| Untracked 
|  74|0x0000000084a00000, 0x0000000084b00000, 0x0000000084b00000|100%| O|  |TAMS 0x0000000084b00000, 0x0000000084a00000| Untracked 
|  75|0x0000000084b00000, 0x0000000084c00000, 0x0000000084c00000|100%| O|  |TAMS 0x0000000084c00000, 0x0000000084b00000| Untracked 
|  76|0x0000000084c00000, 0x0000000084d00000, 0x0000000084d00000|100%| O|  |TAMS 0x0000000084d00000, 0x0000000084c00000| Untracked 
|  77|0x0000000084d00000, 0x0000000084e00000, 0x0000000084e00000|100%| O|  |TAMS 0x0000000084e00000, 0x0000000084d00000| Untracked 
|  78|0x0000000084e00000, 0x0000000084f00000, 0x0000000084f00000|100%| O|  |TAMS 0x0000000084f00000, 0x0000000084e00000| Untracked 
|  79|0x0000000084f00000, 0x0000000085000000, 0x0000000085000000|100%| O|  |TAMS 0x0000000085000000, 0x0000000084f00000| Untracked 
|  80|0x0000000085000000, 0x0000000085100000, 0x0000000085100000|100%|HS|  |TAMS 0x0000000085100000, 0x0000000085000000| Complete 
|  81|0x0000000085100000, 0x0000000085200000, 0x0000000085200000|100%|HC|  |TAMS 0x0000000085200000, 0x0000000085100000| Complete 
|  82|0x0000000085200000, 0x0000000085300000, 0x0000000085300000|100%|HC|  |TAMS 0x0000000085300000, 0x0000000085200000| Complete 
|  83|0x0000000085300000, 0x0000000085400000, 0x0000000085400000|100%|HC|  |TAMS 0x0000000085400000, 0x0000000085300000| Complete 
|  84|0x0000000085400000, 0x0000000085500000, 0x0000000085500000|100%|HC|  |TAMS 0x0000000085500000, 0x0000000085400000| Complete 
|  85|0x0000000085500000, 0x0000000085600000, 0x0000000085600000|100%|HC|  |TAMS 0x0000000085600000, 0x0000000085500000| Complete 
|  86|0x0000000085600000, 0x0000000085700000, 0x0000000085700000|100%| O|  |TAMS 0x0000000085700000, 0x0000000085600000| Untracked 
|  87|0x0000000085700000, 0x0000000085800000, 0x0000000085800000|100%| O|  |TAMS 0x0000000085800000, 0x0000000085700000| Untracked 
|  88|0x0000000085800000, 0x0000000085900000, 0x0000000085900000|100%| O|  |TAMS 0x0000000085900000, 0x0000000085800000| Untracked 
|  89|0x0000000085900000, 0x0000000085a00000, 0x0000000085a00000|100%| O|  |TAMS 0x0000000085a00000, 0x0000000085900000| Untracked 
|  90|0x0000000085a00000, 0x0000000085b00000, 0x0000000085b00000|100%| O|  |TAMS 0x0000000085b00000, 0x0000000085a00000| Untracked 
|  91|0x0000000085b00000, 0x0000000085c00000, 0x0000000085c00000|100%| O|  |TAMS 0x0000000085c00000, 0x0000000085b00000| Untracked 
|  92|0x0000000085c00000, 0x0000000085d00000, 0x0000000085d00000|100%| O|  |TAMS 0x0000000085d00000, 0x0000000085c00000| Untracked 
|  93|0x0000000085d00000, 0x0000000085e00000, 0x0000000085e00000|100%| O|  |TAMS 0x0000000085e00000, 0x0000000085d00000| Untracked 
|  94|0x0000000085e00000, 0x0000000085f00000, 0x0000000085f00000|100%| O|  |TAMS 0x0000000085ea1800, 0x0000000085e00000| Untracked 
|  95|0x0000000085f00000, 0x0000000086000000, 0x0000000086000000|100%| O|  |TAMS 0x0000000085f00000, 0x0000000085f00000| Untracked 
|  96|0x0000000086000000, 0x00000000860de600, 0x0000000086100000| 86%| O|  |TAMS 0x0000000086000000, 0x0000000086000000| Untracked 
|  97|0x0000000086100000, 0x0000000086100000, 0x0000000086200000|  0%| F|  |TAMS 0x0000000086100000, 0x0000000086100000| Untracked 
|  98|0x0000000086200000, 0x0000000086200000, 0x0000000086300000|  0%| F|  |TAMS 0x0000000086200000, 0x0000000086200000| Untracked 
|  99|0x0000000086300000, 0x0000000086300000, 0x0000000086400000|  0%| F|  |TAMS 0x0000000086300000, 0x0000000086300000| Untracked 
| 100|0x0000000086400000, 0x0000000086400000, 0x0000000086500000|  0%| F|  |TAMS 0x0000000086400000, 0x0000000086400000| Untracked 
| 101|0x0000000086500000, 0x0000000086500000, 0x0000000086600000|  0%| F|  |TAMS 0x0000000086500000, 0x0000000086500000| Untracked 
| 102|0x0000000086600000, 0x0000000086600000, 0x0000000086700000|  0%| F|  |TAMS 0x0000000086600000, 0x0000000086600000| Untracked 
| 103|0x0000000086700000, 0x0000000086700000, 0x0000000086800000|  0%| F|  |TAMS 0x0000000086700000, 0x0000000086700000| Untracked 
| 104|0x0000000086800000, 0x0000000086800000, 0x0000000086900000|  0%| F|  |TAMS 0x0000000086800000, 0x0000000086800000| Untracked 
| 105|0x0000000086900000, 0x0000000086900000, 0x0000000086a00000|  0%| F|  |TAMS 0x0000000086900000, 0x0000000086900000| Untracked 
| 106|0x0000000086a00000, 0x0000000086a00000, 0x0000000086b00000|  0%| F|  |TAMS 0x0000000086a00000, 0x0000000086a00000| Untracked 
| 107|0x0000000086b00000, 0x0000000086b00000, 0x0000000086c00000|  0%| F|  |TAMS 0x0000000086b00000, 0x0000000086b00000| Untracked 
| 108|0x0000000086c00000, 0x0000000086c00000, 0x0000000086d00000|  0%| F|  |TAMS 0x0000000086c00000, 0x0000000086c00000| Untracked 
| 109|0x0000000086d00000, 0x0000000086d00000, 0x0000000086e00000|  0%| F|  |TAMS 0x0000000086d00000, 0x0000000086d00000| Untracked 
| 110|0x0000000086e00000, 0x0000000086e00000, 0x0000000086f00000|  0%| F|  |TAMS 0x0000000086e00000, 0x0000000086e00000| Untracked 
| 111|0x0000000086f00000, 0x0000000086f00000, 0x0000000087000000|  0%| F|  |TAMS 0x0000000086f00000, 0x0000000086f00000| Untracked 
| 112|0x0000000087000000, 0x0000000087000000, 0x0000000087100000|  0%| F|  |TAMS 0x0000000087000000, 0x0000000087000000| Untracked 
| 113|0x0000000087100000, 0x0000000087100000, 0x0000000087200000|  0%| F|  |TAMS 0x0000000087100000, 0x0000000087100000| Untracked 
| 114|0x0000000087200000, 0x0000000087200000, 0x0000000087300000|  0%| F|  |TAMS 0x0000000087200000, 0x0000000087200000| Untracked 
| 115|0x0000000087300000, 0x0000000087300000, 0x0000000087400000|  0%| F|  |TAMS 0x0000000087300000, 0x0000000087300000| Untracked 
| 116|0x0000000087400000, 0x0000000087400000, 0x0000000087500000|  0%| F|  |TAMS 0x0000000087400000, 0x0000000087400000| Untracked 
| 117|0x0000000087500000, 0x0000000087500000, 0x0000000087600000|  0%| F|  |TAMS 0x0000000087500000, 0x0000000087500000| Untracked 
| 118|0x0000000087600000, 0x0000000087600000, 0x0000000087700000|  0%| F|  |TAMS 0x0000000087600000, 0x0000000087600000| Untracked 
| 119|0x0000000087700000, 0x0000000087700000, 0x0000000087800000|  0%| F|  |TAMS 0x0000000087700000, 0x0000000087700000| Untracked 
| 120|0x0000000087800000, 0x0000000087800000, 0x0000000087900000|  0%| F|  |TAMS 0x0000000087800000, 0x0000000087800000| Untracked 
| 121|0x0000000087900000, 0x0000000087900000, 0x0000000087a00000|  0%| F|  |TAMS 0x0000000087900000, 0x0000000087900000| Untracked 
| 122|0x0000000087a00000, 0x0000000087a00000, 0x0000000087b00000|  0%| F|  |TAMS 0x0000000087a00000, 0x0000000087a00000| Untracked 
| 123|0x0000000087b00000, 0x0000000087b00000, 0x0000000087c00000|  0%| F|  |TAMS 0x0000000087b00000, 0x0000000087b00000| Untracked 
| 124|0x0000000087c00000, 0x0000000087c00000, 0x0000000087d00000|  0%| F|  |TAMS 0x0000000087c00000, 0x0000000087c00000| Untracked 
| 125|0x0000000087d00000, 0x0000000087d00000, 0x0000000087e00000|  0%| F|  |TAMS 0x0000000087d00000, 0x0000000087d00000| Untracked 
| 126|0x0000000087e00000, 0x0000000087e00000, 0x0000000087f00000|  0%| F|  |TAMS 0x0000000087e00000, 0x0000000087e00000| Untracked 
| 127|0x0000000087f00000, 0x0000000087f00000, 0x0000000088000000|  0%| F|  |TAMS 0x0000000087f00000, 0x0000000087f00000| Untracked 
| 128|0x0000000088000000, 0x0000000088000000, 0x0000000088100000|  0%| F|  |TAMS 0x0000000088000000, 0x0000000088000000| Untracked 
| 129|0x0000000088100000, 0x0000000088100000, 0x0000000088200000|  0%| F|  |TAMS 0x0000000088100000, 0x0000000088100000| Untracked 
| 130|0x0000000088200000, 0x0000000088200000, 0x0000000088300000|  0%| F|  |TAMS 0x0000000088200000, 0x0000000088200000| Untracked 
| 131|0x0000000088300000, 0x0000000088300000, 0x0000000088400000|  0%| F|  |TAMS 0x0000000088300000, 0x0000000088300000| Untracked 
| 132|0x0000000088400000, 0x0000000088400000, 0x0000000088500000|  0%| F|  |TAMS 0x0000000088400000, 0x0000000088400000| Untracked 
| 133|0x0000000088500000, 0x0000000088500000, 0x0000000088600000|  0%| F|  |TAMS 0x0000000088500000, 0x0000000088500000| Untracked 
| 134|0x0000000088600000, 0x0000000088600000, 0x0000000088700000|  0%| F|  |TAMS 0x0000000088600000, 0x0000000088600000| Untracked 
| 135|0x0000000088700000, 0x0000000088700000, 0x0000000088800000|  0%| F|  |TAMS 0x0000000088700000, 0x0000000088700000| Untracked 
| 136|0x0000000088800000, 0x0000000088800000, 0x0000000088900000|  0%| F|  |TAMS 0x0000000088800000, 0x0000000088800000| Untracked 
| 137|0x0000000088900000, 0x0000000088900000, 0x0000000088a00000|  0%| F|  |TAMS 0x0000000088900000, 0x0000000088900000| Untracked 
| 138|0x0000000088a00000, 0x0000000088a00000, 0x0000000088b00000|  0%| F|  |TAMS 0x0000000088a00000, 0x0000000088a00000| Untracked 
| 139|0x0000000088b00000, 0x0000000088b00000, 0x0000000088c00000|  0%| F|  |TAMS 0x0000000088b00000, 0x0000000088b00000| Untracked 
| 140|0x0000000088c00000, 0x0000000088c00000, 0x0000000088d00000|  0%| F|  |TAMS 0x0000000088c00000, 0x0000000088c00000| Untracked 
| 141|0x0000000088d00000, 0x0000000088d00000, 0x0000000088e00000|  0%| F|  |TAMS 0x0000000088d00000, 0x0000000088d00000| Untracked 
| 142|0x0000000088e00000, 0x0000000088e00000, 0x0000000088f00000|  0%| F|  |TAMS 0x0000000088e00000, 0x0000000088e00000| Untracked 
| 143|0x0000000088f00000, 0x0000000088f00000, 0x0000000089000000|  0%| F|  |TAMS 0x0000000088f00000, 0x0000000088f00000| Untracked 
| 144|0x0000000089000000, 0x0000000089000000, 0x0000000089100000|  0%| F|  |TAMS 0x0000000089000000, 0x0000000089000000| Untracked 
| 145|0x0000000089100000, 0x0000000089100000, 0x0000000089200000|  0%| F|  |TAMS 0x0000000089100000, 0x0000000089100000| Untracked 
| 146|0x0000000089200000, 0x0000000089200000, 0x0000000089300000|  0%| F|  |TAMS 0x0000000089200000, 0x0000000089200000| Untracked 
| 147|0x0000000089300000, 0x0000000089300000, 0x0000000089400000|  0%| F|  |TAMS 0x0000000089300000, 0x0000000089300000| Untracked 
| 148|0x0000000089400000, 0x0000000089400000, 0x0000000089500000|  0%| F|  |TAMS 0x0000000089400000, 0x0000000089400000| Untracked 
| 149|0x0000000089500000, 0x0000000089500000, 0x0000000089600000|  0%| F|  |TAMS 0x0000000089500000, 0x0000000089500000| Untracked 
| 150|0x0000000089600000, 0x0000000089600000, 0x0000000089700000|  0%| F|  |TAMS 0x0000000089600000, 0x0000000089600000| Untracked 
| 151|0x0000000089700000, 0x0000000089700000, 0x0000000089800000|  0%| F|  |TAMS 0x0000000089700000, 0x0000000089700000| Untracked 
| 152|0x0000000089800000, 0x0000000089800000, 0x0000000089900000|  0%| F|  |TAMS 0x0000000089800000, 0x0000000089800000| Untracked 
| 153|0x0000000089900000, 0x0000000089900000, 0x0000000089a00000|  0%| F|  |TAMS 0x0000000089900000, 0x0000000089900000| Untracked 
| 154|0x0000000089a00000, 0x0000000089a00000, 0x0000000089b00000|  0%| F|  |TAMS 0x0000000089a00000, 0x0000000089a00000| Untracked 
| 155|0x0000000089b00000, 0x0000000089b00000, 0x0000000089c00000|  0%| F|  |TAMS 0x0000000089b00000, 0x0000000089b00000| Untracked 
| 156|0x0000000089c00000, 0x0000000089c00000, 0x0000000089d00000|  0%| F|  |TAMS 0x0000000089c00000, 0x0000000089c00000| Untracked 
| 157|0x0000000089d00000, 0x0000000089d00000, 0x0000000089e00000|  0%| F|  |TAMS 0x0000000089d00000, 0x0000000089d00000| Untracked 
| 158|0x0000000089e00000, 0x0000000089e00000, 0x0000000089f00000|  0%| F|  |TAMS 0x0000000089e00000, 0x0000000089e00000| Untracked 
| 159|0x0000000089f00000, 0x0000000089f00000, 0x000000008a000000|  0%| F|  |TAMS 0x0000000089f00000, 0x0000000089f00000| Untracked 
| 160|0x000000008a000000, 0x000000008a000000, 0x000000008a100000|  0%| F|  |TAMS 0x000000008a000000, 0x000000008a000000| Untracked 
| 161|0x000000008a100000, 0x000000008a100000, 0x000000008a200000|  0%| F|  |TAMS 0x000000008a100000, 0x000000008a100000| Untracked 
| 162|0x000000008a200000, 0x000000008a200000, 0x000000008a300000|  0%| F|  |TAMS 0x000000008a200000, 0x000000008a200000| Untracked 
| 163|0x000000008a300000, 0x000000008a300000, 0x000000008a400000|  0%| F|  |TAMS 0x000000008a300000, 0x000000008a300000| Untracked 
| 164|0x000000008a400000, 0x000000008a400000, 0x000000008a500000|  0%| F|  |TAMS 0x000000008a400000, 0x000000008a400000| Untracked 
| 165|0x000000008a500000, 0x000000008a500000, 0x000000008a600000|  0%| F|  |TAMS 0x000000008a500000, 0x000000008a500000| Untracked 
| 166|0x000000008a600000, 0x000000008a600000, 0x000000008a700000|  0%| F|  |TAMS 0x000000008a600000, 0x000000008a600000| Untracked 
| 167|0x000000008a700000, 0x000000008a700000, 0x000000008a800000|  0%| F|  |TAMS 0x000000008a700000, 0x000000008a700000| Untracked 
| 168|0x000000008a800000, 0x000000008a800000, 0x000000008a900000|  0%| F|  |TAMS 0x000000008a800000, 0x000000008a800000| Untracked 
| 169|0x000000008a900000, 0x000000008a900000, 0x000000008aa00000|  0%| F|  |TAMS 0x000000008a900000, 0x000000008a900000| Untracked 
| 170|0x000000008aa00000, 0x000000008aa00000, 0x000000008ab00000|  0%| F|  |TAMS 0x000000008aa00000, 0x000000008aa00000| Untracked 
| 171|0x000000008ab00000, 0x000000008ab00000, 0x000000008ac00000|  0%| F|  |TAMS 0x000000008ab00000, 0x000000008ab00000| Untracked 
| 172|0x000000008ac00000, 0x000000008ac00000, 0x000000008ad00000|  0%| F|  |TAMS 0x000000008ac00000, 0x000000008ac00000| Untracked 
| 185|0x000000008b900000, 0x000000008b900000, 0x000000008ba00000|  0%| F|  |TAMS 0x000000008b900000, 0x000000008b900000| Untracked 
| 186|0x000000008ba00000, 0x000000008ba00000, 0x000000008bb00000|  0%| F|  |TAMS 0x000000008ba00000, 0x000000008ba00000| Untracked 
| 187|0x000000008bb00000, 0x000000008bb5ec90, 0x000000008bc00000| 37%| S|CS|TAMS 0x000000008bb00000, 0x000000008bb00000| Complete 
| 188|0x000000008bc00000, 0x000000008bc00000, 0x000000008bd00000|  0%| F|  |TAMS 0x000000008bc00000, 0x000000008bc00000| Untracked 
| 189|0x000000008bd00000, 0x000000008bd00000, 0x000000008be00000|  0%| F|  |TAMS 0x000000008bd00000, 0x000000008bd00000| Untracked 
| 190|0x000000008be00000, 0x000000008be00000, 0x000000008bf00000|  0%| F|  |TAMS 0x000000008be00000, 0x000000008be00000| Untracked 
| 191|0x000000008bf00000, 0x000000008bf00000, 0x000000008c000000|  0%| F|  |TAMS 0x000000008bf00000, 0x000000008bf00000| Untracked 
| 192|0x000000008c000000, 0x000000008c000800, 0x000000008c100000|  0%| E|  |TAMS 0x000000008c000000, 0x000000008c000000| Complete 
| 239|0x000000008ef00000, 0x000000008f000000, 0x000000008f000000|100%| E|CS|TAMS 0x000000008ef00000, 0x000000008ef00000| Complete 

Card table byte_map: [0x00000211ee980000,0x00000211eed80000] _byte_map_base: 0x00000211ee580000

Marking Bits (Prev, Next): (CMBitMap*) 0x00000211d9cb8f30, (CMBitMap*) 0x00000211d9cb8f70
 Prev Bits: [0x00000211ef180000, 0x00000211f1180000)
 Next Bits: [0x00000211f1180000, 0x00000211f3180000)

Polling page: 0x00000211de8d0000

Metaspace:

Usage:
  Non-class:     76.92 MB used.
      Class:     11.80 MB used.
       Both:     88.71 MB used.

Virtual space:
  Non-class space:       80.00 MB reserved,      77.25 MB ( 97%) committed,  10 nodes.
      Class space:        1.00 GB reserved,      12.06 MB (  1%) committed,  1 nodes.
             Both:        1.08 GB reserved,      89.31 MB (  8%) committed. 

Chunk freelists:
   Non-Class:  2.12 MB
       Class:  3.98 MB
        Both:  6.11 MB

MaxMetaspaceSize: unlimited
CompressedClassSpaceSize: 1.00 GB
Initial GC threshold: 21.00 MB
Current GC threshold: 145.25 MB
CDS: off
MetaspaceReclaimPolicy: balanced
 - commit_granule_bytes: 65536.
 - commit_granule_words: 8192.
 - virtual_space_node_default_size: 1048576.
 - enlarge_chunks_in_place: 1.
 - new_chunks_are_fully_committed: 0.
 - uncommit_free_chunks: 1.
 - use_allocation_guard: 0.
 - handle_deallocations: 1.


Internal statistics:

num_allocs_failed_limit: 3.
num_arena_births: 692.
num_arena_deaths: 0.
num_vsnodes_births: 11.
num_vsnodes_deaths: 0.
num_space_committed: 1427.
num_space_uncommitted: 0.
num_chunks_returned_to_freelist: 3.
num_chunks_taken_from_freelist: 3609.
num_chunk_merges: 3.
num_chunk_splits: 2750.
num_chunks_enlarged: 2213.
num_purges: 0.
num_inconsistent_stats: 0.

CodeHeap 'non-profiled nmethods': size=120000Kb used=3530Kb max_used=3530Kb free=116469Kb
 bounds [0x00000211e63c0000, 0x00000211e6740000, 0x00000211ed8f0000]
CodeHeap 'profiled nmethods': size=120000Kb used=11459Kb max_used=11459Kb free=108540Kb
 bounds [0x00000211de8f0000, 0x00000211df430000, 0x00000211e5e20000]
CodeHeap 'non-nmethods': size=5760Kb used=2401Kb max_used=2465Kb free=3358Kb
 bounds [0x00000211e5e20000, 0x00000211e60a0000, 0x00000211e63c0000]
 total_blobs=6630 nmethods=5691 adapters=851
 compilation: enabled
              stopped_count=0, restarted_count=0
 full_count=0

Compilation events (20 events):
Event: 7.039 Thread 0x00000211f68bcc40 nmethod 6381 0x00000211df40c410 code [0x00000211df40c5e0, 0x00000211df40c958]
Event: 7.043 Thread 0x00000211f68bcc40 6382       3       org.jetbrains.kotlin.com.intellij.openapi.progress.impl.CoreProgressManager::doCheckCanceled (53 bytes)
Event: 7.045 Thread 0x00000211f68bcc40 nmethod 6382 0x00000211df40ca90 code [0x00000211df40cd40, 0x00000211df40dc38]
Event: 7.054 Thread 0x00000211f68b9050 nmethod 6358 0x00000211e672d990 code [0x00000211e672dc00, 0x00000211e672e940]
Event: 7.055 Thread 0x00000211f68b9050 6346       4       org.jetbrains.kotlin.name.Name::hashCode (28 bytes)
Event: 7.058 Thread 0x00000211f68bcc40 6383       3       org.jetbrains.kotlin.com.intellij.psi.tree.TokenSet::contains (58 bytes)
Event: 7.059 Thread 0x00000211f68b9050 nmethod 6346 0x00000211e672f590 code [0x00000211e672f720, 0x00000211e672f9e8]
Event: 7.059 Thread 0x00000211f68b9050 6347       4       org.jetbrains.kotlin.name.Name::asString (13 bytes)
Event: 7.059 Thread 0x00000211f68bcc40 nmethod 6383 0x00000211df40e010 code [0x00000211df40e1e0, 0x00000211df40e5e8]
Event: 7.059 Thread 0x00000211f68b9050 nmethod 6347 0x00000211e672fb90 code [0x00000211e672fd00, 0x00000211e672fd98]
Event: 7.077 Thread 0x00000211f68bcc40 6384       3       org.jetbrains.kotlin.com.intellij.util.containers.Stack::peek (25 bytes)
Event: 7.077 Thread 0x00000211f68bcc40 nmethod 6384 0x00000211df40e790 code [0x00000211df40e980, 0x00000211df40ef98]
Event: 7.077 Thread 0x00000211f68bcc40 6385       3       org.jetbrains.kotlin.parsing.SemanticWhitespaceAwarePsiBuilderImpl::joinComplexTokens (14 bytes)
Event: 7.078 Thread 0x00000211f68bcc40 nmethod 6385 0x00000211df40f210 code [0x00000211df40f420, 0x00000211df40fbb8]
Event: 7.078 Thread 0x00000211f68bcc40 6386       1       org.jetbrains.kotlin.it.unimi.dsi.fastutil.ints.IntArrayList::size (5 bytes)
Event: 7.078 Thread 0x00000211f68bcc40 nmethod 6386 0x00000211e672fe90 code [0x00000211e6730020, 0x00000211e67300f8]
Event: 7.078 Thread 0x00000211f68bcc40 6387       1       org.jetbrains.kotlin.com.intellij.psi.impl.source.tree.TreeElement::getTreeNext (5 bytes)
Event: 7.078 Thread 0x00000211f68bcc40 nmethod 6387 0x00000211e6730190 code [0x00000211e6730320, 0x00000211e67303f8]
Event: 7.078 Thread 0x00000211f68bcc40 6388       1       org.jetbrains.kotlin.com.intellij.psi.impl.source.tree.TreeElement::getTreeParent (5 bytes)
Event: 7.079 Thread 0x00000211f68bcc40 nmethod 6388 0x00000211e6730490 code [0x00000211e6730620, 0x00000211e67306f8]

GC Heap History (20 events):
Event: 5.112 GC heap before
{Heap before GC invocations=22 (full 0):
 garbage-first heap   total 126976K, used 102350K [0x0000000080000000, 0x0000000100000000)
  region size 1024K, 36 young (36864K), 3 survivors (3072K)
 Metaspace       used 65865K, committed 66496K, reserved 1114112K
  class space    used 9158K, committed 9408K, reserved 1048576K
}
Event: 5.114 GC heap after
{Heap after GC invocations=23 (full 0):
 garbage-first heap   total 126976K, used 69142K [0x0000000080000000, 0x0000000100000000)
  region size 1024K, 3 young (3072K), 3 survivors (3072K)
 Metaspace       used 65865K, committed 66496K, reserved 1114112K
  class space    used 9158K, committed 9408K, reserved 1048576K
}
Event: 5.338 GC heap before
{Heap before GC invocations=24 (full 0):
 garbage-first heap   total 126976K, used 94742K [0x0000000080000000, 0x0000000100000000)
  region size 1024K, 29 young (29696K), 3 survivors (3072K)
 Metaspace       used 69847K, committed 70528K, reserved 1114112K
  class space    used 9701K, committed 9984K, reserved 1048576K
}
Event: 5.341 GC heap after
{Heap after GC invocations=25 (full 0):
 garbage-first heap   total 126976K, used 69760K [0x0000000080000000, 0x0000000100000000)
  region size 1024K, 3 young (3072K), 3 survivors (3072K)
 Metaspace       used 69847K, committed 70528K, reserved 1114112K
  class space    used 9701K, committed 9984K, reserved 1048576K
}
Event: 5.491 GC heap before
{Heap before GC invocations=26 (full 0):
 garbage-first heap   total 132096K, used 112768K [0x0000000080000000, 0x0000000100000000)
  region size 1024K, 38 young (38912K), 3 survivors (3072K)
 Metaspace       used 70307K, committed 70912K, reserved 1114112K
  class space    used 9734K, committed 9984K, reserved 1048576K
}
Event: 5.497 GC heap after
{Heap after GC invocations=27 (full 0):
 garbage-first heap   total 158720K, used 79437K [0x0000000080000000, 0x0000000100000000)
  region size 1024K, 5 young (5120K), 5 survivors (5120K)
 Metaspace       used 70307K, committed 70912K, reserved 1114112K
  class space    used 9734K, committed 9984K, reserved 1048576K
}
Event: 5.773 GC heap before
{Heap before GC invocations=27 (full 0):
 garbage-first heap   total 158720K, used 112205K [0x0000000080000000, 0x0000000100000000)
  region size 1024K, 38 young (38912K), 5 survivors (5120K)
 Metaspace       used 74273K, committed 74816K, reserved 1114112K
  class space    used 10211K, committed 10432K, reserved 1048576K
}
Event: 5.776 GC heap after
{Heap after GC invocations=28 (full 0):
 garbage-first heap   total 158720K, used 81516K [0x0000000080000000, 0x0000000100000000)
  region size 1024K, 5 young (5120K), 5 survivors (5120K)
 Metaspace       used 74273K, committed 74816K, reserved 1114112K
  class space    used 10211K, committed 10432K, reserved 1048576K
}
Event: 6.112 GC heap before
{Heap before GC invocations=29 (full 0):
 garbage-first heap   total 158720K, used 131692K [0x0000000080000000, 0x0000000100000000)
  region size 1024K, 47 young (48128K), 5 survivors (5120K)
 Metaspace       used 78975K, committed 79552K, reserved 1122304K
  class space    used 10651K, committed 10880K, reserved 1048576K
}
Event: 6.116 GC heap after
{Heap after GC invocations=30 (full 0):
 garbage-first heap   total 158720K, used 92215K [0x0000000080000000, 0x0000000100000000)
  region size 1024K, 5 young (5120K), 5 survivors (5120K)
 Metaspace       used 78975K, committed 79552K, reserved 1122304K
  class space    used 10651K, committed 10880K, reserved 1048576K
}
Event: 6.436 GC heap before
{Heap before GC invocations=30 (full 0):
 garbage-first heap   total 158720K, used 129079K [0x0000000080000000, 0x0000000100000000)
  region size 1024K, 41 young (41984K), 5 survivors (5120K)
 Metaspace       used 83552K, committed 84096K, reserved 1122304K
  class space    used 11171K, committed 11392K, reserved 1048576K
}
Event: 6.440 GC heap after
{Heap after GC invocations=31 (full 0):
 garbage-first heap   total 158720K, used 93886K [0x0000000080000000, 0x0000000100000000)
  region size 1024K, 5 young (5120K), 5 survivors (5120K)
 Metaspace       used 83552K, committed 84096K, reserved 1122304K
  class space    used 11171K, committed 11392K, reserved 1048576K
}
Event: 6.758 GC heap before
{Heap before GC invocations=32 (full 0):
 garbage-first heap   total 162816K, used 130750K [0x0000000080000000, 0x0000000100000000)
  region size 1024K, 41 young (41984K), 5 survivors (5120K)
 Metaspace       used 88231K, committed 88832K, reserved 1130496K
  class space    used 11790K, committed 12032K, reserved 1048576K
}
Event: 6.762 GC heap after
{Heap after GC invocations=33 (full 0):
 garbage-first heap   total 162816K, used 96621K [0x0000000080000000, 0x0000000100000000)
  region size 1024K, 5 young (5120K), 5 survivors (5120K)
 Metaspace       used 88231K, committed 88832K, reserved 1130496K
  class space    used 11790K, committed 12032K, reserved 1048576K
}
Event: 6.781 GC heap before
{Heap before GC invocations=33 (full 0):
 garbage-first heap   total 162816K, used 97645K [0x0000000080000000, 0x0000000100000000)
  region size 1024K, 7 young (7168K), 5 survivors (5120K)
 Metaspace       used 88434K, committed 89024K, reserved 1130496K
  class space    used 11810K, committed 12032K, reserved 1048576K
}
Event: 6.826 GC heap after
{Heap after GC invocations=34 (full 0):
 garbage-first heap   total 162816K, used 96667K [0x0000000080000000, 0x0000000100000000)
  region size 1024K, 1 young (1024K), 1 survivors (1024K)
 Metaspace       used 88434K, committed 89024K, reserved 1130496K
  class space    used 11810K, committed 12032K, reserved 1048576K
}
Event: 6.836 GC heap before
{Heap before GC invocations=34 (full 0):
 garbage-first heap   total 162816K, used 97691K [0x0000000080000000, 0x0000000100000000)
  region size 1024K, 3 young (3072K), 1 survivors (1024K)
 Metaspace       used 88564K, committed 89152K, reserved 1130496K
  class space    used 11819K, committed 12032K, reserved 1048576K
}
Event: 6.837 GC heap after
{Heap after GC invocations=35 (full 0):
 garbage-first heap   total 162816K, used 96430K [0x0000000080000000, 0x0000000100000000)
  region size 1024K, 1 young (1024K), 1 survivors (1024K)
 Metaspace       used 88564K, committed 89152K, reserved 1130496K
  class space    used 11819K, committed 12032K, reserved 1048576K
}
Event: 7.060 GC heap before
{Heap before GC invocations=36 (full 0):
 garbage-first heap   total 186368K, used 136366K [0x0000000080000000, 0x0000000100000000)
  region size 1024K, 39 young (39936K), 1 survivors (1024K)
 Metaspace       used 89942K, committed 90560K, reserved 1130496K
  class space    used 11980K, committed 12224K, reserved 1048576K
}
Event: 7.062 GC heap after
{Heap after GC invocations=37 (full 0):
 garbage-first heap   total 186368K, used 98567K [0x0000000080000000, 0x0000000100000000)
  region size 1024K, 3 young (3072K), 3 survivors (3072K)
 Metaspace       used 89942K, committed 90560K, reserved 1130496K
  class space    used 11980K, committed 12224K, reserved 1048576K
}

Dll operation events (3 events):
Event: 0.006 Loaded shared library C:\Program Files\Android\Android Studio\jbr\bin\java.dll
Event: 0.097 Loaded shared library C:\Program Files\Android\Android Studio\jbr\bin\zip.dll
Event: 0.282 Loaded shared library C:\Program Files\Android\Android Studio\jbr\bin\verify.dll

Deoptimization events (20 events):
Event: 6.987 Thread 0x00000211f930c630 Uncommon trap: trap_request=0xffffffde fr.pc=0x00000211e640e4d0 relative=0x0000000000000130
Event: 6.987 Thread 0x00000211f930c630 Uncommon trap: reason=class_check action=maybe_recompile pc=0x00000211e640e4d0 method=java.util.ArrayList.hashCodeRange(II)I @ 53 c2
Event: 6.987 Thread 0x00000211f930c630 DEOPT PACKING pc=0x00000211e640e4d0 sp=0x000000b8a0df4290
Event: 6.987 Thread 0x00000211f930c630 DEOPT UNPACKING pc=0x00000211e5e769a3 sp=0x000000b8a0df41f0 mode 2
Event: 6.993 Thread 0x00000211f930c630 Uncommon trap: trap_request=0xffffffde fr.pc=0x00000211e640e4d0 relative=0x0000000000000130
Event: 6.993 Thread 0x00000211f930c630 Uncommon trap: reason=class_check action=maybe_recompile pc=0x00000211e640e4d0 method=java.util.ArrayList.hashCodeRange(II)I @ 53 c2
Event: 6.993 Thread 0x00000211f930c630 DEOPT PACKING pc=0x00000211e640e4d0 sp=0x000000b8a0df3fd0
Event: 6.993 Thread 0x00000211f930c630 DEOPT UNPACKING pc=0x00000211e5e769a3 sp=0x000000b8a0df3f30 mode 2
Event: 6.995 Thread 0x00000211f930c630 Uncommon trap: trap_request=0xffffffdc fr.pc=0x00000211e6715370 relative=0x0000000000000250
Event: 6.995 Thread 0x00000211f930c630 Uncommon trap: reason=class_check action=make_not_entrant pc=0x00000211e6715370 method=java.util.ArrayList.toArray([Ljava/lang/Object;)[Ljava/lang/Object; @ 21 c2
Event: 6.995 Thread 0x00000211f930c630 DEOPT PACKING pc=0x00000211e6715370 sp=0x000000b8a0df37b0
Event: 6.995 Thread 0x00000211f930c630 DEOPT UNPACKING pc=0x00000211e5e769a3 sp=0x000000b8a0df3780 mode 2
Event: 7.001 Thread 0x00000211f930c630 Uncommon trap: trap_request=0xffffffc6 fr.pc=0x00000211e65bce20 relative=0x0000000000000080
Event: 7.001 Thread 0x00000211f930c630 Uncommon trap: reason=bimorphic_or_optimized_type_check action=maybe_recompile pc=0x00000211e65bce20 method=java.util.Collections$UnmodifiableCollection.size()I @ 4 c2
Event: 7.001 Thread 0x00000211f930c630 DEOPT PACKING pc=0x00000211e65bce20 sp=0x000000b8a0df32d0
Event: 7.001 Thread 0x00000211f930c630 DEOPT UNPACKING pc=0x00000211e5e769a3 sp=0x000000b8a0df3258 mode 2
Event: 7.001 Thread 0x00000211f930c630 Uncommon trap: trap_request=0xffffffc6 fr.pc=0x00000211e65bce20 relative=0x0000000000000080
Event: 7.001 Thread 0x00000211f930c630 Uncommon trap: reason=bimorphic_or_optimized_type_check action=maybe_recompile pc=0x00000211e65bce20 method=java.util.Collections$UnmodifiableCollection.size()I @ 4 c2
Event: 7.001 Thread 0x00000211f930c630 DEOPT PACKING pc=0x00000211e65bce20 sp=0x000000b8a0df36b0
Event: 7.001 Thread 0x00000211f930c630 DEOPT UNPACKING pc=0x00000211e5e769a3 sp=0x000000b8a0df3640 mode 2

Classes unloaded (0 events):
No events

Classes redefined (0 events):
No events

Internal exceptions (20 events):
Event: 4.685 Thread 0x00000211f930c630 Implicit null exception at 0x00000211e6413272 to 0x00000211e641388c
Event: 4.827 Thread 0x00000211f930c630 Exception <a 'sun/nio/fs/WindowsException'{0x000000008efca370}> (0x000000008efca370) 
thrown [s\src\hotspot\share\prims\jni.cpp, line 517]
Event: 4.827 Thread 0x00000211f930c630 Exception <a 'sun/nio/fs/WindowsException'{0x000000008efcc128}> (0x000000008efcc128) 
thrown [s\src\hotspot\share\prims\jni.cpp, line 517]
Event: 4.884 Thread 0x00000211f930c630 Exception <a 'java/lang/NoSuchMethodError'{0x000000008b903720}: 'long java.lang.invoke.DirectMethodHandle$Holder.invokeStatic(java.lang.Object)'> (0x000000008b903720) 
thrown [s\src\hotspot\share\interpreter\linkResolver.cpp, line 771]
Event: 4.884 Thread 0x00000211f930c630 Exception <a 'java/lang/NoSuchMethodError'{0x000000008b908308}: 'long java.lang.invoke.DirectMethodHandle$Holder.invokeStaticInit(java.lang.Object)'> (0x000000008b908308) 
thrown [s\src\hotspot\share\interpreter\linkResolver.cpp, line 771]
Event: 4.922 Thread 0x00000211f930c630 Exception <a 'java/lang/NoSuchMethodError'{0x0000000086e53ed8}: 'long java.lang.invoke.Invokers$Holder.invoke_MT(java.lang.Object, java.lang.Object, java.lang.Object, java.lang.Object)'> (0x0000000086e53ed8) 
thrown [s\src\hotspot\share\interpreter\linkResolver.cpp, line 771]
Event: 4.923 Thread 0x00000211f930c630 Exception <a 'java/lang/NoSuchMethodError'{0x0000000086e5d280}: 'int java.lang.invoke.Invokers$Holder.invoke_MT(java.lang.Object, java.lang.Object, java.lang.Object, java.lang.Object)'> (0x0000000086e5d280) 
thrown [s\src\hotspot\share\interpreter\linkResolver.cpp, line 771]
Event: 4.924 Thread 0x00000211f930c630 Exception <a 'java/lang/NoSuchMethodError'{0x0000000086e6db90}: 'void java.lang.invoke.DelegatingMethodHandle$Holder.reinvoke_L(java.lang.Object, java.lang.Object, java.lang.Object, long, java.lang.Object)'> (0x0000000086e6db90) 
thrown [s\src\hotspot\share\interpreter\linkResolver.cpp, line 771]
Event: 4.924 Thread 0x00000211f930c630 Exception <a 'java/lang/NoSuchMethodError'{0x0000000086e764c0}: 'java.lang.Object java.lang.invoke.DirectMethodHandle$Holder.invokeSpecial(java.lang.Object, java.lang.Object, java.lang.Object, java.lang.Object, long)'> (0x0000000086e764c0) 
thrown [s\src\hotspot\share\interpreter\linkResolver.cpp, line 771]
Event: 4.925 Thread 0x00000211f930c630 Exception <a 'java/lang/NoSuchMethodError'{0x0000000086e87690}: 'int java.lang.invoke.DelegatingMethodHandle$Holder.reinvoke_L(java.lang.Object, java.lang.Object, java.lang.Object, long, java.lang.Object, java.lang.Object)'> (0x0000000086e87690) 
thrown [s\src\hotspot\share\interpreter\linkResolver.cpp, line 771]
Event: 4.926 Thread 0x00000211f930c630 Exception <a 'java/lang/NoSuchMethodError'{0x0000000086e979a0}: 'int java.lang.invoke.DelegatingMethodHandle$Holder.reinvoke_L(java.lang.Object, java.lang.Object, java.lang.Object, long, int, int)'> (0x0000000086e979a0) 
thrown [s\src\hotspot\share\interpreter\linkResolver.cpp, line 771]
Event: 4.927 Thread 0x00000211f930c630 Exception <a 'java/lang/NoSuchMethodError'{0x0000000086ea7818}: 'int java.lang.invoke.DelegatingMethodHandle$Holder.reinvoke_L(java.lang.Object, java.lang.Object, java.lang.Object, long, long, long)'> (0x0000000086ea7818) 
thrown [s\src\hotspot\share\interpreter\linkResolver.cpp, line 771]
Event: 4.927 Thread 0x00000211f930c630 Exception <a 'java/lang/NoSuchMethodError'{0x0000000086eb7370}: 'int java.lang.invoke.DelegatingMethodHandle$Holder.reinvoke_L(java.lang.Object, java.lang.Object, java.lang.Object, long, int)'> (0x0000000086eb7370) 
thrown [s\src\hotspot\share\interpreter\linkResolver.cpp, line 771]
Event: 5.189 Thread 0x00000211f930c630 Exception <a 'java/lang/NoSuchMethodError'{0x000000008ba99170}: 'void java.lang.invoke.DirectMethodHandle$Holder.invokeVirtual(java.lang.Object, java.lang.Object)'> (0x000000008ba99170) 
thrown [s\src\hotspot\share\interpreter\linkResolver.cpp, line 771]
Event: 5.301 Thread 0x00000211f930c630 Exception <a 'java/lang/NoSuchMethodError'{0x00000000866d4728}: 'java.lang.Object java.lang.invoke.Invokers$Holder.invokeExact_MT(java.lang.Object, java.lang.Object, long, java.lang.Object)'> (0x00000000866d4728) 
thrown [s\src\hotspot\share\interpreter\linkResolver.cpp, line 771]
Event: 5.323 Thread 0x00000211f930c630 Exception <a 'java/lang/NoSuchMethodError'{0x00000000863491a8}: 'java.lang.Object java.lang.invoke.Invokers$Holder.invoke_MT(java.lang.Object, java.lang.Object, java.lang.Object)'> (0x00000000863491a8) 
thrown [s\src\hotspot\share\interpreter\linkResolver.cpp, line 771]
Event: 6.672 Thread 0x00000211f930c630 Exception <a 'java/lang/NoSuchMethodError'{0x00000000884b0aa0}: 'java.lang.Object java.lang.invoke.DirectMethodHandle$Holder.invokeStatic(java.lang.Object, java.lang.Object, java.lang.Object, java.lang.Object, int)'> (0x00000000884b0aa0) 
thrown [s\src\hotspot\share\interpreter\linkResolver.cpp, line 771]
Event: 6.672 Thread 0x00000211f930c630 Exception <a 'java/lang/NoSuchMethodError'{0x00000000884bb938}: 'java.lang.Object java.lang.invoke.DirectMethodHandle$Holder.newInvokeSpecial(java.lang.Object, java.lang.Object, java.lang.Object, java.lang.Object, int)'> (0x00000000884bb938) 
thrown [s\src\hotspot\share\interpreter\linkResolver.cpp, line 771]
Event: 6.672 Thread 0x00000211f930c630 Exception <a 'java/lang/NoSuchMethodError'{0x00000000884c1960}: 'java.lang.Object java.lang.invoke.DirectMethodHandle$Holder.invokeSpecial(java.lang.Object, java.lang.Object, java.lang.Object, java.lang.Object, java.lang.Object, int)'> (0x00000000884c1960) 
thrown [s\src\hotspot\share\interpreter\linkResolver.cpp, line 771]
Event: 6.673 Thread 0x00000211f930c630 Exception <a 'java/lang/NoSuchMethodError'{0x00000000884c7338}: 'java.lang.Object java.lang.invoke.Invokers$Holder.linkToTargetMethod(java.lang.Object, java.lang.Object, java.lang.Object, int, java.lang.Object)'> (0x00000000884c7338) 
thrown [s\src\hotspot\share\interpreter\linkResolver.cpp, line 771]

VM Operations (20 events):
Event: 6.435 Executing VM operation: G1CollectForAllocation
Event: 6.440 Executing VM operation: G1CollectForAllocation done
Event: 6.459 Executing VM operation: G1Concurrent
Event: 6.461 Executing VM operation: G1Concurrent done
Event: 6.473 Executing VM operation: G1Concurrent
Event: 6.474 Executing VM operation: G1Concurrent done
Event: 6.503 Executing VM operation: HandshakeAllThreads
Event: 6.504 Executing VM operation: HandshakeAllThreads done
Event: 6.758 Executing VM operation: G1CollectForAllocation
Event: 6.762 Executing VM operation: G1CollectForAllocation done
Event: 6.781 Executing VM operation: G1CollectForAllocation
Event: 6.826 Executing VM operation: G1CollectForAllocation done
Event: 6.836 Executing VM operation: G1TryInitiateConcMark
Event: 6.837 Executing VM operation: G1TryInitiateConcMark done
Event: 6.869 Executing VM operation: G1Concurrent
Event: 6.872 Executing VM operation: G1Concurrent done
Event: 6.884 Executing VM operation: G1Concurrent
Event: 6.885 Executing VM operation: G1Concurrent done
Event: 7.060 Executing VM operation: G1CollectForAllocation
Event: 7.062 Executing VM operation: G1CollectForAllocation done

Events (20 events):
Event: 6.336 loading class java/util/ArrayList$ListItr done
Event: 6.446 loading class java/text/StringCharacterIterator
Event: 6.446 loading class java/text/CharacterIterator
Event: 6.446 loading class java/text/CharacterIterator done
Event: 6.446 loading class java/text/StringCharacterIterator done
Event: 6.482 loading class java/io/NotSerializableException
Event: 6.482 loading class java/io/NotSerializableException done
Event: 6.503 loading class java/util/AbstractList$ListItr
Event: 6.503 loading class java/util/AbstractList$ListItr done
Event: 6.518 Thread 0x00000211fca39840 Thread added: 0x00000211fca39840
Event: 6.635 loading class java/util/function/IntUnaryOperator
Event: 6.635 loading class java/util/function/IntUnaryOperator done
Event: 6.659 loading class java/util/AbstractList$SubList
Event: 6.659 loading class java/util/AbstractList$SubList done
Event: 6.659 loading class java/util/AbstractList$SubList$1
Event: 6.659 loading class java/util/AbstractList$SubList$1 done
Event: 6.686 Thread 0x00000211fca39840 Thread exited: 0x00000211fca39840
Event: 6.686 Thread 0x00000211fca36fc0 Thread exited: 0x00000211fca36fc0
Event: 6.855 Thread 0x00000211fca374d0 Thread added: 0x00000211fca374d0
Event: 6.858 Thread 0x00000211fca379e0 Thread added: 0x00000211fca379e0


Dynamic libraries:
0x00007ff68b030000 - 0x00007ff68b03a000 	C:\Program Files\Android\Android Studio\jbr\bin\java.exe
0x00007ffef7170000 - 0x00007ffef7387000 	C:\WINDOWS\SYSTEM32\ntdll.dll
0x00007ffef5f20000 - 0x00007ffef5fe4000 	C:\WINDOWS\System32\KERNEL32.DLL
0x00007ffef4a30000 - 0x00007ffef4dd6000 	C:\WINDOWS\System32\KERNELBASE.dll
0x00007ffef4570000 - 0x00007ffef4681000 	C:\WINDOWS\System32\ucrtbase.dll
0x00007ffee0e50000 - 0x00007ffee0e67000 	C:\Program Files\Android\Android Studio\jbr\bin\jli.dll
0x00007ffeeb520000 - 0x00007ffeeb53b000 	C:\Program Files\Android\Android Studio\jbr\bin\VCRUNTIME140.dll
0x00007ffef52d0000 - 0x00007ffef547d000 	C:\WINDOWS\System32\USER32.dll
0x00007ffef4ea0000 - 0x00007ffef4ec6000 	C:\WINDOWS\System32\win32u.dll
0x00007ffeda580000 - 0x00007ffeda813000 	C:\WINDOWS\WinSxS\amd64_microsoft.windows.common-controls_6595b64144ccf1df_6.0.22621.2361_none_2712ced57382f843\COMCTL32.dll
0x00007ffef6b60000 - 0x00007ffef6b89000 	C:\WINDOWS\System32\GDI32.dll
0x00007ffef6d30000 - 0x00007ffef6dd7000 	C:\WINDOWS\System32\msvcrt.dll
0x00007ffef4800000 - 0x00007ffef4918000 	C:\WINDOWS\System32\gdi32full.dll
0x00007ffef4990000 - 0x00007ffef4a2a000 	C:\WINDOWS\System32\msvcp_win.dll
0x00007ffef5ee0000 - 0x00007ffef5f11000 	C:\WINDOWS\System32\IMM32.DLL
0x00007ffeef8b0000 - 0x00007ffeef8bc000 	C:\Program Files\Android\Android Studio\jbr\bin\vcruntime140_1.dll
0x00007ffeeb490000 - 0x00007ffeeb51d000 	C:\Program Files\Android\Android Studio\jbr\bin\msvcp140.dll
0x00007ffe6f200000 - 0x00007ffe6fe6e000 	C:\Program Files\Android\Android Studio\jbr\bin\server\jvm.dll
0x00007ffef5ff0000 - 0x00007ffef60a0000 	C:\WINDOWS\System32\ADVAPI32.dll
0x00007ffef50b0000 - 0x00007ffef5156000 	C:\WINDOWS\System32\sechost.dll
0x00007ffef4f90000 - 0x00007ffef50a7000 	C:\WINDOWS\System32\RPCRT4.dll
0x00007ffef17b0000 - 0x00007ffef17b9000 	C:\WINDOWS\SYSTEM32\WSOCK32.dll
0x00007ffee4a80000 - 0x00007ffee4ab4000 	C:\WINDOWS\SYSTEM32\WINMM.dll
0x00007ffeedf70000 - 0x00007ffeedf7a000 	C:\WINDOWS\SYSTEM32\VERSION.dll
0x00007ffef6c90000 - 0x00007ffef6d01000 	C:\WINDOWS\System32\WS2_32.dll
0x00007ffef34d0000 - 0x00007ffef34e8000 	C:\WINDOWS\SYSTEM32\kernel.appcore.dll
0x00007ffef1800000 - 0x00007ffef180a000 	C:\Program Files\Android\Android Studio\jbr\bin\jimage.dll
0x00007ffee4770000 - 0x00007ffee499e000 	C:\WINDOWS\SYSTEM32\DBGHELP.DLL
0x00007ffef67d0000 - 0x00007ffef6b5a000 	C:\WINDOWS\System32\combase.dll
0x00007ffef7040000 - 0x00007ffef7117000 	C:\WINDOWS\System32\OLEAUT32.dll
0x00007ffee4b30000 - 0x00007ffee4b62000 	C:\WINDOWS\SYSTEM32\dbgcore.DLL
0x00007ffef44f0000 - 0x00007ffef456a000 	C:\WINDOWS\System32\bcryptPrimitives.dll
0x00007ffee3ac0000 - 0x00007ffee3ace000 	C:\Program Files\Android\Android Studio\jbr\bin\instrument.dll
0x00007ffeef870000 - 0x00007ffeef895000 	C:\Program Files\Android\Android Studio\jbr\bin\java.dll
0x00007ffee5830000 - 0x00007ffee5848000 	C:\Program Files\Android\Android Studio\jbr\bin\zip.dll
0x00007ffef5680000 - 0x00007ffef5ed8000 	C:\WINDOWS\System32\SHELL32.dll
0x00007ffef2450000 - 0x00007ffef2d42000 	C:\WINDOWS\SYSTEM32\windows.storage.dll
0x00007ffef2310000 - 0x00007ffef244e000 	C:\WINDOWS\SYSTEM32\wintypes.dll
0x00007ffef6b90000 - 0x00007ffef6c83000 	C:\WINDOWS\System32\SHCORE.dll
0x00007ffef4f30000 - 0x00007ffef4f8e000 	C:\WINDOWS\System32\shlwapi.dll
0x00007ffef4420000 - 0x00007ffef4446000 	C:\WINDOWS\SYSTEM32\profapi.dll
0x00007ffee3e80000 - 0x00007ffee3e99000 	C:\Program Files\Android\Android Studio\jbr\bin\net.dll
0x00007ffeed9a0000 - 0x00007ffeedad7000 	C:\WINDOWS\SYSTEM32\WINHTTP.dll
0x00007ffef39b0000 - 0x00007ffef3a19000 	C:\WINDOWS\system32\mswsock.dll
0x00007ffee3e60000 - 0x00007ffee3e76000 	C:\Program Files\Android\Android Studio\jbr\bin\nio.dll
0x00007ffef1780000 - 0x00007ffef1790000 	C:\Program Files\Android\Android Studio\jbr\bin\verify.dll
0x00007ffeeb310000 - 0x00007ffeeb337000 	C:\Users\matel\.gradle\native\c067742578af261105cb4f569cf0c3c89f3d7b1fecec35dd04571415982c5e48\windows-amd64\native-platform.dll
0x00007ffeeb1c0000 - 0x00007ffeeb304000 	C:\Users\matel\.gradle\native\38dada09dfb8b06ba9b0570ebf7e218e3eb74d4ef43ca46872605cf95ebc2f47\windows-amd64\native-platform-file-events.dll
0x00007ffee58c0000 - 0x00007ffee58c9000 	C:\Program Files\Android\Android Studio\jbr\bin\management.dll
0x00007ffee3ad0000 - 0x00007ffee3adb000 	C:\Program Files\Android\Android Studio\jbr\bin\management_ext.dll
0x00007ffef7030000 - 0x00007ffef7038000 	C:\WINDOWS\System32\PSAPI.DLL
0x00007ffef3c00000 - 0x00007ffef3c1b000 	C:\WINDOWS\SYSTEM32\CRYPTSP.dll
0x00007ffef3490000 - 0x00007ffef34c5000 	C:\WINDOWS\system32\rsaenh.dll
0x00007ffef3aa0000 - 0x00007ffef3acc000 	C:\WINDOWS\SYSTEM32\USERENV.dll
0x00007ffef3da0000 - 0x00007ffef3dc8000 	C:\WINDOWS\SYSTEM32\bcrypt.dll
0x00007ffef3c20000 - 0x00007ffef3c2c000 	C:\WINDOWS\SYSTEM32\CRYPTBASE.dll
0x00007ffef2fb0000 - 0x00007ffef2fdd000 	C:\WINDOWS\SYSTEM32\IPHLPAPI.DLL
0x00007ffef60a0000 - 0x00007ffef60a9000 	C:\WINDOWS\System32\NSI.dll
0x00007ffeed7d0000 - 0x00007ffeed7e9000 	C:\WINDOWS\SYSTEM32\dhcpcsvc6.DLL
0x00007ffeed7b0000 - 0x00007ffeed7cf000 	C:\WINDOWS\SYSTEM32\dhcpcsvc.DLL
0x00007ffef3020000 - 0x00007ffef3119000 	C:\WINDOWS\SYSTEM32\DNSAPI.dll
0x00007ffecef30000 - 0x00007ffecef38000 	C:\WINDOWS\system32\wshunix.dll

dbghelp: loaded successfully - version: 4.0.5 - missing functions: none
symbol engine: initialized successfully - sym options: 0x614 - pdb path: .;C:\Program Files\Android\Android Studio\jbr\bin;C:\WINDOWS\SYSTEM32;C:\WINDOWS\WinSxS\amd64_microsoft.windows.common-controls_6595b64144ccf1df_6.0.22621.2361_none_2712ced57382f843;C:\Program Files\Android\Android Studio\jbr\bin\server;C:\Users\matel\.gradle\native\c067742578af261105cb4f569cf0c3c89f3d7b1fecec35dd04571415982c5e48\windows-amd64;C:\Users\matel\.gradle\native\38dada09dfb8b06ba9b0570ebf7e218e3eb74d4ef43ca46872605cf95ebc2f47\windows-amd64

VM Arguments:
jvm_args: --add-opens=java.base/java.util=ALL-UNNAMED --add-opens=java.base/java.lang=ALL-UNNAMED --add-opens=java.base/java.lang.invoke=ALL-UNNAMED --add-opens=java.prefs/java.util.prefs=ALL-UNNAMED --add-opens=java.base/java.nio.charset=ALL-UNNAMED --add-opens=java.base/java.net=ALL-UNNAMED --add-opens=java.base/java.util.concurrent.atomic=ALL-UNNAMED -Xmx2048m -Dfile.encoding=UTF-8 -Duser.country=ES -Duser.language=es -Duser.variant -javaagent:C:\Users\matel\.gradle\wrapper\dists\gradle-8.4-bin\1w5dpkrfk8irigvoxmyhowfim\gradle-8.4\lib\agents\gradle-instrumentation-agent-8.4.jar 
java_command: org.gradle.launcher.daemon.bootstrap.GradleDaemon 8.4
java_class_path (initial): C:\Users\matel\.gradle\wrapper\dists\gradle-8.4-bin\1w5dpkrfk8irigvoxmyhowfim\gradle-8.4\lib\gradle-launcher-8.4.jar
Launcher Type: SUN_STANDARD

[Global flags]
     intx CICompilerCount                          = 4                                         {product} {ergonomic}
     uint ConcGCThreads                            = 3                                         {product} {ergonomic}
     uint G1ConcRefinementThreads                  = 10                                        {product} {ergonomic}
   size_t G1HeapRegionSize                         = 1048576                                   {product} {ergonomic}
    uintx GCDrainStackTargetSize                   = 64                                        {product} {ergonomic}
   size_t InitialHeapSize                          = 251658240                                 {product} {ergonomic}
   size_t MarkStackSize                            = 4194304                                   {product} {ergonomic}
   size_t MaxHeapSize                              = 2147483648                                {product} {command line}
   size_t MaxNewSize                               = 1287651328                                {product} {ergonomic}
   size_t MinHeapDeltaBytes                        = 1048576                                   {product} {ergonomic}
   size_t MinHeapSize                              = 8388608                                   {product} {ergonomic}
    uintx NonNMethodCodeHeapSize                   = 5839372                                {pd product} {ergonomic}
    uintx NonProfiledCodeHeapSize                  = 122909434                              {pd product} {ergonomic}
    uintx ProfiledCodeHeapSize                     = 122909434                              {pd product} {ergonomic}
    uintx ReservedCodeCacheSize                    = 251658240                              {pd product} {ergonomic}
     bool SegmentedCodeCache                       = true                                      {product} {ergonomic}
   size_t SoftMaxHeapSize                          = 2147483648                             {manageable} {ergonomic}
     bool UseCompressedClassPointers               = true                           {product lp64_product} {ergonomic}
     bool UseCompressedOops                        = true                           {product lp64_product} {ergonomic}
     bool UseG1GC                                  = true                                      {product} {ergonomic}
     bool UseLargePagesIndividualAllocation        = false                                  {pd product} {ergonomic}

Logging:
Log output configuration:
 #0: stdout all=warning uptime,level,tags
 #1: stderr all=off uptime,level,tags

Environment Variables:
PATH=C:\Program Files (x86)\VMware\VMware Player\bin\;C:\WINDOWS\system32;C:\WINDOWS;C:\WINDOWS\System32\Wbem;C:\WINDOWS\System32\WindowsPowerShell\v1.0\;C:\WINDOWS\System32\OpenSSH\;C:\Program Files\Microsoft VS Code\bin;C:\Users\matel\AppData\Local\Programs\Python\Python311;C:\Program Files (x86)\NVIDIA Corporation\PhysX\Common;C:\Program Files\NVIDIA Corporation\NVIDIA NvDLISR;C:\Program Files\Microsoft SQL Server\150\Tools\Binn\;C:\Program Files (x86)\Intel\Intel(R) Management Engine Components\DAL;C:\Program Files\Intel\Intel(R) Management Engine Components\DAL;C:\Program Files\Microsoft SQL Server\Client SDK\ODBC\170\Tools\Binn\;C:\Program Files\Docker\Docker\resources\bin;C:\Program Files (x86)\Microsoft SQL Server\160\Tools\Binn\;C:\Program Files\Microsoft SQL Server\160\Tools\Binn\;C:\Program Files\Microsoft SQL Server\160\DTS\Binn\;C:\Program Files (x86)\Microsoft SQL Server\160\DTS\Binn\;C:\Program Files\Azure Data Studio\bin;C:\Program Files\dotnet\;C:\Program Files\Git\cmd;C:\Users\matel\AppData\Local\Microsoft\WindowsApps;C:\Users\matel\.dotnet\tools;C:\Program Files\Azure Data Studio\bin;C:\Users\matel\AppData\Local\GitHubDesktop\bin
USERNAME=orion
OS=Windows_NT
PROCESSOR_IDENTIFIER=Intel64 Family 6 Model 158 Stepping 10, GenuineIntel
TMP=C:\Users\matel\AppData\Local\Temp
TEMP=C:\Users\matel\AppData\Local\Temp


JNI global refs:
JNI global refs: 29, weak refs: 4

JNI global refs memory usage: 843, weak refs: 841


---------------  S Y S T E M  ---------------

OS:
 Windows 11 , 64 bit Build 22621 (10.0.22621.2428)
OS uptime: 0 days 1:04 hours

CPU: total 12 (initial active 12) (6 cores per cpu, 2 threads per core) family 6 model 158 stepping 10 microcode 0xde, cx8, cmov, fxsr, ht, mmx, 3dnowpref, sse, sse2, sse3, ssse3, sse4.1, sse4.2, popcnt, lzcnt, tsc, tscinvbit, avx, avx2, aes, erms, clmul, bmi1, bmi2, rtm, adx, fma, vzeroupper, clflush, clflushopt

Memory: 4k page, system-wide physical 15289M (663M free)
TotalPageFile size 19385M (AvailPageFile size 5M)
current process WorkingSet (physical memory assigned to process): 412M, peak: 412M
current process commit charge ("private bytes"): 451M, peak: 452M

vm_info: OpenJDK 64-Bit Server VM (17.0.6+0-b2043.56-10027231) for windows-amd64 JRE (17.0.6+0-b2043.56-10027231), built on Apr 28 2023 00:43:19 by "androidbuild" with MS VC++ 16.10 / 16.11 (VS2019)

END.
