#
# There is insufficient memory for the Java Runtime Environment to continue.
# Native memory allocation (mmap) failed to map 117440512 bytes for G1 virtual space
# Possible reasons:
#   The system is out of physical RAM or swap space
#   The process is running with CompressedOops enabled, and the Java Heap may be blocking the growth of the native heap
# Possible solutions:
#   Reduce memory load on the system
#   Increase physical memory or swap space
#   Check if swap backing store is full
#   Decrease Java heap size (-Xmx/-Xms)
#   Decrease number of Java threads
#   Decrease Java thread stack sizes (-Xss)
#   Set larger code cache with -XX:ReservedCodeCacheSize=
#   JVM is running with Unscaled Compressed Oops mode in which the Java heap is
#     placed in the first 4GB address space. The Java Heap base address is the
#     maximum limit for the native heap growth. Please use -XX:HeapBaseMinAddress
#     to set the Java Heap base and to place the Java Heap above 4GB virtual address.
# This output file may be truncated or incomplete.
#
#  Out of Memory Error (os_windows.cpp:3769), pid=17244, tid=17356
#
# JRE version: OpenJDK Runtime Environment (17.0.6) (build 17.0.6+0-b2043.56-10027231)
# Java VM: OpenJDK 64-Bit Server VM (17.0.6+0-b2043.56-10027231, mixed mode, tiered, compressed oops, compressed class ptrs, g1 gc, windows-amd64)
# No core dump will be written. Minidumps are not enabled by default on client versions of Windows
#

---------------  S U M M A R Y ------------

Command Line: --add-opens=java.base/java.util=ALL-UNNAMED --add-opens=java.base/java.lang=ALL-UNNAMED --add-opens=java.base/java.lang.invoke=ALL-UNNAMED --add-opens=java.prefs/java.util.prefs=ALL-UNNAMED --add-opens=java.base/java.nio.charset=ALL-UNNAMED --add-opens=java.base/java.net=ALL-UNNAMED --add-opens=java.base/java.util.concurrent.atomic=ALL-UNNAMED -Xmx2048m -Dfile.encoding=UTF-8 -Duser.country=ES -Duser.language=es -Duser.variant -javaagent:C:\Users\matel\.gradle\wrapper\dists\gradle-8.4-bin\1w5dpkrfk8irigvoxmyhowfim\gradle-8.4\lib\agents\gradle-instrumentation-agent-8.4.jar org.gradle.launcher.daemon.bootstrap.GradleDaemon 8.4

Host: Intel(R) Core(TM) i7-8700K CPU @ 3.70GHz, 12 cores, 14G,  Windows 11 , 64 bit Build 22621 (10.0.22621.2428)
Time: Sat Oct 14 17:26:35 2023 Hora de verano GMT elapsed time: 6.634719 seconds (0d 0h 0m 6s)

---------------  T H R E A D  ---------------

Current thread (0x0000029844f1eca0):  VMThread "VM Thread" [stack: 0x000000e6c1000000,0x000000e6c1100000] [id=17356]

Stack: [0x000000e6c1000000,0x000000e6c1100000]
Native frames: (J=compiled Java code, j=interpreted, Vv=VM code, C=native code)
V  [jvm.dll+0x683c9a]
V  [jvm.dll+0x8427a4]
V  [jvm.dll+0x843f9e]
V  [jvm.dll+0x844603]
V  [jvm.dll+0x249b75]
V  [jvm.dll+0x680b69]
V  [jvm.dll+0x67505a]
V  [jvm.dll+0x309acb]
V  [jvm.dll+0x310f86]
V  [jvm.dll+0x3608ee]
V  [jvm.dll+0x360b1f]
V  [jvm.dll+0x2dfbf8]
V  [jvm.dll+0x2ddec4]
V  [jvm.dll+0x2dd4cc]
V  [jvm.dll+0x321f3b]
V  [jvm.dll+0x848ccb]
V  [jvm.dll+0x849a04]
V  [jvm.dll+0x849f1d]
V  [jvm.dll+0x84a2f4]
V  [jvm.dll+0x84a3c0]
V  [jvm.dll+0x7f274a]
V  [jvm.dll+0x682ad5]
C  [ucrtbase.dll+0x29363]
C  [KERNEL32.DLL+0x1257d]
C  [ntdll.dll+0x5aa78]

VM_Operation (0x000000e6c28f05e0): G1CollectForAllocation, mode: safepoint, requested by thread 0x0000029848c95140


---------------  P R O C E S S  ---------------

Threads class SMR info:
_java_thread_list=0x000002984b15d850, length=48, elements={
0x000002982b0aa180, 0x00000298453eba80, 0x00000298453e7590, 0x00000298454113c0,
0x0000029845412590, 0x0000029845412f40, 0x00000298454259f0, 0x00000298454266d0,
0x0000029845427170, 0x0000029845429b70, 0x000002984553cc30, 0x000002984565df50,
0x000002984a35f330, 0x000002984575d700, 0x00000298492d9200, 0x000002984732e280,
0x0000029848b54460, 0x0000029848efcf10, 0x0000029848c95140, 0x00000298485c0320,
0x00000298485be170, 0x00000298485c1190, 0x00000298485c0cc0, 0x00000298485bf980,
0x00000298485c07f0, 0x00000298485beb10, 0x00000298485bdca0, 0x000002984a170ab0,
0x000002984a16d0f0, 0x000002984a16edd0, 0x000002984a16e430, 0x000002984a170f80,
0x000002984a16e900, 0x000002984a16c280, 0x000002984a16b8e0, 0x000002984a16fc40,
0x000002984a16d5c0, 0x000002984a16da90, 0x000002984a171450, 0x000002984a16bdb0,
0x000002984a16c750, 0x000002984a16df60, 0x000002984a16cc20, 0x000002984a16f2a0,
0x000002984a16b410, 0x000002984b11e9f0, 0x000002984d793420, 0x000002984d792a00
}

Java Threads: ( => current thread )
  0x000002982b0aa180 JavaThread "main" [_thread_blocked, id=4972, stack(0x000000e6c0a00000,0x000000e6c0b00000)]
  0x00000298453eba80 JavaThread "Reference Handler" daemon [_thread_blocked, id=16516, stack(0x000000e6c1100000,0x000000e6c1200000)]
  0x00000298453e7590 JavaThread "Finalizer" daemon [_thread_blocked, id=5492, stack(0x000000e6c1200000,0x000000e6c1300000)]
  0x00000298454113c0 JavaThread "Signal Dispatcher" daemon [_thread_blocked, id=9540, stack(0x000000e6c1300000,0x000000e6c1400000)]
  0x0000029845412590 JavaThread "Attach Listener" daemon [_thread_blocked, id=12072, stack(0x000000e6c1400000,0x000000e6c1500000)]
  0x0000029845412f40 JavaThread "Service Thread" daemon [_thread_blocked, id=9360, stack(0x000000e6c1500000,0x000000e6c1600000)]
  0x00000298454259f0 JavaThread "Monitor Deflation Thread" daemon [_thread_blocked, id=10452, stack(0x000000e6c1600000,0x000000e6c1700000)]
  0x00000298454266d0 JavaThread "C2 CompilerThread0" daemon [_thread_blocked, id=9856, stack(0x000000e6c1700000,0x000000e6c1800000)]
  0x0000029845427170 JavaThread "C1 CompilerThread0" daemon [_thread_blocked, id=17328, stack(0x000000e6c1800000,0x000000e6c1900000)]
  0x0000029845429b70 JavaThread "Sweeper thread" daemon [_thread_blocked, id=17312, stack(0x000000e6c1900000,0x000000e6c1a00000)]
  0x000002984553cc30 JavaThread "Common-Cleaner" daemon [_thread_blocked, id=17336, stack(0x000000e6c1a00000,0x000000e6c1b00000)]
  0x000002984565df50 JavaThread "Notification Thread" daemon [_thread_blocked, id=17324, stack(0x000000e6c1b00000,0x000000e6c1c00000)]
  0x000002984a35f330 JavaThread "Daemon health stats" [_thread_blocked, id=17076, stack(0x000000e6c2300000,0x000000e6c2400000)]
  0x000002984575d700 JavaThread "Incoming local TCP Connector on port 51332" [_thread_in_native, id=17164, stack(0x000000e6c1e00000,0x000000e6c1f00000)]
  0x00000298492d9200 JavaThread "Daemon periodic checks" [_thread_blocked, id=16824, stack(0x000000e6c2400000,0x000000e6c2500000)]
  0x000002984732e280 JavaThread "Daemon" [_thread_blocked, id=17124, stack(0x000000e6c2500000,0x000000e6c2600000)]
  0x0000029848b54460 JavaThread "Handler for socket connection from /127.0.0.1:51332 to /127.0.0.1:51333" [_thread_in_native, id=17048, stack(0x000000e6c2600000,0x000000e6c2700000)]
  0x0000029848efcf10 JavaThread "Cancel handler" [_thread_blocked, id=16984, stack(0x000000e6c2700000,0x000000e6c2800000)]
  0x0000029848c95140 JavaThread "Daemon worker" [_thread_blocked, id=16736, stack(0x000000e6c2800000,0x000000e6c2900000)]
  0x00000298485c0320 JavaThread "Asynchronous log dispatcher for DefaultDaemonConnection: socket connection from /127.0.0.1:51332 to /127.0.0.1:51333" [_thread_blocked, id=17020, stack(0x000000e6c2900000,0x000000e6c2a00000)]
  0x00000298485be170 JavaThread "Stdin handler" [_thread_blocked, id=16756, stack(0x000000e6c2a00000,0x000000e6c2b00000)]
  0x00000298485c1190 JavaThread "Daemon client event forwarder" [_thread_blocked, id=16964, stack(0x000000e6c2b00000,0x000000e6c2c00000)]
  0x00000298485c0cc0 JavaThread "Cache worker for journal cache (C:\Users\matel\.gradle\caches\journal-1)" [_thread_blocked, id=15544, stack(0x000000e6c3300000,0x000000e6c3400000)]
  0x00000298485bf980 JavaThread "File lock request listener" [_thread_in_native, id=16772, stack(0x000000e6c3400000,0x000000e6c3500000)]
  0x00000298485c07f0 JavaThread "Cache worker for file hash cache (C:\Users\matel\.gradle\caches\8.4\fileHashes)" [_thread_blocked, id=14008, stack(0x000000e6c3500000,0x000000e6c3600000)]
  0x00000298485beb10 JavaThread "File watcher server" daemon [_thread_in_native, id=7084, stack(0x000000e6c3700000,0x000000e6c3800000)]
  0x00000298485bdca0 JavaThread "File watcher consumer" daemon [_thread_blocked, id=3628, stack(0x000000e6c3800000,0x000000e6c3900000)]
  0x000002984a170ab0 JavaThread "jar transforms" [_thread_blocked, id=16468, stack(0x000000e6c3900000,0x000000e6c3a00000)]
  0x000002984a16d0f0 JavaThread "jar transforms Thread 2" [_thread_blocked, id=10940, stack(0x000000e6c3a00000,0x000000e6c3b00000)]
  0x000002984a16edd0 JavaThread "jar transforms Thread 3" [_thread_blocked, id=15048, stack(0x000000e6c3b00000,0x000000e6c3c00000)]
  0x000002984a16e430 JavaThread "jar transforms Thread 4" [_thread_blocked, id=13176, stack(0x000000e6c3c00000,0x000000e6c3d00000)]
  0x000002984a170f80 JavaThread "jar transforms Thread 5" [_thread_blocked, id=12500, stack(0x000000e6c3d00000,0x000000e6c3e00000)]
  0x000002984a16e900 JavaThread "jar transforms Thread 6" [_thread_blocked, id=14896, stack(0x000000e6c3e00000,0x000000e6c3f00000)]
  0x000002984a16c280 JavaThread "jar transforms Thread 7" [_thread_blocked, id=14544, stack(0x000000e6c3f00000,0x000000e6c4000000)]
  0x000002984a16b8e0 JavaThread "jar transforms Thread 8" [_thread_blocked, id=16240, stack(0x000000e6c4000000,0x000000e6c4100000)]
  0x000002984a16fc40 JavaThread "jar transforms Thread 9" [_thread_blocked, id=11704, stack(0x000000e6c4100000,0x000000e6c4200000)]
  0x000002984a16d5c0 JavaThread "jar transforms Thread 10" [_thread_blocked, id=16708, stack(0x000000e6c4200000,0x000000e6c4300000)]
  0x000002984a16da90 JavaThread "jar transforms Thread 11" [_thread_blocked, id=3400, stack(0x000000e6c4300000,0x000000e6c4400000)]
  0x000002984a171450 JavaThread "jar transforms Thread 12" [_thread_blocked, id=1856, stack(0x000000e6c4400000,0x000000e6c4500000)]
  0x000002984a16bdb0 JavaThread "Cache worker for checksums cache (C:\Projects\Android\SendImage\.gradle\8.4\checksums)" [_thread_blocked, id=14020, stack(0x000000e6c4500000,0x000000e6c4600000)]
  0x000002984a16c750 JavaThread "Cache worker for file hash cache (C:\Projects\Android\SendImage\.gradle\8.4\fileHashes)" [_thread_blocked, id=16500, stack(0x000000e6c4600000,0x000000e6c4700000)]
  0x000002984a16df60 JavaThread "Cache worker for cache directory md-supplier (C:\Users\matel\.gradle\caches\8.4\md-supplier)" [_thread_blocked, id=14624, stack(0x000000e6c4700000,0x000000e6c4800000)]
  0x000002984a16cc20 JavaThread "Cache worker for file content cache (C:\Users\matel\.gradle\caches\8.4\fileContent)" [_thread_blocked, id=6540, stack(0x000000e6c4800000,0x000000e6c4900000)]
  0x000002984a16f2a0 JavaThread "Cache worker for cache directory md-rule (C:\Users\matel\.gradle\caches\8.4\md-rule)" [_thread_blocked, id=2888, stack(0x000000e6c4900000,0x000000e6c4a00000)]
  0x000002984a16b410 JavaThread "Cache worker for execution history cache (C:\Users\matel\.gradle\caches\8.4\executionHistory)" [_thread_blocked, id=15488, stack(0x000000e6c4a00000,0x000000e6c4b00000)]
  0x000002984b11e9f0 JavaThread "Cache worker for kotlin-dsl (C:\Users\matel\.gradle\caches\8.4\kotlin-dsl)" [_thread_blocked, id=2288, stack(0x000000e6c4c00000,0x000000e6c4d00000)]
  0x000002984d793420 JavaThread "C2 CompilerThread1" daemon [_thread_blocked, id=2808, stack(0x000000e6c1d00000,0x000000e6c1e00000)]
  0x000002984d792a00 JavaThread "C2 CompilerThread2" daemon [_thread_blocked, id=14620, stack(0x000000e6c3600000,0x000000e6c3700000)]

Other Threads:
=>0x0000029844f1eca0 VMThread "VM Thread" [stack: 0x000000e6c1000000,0x000000e6c1100000] [id=17356]
  0x000002984565e420 WatcherThread [stack: 0x000000e6c1c00000,0x000000e6c1d00000] [id=16704]
  0x000002982b106900 GCTaskThread "GC Thread#0" [stack: 0x000000e6c0b00000,0x000000e6c0c00000] [id=1592]
  0x00000298471fc3e0 GCTaskThread "GC Thread#1" [stack: 0x000000e6c1f00000,0x000000e6c2000000] [id=16832]
  0x00000298471fc690 GCTaskThread "GC Thread#2" [stack: 0x000000e6c2000000,0x000000e6c2100000] [id=16960]
  0x00000298464dd370 GCTaskThread "GC Thread#3" [stack: 0x000000e6c2100000,0x000000e6c2200000] [id=8496]
  0x00000298464dd620 GCTaskThread "GC Thread#4" [stack: 0x000000e6c2200000,0x000000e6c2300000] [id=17196]
  0x000002984961d430 GCTaskThread "GC Thread#5" [stack: 0x000000e6c2c00000,0x000000e6c2d00000] [id=17140]
  0x00000298492e8350 GCTaskThread "GC Thread#6" [stack: 0x000000e6c2d00000,0x000000e6c2e00000] [id=15340]
  0x0000029848c95610 GCTaskThread "GC Thread#7" [stack: 0x000000e6c2e00000,0x000000e6c2f00000] [id=16464]
  0x0000029848b54d40 GCTaskThread "GC Thread#8" [stack: 0x000000e6c2f00000,0x000000e6c3000000] [id=16784]
  0x00000298486874c0 GCTaskThread "GC Thread#9" [stack: 0x000000e6c3000000,0x000000e6c3100000] [id=13908]
  0x000002982b118850 ConcurrentGCThread "G1 Main Marker" [stack: 0x000000e6c0c00000,0x000000e6c0d00000] [id=15656]
  0x000002982b119a70 ConcurrentGCThread "G1 Conc#0" [stack: 0x000000e6c0d00000,0x000000e6c0e00000] [id=17360]
  0x00000298485c2fb0 ConcurrentGCThread "G1 Conc#1" [stack: 0x000000e6c3100000,0x000000e6c3200000] [id=3644]
  0x000002984961e6f0 ConcurrentGCThread "G1 Conc#2" [stack: 0x000000e6c3200000,0x000000e6c3300000] [id=16848]
  0x000002982b16d8d0 ConcurrentGCThread "G1 Refine#0" [stack: 0x000000e6c0e00000,0x000000e6c0f00000] [id=16600]
  0x000002984a826540 ConcurrentGCThread "G1 Refine#1" [stack: 0x000000e6c4b00000,0x000000e6c4c00000] [id=13100]
  0x000002982b16e2f0 ConcurrentGCThread "G1 Service" [stack: 0x000000e6c0f00000,0x000000e6c1000000] [id=16728]

Threads with active compile tasks:
C1 CompilerThread0     6651 6947   !   3       org.jetbrains.kotlin.cli.jvm.index.JvmDependenciesDynamicCompoundIndex::findClass (93 bytes)
C2 CompilerThread2     6651 6945   !   4       org.jetbrains.kotlin.storage.LockBasedStorageManager$MapBasedMemoizedFunction::invoke (356 bytes)

VM state: at safepoint (normal execution)

VM Mutex/Monitor currently owned by a thread:  ([mutex/lock_event])
[0x000002982b0a5710] Threads_lock - owner thread: 0x0000029844f1eca0
[0x000002982b0a5b90] Heap_lock - owner thread: 0x0000029848c95140

Heap address: 0x0000000080000000, size: 2048 MB, Compressed Oops mode: 32-bit

CDS archive(s) not mapped
Compressed class space mapped at: 0x0000000100000000-0x0000000140000000, reserved size: 1073741824
Narrow klass base: 0x0000000000000000, Narrow klass shift: 3, Narrow klass range: 0x140000000

GC Precious Log:
 CPUs: 12 total, 12 available
 Memory: 15289M
 Large Page Support: Disabled
 NUMA Support: Disabled
 Compressed Oops: Enabled (32-bit)
 Heap Region Size: 1M
 Heap Min Capacity: 8M
 Heap Initial Capacity: 240M
 Heap Max Capacity: 2G
 Pre-touch: Disabled
 Parallel Workers: 10
 Concurrent Workers: 3
 Concurrent Refinement Workers: 10
 Periodic GC: Disabled

Heap:
 garbage-first heap   total 245760K, used 102137K [0x0000000080000000, 0x0000000100000000)
  region size 1024K, 4 young (4096K), 4 survivors (4096K)
 Metaspace       used 93514K, committed 94080K, reserved 1138688K
  class space    used 12441K, committed 12672K, reserved 1048576K

Heap Regions: E=young(eden), S=young(survivor), O=old, HS=humongous(starts), HC=humongous(continues), CS=collection set, F=free, OA=open archive, CA=closed archive, TAMS=top-at-mark-start (previous, next)
|   0|0x0000000080000000, 0x0000000080100000, 0x0000000080100000|100%|HS|  |TAMS 0x0000000080100000, 0x0000000080100000| Complete 
|   1|0x0000000080100000, 0x0000000080200000, 0x0000000080200000|100%|HC|  |TAMS 0x0000000080200000, 0x0000000080200000| Complete 
|   2|0x0000000080200000, 0x0000000080300000, 0x0000000080300000|100%|HC|  |TAMS 0x0000000080300000, 0x0000000080300000| Complete 
|   3|0x0000000080300000, 0x0000000080400000, 0x0000000080400000|100%|HC|  |TAMS 0x0000000080400000, 0x0000000080400000| Complete 
|   4|0x0000000080400000, 0x0000000080500000, 0x0000000080500000|100%| O|  |TAMS 0x0000000080500000, 0x0000000080500000| Untracked 
|   5|0x0000000080500000, 0x0000000080600000, 0x0000000080600000|100%| O|  |TAMS 0x0000000080600000, 0x0000000080600000| Untracked 
|   6|0x0000000080600000, 0x0000000080700000, 0x0000000080700000|100%| O|  |TAMS 0x0000000080700000, 0x0000000080700000| Untracked 
|   7|0x0000000080700000, 0x0000000080800000, 0x0000000080800000|100%| O|  |TAMS 0x0000000080800000, 0x0000000080800000| Untracked 
|   8|0x0000000080800000, 0x0000000080900000, 0x0000000080900000|100%| O|  |TAMS 0x0000000080900000, 0x0000000080900000| Untracked 
|   9|0x0000000080900000, 0x0000000080a00000, 0x0000000080a00000|100%| O|  |TAMS 0x0000000080a00000, 0x0000000080a00000| Untracked 
|  10|0x0000000080a00000, 0x0000000080b00000, 0x0000000080b00000|100%| O|  |TAMS 0x0000000080b00000, 0x0000000080b00000| Untracked 
|  11|0x0000000080b00000, 0x0000000080c00000, 0x0000000080c00000|100%| O|  |TAMS 0x0000000080c00000, 0x0000000080c00000| Untracked 
|  12|0x0000000080c00000, 0x0000000080d00000, 0x0000000080d00000|100%| O|  |TAMS 0x0000000080d00000, 0x0000000080d00000| Untracked 
|  13|0x0000000080d00000, 0x0000000080e00000, 0x0000000080e00000|100%| O|  |TAMS 0x0000000080e00000, 0x0000000080e00000| Untracked 
|  14|0x0000000080e00000, 0x0000000080f00000, 0x0000000080f00000|100%| O|  |TAMS 0x0000000080f00000, 0x0000000080f00000| Untracked 
|  15|0x0000000080f00000, 0x0000000081000000, 0x0000000081000000|100%| O|  |TAMS 0x0000000081000000, 0x0000000081000000| Untracked 
|  16|0x0000000081000000, 0x0000000081100000, 0x0000000081100000|100%| O|  |TAMS 0x0000000081100000, 0x0000000081100000| Untracked 
|  17|0x0000000081100000, 0x0000000081200000, 0x0000000081200000|100%| O|  |TAMS 0x0000000081200000, 0x0000000081200000| Untracked 
|  18|0x0000000081200000, 0x0000000081300000, 0x0000000081300000|100%| O|  |TAMS 0x0000000081300000, 0x0000000081300000| Untracked 
|  19|0x0000000081300000, 0x0000000081400000, 0x0000000081400000|100%|HS|  |TAMS 0x0000000081400000, 0x0000000081400000| Complete 
|  20|0x0000000081400000, 0x0000000081500000, 0x0000000081500000|100%|HC|  |TAMS 0x0000000081500000, 0x0000000081500000| Complete 
|  21|0x0000000081500000, 0x0000000081600000, 0x0000000081600000|100%|HS|  |TAMS 0x0000000081600000, 0x0000000081600000| Complete 
|  22|0x0000000081600000, 0x0000000081700000, 0x0000000081700000|100%|HC|  |TAMS 0x0000000081700000, 0x0000000081700000| Complete 
|  23|0x0000000081700000, 0x0000000081800000, 0x0000000081800000|100%|HC|  |TAMS 0x0000000081800000, 0x0000000081800000| Complete 
|  24|0x0000000081800000, 0x0000000081900000, 0x0000000081900000|100%|HS|  |TAMS 0x0000000081900000, 0x0000000081900000| Complete 
|  25|0x0000000081900000, 0x0000000081a00000, 0x0000000081a00000|100%|HC|  |TAMS 0x0000000081a00000, 0x0000000081a00000| Complete 
|  26|0x0000000081a00000, 0x0000000081b00000, 0x0000000081b00000|100%|HC|  |TAMS 0x0000000081b00000, 0x0000000081b00000| Complete 
|  27|0x0000000081b00000, 0x0000000081c00000, 0x0000000081c00000|100%| O|  |TAMS 0x0000000081c00000, 0x0000000081c00000| Untracked 
|  28|0x0000000081c00000, 0x0000000081d00000, 0x0000000081d00000|100%| O|  |TAMS 0x0000000081d00000, 0x0000000081d00000| Untracked 
|  29|0x0000000081d00000, 0x0000000081e00000, 0x0000000081e00000|100%|HS|  |TAMS 0x0000000081e00000, 0x0000000081e00000| Complete 
|  30|0x0000000081e00000, 0x0000000081f00000, 0x0000000081f00000|100%|HC|  |TAMS 0x0000000081f00000, 0x0000000081f00000| Complete 
|  31|0x0000000081f00000, 0x0000000082000000, 0x0000000082000000|100%|HC|  |TAMS 0x0000000082000000, 0x0000000082000000| Complete 
|  32|0x0000000082000000, 0x0000000082100000, 0x0000000082100000|100%|HC|  |TAMS 0x0000000082100000, 0x0000000082100000| Complete 
|  33|0x0000000082100000, 0x0000000082200000, 0x0000000082200000|100%|HC|  |TAMS 0x0000000082200000, 0x0000000082200000| Complete 
|  34|0x0000000082200000, 0x0000000082300000, 0x0000000082300000|100%|HC|  |TAMS 0x0000000082300000, 0x0000000082300000| Complete 
|  35|0x0000000082300000, 0x0000000082400000, 0x0000000082400000|100%|HC|  |TAMS 0x0000000082400000, 0x0000000082400000| Complete 
|  36|0x0000000082400000, 0x0000000082500000, 0x0000000082500000|100%|HC|  |TAMS 0x0000000082500000, 0x0000000082500000| Complete 
|  37|0x0000000082500000, 0x0000000082600000, 0x0000000082600000|100%|HC|  |TAMS 0x0000000082600000, 0x0000000082600000| Complete 
|  38|0x0000000082600000, 0x0000000082700000, 0x0000000082700000|100%|HC|  |TAMS 0x0000000082700000, 0x0000000082700000| Complete 
|  39|0x0000000082700000, 0x0000000082800000, 0x0000000082800000|100%|HC|  |TAMS 0x0000000082800000, 0x0000000082800000| Complete 
|  40|0x0000000082800000, 0x0000000082900000, 0x0000000082900000|100%|HC|  |TAMS 0x0000000082900000, 0x0000000082900000| Complete 
|  41|0x0000000082900000, 0x0000000082a00000, 0x0000000082a00000|100%| O|  |TAMS 0x0000000082a00000, 0x0000000082a00000| Untracked 
|  42|0x0000000082a00000, 0x0000000082b00000, 0x0000000082b00000|100%| O|  |TAMS 0x0000000082b00000, 0x0000000082b00000| Untracked 
|  43|0x0000000082b00000, 0x0000000082c00000, 0x0000000082c00000|100%| O|  |TAMS 0x0000000082c00000, 0x0000000082c00000| Untracked 
|  44|0x0000000082c00000, 0x0000000082d00000, 0x0000000082d00000|100%| O|  |TAMS 0x0000000082d00000, 0x0000000082d00000| Untracked 
|  45|0x0000000082d00000, 0x0000000082e00000, 0x0000000082e00000|100%|HS|  |TAMS 0x0000000082e00000, 0x0000000082e00000| Complete 
|  46|0x0000000082e00000, 0x0000000082f00000, 0x0000000082f00000|100%|HS|  |TAMS 0x0000000082f00000, 0x0000000082f00000| Complete 
|  47|0x0000000082f00000, 0x0000000083000000, 0x0000000083000000|100%|HC|  |TAMS 0x0000000083000000, 0x0000000083000000| Complete 
|  48|0x0000000083000000, 0x0000000083100000, 0x0000000083100000|100%| O|  |TAMS 0x0000000083100000, 0x0000000083100000| Untracked 
|  49|0x0000000083100000, 0x0000000083100000, 0x0000000083200000|  0%| F|  |TAMS 0x0000000083100000, 0x0000000083100000| Untracked 
|  50|0x0000000083200000, 0x0000000083300000, 0x0000000083300000|100%| O|  |TAMS 0x0000000083300000, 0x0000000083300000| Untracked 
|  51|0x0000000083300000, 0x0000000083400000, 0x0000000083400000|100%| O|  |TAMS 0x0000000083400000, 0x0000000083400000| Untracked 
|  52|0x0000000083400000, 0x0000000083500000, 0x0000000083500000|100%| O|  |TAMS 0x0000000083500000, 0x0000000083500000| Untracked 
|  53|0x0000000083500000, 0x0000000083600000, 0x0000000083600000|100%| O|  |TAMS 0x0000000083600000, 0x0000000083600000| Untracked 
|  54|0x0000000083600000, 0x0000000083700000, 0x0000000083700000|100%| O|  |TAMS 0x0000000083700000, 0x0000000083700000| Untracked 
|  55|0x0000000083700000, 0x0000000083800000, 0x0000000083800000|100%| O|  |TAMS 0x0000000083800000, 0x0000000083800000| Untracked 
|  56|0x0000000083800000, 0x0000000083900000, 0x0000000083900000|100%| O|  |TAMS 0x0000000083800000, 0x0000000083900000| Untracked 
|  57|0x0000000083900000, 0x0000000083a00000, 0x0000000083a00000|100%|HS|  |TAMS 0x0000000083a00000, 0x0000000083a00000| Complete 
|  58|0x0000000083a00000, 0x0000000083b00000, 0x0000000083b00000|100%|HC|  |TAMS 0x0000000083b00000, 0x0000000083b00000| Complete 
|  59|0x0000000083b00000, 0x0000000083c00000, 0x0000000083c00000|100%|HC|  |TAMS 0x0000000083c00000, 0x0000000083c00000| Complete 
|  60|0x0000000083c00000, 0x0000000083d00000, 0x0000000083d00000|100%| O|  |TAMS 0x0000000083d00000, 0x0000000083d00000| Untracked 
|  61|0x0000000083d00000, 0x0000000083e00000, 0x0000000083e00000|100%| O|  |TAMS 0x0000000083e00000, 0x0000000083e00000| Untracked 
|  62|0x0000000083e00000, 0x0000000083f00000, 0x0000000083f00000|100%| O|  |TAMS 0x0000000083f00000, 0x0000000083f00000| Untracked 
|  63|0x0000000083f00000, 0x0000000084000000, 0x0000000084000000|100%| O|  |TAMS 0x0000000084000000, 0x0000000084000000| Untracked 
|  64|0x0000000084000000, 0x0000000084100000, 0x0000000084100000|100%| O|  |TAMS 0x0000000084100000, 0x0000000084100000| Untracked 
|  65|0x0000000084100000, 0x0000000084200000, 0x0000000084200000|100%| O|  |TAMS 0x0000000084200000, 0x0000000084200000| Untracked 
|  66|0x0000000084200000, 0x0000000084300000, 0x0000000084300000|100%| O|  |TAMS 0x0000000084300000, 0x0000000084300000| Untracked 
|  67|0x0000000084300000, 0x0000000084400000, 0x0000000084400000|100%| O|  |TAMS 0x0000000084400000, 0x0000000084400000| Untracked 
|  68|0x0000000084400000, 0x0000000084500000, 0x0000000084500000|100%| O|  |TAMS 0x0000000084500000, 0x0000000084500000| Untracked 
|  69|0x0000000084500000, 0x0000000084600000, 0x0000000084600000|100%|HS|  |TAMS 0x0000000084600000, 0x0000000084600000| Complete 
|  70|0x0000000084600000, 0x0000000084700000, 0x0000000084700000|100%|HC|  |TAMS 0x0000000084700000, 0x0000000084700000| Complete 
|  71|0x0000000084700000, 0x0000000084800000, 0x0000000084800000|100%|HC|  |TAMS 0x0000000084800000, 0x0000000084800000| Complete 
|  72|0x0000000084800000, 0x0000000084900000, 0x0000000084900000|100%|HC|  |TAMS 0x0000000084900000, 0x0000000084900000| Complete 
|  73|0x0000000084900000, 0x0000000084a00000, 0x0000000084a00000|100%|HC|  |TAMS 0x0000000084a00000, 0x0000000084a00000| Complete 
|  74|0x0000000084a00000, 0x0000000084b00000, 0x0000000084b00000|100%|HC|  |TAMS 0x0000000084b00000, 0x0000000084b00000| Complete 
|  75|0x0000000084b00000, 0x0000000084c00000, 0x0000000084c00000|100%| O|  |TAMS 0x0000000084c00000, 0x0000000084c00000| Untracked 
|  76|0x0000000084c00000, 0x0000000084d00000, 0x0000000084d00000|100%| O|  |TAMS 0x0000000084d00000, 0x0000000084d00000| Untracked 
|  77|0x0000000084d00000, 0x0000000084e00000, 0x0000000084e00000|100%| O|  |TAMS 0x0000000084e00000, 0x0000000084e00000| Untracked 
|  78|0x0000000084e00000, 0x0000000084f00000, 0x0000000084f00000|100%| O|  |TAMS 0x0000000084f00000, 0x0000000084f00000| Untracked 
|  79|0x0000000084f00000, 0x0000000085000000, 0x0000000085000000|100%| O|  |TAMS 0x0000000085000000, 0x0000000085000000| Untracked 
|  80|0x0000000085000000, 0x0000000085100000, 0x0000000085100000|100%| O|  |TAMS 0x0000000085100000, 0x0000000085100000| Untracked 
|  81|0x0000000085100000, 0x0000000085200000, 0x0000000085200000|100%| O|  |TAMS 0x0000000085200000, 0x0000000085200000| Untracked 
|  82|0x0000000085200000, 0x0000000085300000, 0x0000000085300000|100%| O|  |TAMS 0x0000000085300000, 0x0000000085300000| Untracked 
|  83|0x0000000085300000, 0x0000000085400000, 0x0000000085400000|100%| O|  |TAMS 0x0000000085400000, 0x0000000085400000| Untracked 
|  84|0x0000000085400000, 0x0000000085500000, 0x0000000085500000|100%| O|  |TAMS 0x0000000085500000, 0x0000000085500000| Untracked 
|  85|0x0000000085500000, 0x0000000085600000, 0x0000000085600000|100%| O|  |TAMS 0x0000000085600000, 0x0000000085600000| Untracked 
|  86|0x0000000085600000, 0x0000000085700000, 0x0000000085700000|100%| O|  |TAMS 0x0000000085700000, 0x0000000085700000| Untracked 
|  87|0x0000000085700000, 0x0000000085800000, 0x0000000085800000|100%| O|  |TAMS 0x0000000085800000, 0x0000000085800000| Untracked 
|  88|0x0000000085800000, 0x0000000085900000, 0x0000000085900000|100%| O|  |TAMS 0x0000000085900000, 0x0000000085900000| Untracked 
|  89|0x0000000085900000, 0x0000000085a00000, 0x0000000085a00000|100%| O|  |TAMS 0x0000000085a00000, 0x0000000085a00000| Untracked 
|  90|0x0000000085a00000, 0x0000000085b00000, 0x0000000085b00000|100%| O|  |TAMS 0x0000000085b00000, 0x0000000085b00000| Untracked 
|  91|0x0000000085b00000, 0x0000000085c00000, 0x0000000085c00000|100%| O|  |TAMS 0x0000000085bcea00, 0x0000000085c00000| Untracked 
|  92|0x0000000085c00000, 0x0000000085d00000, 0x0000000085d00000|100%| O|  |TAMS 0x0000000085c00000, 0x0000000085d00000| Untracked 
|  93|0x0000000085d00000, 0x0000000085e00000, 0x0000000085e00000|100%| O|  |TAMS 0x0000000085d00000, 0x0000000085e00000| Untracked 
|  94|0x0000000085e00000, 0x0000000085f00000, 0x0000000085f00000|100%| O|  |TAMS 0x0000000085e00000, 0x0000000085f00000| Untracked 
|  95|0x0000000085f00000, 0x0000000086000000, 0x0000000086000000|100%| O|  |TAMS 0x0000000085f00000, 0x0000000086000000| Untracked 
|  96|0x0000000086000000, 0x0000000086100000, 0x0000000086100000|100%| O|  |TAMS 0x0000000086000000, 0x0000000086100000| Untracked 
|  97|0x0000000086100000, 0x000000008614e400, 0x0000000086200000| 30%| O|  |TAMS 0x0000000086100000, 0x000000008614e400| Untracked 
|  98|0x0000000086200000, 0x0000000086200000, 0x0000000086300000|  0%| F|  |TAMS 0x0000000086200000, 0x0000000086200000| Untracked 
|  99|0x0000000086300000, 0x0000000086300000, 0x0000000086400000|  0%| F|  |TAMS 0x0000000086300000, 0x0000000086300000| Untracked 
| 100|0x0000000086400000, 0x0000000086400000, 0x0000000086500000|  0%| F|  |TAMS 0x0000000086400000, 0x0000000086400000| Untracked 
| 101|0x0000000086500000, 0x0000000086500000, 0x0000000086600000|  0%| F|  |TAMS 0x0000000086500000, 0x0000000086500000| Untracked 
| 102|0x0000000086600000, 0x0000000086600000, 0x0000000086700000|  0%| F|  |TAMS 0x0000000086600000, 0x0000000086600000| Untracked 
| 103|0x0000000086700000, 0x0000000086700000, 0x0000000086800000|  0%| F|  |TAMS 0x0000000086700000, 0x0000000086700000| Untracked 
| 104|0x0000000086800000, 0x0000000086800000, 0x0000000086900000|  0%| F|  |TAMS 0x0000000086800000, 0x0000000086800000| Untracked 
| 105|0x0000000086900000, 0x0000000086900000, 0x0000000086a00000|  0%| F|  |TAMS 0x0000000086900000, 0x0000000086900000| Untracked 
| 106|0x0000000086a00000, 0x0000000086a00000, 0x0000000086b00000|  0%| F|  |TAMS 0x0000000086a00000, 0x0000000086a00000| Untracked 
| 107|0x0000000086b00000, 0x0000000086b00000, 0x0000000086c00000|  0%| F|  |TAMS 0x0000000086b00000, 0x0000000086b00000| Untracked 
| 108|0x0000000086c00000, 0x0000000086c00000, 0x0000000086d00000|  0%| F|  |TAMS 0x0000000086c00000, 0x0000000086c00000| Untracked 
| 109|0x0000000086d00000, 0x0000000086d00000, 0x0000000086e00000|  0%| F|  |TAMS 0x0000000086d00000, 0x0000000086d00000| Untracked 
| 110|0x0000000086e00000, 0x0000000086e00000, 0x0000000086f00000|  0%| F|  |TAMS 0x0000000086e00000, 0x0000000086e00000| Untracked 
| 111|0x0000000086f00000, 0x0000000086f00000, 0x0000000087000000|  0%| F|  |TAMS 0x0000000086f00000, 0x0000000086f00000| Untracked 
| 112|0x0000000087000000, 0x0000000087000000, 0x0000000087100000|  0%| F|  |TAMS 0x0000000087000000, 0x0000000087000000| Untracked 
| 113|0x0000000087100000, 0x0000000087100000, 0x0000000087200000|  0%| F|  |TAMS 0x0000000087100000, 0x0000000087100000| Untracked 
| 114|0x0000000087200000, 0x0000000087200000, 0x0000000087300000|  0%| F|  |TAMS 0x0000000087200000, 0x0000000087200000| Untracked 
| 115|0x0000000087300000, 0x0000000087300000, 0x0000000087400000|  0%| F|  |TAMS 0x0000000087300000, 0x0000000087300000| Untracked 
| 116|0x0000000087400000, 0x0000000087400000, 0x0000000087500000|  0%| F|  |TAMS 0x0000000087400000, 0x0000000087400000| Untracked 
| 117|0x0000000087500000, 0x0000000087500000, 0x0000000087600000|  0%| F|  |TAMS 0x0000000087500000, 0x0000000087500000| Untracked 
| 118|0x0000000087600000, 0x0000000087600000, 0x0000000087700000|  0%| F|  |TAMS 0x0000000087600000, 0x0000000087600000| Untracked 
| 119|0x0000000087700000, 0x0000000087700000, 0x0000000087800000|  0%| F|  |TAMS 0x0000000087700000, 0x0000000087700000| Untracked 
| 120|0x0000000087800000, 0x0000000087800000, 0x0000000087900000|  0%| F|  |TAMS 0x0000000087800000, 0x0000000087800000| Untracked 
| 121|0x0000000087900000, 0x0000000087900000, 0x0000000087a00000|  0%| F|  |TAMS 0x0000000087900000, 0x0000000087900000| Untracked 
| 122|0x0000000087a00000, 0x0000000087a00000, 0x0000000087b00000|  0%| F|  |TAMS 0x0000000087a00000, 0x0000000087a00000| Untracked 
| 123|0x0000000087b00000, 0x0000000087b00000, 0x0000000087c00000|  0%| F|  |TAMS 0x0000000087b00000, 0x0000000087b00000| Untracked 
| 124|0x0000000087c00000, 0x0000000087c70290, 0x0000000087d00000| 43%| S|CS|TAMS 0x0000000087c00000, 0x0000000087c00000| Complete 
| 125|0x0000000087d00000, 0x0000000087e00000, 0x0000000087e00000|100%| S|CS|TAMS 0x0000000087d00000, 0x0000000087d00000| Complete 
| 126|0x0000000087e00000, 0x0000000087f00000, 0x0000000087f00000|100%| S|CS|TAMS 0x0000000087e00000, 0x0000000087e00000| Complete 
| 127|0x0000000087f00000, 0x0000000088000000, 0x0000000088000000|100%| S|CS|TAMS 0x0000000087f00000, 0x0000000087f00000| Complete 
| 128|0x0000000088000000, 0x0000000088000000, 0x0000000088100000|  0%| F|  |TAMS 0x0000000088000000, 0x0000000088000000| Untracked 
| 129|0x0000000088100000, 0x0000000088100000, 0x0000000088200000|  0%| F|  |TAMS 0x0000000088100000, 0x0000000088100000| Untracked 
| 130|0x0000000088200000, 0x0000000088200000, 0x0000000088300000|  0%| F|  |TAMS 0x0000000088200000, 0x0000000088200000| Untracked 
| 131|0x0000000088300000, 0x0000000088300000, 0x0000000088400000|  0%| F|  |TAMS 0x0000000088300000, 0x0000000088300000| Untracked 
| 132|0x0000000088400000, 0x0000000088400000, 0x0000000088500000|  0%| F|  |TAMS 0x0000000088400000, 0x0000000088400000| Untracked 
| 133|0x0000000088500000, 0x0000000088500000, 0x0000000088600000|  0%| F|  |TAMS 0x0000000088500000, 0x0000000088500000| Untracked 
| 134|0x0000000088600000, 0x0000000088600000, 0x0000000088700000|  0%| F|  |TAMS 0x0000000088600000, 0x0000000088600000| Untracked 
| 135|0x0000000088700000, 0x0000000088700000, 0x0000000088800000|  0%| F|  |TAMS 0x0000000088700000, 0x0000000088700000| Untracked 
| 136|0x0000000088800000, 0x0000000088800000, 0x0000000088900000|  0%| F|  |TAMS 0x0000000088800000, 0x0000000088800000| Untracked 
| 137|0x0000000088900000, 0x0000000088900000, 0x0000000088a00000|  0%| F|  |TAMS 0x0000000088900000, 0x0000000088900000| Untracked 
| 138|0x0000000088a00000, 0x0000000088a00000, 0x0000000088b00000|  0%| F|  |TAMS 0x0000000088a00000, 0x0000000088a00000| Untracked 
| 139|0x0000000088b00000, 0x0000000088b00000, 0x0000000088c00000|  0%| F|  |TAMS 0x0000000088b00000, 0x0000000088b00000| Untracked 
| 140|0x0000000088c00000, 0x0000000088c00000, 0x0000000088d00000|  0%| F|  |TAMS 0x0000000088c00000, 0x0000000088c00000| Untracked 
| 141|0x0000000088d00000, 0x0000000088d00000, 0x0000000088e00000|  0%| F|  |TAMS 0x0000000088d00000, 0x0000000088d00000| Untracked 
| 142|0x0000000088e00000, 0x0000000088e00000, 0x0000000088f00000|  0%| F|  |TAMS 0x0000000088e00000, 0x0000000088e00000| Untracked 
| 143|0x0000000088f00000, 0x0000000088f00000, 0x0000000089000000|  0%| F|  |TAMS 0x0000000088f00000, 0x0000000088f00000| Untracked 
| 144|0x0000000089000000, 0x0000000089000000, 0x0000000089100000|  0%| F|  |TAMS 0x0000000089000000, 0x0000000089000000| Untracked 
| 145|0x0000000089100000, 0x0000000089100000, 0x0000000089200000|  0%| F|  |TAMS 0x0000000089100000, 0x0000000089100000| Untracked 
| 146|0x0000000089200000, 0x0000000089200000, 0x0000000089300000|  0%| F|  |TAMS 0x0000000089200000, 0x0000000089200000| Untracked 
| 147|0x0000000089300000, 0x0000000089300000, 0x0000000089400000|  0%| F|  |TAMS 0x0000000089300000, 0x0000000089300000| Untracked 
| 148|0x0000000089400000, 0x0000000089400000, 0x0000000089500000|  0%| F|  |TAMS 0x0000000089400000, 0x0000000089400000| Untracked 
| 149|0x0000000089500000, 0x0000000089500000, 0x0000000089600000|  0%| F|  |TAMS 0x0000000089500000, 0x0000000089500000| Untracked 
| 150|0x0000000089600000, 0x0000000089600000, 0x0000000089700000|  0%| F|  |TAMS 0x0000000089600000, 0x0000000089600000| Untracked 
| 151|0x0000000089700000, 0x0000000089700000, 0x0000000089800000|  0%| F|  |TAMS 0x0000000089700000, 0x0000000089700000| Untracked 
| 152|0x0000000089800000, 0x0000000089800000, 0x0000000089900000|  0%| F|  |TAMS 0x0000000089800000, 0x0000000089800000| Untracked 
| 153|0x0000000089900000, 0x0000000089900000, 0x0000000089a00000|  0%| F|  |TAMS 0x0000000089900000, 0x0000000089900000| Untracked 
| 154|0x0000000089a00000, 0x0000000089a00000, 0x0000000089b00000|  0%| F|  |TAMS 0x0000000089a00000, 0x0000000089a00000| Untracked 
| 155|0x0000000089b00000, 0x0000000089b00000, 0x0000000089c00000|  0%| F|  |TAMS 0x0000000089b00000, 0x0000000089b00000| Untracked 
| 156|0x0000000089c00000, 0x0000000089c00000, 0x0000000089d00000|  0%| F|  |TAMS 0x0000000089c00000, 0x0000000089c00000| Untracked 
| 157|0x0000000089d00000, 0x0000000089d00000, 0x0000000089e00000|  0%| F|  |TAMS 0x0000000089d00000, 0x0000000089d00000| Untracked 
| 158|0x0000000089e00000, 0x0000000089e00000, 0x0000000089f00000|  0%| F|  |TAMS 0x0000000089e00000, 0x0000000089e00000| Untracked 
| 159|0x0000000089f00000, 0x0000000089f00000, 0x000000008a000000|  0%| F|  |TAMS 0x0000000089f00000, 0x0000000089f00000| Untracked 
| 160|0x000000008a000000, 0x000000008a000000, 0x000000008a100000|  0%| F|  |TAMS 0x000000008a000000, 0x000000008a000000| Untracked 
| 161|0x000000008a100000, 0x000000008a100000, 0x000000008a200000|  0%| F|  |TAMS 0x000000008a100000, 0x000000008a100000| Untracked 
| 162|0x000000008a200000, 0x000000008a200000, 0x000000008a300000|  0%| F|  |TAMS 0x000000008a200000, 0x000000008a200000| Untracked 
| 163|0x000000008a300000, 0x000000008a300000, 0x000000008a400000|  0%| F|  |TAMS 0x000000008a300000, 0x000000008a300000| Untracked 
| 164|0x000000008a400000, 0x000000008a400000, 0x000000008a500000|  0%| F|  |TAMS 0x000000008a400000, 0x000000008a400000| Untracked 
| 165|0x000000008a500000, 0x000000008a500000, 0x000000008a600000|  0%| F|  |TAMS 0x000000008a500000, 0x000000008a500000| Untracked 
| 166|0x000000008a600000, 0x000000008a600000, 0x000000008a700000|  0%| F|  |TAMS 0x000000008a600000, 0x000000008a600000| Untracked 
| 167|0x000000008a700000, 0x000000008a700000, 0x000000008a800000|  0%| F|  |TAMS 0x000000008a700000, 0x000000008a700000| Untracked 
| 168|0x000000008a800000, 0x000000008a800000, 0x000000008a900000|  0%| F|  |TAMS 0x000000008a800000, 0x000000008a800000| Untracked 
| 169|0x000000008a900000, 0x000000008a900000, 0x000000008aa00000|  0%| F|  |TAMS 0x000000008a900000, 0x000000008a900000| Untracked 
| 170|0x000000008aa00000, 0x000000008aa00000, 0x000000008ab00000|  0%| F|  |TAMS 0x000000008aa00000, 0x000000008aa00000| Untracked 
| 171|0x000000008ab00000, 0x000000008ab00000, 0x000000008ac00000|  0%| F|  |TAMS 0x000000008ab00000, 0x000000008ab00000| Untracked 
| 172|0x000000008ac00000, 0x000000008ac00000, 0x000000008ad00000|  0%| F|  |TAMS 0x000000008ac00000, 0x000000008ac00000| Untracked 
| 173|0x000000008ad00000, 0x000000008ad00000, 0x000000008ae00000|  0%| F|  |TAMS 0x000000008ad00000, 0x000000008ad00000| Untracked 
| 174|0x000000008ae00000, 0x000000008ae00000, 0x000000008af00000|  0%| F|  |TAMS 0x000000008ae00000, 0x000000008ae00000| Untracked 
| 175|0x000000008af00000, 0x000000008af00000, 0x000000008b000000|  0%| F|  |TAMS 0x000000008af00000, 0x000000008af00000| Untracked 
| 176|0x000000008b000000, 0x000000008b000000, 0x000000008b100000|  0%| F|  |TAMS 0x000000008b000000, 0x000000008b000000| Untracked 
| 177|0x000000008b100000, 0x000000008b100000, 0x000000008b200000|  0%| F|  |TAMS 0x000000008b100000, 0x000000008b100000| Untracked 
| 178|0x000000008b200000, 0x000000008b200000, 0x000000008b300000|  0%| F|  |TAMS 0x000000008b200000, 0x000000008b200000| Untracked 
| 179|0x000000008b300000, 0x000000008b300000, 0x000000008b400000|  0%| F|  |TAMS 0x000000008b300000, 0x000000008b300000| Untracked 
| 180|0x000000008b400000, 0x000000008b400000, 0x000000008b500000|  0%| F|  |TAMS 0x000000008b400000, 0x000000008b400000| Untracked 
| 181|0x000000008b500000, 0x000000008b500000, 0x000000008b600000|  0%| F|  |TAMS 0x000000008b500000, 0x000000008b500000| Untracked 
| 182|0x000000008b600000, 0x000000008b600000, 0x000000008b700000|  0%| F|  |TAMS 0x000000008b600000, 0x000000008b600000| Untracked 
| 183|0x000000008b700000, 0x000000008b700000, 0x000000008b800000|  0%| F|  |TAMS 0x000000008b700000, 0x000000008b700000| Untracked 
| 184|0x000000008b800000, 0x000000008b800000, 0x000000008b900000|  0%| F|  |TAMS 0x000000008b800000, 0x000000008b800000| Untracked 
| 185|0x000000008b900000, 0x000000008b900000, 0x000000008ba00000|  0%| F|  |TAMS 0x000000008b900000, 0x000000008b900000| Untracked 
| 186|0x000000008ba00000, 0x000000008ba00000, 0x000000008bb00000|  0%| F|  |TAMS 0x000000008ba00000, 0x000000008ba00000| Untracked 
| 187|0x000000008bb00000, 0x000000008bb00000, 0x000000008bc00000|  0%| F|  |TAMS 0x000000008bb00000, 0x000000008bb00000| Untracked 
| 188|0x000000008bc00000, 0x000000008bc00000, 0x000000008bd00000|  0%| F|  |TAMS 0x000000008bc00000, 0x000000008bc00000| Untracked 
| 189|0x000000008bd00000, 0x000000008bd00000, 0x000000008be00000|  0%| F|  |TAMS 0x000000008bd00000, 0x000000008bd00000| Untracked 
| 190|0x000000008be00000, 0x000000008be00000, 0x000000008bf00000|  0%| F|  |TAMS 0x000000008be00000, 0x000000008be00000| Untracked 
| 191|0x000000008bf00000, 0x000000008bf00000, 0x000000008c000000|  0%| F|  |TAMS 0x000000008bf00000, 0x000000008bf00000| Untracked 
| 192|0x000000008c000000, 0x000000008c000000, 0x000000008c100000|  0%| F|  |TAMS 0x000000008c000000, 0x000000008c000000| Untracked 
| 193|0x000000008c100000, 0x000000008c100000, 0x000000008c200000|  0%| F|  |TAMS 0x000000008c100000, 0x000000008c100000| Untracked 
| 194|0x000000008c200000, 0x000000008c200000, 0x000000008c300000|  0%| F|  |TAMS 0x000000008c200000, 0x000000008c200000| Untracked 
| 195|0x000000008c300000, 0x000000008c300000, 0x000000008c400000|  0%| F|  |TAMS 0x000000008c300000, 0x000000008c300000| Untracked 
| 196|0x000000008c400000, 0x000000008c400000, 0x000000008c500000|  0%| F|  |TAMS 0x000000008c400000, 0x000000008c400000| Untracked 
| 197|0x000000008c500000, 0x000000008c500000, 0x000000008c600000|  0%| F|  |TAMS 0x000000008c500000, 0x000000008c500000| Untracked 
| 198|0x000000008c600000, 0x000000008c600000, 0x000000008c700000|  0%| F|  |TAMS 0x000000008c600000, 0x000000008c600000| Untracked 
| 199|0x000000008c700000, 0x000000008c700000, 0x000000008c800000|  0%| F|  |TAMS 0x000000008c700000, 0x000000008c700000| Untracked 
| 200|0x000000008c800000, 0x000000008c800000, 0x000000008c900000|  0%| F|  |TAMS 0x000000008c800000, 0x000000008c800000| Untracked 
| 201|0x000000008c900000, 0x000000008c900000, 0x000000008ca00000|  0%| F|  |TAMS 0x000000008c900000, 0x000000008c900000| Untracked 
| 202|0x000000008ca00000, 0x000000008ca00000, 0x000000008cb00000|  0%| F|  |TAMS 0x000000008ca00000, 0x000000008ca00000| Untracked 
| 203|0x000000008cb00000, 0x000000008cb00000, 0x000000008cc00000|  0%| F|  |TAMS 0x000000008cb00000, 0x000000008cb00000| Untracked 
| 204|0x000000008cc00000, 0x000000008cc00000, 0x000000008cd00000|  0%| F|  |TAMS 0x000000008cc00000, 0x000000008cc00000| Untracked 
| 205|0x000000008cd00000, 0x000000008cd00000, 0x000000008ce00000|  0%| F|  |TAMS 0x000000008cd00000, 0x000000008cd00000| Untracked 
| 206|0x000000008ce00000, 0x000000008ce00000, 0x000000008cf00000|  0%| F|  |TAMS 0x000000008ce00000, 0x000000008ce00000| Untracked 
| 207|0x000000008cf00000, 0x000000008cf00000, 0x000000008d000000|  0%| F|  |TAMS 0x000000008cf00000, 0x000000008cf00000| Untracked 
| 208|0x000000008d000000, 0x000000008d000000, 0x000000008d100000|  0%| F|  |TAMS 0x000000008d000000, 0x000000008d000000| Untracked 
| 209|0x000000008d100000, 0x000000008d100000, 0x000000008d200000|  0%| F|  |TAMS 0x000000008d100000, 0x000000008d100000| Untracked 
| 210|0x000000008d200000, 0x000000008d200000, 0x000000008d300000|  0%| F|  |TAMS 0x000000008d200000, 0x000000008d200000| Untracked 
| 211|0x000000008d300000, 0x000000008d300000, 0x000000008d400000|  0%| F|  |TAMS 0x000000008d300000, 0x000000008d300000| Untracked 
| 212|0x000000008d400000, 0x000000008d400000, 0x000000008d500000|  0%| F|  |TAMS 0x000000008d400000, 0x000000008d400000| Untracked 
| 213|0x000000008d500000, 0x000000008d500000, 0x000000008d600000|  0%| F|  |TAMS 0x000000008d500000, 0x000000008d500000| Untracked 
| 214|0x000000008d600000, 0x000000008d600000, 0x000000008d700000|  0%| F|  |TAMS 0x000000008d600000, 0x000000008d600000| Untracked 
| 215|0x000000008d700000, 0x000000008d700000, 0x000000008d800000|  0%| F|  |TAMS 0x000000008d700000, 0x000000008d700000| Untracked 
| 216|0x000000008d800000, 0x000000008d800000, 0x000000008d900000|  0%| F|  |TAMS 0x000000008d800000, 0x000000008d800000| Untracked 
| 217|0x000000008d900000, 0x000000008d900000, 0x000000008da00000|  0%| F|  |TAMS 0x000000008d900000, 0x000000008d900000| Untracked 
| 218|0x000000008da00000, 0x000000008da00000, 0x000000008db00000|  0%| F|  |TAMS 0x000000008da00000, 0x000000008da00000| Untracked 
| 219|0x000000008db00000, 0x000000008db00000, 0x000000008dc00000|  0%| F|  |TAMS 0x000000008db00000, 0x000000008db00000| Untracked 
| 220|0x000000008dc00000, 0x000000008dc00000, 0x000000008dd00000|  0%| F|  |TAMS 0x000000008dc00000, 0x000000008dc00000| Untracked 
| 221|0x000000008dd00000, 0x000000008dd00000, 0x000000008de00000|  0%| F|  |TAMS 0x000000008dd00000, 0x000000008dd00000| Untracked 
| 222|0x000000008de00000, 0x000000008de00000, 0x000000008df00000|  0%| F|  |TAMS 0x000000008de00000, 0x000000008de00000| Untracked 
| 223|0x000000008df00000, 0x000000008df00000, 0x000000008e000000|  0%| F|  |TAMS 0x000000008df00000, 0x000000008df00000| Untracked 
| 224|0x000000008e000000, 0x000000008e000000, 0x000000008e100000|  0%| F|  |TAMS 0x000000008e000000, 0x000000008e000000| Untracked 
| 225|0x000000008e100000, 0x000000008e100000, 0x000000008e200000|  0%| F|  |TAMS 0x000000008e100000, 0x000000008e100000| Untracked 
| 226|0x000000008e200000, 0x000000008e200000, 0x000000008e300000|  0%| F|  |TAMS 0x000000008e200000, 0x000000008e200000| Untracked 
| 227|0x000000008e300000, 0x000000008e300000, 0x000000008e400000|  0%| F|  |TAMS 0x000000008e300000, 0x000000008e300000| Untracked 
| 228|0x000000008e400000, 0x000000008e400000, 0x000000008e500000|  0%| F|  |TAMS 0x000000008e400000, 0x000000008e400000| Untracked 
| 229|0x000000008e500000, 0x000000008e500000, 0x000000008e600000|  0%| F|  |TAMS 0x000000008e500000, 0x000000008e500000| Untracked 
| 230|0x000000008e600000, 0x000000008e600000, 0x000000008e700000|  0%| F|  |TAMS 0x000000008e600000, 0x000000008e600000| Untracked 
| 231|0x000000008e700000, 0x000000008e700000, 0x000000008e800000|  0%| F|  |TAMS 0x000000008e700000, 0x000000008e700000| Untracked 
| 232|0x000000008e800000, 0x000000008e800000, 0x000000008e900000|  0%| F|  |TAMS 0x000000008e800000, 0x000000008e800000| Untracked 
| 233|0x000000008e900000, 0x000000008e900000, 0x000000008ea00000|  0%| F|  |TAMS 0x000000008e900000, 0x000000008e900000| Untracked 
| 234|0x000000008ea00000, 0x000000008ea00000, 0x000000008eb00000|  0%| F|  |TAMS 0x000000008ea00000, 0x000000008ea00000| Untracked 
| 235|0x000000008eb00000, 0x000000008eb00000, 0x000000008ec00000|  0%| F|  |TAMS 0x000000008eb00000, 0x000000008eb00000| Untracked 
| 236|0x000000008ec00000, 0x000000008ec00000, 0x000000008ed00000|  0%| F|  |TAMS 0x000000008ec00000, 0x000000008ec00000| Untracked 
| 237|0x000000008ed00000, 0x000000008ed00000, 0x000000008ee00000|  0%| F|  |TAMS 0x000000008ed00000, 0x000000008ed00000| Untracked 
| 238|0x000000008ee00000, 0x000000008ee00000, 0x000000008ef00000|  0%| F|  |TAMS 0x000000008ee00000, 0x000000008ee00000| Untracked 
| 239|0x000000008ef00000, 0x000000008ef00000, 0x000000008f000000|  0%| F|  |TAMS 0x000000008ef00000, 0x000000008ef00000| Untracked 

Card table byte_map: [0x000002983dec0000,0x000002983e2c0000] _byte_map_base: 0x000002983dac0000

Marking Bits (Prev, Next): (CMBitMap*) 0x000002982b107f20, (CMBitMap*) 0x000002982b107f60
 Prev Bits: [0x000002983e6c0000, 0x00000298406c0000)
 Next Bits: [0x00000298406c0000, 0x00000298426c0000)

Polling page: 0x0000029829020000

Metaspace:

Usage:
  Non-class:     79.17 MB used.
      Class:     12.15 MB used.
       Both:     91.32 MB used.

Virtual space:
  Non-class space:       88.00 MB reserved,      79.50 MB ( 90%) committed,  11 nodes.
      Class space:        1.00 GB reserved,      12.38 MB (  1%) committed,  1 nodes.
             Both:        1.09 GB reserved,      91.88 MB (  8%) committed. 

Chunk freelists:
   Non-Class:  3.86 MB
       Class:  3.64 MB
        Both:  7.50 MB

MaxMetaspaceSize: unlimited
CompressedClassSpaceSize: 1.00 GB
Initial GC threshold: 21.00 MB
Current GC threshold: 143.38 MB
CDS: off
MetaspaceReclaimPolicy: balanced
 - commit_granule_bytes: 65536.
 - commit_granule_words: 8192.
 - virtual_space_node_default_size: 1048576.
 - enlarge_chunks_in_place: 1.
 - new_chunks_are_fully_committed: 0.
 - uncommit_free_chunks: 1.
 - use_allocation_guard: 0.
 - handle_deallocations: 1.


Internal statistics:

num_allocs_failed_limit: 3.
num_arena_births: 698.
num_arena_deaths: 0.
num_vsnodes_births: 12.
num_vsnodes_deaths: 0.
num_space_committed: 1468.
num_space_uncommitted: 0.
num_chunks_returned_to_freelist: 3.
num_chunks_taken_from_freelist: 3739.
num_chunk_merges: 3.
num_chunk_splits: 2841.
num_chunks_enlarged: 2281.
num_purges: 0.
num_inconsistent_stats: 0.

CodeHeap 'non-profiled nmethods': size=120000Kb used=3758Kb max_used=3758Kb free=116241Kb
 bounds [0x0000029836040000, 0x00000298363f0000, 0x000002983d570000]
CodeHeap 'profiled nmethods': size=120000Kb used=12387Kb max_used=12387Kb free=107612Kb
 bounds [0x000002982e570000, 0x000002982f190000, 0x0000029835aa0000]
CodeHeap 'non-nmethods': size=5760Kb used=2399Kb max_used=2487Kb free=3360Kb
 bounds [0x0000029835aa0000, 0x0000029835d20000, 0x0000029836040000]
 total_blobs=7100 nmethods=6157 adapters=854
 compilation: enabled
              stopped_count=0, restarted_count=0
 full_count=0

Compilation events (20 events):
Event: 6.629 Thread 0x0000029845427170 6937       3       java.lang.String::regionMatches (189 bytes)
Event: 6.629 Thread 0x0000029845427170 nmethod 6937 0x000002982f185690 code [0x000002982f1858e0, 0x000002982f1865b8]
Event: 6.629 Thread 0x0000029845427170 6940       3       org.jetbrains.kotlin.com.intellij.lang.impl.PsiBuilderImpl::skipWhitespace (98 bytes)
Event: 6.629 Thread 0x0000029845427170 nmethod 6940 0x000002982f186a10 code [0x000002982f186c40, 0x000002982f187308]
Event: 6.629 Thread 0x0000029845427170 6941       3       org.jetbrains.kotlin.it.unimi.dsi.fastutil.ints.Int2ObjectOpenHashMap::get (107 bytes)
Event: 6.630 Thread 0x000002984d793420 6944       4       kotlin.collections.CollectionsKt__CollectionsKt::emptyList (7 bytes)
Event: 6.630 Thread 0x0000029845427170 nmethod 6941 0x000002982f187610 code [0x000002982f187800, 0x000002982f187d18]
Event: 6.630 Thread 0x0000029845427170 6938       3       java.lang.StrictMath::floorOrCeil (128 bytes)
Event: 6.630 Thread 0x000002984d792a00 6945   !   4       org.jetbrains.kotlin.storage.LockBasedStorageManager$MapBasedMemoizedFunction::invoke (356 bytes)
Event: 6.630 Thread 0x000002984d793420 nmethod 6944 0x00000298363eb290 code [0x00000298363eb400, 0x00000298363eb458]
Event: 6.630 Thread 0x0000029845427170 nmethod 6938 0x000002982f187f90 code [0x000002982f188160, 0x000002982f1885f8]
Event: 6.630 Thread 0x0000029845427170 6939       3       java.lang.Math::getExponent (17 bytes)
Event: 6.630 Thread 0x0000029845427170 nmethod 6939 0x000002982f188710 code [0x000002982f1888a0, 0x000002982f1889d8]
Event: 6.630 Thread 0x0000029845427170 6942       1       org.jetbrains.kotlin.com.intellij.psi.impl.source.tree.TreeElement::getTreePrev (5 bytes)
Event: 6.630 Thread 0x0000029845427170 nmethod 6942 0x00000298363eb590 code [0x00000298363eb720, 0x00000298363eb7f8]
Event: 6.630 Thread 0x0000029845427170 6943       1       org.jetbrains.kotlin.com.intellij.lang.impl.PsiBuilderImpl$StartMarker::access$2400 (5 bytes)
Event: 6.630 Thread 0x0000029845427170 nmethod 6943 0x00000298363eb890 code [0x00000298363eba20, 0x00000298363ebad8]
Event: 6.630 Thread 0x0000029845427170 6946       3       org.jetbrains.kotlin.load.java.structure.impl.JavaElementImpl::<init> (18 bytes)
Event: 6.630 Thread 0x0000029845427170 nmethod 6946 0x000002982f188a90 code [0x000002982f188c40, 0x000002982f188e68]
Event: 6.630 Thread 0x0000029845427170 6947   !   3       org.jetbrains.kotlin.cli.jvm.index.JvmDependenciesDynamicCompoundIndex::findClass (93 bytes)

GC Heap History (20 events):
Event: 4.368 GC heap after
{Heap after GC invocations=28 (full 0):
 garbage-first heap   total 132096K, used 69150K [0x0000000080000000, 0x0000000100000000)
  region size 1024K, 1 young (1024K), 1 survivors (1024K)
 Metaspace       used 61088K, committed 61696K, reserved 1105920K
  class space    used 8162K, committed 8448K, reserved 1048576K
}
Event: 4.638 GC heap before
{Heap before GC invocations=28 (full 0):
 garbage-first heap   total 132096K, used 104990K [0x0000000080000000, 0x0000000100000000)
  region size 1024K, 36 young (36864K), 1 survivors (1024K)
 Metaspace       used 67088K, committed 67648K, reserved 1114112K
  class space    used 9203K, committed 9472K, reserved 1048576K
}
Event: 4.640 GC heap after
{Heap after GC invocations=29 (full 0):
 garbage-first heap   total 132096K, used 69603K [0x0000000080000000, 0x0000000100000000)
  region size 1024K, 1 young (1024K), 1 survivors (1024K)
 Metaspace       used 67088K, committed 67648K, reserved 1114112K
  class space    used 9203K, committed 9472K, reserved 1048576K
}
Event: 4.835 GC heap before
{Heap before GC invocations=30 (full 0):
 garbage-first heap   total 132096K, used 113635K [0x0000000080000000, 0x0000000100000000)
  region size 1024K, 37 young (37888K), 1 survivors (1024K)
 Metaspace       used 70137K, committed 70720K, reserved 1114112K
  class space    used 9772K, committed 9984K, reserved 1048576K
}
Event: 4.838 GC heap after
{Heap after GC invocations=31 (full 0):
 garbage-first heap   total 180224K, used 82384K [0x0000000080000000, 0x0000000100000000)
  region size 1024K, 5 young (5120K), 5 survivors (5120K)
 Metaspace       used 70137K, committed 70720K, reserved 1114112K
  class space    used 9772K, committed 9984K, reserved 1048576K
}
Event: 4.854 GC heap before
{Heap before GC invocations=31 (full 0):
 garbage-first heap   total 180224K, used 85456K [0x0000000080000000, 0x0000000100000000)
  region size 1024K, 8 young (8192K), 5 survivors (5120K)
 Metaspace       used 70251K, committed 70912K, reserved 1114112K
  class space    used 9776K, committed 10048K, reserved 1048576K
}
Event: 4.857 GC heap after
{Heap after GC invocations=32 (full 0):
 garbage-first heap   total 180224K, used 83915K [0x0000000080000000, 0x0000000100000000)
  region size 1024K, 1 young (1024K), 1 survivors (1024K)
 Metaspace       used 70251K, committed 70912K, reserved 1114112K
  class space    used 9776K, committed 10048K, reserved 1048576K
}
Event: 5.179 GC heap before
{Heap before GC invocations=32 (full 0):
 garbage-first heap   total 180224K, used 128971K [0x0000000080000000, 0x0000000100000000)
  region size 1024K, 46 young (47104K), 1 survivors (1024K)
 Metaspace       used 74489K, committed 75072K, reserved 1114112K
  class space    used 10285K, committed 10560K, reserved 1048576K
}
Event: 5.183 GC heap after
{Heap after GC invocations=33 (full 0):
 garbage-first heap   total 180224K, used 83348K [0x0000000080000000, 0x0000000100000000)
  region size 1024K, 8 young (8192K), 8 survivors (8192K)
 Metaspace       used 74489K, committed 75072K, reserved 1114112K
  class space    used 10285K, committed 10560K, reserved 1048576K
}
Event: 5.516 GC heap before
{Heap before GC invocations=34 (full 0):
 garbage-first heap   total 180224K, used 142740K [0x0000000080000000, 0x0000000100000000)
  region size 1024K, 59 young (60416K), 8 survivors (8192K)
 Metaspace       used 80304K, committed 80896K, reserved 1122304K
  class space    used 10829K, committed 11072K, reserved 1048576K
}
Event: 5.520 GC heap after
{Heap after GC invocations=35 (full 0):
 garbage-first heap   total 180224K, used 93354K [0x0000000080000000, 0x0000000100000000)
  region size 1024K, 5 young (5120K), 5 survivors (5120K)
 Metaspace       used 80304K, committed 80896K, reserved 1122304K
  class space    used 10829K, committed 11072K, reserved 1048576K
}
Event: 5.545 GC heap before
{Heap before GC invocations=35 (full 0):
 garbage-first heap   total 180224K, used 96426K [0x0000000080000000, 0x0000000100000000)
  region size 1024K, 8 young (8192K), 5 survivors (5120K)
 Metaspace       used 80635K, committed 81216K, reserved 1122304K
  class space    used 10874K, committed 11136K, reserved 1048576K
}
Event: 5.547 GC heap after
{Heap after GC invocations=36 (full 0):
 garbage-first heap   total 180224K, used 93868K [0x0000000080000000, 0x0000000100000000)
  region size 1024K, 1 young (1024K), 1 survivors (1024K)
 Metaspace       used 80635K, committed 81216K, reserved 1122304K
  class space    used 10874K, committed 11136K, reserved 1048576K
}
Event: 5.934 GC heap before
{Heap before GC invocations=36 (full 0):
 garbage-first heap   total 180224K, used 143020K [0x0000000080000000, 0x0000000100000000)
  region size 1024K, 49 young (50176K), 1 survivors (1024K)
 Metaspace       used 86968K, committed 87552K, reserved 1130496K
  class space    used 11672K, committed 11904K, reserved 1048576K
}
Event: 5.936 GC heap after
{Heap after GC invocations=37 (full 0):
 garbage-first heap   total 180224K, used 96320K [0x0000000080000000, 0x0000000100000000)
  region size 1024K, 4 young (4096K), 4 survivors (4096K)
 Metaspace       used 86968K, committed 87552K, reserved 1130496K
  class space    used 11672K, committed 11904K, reserved 1048576K
}
Event: 6.242 GC heap before
{Heap before GC invocations=38 (full 0):
 garbage-first heap   total 180224K, used 146496K [0x0000000080000000, 0x0000000100000000)
  region size 1024K, 52 young (53248K), 4 survivors (4096K)
 Metaspace       used 89738K, committed 90304K, reserved 1130496K
  class space    used 12001K, committed 12224K, reserved 1048576K
}
Event: 6.245 GC heap after
{Heap after GC invocations=39 (full 0):
 garbage-first heap   total 180224K, used 99130K [0x0000000080000000, 0x0000000100000000)
  region size 1024K, 6 young (6144K), 6 survivors (6144K)
 Metaspace       used 89738K, committed 90304K, reserved 1130496K
  class space    used 12001K, committed 12224K, reserved 1048576K
}
Event: 6.264 GC heap before
{Heap before GC invocations=39 (full 0):
 garbage-first heap   total 180224K, used 101178K [0x0000000080000000, 0x0000000100000000)
  region size 1024K, 8 young (8192K), 6 survivors (6144K)
 Metaspace       used 89872K, committed 90432K, reserved 1130496K
  class space    used 12025K, committed 12288K, reserved 1048576K
}
Event: 6.267 GC heap after
{Heap after GC invocations=40 (full 0):
 garbage-first heap   total 180224K, used 99541K [0x0000000080000000, 0x0000000100000000)
  region size 1024K, 1 young (1024K), 1 survivors (1024K)
 Metaspace       used 89872K, committed 90432K, reserved 1130496K
  class space    used 12025K, committed 12288K, reserved 1048576K
}
Event: 6.631 GC heap before
{Heap before GC invocations=40 (full 0):
 garbage-first heap   total 180224K, used 147669K [0x0000000080000000, 0x0000000100000000)
  region size 1024K, 48 young (49152K), 1 survivors (1024K)
 Metaspace       used 93514K, committed 94080K, reserved 1138688K
  class space    used 12441K, committed 12672K, reserved 1048576K
}

Dll operation events (3 events):
Event: 0.005 Loaded shared library C:\Program Files\Android\Android Studio\jbr\bin\java.dll
Event: 0.093 Loaded shared library C:\Program Files\Android\Android Studio\jbr\bin\zip.dll
Event: 0.276 Loaded shared library C:\Program Files\Android\Android Studio\jbr\bin\verify.dll

Deoptimization events (20 events):
Event: 6.588 Thread 0x0000029848c95140 Uncommon trap: trap_request=0xffffffde fr.pc=0x00000298361a7908 relative=0x0000000000000628
Event: 6.588 Thread 0x0000029848c95140 Uncommon trap: reason=class_check action=maybe_recompile pc=0x00000298361a7908 method=org.jetbrains.kotlin.com.intellij.openapi.vfs.VirtualFile.getNameSequence()Ljava/lang/CharSequence; @ 1 c2
Event: 6.588 Thread 0x0000029848c95140 DEOPT PACKING pc=0x00000298361a7908 sp=0x000000e6c28f1660
Event: 6.588 Thread 0x0000029848c95140 DEOPT UNPACKING pc=0x0000029835af69a3 sp=0x000000e6c28f1638 mode 2
Event: 6.588 Thread 0x0000029848c95140 Uncommon trap: trap_request=0xffffff45 fr.pc=0x00000298361120cc relative=0x000000000000004c
Event: 6.588 Thread 0x0000029848c95140 Uncommon trap: reason=unstable_if action=reinterpret pc=0x00000298361120cc method=kotlin.jvm.internal.Intrinsics.areEqual(Ljava/lang/Object;Ljava/lang/Object;)Z @ 5 c2
Event: 6.588 Thread 0x0000029848c95140 DEOPT PACKING pc=0x00000298361120cc sp=0x000000e6c28f1830
Event: 6.588 Thread 0x0000029848c95140 DEOPT UNPACKING pc=0x0000029835af69a3 sp=0x000000e6c28f17c0 mode 2
Event: 6.614 Thread 0x0000029848c95140 Uncommon trap: trap_request=0xffffffc6 fr.pc=0x00000298361a64f8 relative=0x0000000000000c58
Event: 6.614 Thread 0x0000029848c95140 Uncommon trap: reason=bimorphic_or_optimized_type_check action=maybe_recompile pc=0x00000298361a64f8 method=org.jetbrains.kotlin.com.intellij.openapi.vfs.VirtualFile.getExtension()Ljava/lang/String; @ 1 c2
Event: 6.614 Thread 0x0000029848c95140 DEOPT PACKING pc=0x00000298361a64f8 sp=0x000000e6c28f2990
Event: 6.614 Thread 0x0000029848c95140 DEOPT UNPACKING pc=0x0000029835af69a3 sp=0x000000e6c28f2968 mode 2
Event: 6.614 Thread 0x0000029848c95140 Uncommon trap: trap_request=0xffffffde fr.pc=0x00000298361a7908 relative=0x0000000000000628
Event: 6.614 Thread 0x0000029848c95140 Uncommon trap: reason=class_check action=maybe_recompile pc=0x00000298361a7908 method=org.jetbrains.kotlin.com.intellij.openapi.vfs.VirtualFile.getNameSequence()Ljava/lang/CharSequence; @ 1 c2
Event: 6.614 Thread 0x0000029848c95140 DEOPT PACKING pc=0x00000298361a7908 sp=0x000000e6c28f2920
Event: 6.614 Thread 0x0000029848c95140 DEOPT UNPACKING pc=0x0000029835af69a3 sp=0x000000e6c28f2900 mode 2
Event: 6.614 Thread 0x0000029848c95140 Uncommon trap: trap_request=0xffffffde fr.pc=0x00000298361a7908 relative=0x0000000000000628
Event: 6.614 Thread 0x0000029848c95140 Uncommon trap: reason=class_check action=maybe_recompile pc=0x00000298361a7908 method=org.jetbrains.kotlin.com.intellij.openapi.vfs.VirtualFile.getNameSequence()Ljava/lang/CharSequence; @ 1 c2
Event: 6.614 Thread 0x0000029848c95140 DEOPT PACKING pc=0x00000298361a7908 sp=0x000000e6c28f28b0
Event: 6.614 Thread 0x0000029848c95140 DEOPT UNPACKING pc=0x0000029835af69a3 sp=0x000000e6c28f2888 mode 2

Classes unloaded (0 events):
No events

Classes redefined (0 events):
No events

Internal exceptions (20 events):
Event: 4.239 Thread 0x0000029848c95140 Exception <a 'sun/nio/fs/WindowsException'{0x0000000086fcd088}> (0x0000000086fcd088) 
thrown [s\src\hotspot\share\prims\jni.cpp, line 517]
Event: 4.270 Thread 0x0000029848c95140 Exception <a 'java/lang/NoSuchMethodError'{0x00000000869356d8}: 'java.lang.Object java.lang.invoke.DirectMethodHandle$Holder.invokeStaticInit(java.lang.Object, int)'> (0x00000000869356d8) 
thrown [s\src\hotspot\share\interpreter\linkResolver.cpp, line 771]
Event: 4.284 Thread 0x0000029848c95140 Exception <a 'java/lang/NoSuchMethodError'{0x000000008676c1e0}: 'long java.lang.invoke.DirectMethodHandle$Holder.invokeStatic(java.lang.Object)'> (0x000000008676c1e0) 
thrown [s\src\hotspot\share\interpreter\linkResolver.cpp, line 771]
Event: 4.284 Thread 0x0000029848c95140 Exception <a 'java/lang/NoSuchMethodError'{0x0000000086770dc8}: 'long java.lang.invoke.DirectMethodHandle$Holder.invokeStaticInit(java.lang.Object)'> (0x0000000086770dc8) 
thrown [s\src\hotspot\share\interpreter\linkResolver.cpp, line 771]
Event: 4.318 Thread 0x0000029848c95140 Exception <a 'java/lang/NoSuchMethodError'{0x000000008614d4a8}: 'long java.lang.invoke.Invokers$Holder.invoke_MT(java.lang.Object, java.lang.Object, java.lang.Object, java.lang.Object)'> (0x000000008614d4a8) 
thrown [s\src\hotspot\share\interpreter\linkResolver.cpp, line 771]
Event: 4.319 Thread 0x0000029848c95140 Exception <a 'java/lang/NoSuchMethodError'{0x0000000086156850}: 'int java.lang.invoke.Invokers$Holder.invoke_MT(java.lang.Object, java.lang.Object, java.lang.Object, java.lang.Object)'> (0x0000000086156850) 
thrown [s\src\hotspot\share\interpreter\linkResolver.cpp, line 771]
Event: 4.319 Thread 0x0000029848c95140 Exception <a 'java/lang/NoSuchMethodError'{0x0000000086167108}: 'void java.lang.invoke.DelegatingMethodHandle$Holder.reinvoke_L(java.lang.Object, java.lang.Object, java.lang.Object, long, java.lang.Object)'> (0x0000000086167108) 
thrown [s\src\hotspot\share\interpreter\linkResolver.cpp, line 771]
Event: 4.319 Thread 0x0000029848c95140 Exception <a 'java/lang/NoSuchMethodError'{0x00000000861701e8}: 'java.lang.Object java.lang.invoke.DirectMethodHandle$Holder.invokeSpecial(java.lang.Object, java.lang.Object, java.lang.Object, java.lang.Object, long)'> (0x00000000861701e8) 
thrown [s\src\hotspot\share\interpreter\linkResolver.cpp, line 771]
Event: 4.320 Thread 0x0000029848c95140 Exception <a 'java/lang/NoSuchMethodError'{0x00000000861809b8}: 'int java.lang.invoke.DelegatingMethodHandle$Holder.reinvoke_L(java.lang.Object, java.lang.Object, java.lang.Object, long, java.lang.Object, java.lang.Object)'> (0x00000000861809b8) 
thrown [s\src\hotspot\share\interpreter\linkResolver.cpp, line 771]
Event: 4.321 Thread 0x0000029848c95140 Exception <a 'java/lang/NoSuchMethodError'{0x0000000086190a88}: 'int java.lang.invoke.DelegatingMethodHandle$Holder.reinvoke_L(java.lang.Object, java.lang.Object, java.lang.Object, long, int, int)'> (0x0000000086190a88) 
thrown [s\src\hotspot\share\interpreter\linkResolver.cpp, line 771]
Event: 4.321 Thread 0x0000029848c95140 Exception <a 'java/lang/NoSuchMethodError'{0x00000000861a0b40}: 'int java.lang.invoke.DelegatingMethodHandle$Holder.reinvoke_L(java.lang.Object, java.lang.Object, java.lang.Object, long, long, long)'> (0x00000000861a0b40) 
thrown [s\src\hotspot\share\interpreter\linkResolver.cpp, line 771]
Event: 4.323 Thread 0x0000029848c95140 Exception <a 'java/lang/NoSuchMethodError'{0x00000000861b0698}: 'int java.lang.invoke.DelegatingMethodHandle$Holder.reinvoke_L(java.lang.Object, java.lang.Object, java.lang.Object, long, int)'> (0x00000000861b0698) 
thrown [s\src\hotspot\share\interpreter\linkResolver.cpp, line 771]
Event: 4.532 Thread 0x0000029848c95140 Exception <a 'java/lang/NoSuchMethodError'{0x0000000086878710}: 'void java.lang.invoke.DirectMethodHandle$Holder.invokeVirtual(java.lang.Object, java.lang.Object)'> (0x0000000086878710) 
thrown [s\src\hotspot\share\interpreter\linkResolver.cpp, line 771]
Event: 4.746 Thread 0x0000029848c95140 Exception <a 'java/lang/NoSuchMethodError'{0x00000000874969a8}: 'java.lang.Object java.lang.invoke.Invokers$Holder.invokeExact_MT(java.lang.Object, java.lang.Object, long, java.lang.Object)'> (0x00000000874969a8) 
thrown [s\src\hotspot\share\interpreter\linkResolver.cpp, line 771]
Event: 4.766 Thread 0x0000029848c95140 Exception <a 'java/lang/NoSuchMethodError'{0x00000000872fd118}: 'java.lang.Object java.lang.invoke.Invokers$Holder.invoke_MT(java.lang.Object, java.lang.Object, java.lang.Object)'> (0x00000000872fd118) 
thrown [s\src\hotspot\share\interpreter\linkResolver.cpp, line 771]
Event: 4.892 Thread 0x0000029848c95140 Implicit null exception at 0x0000029836138e63 to 0x000002983613afa4
Event: 5.953 Thread 0x0000029848c95140 Exception <a 'java/lang/NoSuchMethodError'{0x000000008c0ab710}: 'java.lang.Object java.lang.invoke.DirectMethodHandle$Holder.invokeStatic(java.lang.Object, java.lang.Object, java.lang.Object, java.lang.Object, int)'> (0x000000008c0ab710) 
thrown [s\src\hotspot\share\interpreter\linkResolver.cpp, line 771]
Event: 5.953 Thread 0x0000029848c95140 Exception <a 'java/lang/NoSuchMethodError'{0x000000008c0b6300}: 'java.lang.Object java.lang.invoke.DirectMethodHandle$Holder.newInvokeSpecial(java.lang.Object, java.lang.Object, java.lang.Object, java.lang.Object, int)'> (0x000000008c0b6300) 
thrown [s\src\hotspot\share\interpreter\linkResolver.cpp, line 771]
Event: 5.953 Thread 0x0000029848c95140 Exception <a 'java/lang/NoSuchMethodError'{0x000000008c0bc080}: 'java.lang.Object java.lang.invoke.DirectMethodHandle$Holder.invokeSpecial(java.lang.Object, java.lang.Object, java.lang.Object, java.lang.Object, java.lang.Object, int)'> (0x000000008c0bc080) 
thrown [s\src\hotspot\share\interpreter\linkResolver.cpp, line 771]
Event: 5.954 Thread 0x0000029848c95140 Exception <a 'java/lang/NoSuchMethodError'{0x000000008c0c17b0}: 'java.lang.Object java.lang.invoke.Invokers$Holder.linkToTargetMethod(java.lang.Object, java.lang.Object, java.lang.Object, int, java.lang.Object)'> (0x000000008c0c17b0) 
thrown [s\src\hotspot\share\interpreter\linkResolver.cpp, line 771]

VM Operations (20 events):
Event: 5.936 Executing VM operation: G1CollectForAllocation done
Event: 5.958 Executing VM operation: G1Concurrent
Event: 5.961 Executing VM operation: G1Concurrent done
Event: 5.972 Executing VM operation: G1Concurrent
Event: 5.972 Executing VM operation: G1Concurrent done
Event: 5.991 Executing VM operation: HandshakeAllThreads
Event: 5.991 Executing VM operation: HandshakeAllThreads done
Event: 6.218 Executing VM operation: ICBufferFull
Event: 6.218 Executing VM operation: ICBufferFull done
Event: 6.242 Executing VM operation: G1CollectForAllocation
Event: 6.245 Executing VM operation: G1CollectForAllocation done
Event: 6.264 Executing VM operation: G1CollectForAllocation
Event: 6.267 Executing VM operation: G1CollectForAllocation done
Event: 6.512 Executing VM operation: HandshakeAllThreads
Event: 6.512 Executing VM operation: HandshakeAllThreads done
Event: 6.518 Executing VM operation: ICBufferFull
Event: 6.518 Executing VM operation: ICBufferFull done
Event: 6.527 Executing VM operation: HandshakeAllThreads
Event: 6.527 Executing VM operation: HandshakeAllThreads done
Event: 6.631 Executing VM operation: G1CollectForAllocation

Events (20 events):
Event: 5.751 loading class java/text/StringCharacterIterator
Event: 5.751 loading class java/text/CharacterIterator
Event: 5.751 loading class java/text/CharacterIterator done
Event: 5.751 loading class java/text/StringCharacterIterator done
Event: 5.782 loading class java/io/NotSerializableException
Event: 5.783 loading class java/io/NotSerializableException done
Event: 5.800 loading class java/util/AbstractList$ListItr
Event: 5.800 loading class java/util/AbstractList$ListItr done
Event: 5.847 Thread 0x000002984d793e40 Thread added: 0x000002984d793e40
Event: 5.915 loading class java/util/function/IntUnaryOperator
Event: 5.915 loading class java/util/function/IntUnaryOperator done
Event: 5.940 loading class java/util/AbstractList$SubList
Event: 5.940 loading class java/util/AbstractList$SubList done
Event: 5.940 loading class java/util/AbstractList$SubList$1
Event: 5.940 loading class java/util/AbstractList$SubList$1 done
Event: 5.965 Thread 0x000002984d793e40 Thread exited: 0x000002984d793e40
Event: 6.095 Thread 0x000002984d792a00 Thread added: 0x000002984d792a00
Event: 6.466 loading class java/util/AbstractList$RandomAccessSubList
Event: 6.466 loading class java/util/AbstractList$RandomAccessSubList done
Event: 6.514 Thread 0x0000029845429b70 flushing nmethod 0x000002982e6d0390


Dynamic libraries:
0x00007ff68b030000 - 0x00007ff68b03a000 	C:\Program Files\Android\Android Studio\jbr\bin\java.exe
0x00007ffef7170000 - 0x00007ffef7387000 	C:\WINDOWS\SYSTEM32\ntdll.dll
0x00007ffef5f20000 - 0x00007ffef5fe4000 	C:\WINDOWS\System32\KERNEL32.DLL
0x00007ffef4a30000 - 0x00007ffef4dd6000 	C:\WINDOWS\System32\KERNELBASE.dll
0x00007ffef4570000 - 0x00007ffef4681000 	C:\WINDOWS\System32\ucrtbase.dll
0x00007ffee0e50000 - 0x00007ffee0e67000 	C:\Program Files\Android\Android Studio\jbr\bin\jli.dll
0x00007ffeeb520000 - 0x00007ffeeb53b000 	C:\Program Files\Android\Android Studio\jbr\bin\VCRUNTIME140.dll
0x00007ffef52d0000 - 0x00007ffef547d000 	C:\WINDOWS\System32\USER32.dll
0x00007ffeda580000 - 0x00007ffeda813000 	C:\WINDOWS\WinSxS\amd64_microsoft.windows.common-controls_6595b64144ccf1df_6.0.22621.2361_none_2712ced57382f843\COMCTL32.dll
0x00007ffef4ea0000 - 0x00007ffef4ec6000 	C:\WINDOWS\System32\win32u.dll
0x00007ffef6d30000 - 0x00007ffef6dd7000 	C:\WINDOWS\System32\msvcrt.dll
0x00007ffef6b60000 - 0x00007ffef6b89000 	C:\WINDOWS\System32\GDI32.dll
0x00007ffef4800000 - 0x00007ffef4918000 	C:\WINDOWS\System32\gdi32full.dll
0x00007ffef4990000 - 0x00007ffef4a2a000 	C:\WINDOWS\System32\msvcp_win.dll
0x00007ffef5ee0000 - 0x00007ffef5f11000 	C:\WINDOWS\System32\IMM32.DLL
0x00007ffeef8b0000 - 0x00007ffeef8bc000 	C:\Program Files\Android\Android Studio\jbr\bin\vcruntime140_1.dll
0x00007ffeeb490000 - 0x00007ffeeb51d000 	C:\Program Files\Android\Android Studio\jbr\bin\msvcp140.dll
0x00007ffe6f200000 - 0x00007ffe6fe6e000 	C:\Program Files\Android\Android Studio\jbr\bin\server\jvm.dll
0x00007ffef5ff0000 - 0x00007ffef60a0000 	C:\WINDOWS\System32\ADVAPI32.dll
0x00007ffef50b0000 - 0x00007ffef5156000 	C:\WINDOWS\System32\sechost.dll
0x00007ffef4f90000 - 0x00007ffef50a7000 	C:\WINDOWS\System32\RPCRT4.dll
0x00007ffee4a80000 - 0x00007ffee4ab4000 	C:\WINDOWS\SYSTEM32\WINMM.dll
0x00007ffef17b0000 - 0x00007ffef17b9000 	C:\WINDOWS\SYSTEM32\WSOCK32.dll
0x00007ffeedf70000 - 0x00007ffeedf7a000 	C:\WINDOWS\SYSTEM32\VERSION.dll
0x00007ffef6c90000 - 0x00007ffef6d01000 	C:\WINDOWS\System32\WS2_32.dll
0x00007ffef34d0000 - 0x00007ffef34e8000 	C:\WINDOWS\SYSTEM32\kernel.appcore.dll
0x00007ffef1800000 - 0x00007ffef180a000 	C:\Program Files\Android\Android Studio\jbr\bin\jimage.dll
0x00007ffee4770000 - 0x00007ffee499e000 	C:\WINDOWS\SYSTEM32\DBGHELP.DLL
0x00007ffef67d0000 - 0x00007ffef6b5a000 	C:\WINDOWS\System32\combase.dll
0x00007ffef7040000 - 0x00007ffef7117000 	C:\WINDOWS\System32\OLEAUT32.dll
0x00007ffee4b30000 - 0x00007ffee4b62000 	C:\WINDOWS\SYSTEM32\dbgcore.DLL
0x00007ffef44f0000 - 0x00007ffef456a000 	C:\WINDOWS\System32\bcryptPrimitives.dll
0x00007ffee3ac0000 - 0x00007ffee3ace000 	C:\Program Files\Android\Android Studio\jbr\bin\instrument.dll
0x00007ffeef870000 - 0x00007ffeef895000 	C:\Program Files\Android\Android Studio\jbr\bin\java.dll
0x00007ffee5830000 - 0x00007ffee5848000 	C:\Program Files\Android\Android Studio\jbr\bin\zip.dll
0x00007ffef5680000 - 0x00007ffef5ed8000 	C:\WINDOWS\System32\SHELL32.dll
0x00007ffef2450000 - 0x00007ffef2d42000 	C:\WINDOWS\SYSTEM32\windows.storage.dll
0x00007ffef2310000 - 0x00007ffef244e000 	C:\WINDOWS\SYSTEM32\wintypes.dll
0x00007ffef6b90000 - 0x00007ffef6c83000 	C:\WINDOWS\System32\SHCORE.dll
0x00007ffef4f30000 - 0x00007ffef4f8e000 	C:\WINDOWS\System32\shlwapi.dll
0x00007ffef4420000 - 0x00007ffef4446000 	C:\WINDOWS\SYSTEM32\profapi.dll
0x00007ffee3e80000 - 0x00007ffee3e99000 	C:\Program Files\Android\Android Studio\jbr\bin\net.dll
0x00007ffeed9a0000 - 0x00007ffeedad7000 	C:\WINDOWS\SYSTEM32\WINHTTP.dll
0x00007ffef39b0000 - 0x00007ffef3a19000 	C:\WINDOWS\system32\mswsock.dll
0x00007ffee3e60000 - 0x00007ffee3e76000 	C:\Program Files\Android\Android Studio\jbr\bin\nio.dll
0x00007ffef1780000 - 0x00007ffef1790000 	C:\Program Files\Android\Android Studio\jbr\bin\verify.dll
0x00007ffeeb310000 - 0x00007ffeeb337000 	C:\Users\matel\.gradle\native\c067742578af261105cb4f569cf0c3c89f3d7b1fecec35dd04571415982c5e48\windows-amd64\native-platform.dll
0x00007ffeeae30000 - 0x00007ffeeaf74000 	C:\Users\matel\.gradle\native\38dada09dfb8b06ba9b0570ebf7e218e3eb74d4ef43ca46872605cf95ebc2f47\windows-amd64\native-platform-file-events.dll
0x00007ffee58c0000 - 0x00007ffee58c9000 	C:\Program Files\Android\Android Studio\jbr\bin\management.dll
0x00007ffee3ad0000 - 0x00007ffee3adb000 	C:\Program Files\Android\Android Studio\jbr\bin\management_ext.dll
0x00007ffef7030000 - 0x00007ffef7038000 	C:\WINDOWS\System32\PSAPI.DLL
0x00007ffef3c00000 - 0x00007ffef3c1b000 	C:\WINDOWS\SYSTEM32\CRYPTSP.dll
0x00007ffef3490000 - 0x00007ffef34c5000 	C:\WINDOWS\system32\rsaenh.dll
0x00007ffef3aa0000 - 0x00007ffef3acc000 	C:\WINDOWS\SYSTEM32\USERENV.dll
0x00007ffef3da0000 - 0x00007ffef3dc8000 	C:\WINDOWS\SYSTEM32\bcrypt.dll
0x00007ffef3c20000 - 0x00007ffef3c2c000 	C:\WINDOWS\SYSTEM32\CRYPTBASE.dll
0x00007ffef2fb0000 - 0x00007ffef2fdd000 	C:\WINDOWS\SYSTEM32\IPHLPAPI.DLL
0x00007ffef60a0000 - 0x00007ffef60a9000 	C:\WINDOWS\System32\NSI.dll
0x00007ffeed7d0000 - 0x00007ffeed7e9000 	C:\WINDOWS\SYSTEM32\dhcpcsvc6.DLL
0x00007ffeed7b0000 - 0x00007ffeed7cf000 	C:\WINDOWS\SYSTEM32\dhcpcsvc.DLL
0x00007ffef3020000 - 0x00007ffef3119000 	C:\WINDOWS\SYSTEM32\DNSAPI.dll
0x00007ffecef30000 - 0x00007ffecef38000 	C:\WINDOWS\system32\wshunix.dll

dbghelp: loaded successfully - version: 4.0.5 - missing functions: none
symbol engine: initialized successfully - sym options: 0x614 - pdb path: .;C:\Program Files\Android\Android Studio\jbr\bin;C:\WINDOWS\SYSTEM32;C:\WINDOWS\WinSxS\amd64_microsoft.windows.common-controls_6595b64144ccf1df_6.0.22621.2361_none_2712ced57382f843;C:\Program Files\Android\Android Studio\jbr\bin\server;C:\Users\matel\.gradle\native\c067742578af261105cb4f569cf0c3c89f3d7b1fecec35dd04571415982c5e48\windows-amd64;C:\Users\matel\.gradle\native\38dada09dfb8b06ba9b0570ebf7e218e3eb74d4ef43ca46872605cf95ebc2f47\windows-amd64

VM Arguments:
jvm_args: --add-opens=java.base/java.util=ALL-UNNAMED --add-opens=java.base/java.lang=ALL-UNNAMED --add-opens=java.base/java.lang.invoke=ALL-UNNAMED --add-opens=java.prefs/java.util.prefs=ALL-UNNAMED --add-opens=java.base/java.nio.charset=ALL-UNNAMED --add-opens=java.base/java.net=ALL-UNNAMED --add-opens=java.base/java.util.concurrent.atomic=ALL-UNNAMED -Xmx2048m -Dfile.encoding=UTF-8 -Duser.country=ES -Duser.language=es -Duser.variant -javaagent:C:\Users\matel\.gradle\wrapper\dists\gradle-8.4-bin\1w5dpkrfk8irigvoxmyhowfim\gradle-8.4\lib\agents\gradle-instrumentation-agent-8.4.jar 
java_command: org.gradle.launcher.daemon.bootstrap.GradleDaemon 8.4
java_class_path (initial): C:\Users\matel\.gradle\wrapper\dists\gradle-8.4-bin\1w5dpkrfk8irigvoxmyhowfim\gradle-8.4\lib\gradle-launcher-8.4.jar
Launcher Type: SUN_STANDARD

[Global flags]
     intx CICompilerCount                          = 4                                         {product} {ergonomic}
     uint ConcGCThreads                            = 3                                         {product} {ergonomic}
     uint G1ConcRefinementThreads                  = 10                                        {product} {ergonomic}
   size_t G1HeapRegionSize                         = 1048576                                   {product} {ergonomic}
    uintx GCDrainStackTargetSize                   = 64                                        {product} {ergonomic}
   size_t InitialHeapSize                          = 251658240                                 {product} {ergonomic}
   size_t MarkStackSize                            = 4194304                                   {product} {ergonomic}
   size_t MaxHeapSize                              = 2147483648                                {product} {command line}
   size_t MaxNewSize                               = 1287651328                                {product} {ergonomic}
   size_t MinHeapDeltaBytes                        = 1048576                                   {product} {ergonomic}
   size_t MinHeapSize                              = 8388608                                   {product} {ergonomic}
    uintx NonNMethodCodeHeapSize                   = 5839372                                {pd product} {ergonomic}
    uintx NonProfiledCodeHeapSize                  = 122909434                              {pd product} {ergonomic}
    uintx ProfiledCodeHeapSize                     = 122909434                              {pd product} {ergonomic}
    uintx ReservedCodeCacheSize                    = 251658240                              {pd product} {ergonomic}
     bool SegmentedCodeCache                       = true                                      {product} {ergonomic}
   size_t SoftMaxHeapSize                          = 2147483648                             {manageable} {ergonomic}
     bool UseCompressedClassPointers               = true                           {product lp64_product} {ergonomic}
     bool UseCompressedOops                        = true                           {product lp64_product} {ergonomic}
     bool UseG1GC                                  = true                                      {product} {ergonomic}
     bool UseLargePagesIndividualAllocation        = false                                  {pd product} {ergonomic}

Logging:
Log output configuration:
 #0: stdout all=warning uptime,level,tags
 #1: stderr all=off uptime,level,tags

Environment Variables:
PATH=C:\Program Files (x86)\VMware\VMware Player\bin\;C:\WINDOWS\system32;C:\WINDOWS;C:\WINDOWS\System32\Wbem;C:\WINDOWS\System32\WindowsPowerShell\v1.0\;C:\WINDOWS\System32\OpenSSH\;C:\Program Files\Microsoft VS Code\bin;C:\Users\matel\AppData\Local\Programs\Python\Python311;C:\Program Files (x86)\NVIDIA Corporation\PhysX\Common;C:\Program Files\NVIDIA Corporation\NVIDIA NvDLISR;C:\Program Files\Microsoft SQL Server\150\Tools\Binn\;C:\Program Files (x86)\Intel\Intel(R) Management Engine Components\DAL;C:\Program Files\Intel\Intel(R) Management Engine Components\DAL;C:\Program Files\Microsoft SQL Server\Client SDK\ODBC\170\Tools\Binn\;C:\Program Files\Docker\Docker\resources\bin;C:\Program Files (x86)\Microsoft SQL Server\160\Tools\Binn\;C:\Program Files\Microsoft SQL Server\160\Tools\Binn\;C:\Program Files\Microsoft SQL Server\160\DTS\Binn\;C:\Program Files (x86)\Microsoft SQL Server\160\DTS\Binn\;C:\Program Files\Azure Data Studio\bin;C:\Program Files\dotnet\;C:\Program Files\Git\cmd;C:\Users\matel\AppData\Local\Microsoft\WindowsApps;C:\Users\matel\.dotnet\tools;C:\Program Files\Azure Data Studio\bin;C:\Users\matel\AppData\Local\GitHubDesktop\bin
USERNAME=orion
OS=Windows_NT
PROCESSOR_IDENTIFIER=Intel64 Family 6 Model 158 Stepping 10, GenuineIntel
TMP=C:\Users\matel\AppData\Local\Temp
TEMP=C:\Users\matel\AppData\Local\Temp


JNI global refs:
JNI global refs: 29, weak refs: 0

JNI global refs memory usage: 843, weak refs: 841


---------------  S Y S T E M  ---------------

OS:
 Windows 11 , 64 bit Build 22621 (10.0.22621.2428)
OS uptime: 0 days 1:06 hours

CPU: total 12 (initial active 12) (6 cores per cpu, 2 threads per core) family 6 model 158 stepping 10 microcode 0xde, cx8, cmov, fxsr, ht, mmx, 3dnowpref, sse, sse2, sse3, ssse3, sse4.1, sse4.2, popcnt, lzcnt, tsc, tscinvbit, avx, avx2, aes, erms, clmul, bmi1, bmi2, rtm, adx, fma, vzeroupper, clflush, clflushopt

Memory: 4k page, system-wide physical 15289M (734M free)
TotalPageFile size 19385M (AvailPageFile size 111M)
current process WorkingSet (physical memory assigned to process): 407M, peak: 417M
current process commit charge ("private bytes"): 511M, peak: 623M

vm_info: OpenJDK 64-Bit Server VM (17.0.6+0-b2043.56-10027231) for windows-amd64 JRE (17.0.6+0-b2043.56-10027231), built on Apr 28 2023 00:43:19 by "androidbuild" with MS VC++ 16.10 / 16.11 (VS2019)

END.
