#
# There is insufficient memory for the Java Runtime Environment to continue.
# Native memory allocation (malloc) failed to allocate 1263856 bytes for Chunk::new
# Possible reasons:
#   The system is out of physical RAM or swap space
#   The process is running with CompressedOops enabled, and the Java Heap may be blocking the growth of the native heap
# Possible solutions:
#   Reduce memory load on the system
#   Increase physical memory or swap space
#   Check if swap backing store is full
#   Decrease Java heap size (-Xmx/-Xms)
#   Decrease number of Java threads
#   Decrease Java thread stack sizes (-Xss)
#   Set larger code cache with -XX:ReservedCodeCacheSize=
#   JVM is running with Unscaled Compressed Oops mode in which the Java heap is
#     placed in the first 4GB address space. The Java Heap base address is the
#     maximum limit for the native heap growth. Please use -XX:HeapBaseMinAddress
#     to set the Java Heap base and to place the Java Heap above 4GB virtual address.
# This output file may be truncated or incomplete.
#
#  Out of Memory Error (arena.cpp:189), pid=10504, tid=7764
#
# JRE version: OpenJDK Runtime Environment (17.0.6) (build 17.0.6+0-b2043.56-10027231)
# Java VM: OpenJDK 64-Bit Server VM (17.0.6+0-b2043.56-10027231, mixed mode, tiered, compressed oops, compressed class ptrs, g1 gc, windows-amd64)
# No core dump will be written. Minidumps are not enabled by default on client versions of Windows
#

---------------  S U M M A R Y ------------

Command Line: --add-opens=java.base/java.util=ALL-UNNAMED --add-opens=java.base/java.lang=ALL-UNNAMED --add-opens=java.base/java.lang.invoke=ALL-UNNAMED --add-opens=java.prefs/java.util.prefs=ALL-UNNAMED --add-opens=java.base/java.nio.charset=ALL-UNNAMED --add-opens=java.base/java.net=ALL-UNNAMED --add-opens=java.base/java.util.concurrent.atomic=ALL-UNNAMED -Xmx2048m -Dfile.encoding=UTF-8 -Duser.country=ES -Duser.language=es -Duser.variant -javaagent:C:\Users\matel\.gradle\wrapper\dists\gradle-8.4-bin\1w5dpkrfk8irigvoxmyhowfim\gradle-8.4\lib\agents\gradle-instrumentation-agent-8.4.jar org.gradle.launcher.daemon.bootstrap.GradleDaemon 8.4

Host: Intel(R) Core(TM) i7-8700K CPU @ 3.70GHz, 12 cores, 14G,  Windows 11 , 64 bit Build 22621 (10.0.22621.2428)
Time: Sat Oct 14 17:28:35 2023 Hora de verano GMT elapsed time: 9.882503 seconds (0d 0h 0m 9s)

---------------  T H R E A D  ---------------

Current thread (0x000001644447d8c0):  JavaThread "C2 CompilerThread0" daemon [_thread_in_native, id=7764, stack(0x0000003eac900000,0x0000003eaca00000)]


Current CompileTask:
C2:   9882 11508   !   4       java.net.URLClassLoader::defineClass (224 bytes)

Stack: [0x0000003eac900000,0x0000003eaca00000]
Native frames: (J=compiled Java code, j=interpreted, Vv=VM code, C=native code)
V  [jvm.dll+0x683c9a]
V  [jvm.dll+0x8427a4]
V  [jvm.dll+0x843f9e]
V  [jvm.dll+0x844603]
V  [jvm.dll+0x249b75]
V  [jvm.dll+0xabcac]
V  [jvm.dll+0xac27c]
V  [jvm.dll+0x368802]
V  [jvm.dll+0x332f31]
V  [jvm.dll+0x3323da]
V  [jvm.dll+0x21c201]
V  [jvm.dll+0x21b621]
V  [jvm.dll+0x1a4fdd]
V  [jvm.dll+0x22b098]
V  [jvm.dll+0x229159]
V  [jvm.dll+0x7f81ec]
V  [jvm.dll+0x7f274a]
V  [jvm.dll+0x682ad5]
C  [ucrtbase.dll+0x29363]
C  [KERNEL32.DLL+0x1257d]
C  [ntdll.dll+0x5aa78]


---------------  P R O C E S S  ---------------

Threads class SMR info:
_java_thread_list=0x000001644ce6fa50, length=62, elements={
0x00000164297a0e80, 0x000001644444e020, 0x000001644444f7c0, 0x000001644446a0c0,
0x00000164444780e0, 0x000001644447afc0, 0x000001644447b880, 0x000001644447d8c0,
0x000001644447f2a0, 0x0000016444486ed0, 0x000001644453a090, 0x0000016444718cc0,
0x0000016445cf7be0, 0x0000016444ab8dd0, 0x0000016447c99610, 0x0000016446e18510,
0x0000016446cf0440, 0x0000016446b104c0, 0x00000164454bae80, 0x00000164454bdea0,
0x00000164454bbcf0, 0x00000164454bb350, 0x00000164454be370, 0x00000164454bd500,
0x00000164454ba9b0, 0x00000164454bc690, 0x00000164454bcb60, 0x00000164454bd030,
0x0000016448272260, 0x00000164482748e0, 0x0000016448273f40, 0x00000164482765c0,
0x0000016448276f60, 0x00000164482735a0, 0x0000016448273a70, 0x0000016448275750,
0x0000016448272730, 0x0000016448276a90, 0x0000016448277dd0, 0x00000164482713f0,
0x0000016448277430, 0x0000016448271d90, 0x00000164482718c0, 0x0000016448275c20,
0x00000164482730d0, 0x00000164482782a0, 0x0000016448275280, 0x0000016448270a50,
0x00000164454bd9d0, 0x0000016449c80ee0, 0x0000016449c83a30, 0x0000016449c82220,
0x0000016449c83f00, 0x0000016449c7f6d0, 0x0000016449c826f0, 0x0000016449c83090,
0x0000016449c7e390, 0x0000016449c82bc0, 0x0000016449c80a10, 0x0000016449c813b0,
0x000001644c934940, 0x000001644c932ae0
}

Java Threads: ( => current thread )
  0x00000164297a0e80 JavaThread "main" [_thread_blocked, id=17188, stack(0x0000003eabc00000,0x0000003eabd00000)]
  0x000001644444e020 JavaThread "Reference Handler" daemon [_thread_blocked, id=16820, stack(0x0000003eac300000,0x0000003eac400000)]
  0x000001644444f7c0 JavaThread "Finalizer" daemon [_thread_blocked, id=17172, stack(0x0000003eac400000,0x0000003eac500000)]
  0x000001644446a0c0 JavaThread "Signal Dispatcher" daemon [_thread_blocked, id=17084, stack(0x0000003eac500000,0x0000003eac600000)]
  0x00000164444780e0 JavaThread "Attach Listener" daemon [_thread_blocked, id=16968, stack(0x0000003eac600000,0x0000003eac700000)]
  0x000001644447afc0 JavaThread "Service Thread" daemon [_thread_blocked, id=16804, stack(0x0000003eac700000,0x0000003eac800000)]
  0x000001644447b880 JavaThread "Monitor Deflation Thread" daemon [_thread_blocked, id=15660, stack(0x0000003eac800000,0x0000003eac900000)]
=>0x000001644447d8c0 JavaThread "C2 CompilerThread0" daemon [_thread_in_native, id=7764, stack(0x0000003eac900000,0x0000003eaca00000)]
  0x000001644447f2a0 JavaThread "C1 CompilerThread0" daemon [_thread_blocked, id=17112, stack(0x0000003eaca00000,0x0000003eacb00000)]
  0x0000016444486ed0 JavaThread "Sweeper thread" daemon [_thread_blocked, id=17296, stack(0x0000003eacb00000,0x0000003eacc00000)]
  0x000001644453a090 JavaThread "Common-Cleaner" daemon [_thread_blocked, id=17032, stack(0x0000003eacc00000,0x0000003eacd00000)]
  0x0000016444718cc0 JavaThread "Notification Thread" daemon [_thread_blocked, id=13616, stack(0x0000003eacd00000,0x0000003eace00000)]
  0x0000016445cf7be0 JavaThread "Daemon health stats" [_thread_blocked, id=13660, stack(0x0000003ead500000,0x0000003ead600000)]
  0x0000016444ab8dd0 JavaThread "Incoming local TCP Connector on port 51393" [_thread_in_native, id=8552, stack(0x0000003ead000000,0x0000003ead100000)]
  0x0000016447c99610 JavaThread "Daemon periodic checks" [_thread_blocked, id=16372, stack(0x0000003ead600000,0x0000003ead700000)]
  0x0000016446e18510 JavaThread "Daemon" [_thread_blocked, id=10440, stack(0x0000003ead700000,0x0000003ead800000)]
  0x0000016446cf0440 JavaThread "Handler for socket connection from /127.0.0.1:51393 to /127.0.0.1:51394" [_thread_in_native, id=7276, stack(0x0000003ead800000,0x0000003ead900000)]
  0x0000016446b104c0 JavaThread "Cancel handler" [_thread_blocked, id=13724, stack(0x0000003ead900000,0x0000003eada00000)]
  0x00000164454bae80 JavaThread "Daemon worker" [_thread_in_vm, id=4368, stack(0x0000003eada00000,0x0000003eadb00000)]
  0x00000164454bdea0 JavaThread "Asynchronous log dispatcher for DefaultDaemonConnection: socket connection from /127.0.0.1:51393 to /127.0.0.1:51394" [_thread_blocked, id=10040, stack(0x0000003eadb00000,0x0000003eadc00000)]
  0x00000164454bbcf0 JavaThread "Stdin handler" [_thread_blocked, id=12940, stack(0x0000003eadc00000,0x0000003eadd00000)]
  0x00000164454bb350 JavaThread "Daemon client event forwarder" [_thread_blocked, id=13808, stack(0x0000003eadd00000,0x0000003eade00000)]
  0x00000164454be370 JavaThread "Cache worker for journal cache (C:\Users\matel\.gradle\caches\journal-1)" [_thread_blocked, id=14888, stack(0x0000003eae500000,0x0000003eae600000)]
  0x00000164454bd500 JavaThread "File lock request listener" [_thread_in_native, id=14196, stack(0x0000003eae600000,0x0000003eae700000)]
  0x00000164454ba9b0 JavaThread "Cache worker for file hash cache (C:\Users\matel\.gradle\caches\8.4\fileHashes)" [_thread_blocked, id=13116, stack(0x0000003eae700000,0x0000003eae800000)]
  0x00000164454bc690 JavaThread "File watcher server" daemon [_thread_in_native, id=1720, stack(0x0000003eae900000,0x0000003eaea00000)]
  0x00000164454bcb60 JavaThread "File watcher consumer" daemon [_thread_blocked, id=4668, stack(0x0000003eaea00000,0x0000003eaeb00000)]
  0x00000164454bd030 JavaThread "jar transforms" [_thread_blocked, id=3360, stack(0x0000003eaeb00000,0x0000003eaec00000)]
  0x0000016448272260 JavaThread "jar transforms Thread 2" [_thread_blocked, id=4580, stack(0x0000003eaec00000,0x0000003eaed00000)]
  0x00000164482748e0 JavaThread "jar transforms Thread 3" [_thread_blocked, id=12360, stack(0x0000003eaed00000,0x0000003eaee00000)]
  0x0000016448273f40 JavaThread "jar transforms Thread 4" [_thread_blocked, id=13704, stack(0x0000003eaee00000,0x0000003eaef00000)]
  0x00000164482765c0 JavaThread "jar transforms Thread 5" [_thread_blocked, id=1480, stack(0x0000003eaef00000,0x0000003eaf000000)]
  0x0000016448276f60 JavaThread "jar transforms Thread 6" [_thread_blocked, id=13360, stack(0x0000003eaf000000,0x0000003eaf100000)]
  0x00000164482735a0 JavaThread "jar transforms Thread 7" [_thread_blocked, id=15188, stack(0x0000003eaf100000,0x0000003eaf200000)]
  0x0000016448273a70 JavaThread "jar transforms Thread 8" [_thread_blocked, id=15852, stack(0x0000003eaf200000,0x0000003eaf300000)]
  0x0000016448275750 JavaThread "jar transforms Thread 9" [_thread_blocked, id=3676, stack(0x0000003eaf300000,0x0000003eaf400000)]
  0x0000016448272730 JavaThread "jar transforms Thread 10" [_thread_blocked, id=1764, stack(0x0000003eaf400000,0x0000003eaf500000)]
  0x0000016448276a90 JavaThread "jar transforms Thread 11" [_thread_blocked, id=2672, stack(0x0000003eaf500000,0x0000003eaf600000)]
  0x0000016448277dd0 JavaThread "jar transforms Thread 12" [_thread_blocked, id=14388, stack(0x0000003eaf600000,0x0000003eaf700000)]
  0x00000164482713f0 JavaThread "Cache worker for checksums cache (C:\Projects\Android\SendImage\.gradle\8.4\checksums)" [_thread_blocked, id=8172, stack(0x0000003eaf700000,0x0000003eaf800000)]
  0x0000016448277430 JavaThread "Cache worker for file hash cache (C:\Projects\Android\SendImage\.gradle\8.4\fileHashes)" [_thread_blocked, id=3436, stack(0x0000003eaf800000,0x0000003eaf900000)]
  0x0000016448271d90 JavaThread "Cache worker for cache directory md-supplier (C:\Users\matel\.gradle\caches\8.4\md-supplier)" [_thread_blocked, id=4544, stack(0x0000003eaf900000,0x0000003eafa00000)]
  0x00000164482718c0 JavaThread "Cache worker for file content cache (C:\Users\matel\.gradle\caches\8.4\fileContent)" [_thread_blocked, id=4660, stack(0x0000003eafa00000,0x0000003eafb00000)]
  0x0000016448275c20 JavaThread "Cache worker for cache directory md-rule (C:\Users\matel\.gradle\caches\8.4\md-rule)" [_thread_blocked, id=8048, stack(0x0000003eafb00000,0x0000003eafc00000)]
  0x00000164482730d0 JavaThread "Cache worker for execution history cache (C:\Users\matel\.gradle\caches\8.4\executionHistory)" [_thread_blocked, id=15500, stack(0x0000003eafc00000,0x0000003eafd00000)]
  0x00000164482782a0 JavaThread "Cache worker for kotlin-dsl (C:\Users\matel\.gradle\caches\8.4\kotlin-dsl)" [_thread_blocked, id=3560, stack(0x0000003eafd00000,0x0000003eafe00000)]
  0x0000016448275280 JavaThread "Cache worker for dependencies-accessors (C:\Projects\Android\SendImage\.gradle\8.4\dependencies-accessors)" [_thread_blocked, id=392, stack(0x0000003eafe00000,0x0000003eaff00000)]
  0x0000016448270a50 JavaThread "Cache worker for Build Output Cleanup Cache (C:\Projects\Android\SendImage\.gradle\buildOutputCleanup)" [_thread_blocked, id=16200, stack(0x0000003eaff00000,0x0000003eb0000000)]
  0x00000164454bd9d0 JavaThread "Unconstrained build operations" [_thread_blocked, id=14060, stack(0x0000003eb0000000,0x0000003eb0100000)]
  0x0000016449c80ee0 JavaThread "Unconstrained build operations Thread 2" [_thread_blocked, id=8632, stack(0x0000003eb0100000,0x0000003eb0200000)]
  0x0000016449c83a30 JavaThread "Unconstrained build operations Thread 3" [_thread_blocked, id=10676, stack(0x0000003eb0200000,0x0000003eb0300000)]
  0x0000016449c82220 JavaThread "Unconstrained build operations Thread 4" [_thread_blocked, id=10100, stack(0x0000003eb0300000,0x0000003eb0400000)]
  0x0000016449c83f00 JavaThread "Unconstrained build operations Thread 5" [_thread_blocked, id=2816, stack(0x0000003eb0400000,0x0000003eb0500000)]
  0x0000016449c7f6d0 JavaThread "Unconstrained build operations Thread 6" [_thread_blocked, id=16380, stack(0x0000003eb0500000,0x0000003eb0600000)]
  0x0000016449c826f0 JavaThread "Unconstrained build operations Thread 7" [_thread_blocked, id=15832, stack(0x0000003eb0600000,0x0000003eb0700000)]
  0x0000016449c83090 JavaThread "Unconstrained build operations Thread 8" [_thread_blocked, id=15868, stack(0x0000003eb0700000,0x0000003eb0800000)]
  0x0000016449c7e390 JavaThread "Unconstrained build operations Thread 9" [_thread_blocked, id=9160, stack(0x0000003eb0800000,0x0000003eb0900000)]
  0x0000016449c82bc0 JavaThread "Unconstrained build operations Thread 10" [_thread_blocked, id=15836, stack(0x0000003eb0900000,0x0000003eb0a00000)]
  0x0000016449c80a10 JavaThread "Unconstrained build operations Thread 11" [_thread_blocked, id=14796, stack(0x0000003eb0a00000,0x0000003eb0b00000)]
  0x0000016449c813b0 JavaThread "Memory manager" [_thread_blocked, id=13048, stack(0x0000003eb0b00000,0x0000003eb0c00000)]
  0x000001644c934940 JavaThread "C2 CompilerThread1" daemon [_thread_blocked, id=15720, stack(0x0000003eacf00000,0x0000003ead000000)]
  0x000001644c932ae0 JavaThread "C2 CompilerThread2" daemon [_thread_blocked, id=14932, stack(0x0000003eae800000,0x0000003eae900000)]

Other Threads:
  0x000001644442a7b0 VMThread "VM Thread" [stack: 0x0000003eac200000,0x0000003eac300000] [id=16744]
  0x0000016429823bc0 WatcherThread [stack: 0x0000003eace00000,0x0000003eacf00000] [id=17036]
  0x000001642759e820 GCTaskThread "GC Thread#0" [stack: 0x0000003eabd00000,0x0000003eabe00000] [id=16860]
  0x0000016444ca3fa0 GCTaskThread "GC Thread#1" [stack: 0x0000003ead100000,0x0000003ead200000] [id=15672]
  0x00000164452da4c0 GCTaskThread "GC Thread#2" [stack: 0x0000003ead200000,0x0000003ead300000] [id=8756]
  0x0000016444ca3440 GCTaskThread "GC Thread#3" [stack: 0x0000003ead300000,0x0000003ead400000] [id=10224]
  0x0000016444ca36f0 GCTaskThread "GC Thread#4" [stack: 0x0000003ead400000,0x0000003ead500000] [id=6668]
  0x000001644767f8f0 GCTaskThread "GC Thread#5" [stack: 0x0000003eade00000,0x0000003eadf00000] [id=16308]
  0x00000164456d1050 GCTaskThread "GC Thread#6" [stack: 0x0000003eadf00000,0x0000003eae000000] [id=2512]
  0x0000016445d56ac0 GCTaskThread "GC Thread#7" [stack: 0x0000003eae000000,0x0000003eae100000] [id=15844]
  0x0000016447b2e650 GCTaskThread "GC Thread#8" [stack: 0x0000003eae100000,0x0000003eae200000] [id=15684]
  0x0000016445bb3600 GCTaskThread "GC Thread#9" [stack: 0x0000003eae200000,0x0000003eae300000] [id=2584]
  0x0000016429808370 ConcurrentGCThread "G1 Main Marker" [stack: 0x0000003eabe00000,0x0000003eabf00000] [id=16956]
  0x0000016429808c90 ConcurrentGCThread "G1 Conc#0" [stack: 0x0000003eabf00000,0x0000003eac000000] [id=16880]
  0x0000016446dce030 ConcurrentGCThread "G1 Conc#1" [stack: 0x0000003eae300000,0x0000003eae400000] [id=15716]
  0x0000016447763690 ConcurrentGCThread "G1 Conc#2" [stack: 0x0000003eae400000,0x0000003eae500000] [id=16204]
  0x000001642985da80 ConcurrentGCThread "G1 Refine#0" [stack: 0x0000003eac000000,0x0000003eac100000] [id=4856]
  0x000001644e661300 ConcurrentGCThread "G1 Refine#1" [stack: 0x0000003eb0c00000,0x0000003eb0d00000] [id=13812]
  0x000001644e65f920 ConcurrentGCThread "G1 Refine#2" [stack: 0x0000003eb0d00000,0x0000003eb0e00000] [id=11388]
  0x000001644e662720 ConcurrentGCThread "G1 Refine#3" [stack: 0x0000003eb0e00000,0x0000003eb0f00000] [id=14096]
  0x000001644e660780 ConcurrentGCThread "G1 Refine#4" [stack: 0x0000003eb0f00000,0x0000003eb1000000] [id=16356]
  0x000001644e661020 ConcurrentGCThread "G1 Refine#5" [stack: 0x0000003eb1000000,0x0000003eb1100000] [id=15200]
  0x000001644e6601c0 ConcurrentGCThread "G1 Refine#6" [stack: 0x0000003eb1100000,0x0000003eb1200000] [id=9964]
  0x000001644e65f640 ConcurrentGCThread "G1 Refine#7" [stack: 0x0000003eb1200000,0x0000003eb1300000] [id=14664]
  0x000001644e6618c0 ConcurrentGCThread "G1 Refine#8" [stack: 0x0000003eb1300000,0x0000003eb1400000] [id=10532]
  0x000001642985e3b0 ConcurrentGCThread "G1 Service" [stack: 0x0000003eac100000,0x0000003eac200000] [id=16320]

Threads with active compile tasks:
C2 CompilerThread0     9898 11508   !   4       java.net.URLClassLoader::defineClass (224 bytes)
C1 CompilerThread0     9898 11528       3       org.jetbrains.kotlin.metadata.ProtoBuf$Annotation::getSerializedSize (93 bytes)

VM state: not at safepoint (normal execution)

VM Mutex/Monitor currently owned by a thread: None

Heap address: 0x0000000080000000, size: 2048 MB, Compressed Oops mode: 32-bit

CDS archive(s) not mapped
Compressed class space mapped at: 0x0000000100000000-0x0000000140000000, reserved size: 1073741824
Narrow klass base: 0x0000000000000000, Narrow klass shift: 3, Narrow klass range: 0x140000000

GC Precious Log:
 CPUs: 12 total, 12 available
 Memory: 15289M
 Large Page Support: Disabled
 NUMA Support: Disabled
 Compressed Oops: Enabled (32-bit)
 Heap Region Size: 1M
 Heap Min Capacity: 8M
 Heap Initial Capacity: 240M
 Heap Max Capacity: 2G
 Pre-touch: Disabled
 Parallel Workers: 10
 Concurrent Workers: 3
 Concurrent Refinement Workers: 10
 Periodic GC: Disabled

Heap:
 garbage-first heap   total 291840K, used 183980K [0x0000000080000000, 0x0000000100000000)
  region size 1024K, 23 young (23552K), 9 survivors (9216K)
 Metaspace       used 122151K, committed 122880K, reserved 1163264K
  class space    used 16121K, committed 16512K, reserved 1048576K

Heap Regions: E=young(eden), S=young(survivor), O=old, HS=humongous(starts), HC=humongous(continues), CS=collection set, F=free, OA=open archive, CA=closed archive, TAMS=top-at-mark-start (previous, next)
|   0|0x0000000080000000, 0x0000000080100000, 0x0000000080100000|100%|HS|  |TAMS 0x0000000080100000, 0x0000000080000000| Complete 
|   1|0x0000000080100000, 0x0000000080200000, 0x0000000080200000|100%|HC|  |TAMS 0x0000000080200000, 0x0000000080100000| Complete 
|   2|0x0000000080200000, 0x0000000080300000, 0x0000000080300000|100%|HC|  |TAMS 0x0000000080300000, 0x0000000080200000| Complete 
|   3|0x0000000080300000, 0x0000000080400000, 0x0000000080400000|100%|HC|  |TAMS 0x0000000080400000, 0x0000000080300000| Complete 
|   4|0x0000000080400000, 0x0000000080500000, 0x0000000080500000|100%| O|  |TAMS 0x0000000080500000, 0x0000000080400000| Untracked 
|   5|0x0000000080500000, 0x0000000080600000, 0x0000000080600000|100%| O|  |TAMS 0x0000000080600000, 0x0000000080500000| Untracked 
|   6|0x0000000080600000, 0x0000000080700000, 0x0000000080700000|100%| O|  |TAMS 0x0000000080700000, 0x0000000080600000| Untracked 
|   7|0x0000000080700000, 0x0000000080800000, 0x0000000080800000|100%| O|  |TAMS 0x0000000080800000, 0x0000000080700000| Untracked 
|   8|0x0000000080800000, 0x0000000080900000, 0x0000000080900000|100%| O|  |TAMS 0x0000000080900000, 0x0000000080800000| Untracked 
|   9|0x0000000080900000, 0x0000000080a00000, 0x0000000080a00000|100%| O|  |TAMS 0x0000000080a00000, 0x0000000080900000| Untracked 
|  10|0x0000000080a00000, 0x0000000080b00000, 0x0000000080b00000|100%| O|  |TAMS 0x0000000080b00000, 0x0000000080a00000| Untracked 
|  11|0x0000000080b00000, 0x0000000080c00000, 0x0000000080c00000|100%| O|  |TAMS 0x0000000080c00000, 0x0000000080b00000| Untracked 
|  12|0x0000000080c00000, 0x0000000080d00000, 0x0000000080d00000|100%| O|  |TAMS 0x0000000080d00000, 0x0000000080c00000| Untracked 
|  13|0x0000000080d00000, 0x0000000080e00000, 0x0000000080e00000|100%| O|  |TAMS 0x0000000080e00000, 0x0000000080d00000| Untracked 
|  14|0x0000000080e00000, 0x0000000080f00000, 0x0000000080f00000|100%| O|  |TAMS 0x0000000080f00000, 0x0000000080e00000| Untracked 
|  15|0x0000000080f00000, 0x0000000081000000, 0x0000000081000000|100%| O|  |TAMS 0x0000000081000000, 0x0000000080f00000| Untracked 
|  16|0x0000000081000000, 0x0000000081100000, 0x0000000081100000|100%| O|  |TAMS 0x0000000081100000, 0x0000000081000000| Untracked 
|  17|0x0000000081100000, 0x0000000081200000, 0x0000000081200000|100%| O|  |TAMS 0x0000000081200000, 0x0000000081100000| Untracked 
|  18|0x0000000081200000, 0x0000000081300000, 0x0000000081300000|100%| O|  |TAMS 0x0000000081300000, 0x0000000081200000| Untracked 
|  19|0x0000000081300000, 0x0000000081400000, 0x0000000081400000|100%| O|  |TAMS 0x0000000081400000, 0x0000000081300000| Untracked 
|  20|0x0000000081400000, 0x0000000081500000, 0x0000000081500000|100%| O|  |TAMS 0x0000000081500000, 0x0000000081400000| Untracked 
|  21|0x0000000081500000, 0x0000000081600000, 0x0000000081600000|100%|HS|  |TAMS 0x0000000081600000, 0x0000000081500000| Complete 
|  22|0x0000000081600000, 0x0000000081700000, 0x0000000081700000|100%|HC|  |TAMS 0x0000000081700000, 0x0000000081600000| Complete 
|  23|0x0000000081700000, 0x0000000081800000, 0x0000000081800000|100%|HS|  |TAMS 0x0000000081800000, 0x0000000081700000| Complete 
|  24|0x0000000081800000, 0x0000000081900000, 0x0000000081900000|100%|HC|  |TAMS 0x0000000081900000, 0x0000000081800000| Complete 
|  25|0x0000000081900000, 0x0000000081a00000, 0x0000000081a00000|100%|HC|  |TAMS 0x0000000081a00000, 0x0000000081900000| Complete 
|  26|0x0000000081a00000, 0x0000000081b00000, 0x0000000081b00000|100%|HS|  |TAMS 0x0000000081b00000, 0x0000000081a00000| Complete 
|  27|0x0000000081b00000, 0x0000000081c00000, 0x0000000081c00000|100%|HC|  |TAMS 0x0000000081c00000, 0x0000000081b00000| Complete 
|  28|0x0000000081c00000, 0x0000000081d00000, 0x0000000081d00000|100%|HC|  |TAMS 0x0000000081d00000, 0x0000000081c00000| Complete 
|  29|0x0000000081d00000, 0x0000000081e00000, 0x0000000081e00000|100%|HS|  |TAMS 0x0000000081e00000, 0x0000000081d00000| Complete 
|  30|0x0000000081e00000, 0x0000000081f00000, 0x0000000081f00000|100%|HC|  |TAMS 0x0000000081f00000, 0x0000000081e00000| Complete 
|  31|0x0000000081f00000, 0x0000000082000000, 0x0000000082000000|100%|HC|  |TAMS 0x0000000082000000, 0x0000000081f00000| Complete 
|  32|0x0000000082000000, 0x0000000082100000, 0x0000000082100000|100%|HC|  |TAMS 0x0000000082100000, 0x0000000082000000| Complete 
|  33|0x0000000082100000, 0x0000000082200000, 0x0000000082200000|100%|HC|  |TAMS 0x0000000082200000, 0x0000000082100000| Complete 
|  34|0x0000000082200000, 0x0000000082300000, 0x0000000082300000|100%|HC|  |TAMS 0x0000000082300000, 0x0000000082200000| Complete 
|  35|0x0000000082300000, 0x0000000082400000, 0x0000000082400000|100%|HC|  |TAMS 0x0000000082400000, 0x0000000082300000| Complete 
|  36|0x0000000082400000, 0x0000000082500000, 0x0000000082500000|100%|HC|  |TAMS 0x0000000082500000, 0x0000000082400000| Complete 
|  37|0x0000000082500000, 0x0000000082600000, 0x0000000082600000|100%|HC|  |TAMS 0x0000000082600000, 0x0000000082500000| Complete 
|  38|0x0000000082600000, 0x0000000082700000, 0x0000000082700000|100%|HC|  |TAMS 0x0000000082700000, 0x0000000082600000| Complete 
|  39|0x0000000082700000, 0x0000000082800000, 0x0000000082800000|100%|HC|  |TAMS 0x0000000082800000, 0x0000000082700000| Complete 
|  40|0x0000000082800000, 0x0000000082900000, 0x0000000082900000|100%|HC|  |TAMS 0x0000000082900000, 0x0000000082800000| Complete 
|  41|0x0000000082900000, 0x0000000082a00000, 0x0000000082a00000|100%| O|  |TAMS 0x0000000082a00000, 0x0000000082900000| Untracked 
|  42|0x0000000082a00000, 0x0000000082b00000, 0x0000000082b00000|100%| O|  |TAMS 0x0000000082b00000, 0x0000000082a00000| Untracked 
|  43|0x0000000082b00000, 0x0000000082c00000, 0x0000000082c00000|100%| O|  |TAMS 0x0000000082c00000, 0x0000000082b00000| Untracked 
|  44|0x0000000082c00000, 0x0000000082d00000, 0x0000000082d00000|100%| O|  |TAMS 0x0000000082d00000, 0x0000000082c00000| Untracked 
|  45|0x0000000082d00000, 0x0000000082e00000, 0x0000000082e00000|100%|HS|  |TAMS 0x0000000082e00000, 0x0000000082d00000| Complete 
|  46|0x0000000082e00000, 0x0000000082f00000, 0x0000000082f00000|100%|HC|  |TAMS 0x0000000082f00000, 0x0000000082e00000| Complete 
|  47|0x0000000082f00000, 0x0000000083000000, 0x0000000083000000|100%| O|  |TAMS 0x0000000083000000, 0x0000000082f00000| Untracked 
|  48|0x0000000083000000, 0x0000000083100000, 0x0000000083100000|100%| O|  |TAMS 0x0000000083100000, 0x0000000083000000| Untracked 
|  49|0x0000000083100000, 0x0000000083200000, 0x0000000083200000|100%| O|  |TAMS 0x0000000083200000, 0x0000000083100000| Untracked 
|  50|0x0000000083200000, 0x0000000083300000, 0x0000000083300000|100%| O|  |TAMS 0x0000000083300000, 0x0000000083200000| Untracked 
|  51|0x0000000083300000, 0x0000000083400000, 0x0000000083400000|100%| O|  |TAMS 0x0000000083400000, 0x0000000083300000| Untracked 
|  52|0x0000000083400000, 0x0000000083500000, 0x0000000083500000|100%| O|  |TAMS 0x0000000083500000, 0x0000000083400000| Untracked 
|  53|0x0000000083500000, 0x0000000083600000, 0x0000000083600000|100%| O|  |TAMS 0x0000000083600000, 0x0000000083500000| Untracked 
|  54|0x0000000083600000, 0x0000000083700000, 0x0000000083700000|100%| O|  |TAMS 0x0000000083700000, 0x0000000083600000| Untracked 
|  55|0x0000000083700000, 0x0000000083800000, 0x0000000083800000|100%| O|  |TAMS 0x0000000083800000, 0x0000000083700000| Untracked 
|  56|0x0000000083800000, 0x0000000083900000, 0x0000000083900000|100%| O|  |TAMS 0x0000000083900000, 0x0000000083800000| Untracked 
|  57|0x0000000083900000, 0x0000000083a00000, 0x0000000083a00000|100%| O|  |TAMS 0x0000000083a00000, 0x0000000083900000| Untracked 
|  58|0x0000000083a00000, 0x0000000083b00000, 0x0000000083b00000|100%| O|  |TAMS 0x0000000083b00000, 0x0000000083a00000| Untracked 
|  59|0x0000000083b00000, 0x0000000083c00000, 0x0000000083c00000|100%|HS|  |TAMS 0x0000000083c00000, 0x0000000083b00000| Complete 
|  60|0x0000000083c00000, 0x0000000083d00000, 0x0000000083d00000|100%|HC|  |TAMS 0x0000000083d00000, 0x0000000083c00000| Complete 
|  61|0x0000000083d00000, 0x0000000083e00000, 0x0000000083e00000|100%|HC|  |TAMS 0x0000000083e00000, 0x0000000083d00000| Complete 
|  62|0x0000000083e00000, 0x0000000083f00000, 0x0000000083f00000|100%| O|  |TAMS 0x0000000083f00000, 0x0000000083e00000| Untracked 
|  63|0x0000000083f00000, 0x0000000084000000, 0x0000000084000000|100%| O|  |TAMS 0x0000000084000000, 0x0000000083f00000| Untracked 
|  64|0x0000000084000000, 0x0000000084100000, 0x0000000084100000|100%|HS|  |TAMS 0x0000000084100000, 0x0000000084000000| Complete 
|  65|0x0000000084100000, 0x0000000084200000, 0x0000000084200000|100%|HS|  |TAMS 0x0000000084200000, 0x0000000084100000| Complete 
|  66|0x0000000084200000, 0x0000000084300000, 0x0000000084300000|100%|HS|  |TAMS 0x0000000084300000, 0x0000000084200000| Complete 
|  67|0x0000000084300000, 0x0000000084400000, 0x0000000084400000|100%|HC|  |TAMS 0x0000000084400000, 0x0000000084300000| Complete 
|  68|0x0000000084400000, 0x0000000084500000, 0x0000000084500000|100%| O|  |TAMS 0x0000000084500000, 0x0000000084400000| Untracked 
|  69|0x0000000084500000, 0x0000000084600000, 0x0000000084600000|100%| O|  |TAMS 0x0000000084600000, 0x0000000084500000| Untracked 
|  70|0x0000000084600000, 0x0000000084700000, 0x0000000084700000|100%| O|  |TAMS 0x0000000084700000, 0x0000000084600000| Untracked 
|  71|0x0000000084700000, 0x0000000084800000, 0x0000000084800000|100%| O|  |TAMS 0x0000000084800000, 0x0000000084700000| Untracked 
|  72|0x0000000084800000, 0x0000000084900000, 0x0000000084900000|100%| O|  |TAMS 0x0000000084900000, 0x0000000084800000| Untracked 
|  73|0x0000000084900000, 0x0000000084a00000, 0x0000000084a00000|100%| O|  |TAMS 0x0000000084a00000, 0x0000000084900000| Untracked 
|  74|0x0000000084a00000, 0x0000000084b00000, 0x0000000084b00000|100%| O|  |TAMS 0x0000000084b00000, 0x0000000084a00000| Untracked 
|  75|0x0000000084b00000, 0x0000000084c00000, 0x0000000084c00000|100%|HS|  |TAMS 0x0000000084c00000, 0x0000000084b00000| Complete 
|  76|0x0000000084c00000, 0x0000000084d00000, 0x0000000084d00000|100%|HC|  |TAMS 0x0000000084d00000, 0x0000000084c00000| Complete 
|  77|0x0000000084d00000, 0x0000000084e00000, 0x0000000084e00000|100%|HS|  |TAMS 0x0000000084e00000, 0x0000000084d00000| Complete 
|  78|0x0000000084e00000, 0x0000000084f00000, 0x0000000084f00000|100%|HS|  |TAMS 0x0000000084f00000, 0x0000000084e00000| Complete 
|  79|0x0000000084f00000, 0x0000000085000000, 0x0000000085000000|100%|HS|  |TAMS 0x0000000085000000, 0x0000000084f00000| Complete 
|  80|0x0000000085000000, 0x0000000085100000, 0x0000000085100000|100%|HC|  |TAMS 0x0000000085100000, 0x0000000085000000| Complete 
|  81|0x0000000085100000, 0x0000000085200000, 0x0000000085200000|100%|HC|  |TAMS 0x0000000085200000, 0x0000000085100000| Complete 
|  82|0x0000000085200000, 0x0000000085300000, 0x0000000085300000|100%|HC|  |TAMS 0x0000000085300000, 0x0000000085200000| Complete 
|  83|0x0000000085300000, 0x0000000085400000, 0x0000000085400000|100%| O|  |TAMS 0x0000000085400000, 0x0000000085300000| Untracked 
|  84|0x0000000085400000, 0x0000000085500000, 0x0000000085500000|100%| O|  |TAMS 0x0000000085500000, 0x0000000085400000| Untracked 
|  85|0x0000000085500000, 0x0000000085600000, 0x0000000085600000|100%| O|  |TAMS 0x0000000085600000, 0x0000000085500000| Untracked 
|  86|0x0000000085600000, 0x0000000085700000, 0x0000000085700000|100%| O|  |TAMS 0x0000000085700000, 0x0000000085600000| Untracked 
|  87|0x0000000085700000, 0x0000000085800000, 0x0000000085800000|100%| O|  |TAMS 0x0000000085800000, 0x0000000085700000| Untracked 
|  88|0x0000000085800000, 0x0000000085900000, 0x0000000085900000|100%| O|  |TAMS 0x0000000085900000, 0x0000000085800000| Untracked 
|  89|0x0000000085900000, 0x0000000085a00000, 0x0000000085a00000|100%| O|  |TAMS 0x0000000085a00000, 0x0000000085900000| Untracked 
|  90|0x0000000085a00000, 0x0000000085b00000, 0x0000000085b00000|100%| O|  |TAMS 0x0000000085b00000, 0x0000000085a00000| Untracked 
|  91|0x0000000085b00000, 0x0000000085c00000, 0x0000000085c00000|100%| O|  |TAMS 0x0000000085c00000, 0x0000000085b00000| Untracked 
|  92|0x0000000085c00000, 0x0000000085d00000, 0x0000000085d00000|100%| O|  |TAMS 0x0000000085d00000, 0x0000000085c00000| Untracked 
|  93|0x0000000085d00000, 0x0000000085e00000, 0x0000000085e00000|100%| O|  |TAMS 0x0000000085e00000, 0x0000000085d00000| Untracked 
|  94|0x0000000085e00000, 0x0000000085f00000, 0x0000000085f00000|100%| O|  |TAMS 0x0000000085f00000, 0x0000000085e00000| Untracked 
|  95|0x0000000085f00000, 0x0000000086000000, 0x0000000086000000|100%| O|  |TAMS 0x0000000086000000, 0x0000000085f00000| Untracked 
|  96|0x0000000086000000, 0x0000000086100000, 0x0000000086100000|100%| O|  |TAMS 0x0000000086100000, 0x0000000086000000| Untracked 
|  97|0x0000000086100000, 0x0000000086200000, 0x0000000086200000|100%| O|  |TAMS 0x0000000086200000, 0x0000000086100000| Untracked 
|  98|0x0000000086200000, 0x0000000086300000, 0x0000000086300000|100%| O|  |TAMS 0x0000000086300000, 0x0000000086200000| Untracked 
|  99|0x0000000086300000, 0x0000000086400000, 0x0000000086400000|100%|HS|  |TAMS 0x0000000086400000, 0x0000000086300000| Complete 
| 100|0x0000000086400000, 0x0000000086500000, 0x0000000086500000|100%|HC|  |TAMS 0x0000000086500000, 0x0000000086400000| Complete 
| 101|0x0000000086500000, 0x0000000086600000, 0x0000000086600000|100%|HC|  |TAMS 0x0000000086600000, 0x0000000086500000| Complete 
| 102|0x0000000086600000, 0x0000000086700000, 0x0000000086700000|100%|HC|  |TAMS 0x0000000086700000, 0x0000000086600000| Complete 
| 103|0x0000000086700000, 0x0000000086800000, 0x0000000086800000|100%| O|  |TAMS 0x0000000086800000, 0x0000000086700000| Untracked 
| 104|0x0000000086800000, 0x0000000086900000, 0x0000000086900000|100%| O|  |TAMS 0x0000000086900000, 0x0000000086800000| Untracked 
| 105|0x0000000086900000, 0x0000000086a00000, 0x0000000086a00000|100%| O|  |TAMS 0x0000000086a00000, 0x0000000086900000| Untracked 
| 106|0x0000000086a00000, 0x0000000086b00000, 0x0000000086b00000|100%| O|  |TAMS 0x0000000086b00000, 0x0000000086a00000| Untracked 
| 107|0x0000000086b00000, 0x0000000086c00000, 0x0000000086c00000|100%| O|  |TAMS 0x0000000086c00000, 0x0000000086b00000| Untracked 
| 108|0x0000000086c00000, 0x0000000086d00000, 0x0000000086d00000|100%| O|  |TAMS 0x0000000086d00000, 0x0000000086c00000| Untracked 
| 109|0x0000000086d00000, 0x0000000086e00000, 0x0000000086e00000|100%| O|  |TAMS 0x0000000086e00000, 0x0000000086d00000| Untracked 
| 110|0x0000000086e00000, 0x0000000086f00000, 0x0000000086f00000|100%| O|  |TAMS 0x0000000086f00000, 0x0000000086e00000| Untracked 
| 111|0x0000000086f00000, 0x0000000087000000, 0x0000000087000000|100%| O|  |TAMS 0x0000000087000000, 0x0000000086f00000| Untracked 
| 112|0x0000000087000000, 0x0000000087100000, 0x0000000087100000|100%| O|  |TAMS 0x0000000087100000, 0x0000000087000000| Untracked 
| 113|0x0000000087100000, 0x0000000087200000, 0x0000000087200000|100%| O|  |TAMS 0x0000000087200000, 0x0000000087100000| Untracked 
| 114|0x0000000087200000, 0x0000000087300000, 0x0000000087300000|100%| O|  |TAMS 0x0000000087300000, 0x0000000087200000| Untracked 
| 115|0x0000000087300000, 0x0000000087400000, 0x0000000087400000|100%| O|  |TAMS 0x0000000087400000, 0x0000000087300000| Untracked 
| 116|0x0000000087400000, 0x0000000087500000, 0x0000000087500000|100%| O|  |TAMS 0x0000000087500000, 0x0000000087400000| Untracked 
| 117|0x0000000087500000, 0x0000000087600000, 0x0000000087600000|100%| O|  |TAMS 0x0000000087600000, 0x0000000087500000| Untracked 
| 118|0x0000000087600000, 0x0000000087700000, 0x0000000087700000|100%| O|  |TAMS 0x0000000087700000, 0x0000000087600000| Untracked 
| 119|0x0000000087700000, 0x0000000087800000, 0x0000000087800000|100%| O|  |TAMS 0x0000000087800000, 0x0000000087700000| Untracked 
| 120|0x0000000087800000, 0x0000000087900000, 0x0000000087900000|100%| O|  |TAMS 0x0000000087900000, 0x0000000087800000| Untracked 
| 121|0x0000000087900000, 0x0000000087a00000, 0x0000000087a00000|100%| O|  |TAMS 0x0000000087a00000, 0x0000000087900000| Untracked 
| 122|0x0000000087a00000, 0x0000000087b00000, 0x0000000087b00000|100%| O|  |TAMS 0x0000000087b00000, 0x0000000087a00000| Untracked 
| 123|0x0000000087b00000, 0x0000000087c00000, 0x0000000087c00000|100%| O|  |TAMS 0x0000000087c00000, 0x0000000087b00000| Untracked 
| 124|0x0000000087c00000, 0x0000000087d00000, 0x0000000087d00000|100%| O|  |TAMS 0x0000000087d00000, 0x0000000087c00000| Untracked 
| 125|0x0000000087d00000, 0x0000000087e00000, 0x0000000087e00000|100%| O|  |TAMS 0x0000000087e00000, 0x0000000087d00000| Untracked 
| 126|0x0000000087e00000, 0x0000000087f00000, 0x0000000087f00000|100%| O|  |TAMS 0x0000000087f00000, 0x0000000087e00000| Untracked 
| 127|0x0000000087f00000, 0x0000000088000000, 0x0000000088000000|100%| O|  |TAMS 0x0000000088000000, 0x0000000087f00000| Untracked 
| 128|0x0000000088000000, 0x0000000088100000, 0x0000000088100000|100%| O|  |TAMS 0x0000000088100000, 0x0000000088000000| Untracked 
| 129|0x0000000088100000, 0x0000000088200000, 0x0000000088200000|100%| O|  |TAMS 0x0000000088161a00, 0x0000000088100000| Untracked 
| 130|0x0000000088200000, 0x0000000088300000, 0x0000000088300000|100%| O|  |TAMS 0x0000000088300000, 0x0000000088200000| Untracked 
| 131|0x0000000088300000, 0x0000000088400000, 0x0000000088400000|100%| O|  |TAMS 0x0000000088400000, 0x0000000088300000| Untracked 
| 132|0x0000000088400000, 0x0000000088500000, 0x0000000088500000|100%| O|  |TAMS 0x0000000088500000, 0x0000000088400000| Untracked 
| 133|0x0000000088500000, 0x0000000088600000, 0x0000000088600000|100%| O|  |TAMS 0x0000000088600000, 0x0000000088500000| Untracked 
| 134|0x0000000088600000, 0x0000000088700000, 0x0000000088700000|100%| O|  |TAMS 0x0000000088700000, 0x0000000088600000| Untracked 
| 135|0x0000000088700000, 0x0000000088800000, 0x0000000088800000|100%| O|  |TAMS 0x0000000088800000, 0x0000000088700000| Untracked 
| 136|0x0000000088800000, 0x0000000088900000, 0x0000000088900000|100%| O|  |TAMS 0x0000000088900000, 0x0000000088800000| Complete 
| 137|0x0000000088900000, 0x0000000088a00000, 0x0000000088a00000|100%|HS|  |TAMS 0x0000000088a00000, 0x0000000088900000| Complete 
| 138|0x0000000088a00000, 0x0000000088b00000, 0x0000000088b00000|100%|HC|  |TAMS 0x0000000088b00000, 0x0000000088a00000| Complete 
| 139|0x0000000088b00000, 0x0000000088c00000, 0x0000000088c00000|100%|HC|  |TAMS 0x0000000088c00000, 0x0000000088b00000| Complete 
| 140|0x0000000088c00000, 0x0000000088d00000, 0x0000000088d00000|100%|HC|  |TAMS 0x0000000088d00000, 0x0000000088c00000| Complete 
| 141|0x0000000088d00000, 0x0000000088e00000, 0x0000000088e00000|100%|HC|  |TAMS 0x0000000088e00000, 0x0000000088d00000| Complete 
| 142|0x0000000088e00000, 0x0000000088f00000, 0x0000000088f00000|100%|HC|  |TAMS 0x0000000088f00000, 0x0000000088e00000| Complete 
| 143|0x0000000088f00000, 0x0000000089000000, 0x0000000089000000|100%|HS|  |TAMS 0x0000000089000000, 0x0000000088f00000| Complete 
| 144|0x0000000089000000, 0x0000000089100000, 0x0000000089100000|100%| O|  |TAMS 0x0000000089100000, 0x0000000089000000| Untracked 
| 145|0x0000000089100000, 0x0000000089200000, 0x0000000089200000|100%| O|  |TAMS 0x0000000089200000, 0x0000000089100000| Untracked 
| 146|0x0000000089200000, 0x0000000089300000, 0x0000000089300000|100%| O|  |TAMS 0x0000000089300000, 0x0000000089200000| Untracked 
| 147|0x0000000089300000, 0x0000000089400000, 0x0000000089400000|100%| O|  |TAMS 0x0000000089400000, 0x0000000089300000| Untracked 
| 148|0x0000000089400000, 0x0000000089500000, 0x0000000089500000|100%| O|  |TAMS 0x0000000089500000, 0x0000000089400000| Untracked 
| 149|0x0000000089500000, 0x0000000089600000, 0x0000000089600000|100%| O|  |TAMS 0x0000000089600000, 0x0000000089500000| Untracked 
| 150|0x0000000089600000, 0x0000000089700000, 0x0000000089700000|100%| O|  |TAMS 0x0000000089700000, 0x0000000089600000| Untracked 
| 151|0x0000000089700000, 0x0000000089800000, 0x0000000089800000|100%| O|  |TAMS 0x0000000089800000, 0x0000000089700000| Untracked 
| 152|0x0000000089800000, 0x0000000089900000, 0x0000000089900000|100%| O|  |TAMS 0x0000000089900000, 0x0000000089800000| Untracked 
| 153|0x0000000089900000, 0x0000000089a00000, 0x0000000089a00000|100%| O|  |TAMS 0x0000000089a00000, 0x0000000089900000| Untracked 
| 154|0x0000000089a00000, 0x0000000089b00000, 0x0000000089b00000|100%| O|  |TAMS 0x0000000089a00000, 0x0000000089a00000| Untracked 
| 155|0x0000000089b00000, 0x0000000089c00000, 0x0000000089c00000|100%| O|  |TAMS 0x0000000089b00000, 0x0000000089b00000| Untracked 
| 156|0x0000000089c00000, 0x0000000089d00000, 0x0000000089d00000|100%| O|  |TAMS 0x0000000089c00000, 0x0000000089c00000| Untracked 
| 157|0x0000000089d00000, 0x0000000089dab000, 0x0000000089e00000| 66%| O|  |TAMS 0x0000000089d00000, 0x0000000089d00000| Untracked 
| 158|0x0000000089e00000, 0x0000000089e00000, 0x0000000089f00000|  0%| F|  |TAMS 0x0000000089e00000, 0x0000000089e00000| Untracked 
| 159|0x0000000089f00000, 0x0000000089f00000, 0x000000008a000000|  0%| F|  |TAMS 0x0000000089f00000, 0x0000000089f00000| Untracked 
| 160|0x000000008a000000, 0x000000008a000000, 0x000000008a100000|  0%| F|  |TAMS 0x000000008a000000, 0x000000008a000000| Untracked 
| 161|0x000000008a100000, 0x000000008a100000, 0x000000008a200000|  0%| F|  |TAMS 0x000000008a100000, 0x000000008a100000| Untracked 
| 162|0x000000008a200000, 0x000000008a200000, 0x000000008a300000|  0%| F|  |TAMS 0x000000008a200000, 0x000000008a200000| Untracked 
| 163|0x000000008a300000, 0x000000008a300000, 0x000000008a400000|  0%| F|  |TAMS 0x000000008a300000, 0x000000008a300000| Untracked 
| 164|0x000000008a400000, 0x000000008a400000, 0x000000008a500000|  0%| F|  |TAMS 0x000000008a400000, 0x000000008a400000| Untracked 
| 165|0x000000008a500000, 0x000000008a500000, 0x000000008a600000|  0%| F|  |TAMS 0x000000008a500000, 0x000000008a500000| Untracked 
| 166|0x000000008a600000, 0x000000008a600000, 0x000000008a700000|  0%| F|  |TAMS 0x000000008a600000, 0x000000008a600000| Untracked 
| 167|0x000000008a700000, 0x000000008a700000, 0x000000008a800000|  0%| F|  |TAMS 0x000000008a700000, 0x000000008a700000| Untracked 
| 168|0x000000008a800000, 0x000000008a800000, 0x000000008a900000|  0%| F|  |TAMS 0x000000008a800000, 0x000000008a800000| Untracked 
| 169|0x000000008a900000, 0x000000008a900000, 0x000000008aa00000|  0%| F|  |TAMS 0x000000008a900000, 0x000000008a900000| Untracked 
| 170|0x000000008aa00000, 0x000000008aa00000, 0x000000008ab00000|  0%| F|  |TAMS 0x000000008aa00000, 0x000000008aa00000| Untracked 
| 171|0x000000008ab00000, 0x000000008ab00000, 0x000000008ac00000|  0%| F|  |TAMS 0x000000008ab00000, 0x000000008ab00000| Untracked 
| 172|0x000000008ac00000, 0x000000008ac00000, 0x000000008ad00000|  0%| F|  |TAMS 0x000000008ac00000, 0x000000008ac00000| Untracked 
| 173|0x000000008ad00000, 0x000000008ad00000, 0x000000008ae00000|  0%| F|  |TAMS 0x000000008ad00000, 0x000000008ad00000| Untracked 
| 174|0x000000008ae00000, 0x000000008ae00000, 0x000000008af00000|  0%| F|  |TAMS 0x000000008ae00000, 0x000000008ae00000| Untracked 
| 175|0x000000008af00000, 0x000000008af00000, 0x000000008b000000|  0%| F|  |TAMS 0x000000008af00000, 0x000000008af00000| Untracked 
| 176|0x000000008b000000, 0x000000008b000000, 0x000000008b100000|  0%| F|  |TAMS 0x000000008b000000, 0x000000008b000000| Untracked 
| 177|0x000000008b100000, 0x000000008b100000, 0x000000008b200000|  0%| F|  |TAMS 0x000000008b100000, 0x000000008b100000| Untracked 
| 178|0x000000008b200000, 0x000000008b200000, 0x000000008b300000|  0%| F|  |TAMS 0x000000008b200000, 0x000000008b200000| Untracked 
| 179|0x000000008b300000, 0x000000008b300000, 0x000000008b400000|  0%| F|  |TAMS 0x000000008b300000, 0x000000008b300000| Untracked 
| 180|0x000000008b400000, 0x000000008b400000, 0x000000008b500000|  0%| F|  |TAMS 0x000000008b400000, 0x000000008b400000| Untracked 
| 181|0x000000008b500000, 0x000000008b500000, 0x000000008b600000|  0%| F|  |TAMS 0x000000008b500000, 0x000000008b500000| Untracked 
| 182|0x000000008b600000, 0x000000008b600000, 0x000000008b700000|  0%| F|  |TAMS 0x000000008b600000, 0x000000008b600000| Untracked 
| 183|0x000000008b700000, 0x000000008b700000, 0x000000008b800000|  0%| F|  |TAMS 0x000000008b700000, 0x000000008b700000| Untracked 
| 184|0x000000008b800000, 0x000000008b800000, 0x000000008b900000|  0%| F|  |TAMS 0x000000008b800000, 0x000000008b800000| Untracked 
| 185|0x000000008b900000, 0x000000008b900000, 0x000000008ba00000|  0%| F|  |TAMS 0x000000008b900000, 0x000000008b900000| Untracked 
| 186|0x000000008ba00000, 0x000000008ba00000, 0x000000008bb00000|  0%| F|  |TAMS 0x000000008ba00000, 0x000000008ba00000| Untracked 
| 187|0x000000008bb00000, 0x000000008bb00000, 0x000000008bc00000|  0%| F|  |TAMS 0x000000008bb00000, 0x000000008bb00000| Untracked 
| 188|0x000000008bc00000, 0x000000008bc00000, 0x000000008bd00000|  0%| F|  |TAMS 0x000000008bc00000, 0x000000008bc00000| Untracked 
| 189|0x000000008bd00000, 0x000000008bd00000, 0x000000008be00000|  0%| F|  |TAMS 0x000000008bd00000, 0x000000008bd00000| Untracked 
| 190|0x000000008be00000, 0x000000008be00000, 0x000000008bf00000|  0%| F|  |TAMS 0x000000008be00000, 0x000000008be00000| Untracked 
| 191|0x000000008bf00000, 0x000000008c000000, 0x000000008c000000|100%| S|CS|TAMS 0x000000008bf00000, 0x000000008bf00000| Complete 
| 192|0x000000008c000000, 0x000000008c100000, 0x000000008c100000|100%| S|CS|TAMS 0x000000008c000000, 0x000000008c000000| Complete 
| 193|0x000000008c100000, 0x000000008c200000, 0x000000008c200000|100%| S|CS|TAMS 0x000000008c100000, 0x000000008c100000| Complete 
| 194|0x000000008c200000, 0x000000008c200000, 0x000000008c300000|  0%| F|  |TAMS 0x000000008c200000, 0x000000008c200000| Untracked 
| 195|0x000000008c300000, 0x000000008c300000, 0x000000008c400000|  0%| F|  |TAMS 0x000000008c300000, 0x000000008c300000| Untracked 
| 196|0x000000008c400000, 0x000000008c400000, 0x000000008c500000|  0%| F|  |TAMS 0x000000008c400000, 0x000000008c400000| Untracked 
| 197|0x000000008c500000, 0x000000008c500000, 0x000000008c600000|  0%| F|  |TAMS 0x000000008c500000, 0x000000008c500000| Untracked 
| 198|0x000000008c600000, 0x000000008c600000, 0x000000008c700000|  0%| F|  |TAMS 0x000000008c600000, 0x000000008c600000| Untracked 
| 199|0x000000008c700000, 0x000000008c700000, 0x000000008c800000|  0%| F|  |TAMS 0x000000008c700000, 0x000000008c700000| Untracked 
| 200|0x000000008c800000, 0x000000008c900000, 0x000000008c900000|100%| S|CS|TAMS 0x000000008c800000, 0x000000008c800000| Complete 
| 201|0x000000008c900000, 0x000000008ca00000, 0x000000008ca00000|100%| S|CS|TAMS 0x000000008c900000, 0x000000008c900000| Complete 
| 202|0x000000008ca00000, 0x000000008cb00000, 0x000000008cb00000|100%| S|CS|TAMS 0x000000008ca00000, 0x000000008ca00000| Complete 
| 203|0x000000008cb00000, 0x000000008cc00000, 0x000000008cc00000|100%| S|CS|TAMS 0x000000008cb00000, 0x000000008cb00000| Complete 
| 204|0x000000008cc00000, 0x000000008cc00000, 0x000000008cd00000|  0%| F|  |TAMS 0x000000008cc00000, 0x000000008cc00000| Untracked 
| 205|0x000000008cd00000, 0x000000008cd00000, 0x000000008ce00000|  0%| F|  |TAMS 0x000000008cd00000, 0x000000008cd00000| Untracked 
| 206|0x000000008ce00000, 0x000000008cf00000, 0x000000008cf00000|100%| S|CS|TAMS 0x000000008ce00000, 0x000000008ce00000| Complete 
| 207|0x000000008cf00000, 0x000000008d000000, 0x000000008d000000|100%| S|CS|TAMS 0x000000008cf00000, 0x000000008cf00000| Complete 
| 208|0x000000008d000000, 0x000000008d000000, 0x000000008d100000|  0%| F|  |TAMS 0x000000008d000000, 0x000000008d000000| Untracked 
| 209|0x000000008d100000, 0x000000008d100000, 0x000000008d200000|  0%| F|  |TAMS 0x000000008d100000, 0x000000008d100000| Untracked 
| 210|0x000000008d200000, 0x000000008d200000, 0x000000008d300000|  0%| F|  |TAMS 0x000000008d200000, 0x000000008d200000| Untracked 
| 211|0x000000008d300000, 0x000000008d300000, 0x000000008d400000|  0%| F|  |TAMS 0x000000008d300000, 0x000000008d300000| Untracked 
| 212|0x000000008d400000, 0x000000008d400000, 0x000000008d500000|  0%| F|  |TAMS 0x000000008d400000, 0x000000008d400000| Untracked 
| 213|0x000000008d500000, 0x000000008d500000, 0x000000008d600000|  0%| F|  |TAMS 0x000000008d500000, 0x000000008d500000| Untracked 
| 214|0x000000008d600000, 0x000000008d600000, 0x000000008d700000|  0%| F|  |TAMS 0x000000008d600000, 0x000000008d600000| Untracked 
| 215|0x000000008d700000, 0x000000008d700000, 0x000000008d800000|  0%| F|  |TAMS 0x000000008d700000, 0x000000008d700000| Untracked 
| 216|0x000000008d800000, 0x000000008d800000, 0x000000008d900000|  0%| F|  |TAMS 0x000000008d800000, 0x000000008d800000| Untracked 
| 217|0x000000008d900000, 0x000000008d900000, 0x000000008da00000|  0%| F|  |TAMS 0x000000008d900000, 0x000000008d900000| Untracked 
| 218|0x000000008da00000, 0x000000008da00000, 0x000000008db00000|  0%| F|  |TAMS 0x000000008da00000, 0x000000008da00000| Untracked 
| 219|0x000000008db00000, 0x000000008db00000, 0x000000008dc00000|  0%| F|  |TAMS 0x000000008db00000, 0x000000008db00000| Untracked 
| 220|0x000000008dc00000, 0x000000008dc00000, 0x000000008dd00000|  0%| F|  |TAMS 0x000000008dc00000, 0x000000008dc00000| Untracked 
| 221|0x000000008dd00000, 0x000000008dd00000, 0x000000008de00000|  0%| F|  |TAMS 0x000000008dd00000, 0x000000008dd00000| Untracked 
| 222|0x000000008de00000, 0x000000008de00000, 0x000000008df00000|  0%| F|  |TAMS 0x000000008de00000, 0x000000008de00000| Untracked 
| 223|0x000000008df00000, 0x000000008df00000, 0x000000008e000000|  0%| F|  |TAMS 0x000000008df00000, 0x000000008df00000| Untracked 
| 224|0x000000008e000000, 0x000000008e000000, 0x000000008e100000|  0%| F|  |TAMS 0x000000008e000000, 0x000000008e000000| Untracked 
| 225|0x000000008e100000, 0x000000008e100000, 0x000000008e200000|  0%| F|  |TAMS 0x000000008e100000, 0x000000008e100000| Untracked 
| 226|0x000000008e200000, 0x000000008e200000, 0x000000008e300000|  0%| F|  |TAMS 0x000000008e200000, 0x000000008e200000| Untracked 
| 227|0x000000008e300000, 0x000000008e300000, 0x000000008e400000|  0%| F|  |TAMS 0x000000008e300000, 0x000000008e300000| Untracked 
| 228|0x000000008e400000, 0x000000008e400000, 0x000000008e500000|  0%| F|  |TAMS 0x000000008e400000, 0x000000008e400000| Untracked 
| 229|0x000000008e500000, 0x000000008e500000, 0x000000008e600000|  0%| F|  |TAMS 0x000000008e500000, 0x000000008e500000| Untracked 
| 230|0x000000008e600000, 0x000000008e600000, 0x000000008e700000|  0%| F|  |TAMS 0x000000008e600000, 0x000000008e600000| Untracked 
| 231|0x000000008e700000, 0x000000008e700000, 0x000000008e800000|  0%| F|  |TAMS 0x000000008e700000, 0x000000008e700000| Untracked 
| 232|0x000000008e800000, 0x000000008e800000, 0x000000008e900000|  0%| F|  |TAMS 0x000000008e800000, 0x000000008e800000| Untracked 
| 233|0x000000008e900000, 0x000000008e900000, 0x000000008ea00000|  0%| F|  |TAMS 0x000000008e900000, 0x000000008e900000| Untracked 
| 234|0x000000008ea00000, 0x000000008ea00000, 0x000000008eb00000|  0%| F|  |TAMS 0x000000008ea00000, 0x000000008ea00000| Untracked 
| 235|0x000000008eb00000, 0x000000008eb00000, 0x000000008ec00000|  0%| F|  |TAMS 0x000000008eb00000, 0x000000008eb00000| Untracked 
| 236|0x000000008ec00000, 0x000000008ec00000, 0x000000008ed00000|  0%| F|  |TAMS 0x000000008ec00000, 0x000000008ec00000| Untracked 
| 237|0x000000008ed00000, 0x000000008ed00000, 0x000000008ee00000|  0%| F|  |TAMS 0x000000008ed00000, 0x000000008ed00000| Untracked 
| 238|0x000000008ee00000, 0x000000008ee00000, 0x000000008ef00000|  0%| F|  |TAMS 0x000000008ee00000, 0x000000008ee00000| Untracked 
| 239|0x000000008ef00000, 0x000000008ef00000, 0x000000008f000000|  0%| F|  |TAMS 0x000000008ef00000, 0x000000008ef00000| Untracked 
| 240|0x000000008f000000, 0x000000008f000000, 0x000000008f100000|  0%| F|  |TAMS 0x000000008f000000, 0x000000008f000000| Untracked 
| 241|0x000000008f100000, 0x000000008f100000, 0x000000008f200000|  0%| F|  |TAMS 0x000000008f100000, 0x000000008f100000| Untracked 
| 242|0x000000008f200000, 0x000000008f200000, 0x000000008f300000|  0%| F|  |TAMS 0x000000008f200000, 0x000000008f200000| Untracked 
| 243|0x000000008f300000, 0x000000008f300000, 0x000000008f400000|  0%| F|  |TAMS 0x000000008f300000, 0x000000008f300000| Untracked 
| 244|0x000000008f400000, 0x000000008f400000, 0x000000008f500000|  0%| F|  |TAMS 0x000000008f400000, 0x000000008f400000| Untracked 
| 245|0x000000008f500000, 0x000000008f500000, 0x000000008f600000|  0%| F|  |TAMS 0x000000008f500000, 0x000000008f500000| Untracked 
| 246|0x000000008f600000, 0x000000008f600000, 0x000000008f700000|  0%| F|  |TAMS 0x000000008f600000, 0x000000008f600000| Untracked 
| 247|0x000000008f700000, 0x000000008f700000, 0x000000008f800000|  0%| F|  |TAMS 0x000000008f700000, 0x000000008f700000| Untracked 
| 248|0x000000008f800000, 0x000000008f800000, 0x000000008f900000|  0%| F|  |TAMS 0x000000008f800000, 0x000000008f800000| Untracked 
| 249|0x000000008f900000, 0x000000008f900000, 0x000000008fa00000|  0%| F|  |TAMS 0x000000008f900000, 0x000000008f900000| Untracked 
| 250|0x000000008fa00000, 0x000000008fa00000, 0x000000008fb00000|  0%| F|  |TAMS 0x000000008fa00000, 0x000000008fa00000| Untracked 
| 251|0x000000008fb00000, 0x000000008fb00000, 0x000000008fc00000|  0%| F|  |TAMS 0x000000008fb00000, 0x000000008fb00000| Untracked 
| 252|0x000000008fc00000, 0x000000008fc00000, 0x000000008fd00000|  0%| F|  |TAMS 0x000000008fc00000, 0x000000008fc00000| Untracked 
| 253|0x000000008fd00000, 0x000000008fd00000, 0x000000008fe00000|  0%| F|  |TAMS 0x000000008fd00000, 0x000000008fd00000| Untracked 
| 254|0x000000008fe00000, 0x000000008fe00000, 0x000000008ff00000|  0%| F|  |TAMS 0x000000008fe00000, 0x000000008fe00000| Untracked 
| 255|0x000000008ff00000, 0x000000008ff00000, 0x0000000090000000|  0%| F|  |TAMS 0x000000008ff00000, 0x000000008ff00000| Untracked 
| 256|0x0000000090000000, 0x0000000090000000, 0x0000000090100000|  0%| F|  |TAMS 0x0000000090000000, 0x0000000090000000| Untracked 
| 257|0x0000000090100000, 0x0000000090100000, 0x0000000090200000|  0%| F|  |TAMS 0x0000000090100000, 0x0000000090100000| Untracked 
| 258|0x0000000090200000, 0x0000000090200000, 0x0000000090300000|  0%| F|  |TAMS 0x0000000090200000, 0x0000000090200000| Untracked 
| 259|0x0000000090300000, 0x0000000090300000, 0x0000000090400000|  0%| F|  |TAMS 0x0000000090300000, 0x0000000090300000| Untracked 
| 260|0x0000000090400000, 0x0000000090400000, 0x0000000090500000|  0%| F|  |TAMS 0x0000000090400000, 0x0000000090400000| Untracked 
| 261|0x0000000090500000, 0x0000000090600000, 0x0000000090600000|100%| E|CS|TAMS 0x0000000090500000, 0x0000000090500000| Complete 
| 262|0x0000000090600000, 0x0000000090700000, 0x0000000090700000|100%| E|CS|TAMS 0x0000000090600000, 0x0000000090600000| Complete 
| 263|0x0000000090700000, 0x0000000090800000, 0x0000000090800000|100%| E|CS|TAMS 0x0000000090700000, 0x0000000090700000| Complete 
| 264|0x0000000090800000, 0x0000000090900000, 0x0000000090900000|100%| E|CS|TAMS 0x0000000090800000, 0x0000000090800000| Complete 
| 265|0x0000000090900000, 0x0000000090900000, 0x0000000090a00000|  0%| F|  |TAMS 0x0000000090900000, 0x0000000090900000| Untracked 
| 266|0x0000000090a00000, 0x0000000090a00000, 0x0000000090b00000|  0%| F|  |TAMS 0x0000000090a00000, 0x0000000090a00000| Untracked 
| 267|0x0000000090b00000, 0x0000000090b00000, 0x0000000090c00000|  0%| F|  |TAMS 0x0000000090b00000, 0x0000000090b00000| Untracked 
| 268|0x0000000090c00000, 0x0000000090c00000, 0x0000000090d00000|  0%| F|  |TAMS 0x0000000090c00000, 0x0000000090c00000| Untracked 
| 269|0x0000000090d00000, 0x0000000090d00000, 0x0000000090e00000|  0%| F|  |TAMS 0x0000000090d00000, 0x0000000090d00000| Untracked 
| 270|0x0000000090e00000, 0x0000000090e00000, 0x0000000090f00000|  0%| F|  |TAMS 0x0000000090e00000, 0x0000000090e00000| Untracked 
| 271|0x0000000090f00000, 0x0000000090f00000, 0x0000000091000000|  0%| F|  |TAMS 0x0000000090f00000, 0x0000000090f00000| Untracked 
| 272|0x0000000091000000, 0x0000000091000000, 0x0000000091100000|  0%| F|  |TAMS 0x0000000091000000, 0x0000000091000000| Untracked 
| 273|0x0000000091100000, 0x0000000091100000, 0x0000000091200000|  0%| F|  |TAMS 0x0000000091100000, 0x0000000091100000| Untracked 
| 274|0x0000000091200000, 0x0000000091280800, 0x0000000091300000| 50%| E|  |TAMS 0x0000000091200000, 0x0000000091200000| Complete 
| 275|0x0000000091300000, 0x0000000091400000, 0x0000000091400000|100%| E|CS|TAMS 0x0000000091300000, 0x0000000091300000| Complete 
| 276|0x0000000091400000, 0x0000000091500000, 0x0000000091500000|100%| E|CS|TAMS 0x0000000091400000, 0x0000000091400000| Complete 
| 277|0x0000000091500000, 0x0000000091600000, 0x0000000091600000|100%| E|CS|TAMS 0x0000000091500000, 0x0000000091500000| Complete 
| 278|0x0000000091600000, 0x0000000091700000, 0x0000000091700000|100%| E|CS|TAMS 0x0000000091600000, 0x0000000091600000| Complete 
| 279|0x0000000091700000, 0x0000000091800000, 0x0000000091800000|100%| E|CS|TAMS 0x0000000091700000, 0x0000000091700000| Complete 
| 280|0x0000000091800000, 0x0000000091900000, 0x0000000091900000|100%| E|CS|TAMS 0x0000000091800000, 0x0000000091800000| Complete 
| 281|0x0000000091900000, 0x0000000091a00000, 0x0000000091a00000|100%| E|CS|TAMS 0x0000000091900000, 0x0000000091900000| Complete 
| 282|0x0000000091a00000, 0x0000000091b00000, 0x0000000091b00000|100%| E|CS|TAMS 0x0000000091a00000, 0x0000000091a00000| Complete 
| 283|0x0000000091b00000, 0x0000000091c00000, 0x0000000091c00000|100%| E|CS|TAMS 0x0000000091b00000, 0x0000000091b00000| Complete 
| 284|0x0000000091c00000, 0x0000000091d00000, 0x0000000091d00000|100%| E|CS|TAMS 0x0000000091c00000, 0x0000000091c00000| Complete 

Card table byte_map: [0x000001643c5b0000,0x000001643c9b0000] _byte_map_base: 0x000001643c1b0000

Marking Bits (Prev, Next): (CMBitMap*) 0x00000164297f7c80, (CMBitMap*) 0x00000164297f7cc0
 Prev Bits: [0x000001643cdb0000, 0x000001643edb0000)
 Next Bits: [0x000001643edb0000, 0x0000016440db0000)

Polling page: 0x0000016427700000

Metaspace:

Usage:
  Non-class:    103.56 MB used.
      Class:     15.75 MB used.
       Both:    119.30 MB used.

Virtual space:
  Non-class space:      112.00 MB reserved,     103.88 MB ( 93%) committed,  14 nodes.
      Class space:        1.00 GB reserved,      16.12 MB (  2%) committed,  1 nodes.
             Both:        1.11 GB reserved,     120.00 MB ( 11%) committed. 

Chunk freelists:
   Non-Class:  3.19 MB
       Class:  3.80 MB
        Both:  6.98 MB

MaxMetaspaceSize: unlimited
CompressedClassSpaceSize: 1.00 GB
Initial GC threshold: 21.00 MB
Current GC threshold: 197.94 MB
CDS: off
MetaspaceReclaimPolicy: balanced
 - commit_granule_bytes: 65536.
 - commit_granule_words: 8192.
 - virtual_space_node_default_size: 1048576.
 - enlarge_chunks_in_place: 1.
 - new_chunks_are_fully_committed: 0.
 - uncommit_free_chunks: 1.
 - use_allocation_guard: 0.
 - handle_deallocations: 1.


Internal statistics:

num_allocs_failed_limit: 3.
num_arena_births: 960.
num_arena_deaths: 0.
num_vsnodes_births: 15.
num_vsnodes_deaths: 0.
num_space_committed: 1918.
num_space_uncommitted: 0.
num_chunks_returned_to_freelist: 3.
num_chunks_taken_from_freelist: 5204.
num_chunk_merges: 3.
num_chunk_splits: 3819.
num_chunks_enlarged: 2959.
num_purges: 0.
num_inconsistent_stats: 0.

CodeHeap 'non-profiled nmethods': size=120000Kb used=5945Kb max_used=5945Kb free=114054Kb
 bounds [0x0000016434730000, 0x0000016434d00000, 0x000001643bc60000]
CodeHeap 'profiled nmethods': size=120000Kb used=20620Kb max_used=20620Kb free=99379Kb
 bounds [0x000001642cc60000, 0x000001642e090000, 0x0000016434190000]
CodeHeap 'non-nmethods': size=5760Kb used=2482Kb max_used=2544Kb free=3277Kb
 bounds [0x0000016434190000, 0x0000016434420000, 0x0000016434730000]
 total_blobs=11032 nmethods=9995 adapters=947
 compilation: enabled
              stopped_count=0, restarted_count=0
 full_count=0

Compilation events (20 events):
Event: 9.819 Thread 0x000001644447f2a0 11522       3       org.jetbrains.kotlin.psi.KtVisitor::visitKtElement (15 bytes)
Event: 9.819 Thread 0x000001644447f2a0 nmethod 11522 0x000001642e073f90 code [0x000001642e074140, 0x000001642e074398]
Event: 9.819 Thread 0x000001644447f2a0 11520       3       org.jetbrains.kotlin.psi.KtVisitorVoid::visitKtElement (16 bytes)
Event: 9.820 Thread 0x000001644447f2a0 nmethod 11520 0x000001642e074490 code [0x000001642e074640, 0x000001642e074898]
Event: 9.820 Thread 0x000001644447f2a0 11521       3       org.jetbrains.kotlin.psi.KtVisitorVoid::visitKtElement (16 bytes)
Event: 9.820 Thread 0x000001644447f2a0 nmethod 11521 0x000001642e074990 code [0x000001642e074b60, 0x000001642e074e68]
Event: 9.820 Thread 0x000001644447f2a0 11518       3       org.jetbrains.kotlin.com.intellij.psi.impl.source.tree.LeafPsiElement::accept (15 bytes)
Event: 9.820 Thread 0x000001644447f2a0 nmethod 11518 0x000001642e074f90 code [0x000001642e075140, 0x000001642e075398]
Event: 9.820 Thread 0x000001644447f2a0 11517       3       org.jetbrains.kotlin.psi.KtElementImplStub::accept (34 bytes)
Event: 9.820 Thread 0x000001644447f2a0 nmethod 11517 0x000001642e075490 code [0x000001642e075680, 0x000001642e075be8]
Event: 9.847 Thread 0x000001644c934940 11523       4       java.net.URLClassLoader::getAndVerifyPackage (109 bytes)
Event: 9.847 Thread 0x000001644c932ae0 11524       4       java.lang.ClassLoader::checkCerts (121 bytes)
Event: 9.849 Thread 0x000001644c934940 nmethod 11523 0x0000016434cfa410 code [0x0000016434cfa5a0, 0x0000016434cfa718]
Event: 9.860 Thread 0x000001644c934940 11525       4       java.lang.ClassLoader::postDefineClass (39 bytes)
Event: 9.869 Thread 0x000001644c932ae0 nmethod 11524 0x0000016434cfa910 code [0x0000016434cfab40, 0x0000016434cfbb80]
Event: 9.875 Thread 0x000001644447f2a0 11526       3       kotlin.reflect.jvm.internal.KProperty1Impl::<init> (70 bytes)
Event: 9.876 Thread 0x000001644447f2a0 nmethod 11526 0x000001642e075d10 code [0x000001642e076080, 0x000001642e0774a8]
Event: 9.876 Thread 0x000001644447f2a0 11527       3       kotlin.reflect.jvm.internal.KProperty1Impl$_getter$1::<init> (11 bytes)
Event: 9.876 Thread 0x000001644447f2a0 nmethod 11527 0x000001642e077b90 code [0x000001642e077d40, 0x000001642e077f78]
Event: 9.879 Thread 0x000001644c934940 nmethod 11525 0x0000016434cfc510 code [0x0000016434cfc740, 0x0000016434cfd7b0]

GC Heap History (20 events):
Event: 7.202 GC heap before
{Heap before GC invocations=40 (full 0):
 garbage-first heap   total 206848K, used 168884K [0x0000000080000000, 0x0000000100000000)
  region size 1024K, 52 young (53248K), 4 survivors (4096K)
 Metaspace       used 94889K, committed 95680K, reserved 1138688K
  class space    used 13113K, committed 13504K, reserved 1048576K
}
Event: 7.211 GC heap after
{Heap after GC invocations=41 (full 0):
 garbage-first heap   total 206848K, used 127090K [0x0000000080000000, 0x0000000100000000)
  region size 1024K, 7 young (7168K), 7 survivors (7168K)
 Metaspace       used 94889K, committed 95680K, reserved 1138688K
  class space    used 13113K, committed 13504K, reserved 1048576K
}
Event: 7.326 GC heap before
{Heap before GC invocations=41 (full 0):
 garbage-first heap   total 206848K, used 167026K [0x0000000080000000, 0x0000000100000000)
  region size 1024K, 46 young (47104K), 7 survivors (7168K)
 Metaspace       used 94972K, committed 95744K, reserved 1138688K
  class space    used 13130K, committed 13504K, reserved 1048576K
}
Event: 7.334 GC heap after
{Heap after GC invocations=42 (full 0):
 garbage-first heap   total 206848K, used 139264K [0x0000000080000000, 0x0000000100000000)
  region size 1024K, 6 young (6144K), 6 survivors (6144K)
 Metaspace       used 94972K, committed 95744K, reserved 1138688K
  class space    used 13130K, committed 13504K, reserved 1048576K
}
Event: 7.545 GC heap before
{Heap before GC invocations=43 (full 0):
 garbage-first heap   total 239616K, used 167936K [0x0000000080000000, 0x0000000100000000)
  region size 1024K, 34 young (34816K), 6 survivors (6144K)
 Metaspace       used 98402K, committed 99136K, reserved 1138688K
  class space    used 13543K, committed 13888K, reserved 1048576K
}
Event: 7.548 GC heap after
{Heap after GC invocations=44 (full 0):
 garbage-first heap   total 239616K, used 141907K [0x0000000080000000, 0x0000000100000000)
  region size 1024K, 2 young (2048K), 2 survivors (2048K)
 Metaspace       used 98402K, committed 99136K, reserved 1138688K
  class space    used 13543K, committed 13888K, reserved 1048576K
}
Event: 7.612 GC heap before
{Heap before GC invocations=44 (full 0):
 garbage-first heap   total 239616K, used 158291K [0x0000000080000000, 0x0000000100000000)
  region size 1024K, 11 young (11264K), 2 survivors (2048K)
 Metaspace       used 99158K, committed 99968K, reserved 1138688K
  class space    used 13629K, committed 14016K, reserved 1048576K
}
Event: 7.614 GC heap after
{Heap after GC invocations=45 (full 0):
 garbage-first heap   total 239616K, used 149945K [0x0000000080000000, 0x0000000100000000)
  region size 1024K, 2 young (2048K), 2 survivors (2048K)
 Metaspace       used 99158K, committed 99968K, reserved 1138688K
  class space    used 13629K, committed 14016K, reserved 1048576K
}
Event: 7.862 GC heap before
{Heap before GC invocations=45 (full 0):
 garbage-first heap   total 239616K, used 193977K [0x0000000080000000, 0x0000000100000000)
  region size 1024K, 45 young (46080K), 2 survivors (2048K)
 Metaspace       used 102756K, committed 103488K, reserved 1138688K
  class space    used 13995K, committed 14336K, reserved 1048576K
}
Event: 7.865 GC heap after
{Heap after GC invocations=46 (full 0):
 garbage-first heap   total 239616K, used 154411K [0x0000000080000000, 0x0000000100000000)
  region size 1024K, 6 young (6144K), 6 survivors (6144K)
 Metaspace       used 102756K, committed 103488K, reserved 1138688K
  class space    used 13995K, committed 14336K, reserved 1048576K
}
Event: 8.226 GC heap before
{Heap before GC invocations=47 (full 0):
 garbage-first heap   total 271360K, used 196395K [0x0000000080000000, 0x0000000100000000)
  region size 1024K, 47 young (48128K), 6 survivors (6144K)
 Metaspace       used 107817K, committed 108544K, reserved 1146880K
  class space    used 14515K, committed 14848K, reserved 1048576K
}
Event: 8.229 GC heap after
{Heap after GC invocations=48 (full 0):
 garbage-first heap   total 271360K, used 156789K [0x0000000080000000, 0x0000000100000000)
  region size 1024K, 3 young (3072K), 3 survivors (3072K)
 Metaspace       used 107817K, committed 108544K, reserved 1146880K
  class space    used 14515K, committed 14848K, reserved 1048576K
}
Event: 8.326 GC heap before
{Heap before GC invocations=48 (full 0):
 garbage-first heap   total 271360K, used 166005K [0x0000000080000000, 0x0000000100000000)
  region size 1024K, 13 young (13312K), 3 survivors (3072K)
 Metaspace       used 109077K, committed 109824K, reserved 1146880K
  class space    used 14667K, committed 15040K, reserved 1048576K
}
Event: 8.327 GC heap after
{Heap after GC invocations=49 (full 0):
 garbage-first heap   total 271360K, used 156750K [0x0000000080000000, 0x0000000100000000)
  region size 1024K, 1 young (1024K), 1 survivors (1024K)
 Metaspace       used 109077K, committed 109824K, reserved 1146880K
  class space    used 14667K, committed 15040K, reserved 1048576K
}
Event: 8.711 GC heap before
{Heap before GC invocations=49 (full 0):
 garbage-first heap   total 271360K, used 219214K [0x0000000080000000, 0x0000000100000000)
  region size 1024K, 61 young (62464K), 1 survivors (1024K)
 Metaspace       used 113893K, committed 114624K, reserved 1155072K
  class space    used 15267K, committed 15616K, reserved 1048576K
}
Event: 8.713 GC heap after
{Heap after GC invocations=50 (full 0):
 garbage-first heap   total 271360K, used 159882K [0x0000000080000000, 0x0000000100000000)
  region size 1024K, 4 young (4096K), 4 survivors (4096K)
 Metaspace       used 113893K, committed 114624K, reserved 1155072K
  class space    used 15267K, committed 15616K, reserved 1048576K
}
Event: 9.111 GC heap before
{Heap before GC invocations=50 (full 0):
 garbage-first heap   total 271360K, used 220298K [0x0000000080000000, 0x0000000100000000)
  region size 1024K, 63 young (64512K), 4 survivors (4096K)
 Metaspace       used 115929K, committed 116608K, reserved 1155072K
  class space    used 15479K, committed 15808K, reserved 1048576K
}
Event: 9.115 GC heap after
{Heap after GC invocations=51 (full 0):
 garbage-first heap   total 271360K, used 165254K [0x0000000080000000, 0x0000000100000000)
  region size 1024K, 8 young (8192K), 8 survivors (8192K)
 Metaspace       used 115929K, committed 116608K, reserved 1155072K
  class space    used 15479K, committed 15808K, reserved 1048576K
}
Event: 9.767 GC heap before
{Heap before GC invocations=51 (full 0):
 garbage-first heap   total 271360K, used 223622K [0x0000000080000000, 0x0000000100000000)
  region size 1024K, 65 young (66560K), 8 survivors (8192K)
 Metaspace       used 120394K, committed 121088K, reserved 1155072K
  class space    used 15918K, committed 16256K, reserved 1048576K
}
Event: 9.772 GC heap after
{Heap after GC invocations=52 (full 0):
 garbage-first heap   total 271360K, used 170668K [0x0000000080000000, 0x0000000100000000)
  region size 1024K, 9 young (9216K), 9 survivors (9216K)
 Metaspace       used 120394K, committed 121088K, reserved 1155072K
  class space    used 15918K, committed 16256K, reserved 1048576K
}

Dll operation events (3 events):
Event: 0.005 Loaded shared library C:\Program Files\Android\Android Studio\jbr\bin\java.dll
Event: 0.089 Loaded shared library C:\Program Files\Android\Android Studio\jbr\bin\zip.dll
Event: 0.264 Loaded shared library C:\Program Files\Android\Android Studio\jbr\bin\verify.dll

Deoptimization events (20 events):
Event: 9.667 Thread 0x00000164454bae80 Uncommon trap: trap_request=0xffffffc6 fr.pc=0x0000016434c8694c relative=0x00000000000040ec
Event: 9.667 Thread 0x00000164454bae80 Uncommon trap: reason=bimorphic_or_optimized_type_check action=maybe_recompile pc=0x0000016434c8694c method=org.jetbrains.kotlin.serialization.deserialization.descriptors.DeserializedMemberScope.hasClass(Lorg/jetbrains/kotlin/name/Name;)Z @ 11 c2
Event: 9.667 Thread 0x00000164454bae80 DEOPT PACKING pc=0x0000016434c8694c sp=0x0000003eadaf1110
Event: 9.667 Thread 0x00000164454bae80 DEOPT UNPACKING pc=0x00000164341e69a3 sp=0x0000003eadaf10a0 mode 2
Event: 9.672 Thread 0x00000164454bae80 Uncommon trap: trap_request=0xffffffc6 fr.pc=0x0000016434cada5c relative=0x00000000000014bc
Event: 9.672 Thread 0x00000164454bae80 Uncommon trap: reason=bimorphic_or_optimized_type_check action=maybe_recompile pc=0x0000016434cada5c method=org.jetbrains.kotlin.serialization.deserialization.descriptors.DeserializedMemberScope.hasClass(Lorg/jetbrains/kotlin/name/Name;)Z @ 11 c2
Event: 9.672 Thread 0x00000164454bae80 DEOPT PACKING pc=0x0000016434cada5c sp=0x0000003eadaf1050
Event: 9.672 Thread 0x00000164454bae80 DEOPT UNPACKING pc=0x00000164341e69a3 sp=0x0000003eadaf1028 mode 2
Event: 9.811 Thread 0x00000164454bae80 Uncommon trap: trap_request=0xffffff45 fr.pc=0x0000016434cd24f4 relative=0x00000000000001b4
Event: 9.811 Thread 0x00000164454bae80 Uncommon trap: reason=unstable_if action=reinterpret pc=0x0000016434cd24f4 method=java.math.BigInteger.compareMagnitude(Ljava/math/BigInteger;)I @ 61 c2
Event: 9.811 Thread 0x00000164454bae80 DEOPT PACKING pc=0x0000016434cd24f4 sp=0x0000003eadaee100
Event: 9.811 Thread 0x00000164454bae80 DEOPT UNPACKING pc=0x00000164341e69a3 sp=0x0000003eadaedf90 mode 2
Event: 9.811 Thread 0x00000164454bae80 Uncommon trap: trap_request=0xffffffc6 fr.pc=0x0000016434c32c48 relative=0x0000000000001608
Event: 9.811 Thread 0x00000164454bae80 Uncommon trap: reason=bimorphic_or_optimized_type_check action=maybe_recompile pc=0x0000016434c32c48 method=java.util.concurrent.ConcurrentHashMap.putVal(Ljava/lang/Object;Ljava/lang/Object;Z)Ljava/lang/Object; @ 242 c2
Event: 9.811 Thread 0x00000164454bae80 DEOPT PACKING pc=0x0000016434c32c48 sp=0x0000003eadaee180
Event: 9.811 Thread 0x00000164454bae80 DEOPT UNPACKING pc=0x00000164341e69a3 sp=0x0000003eadaee110 mode 2
Event: 9.811 Thread 0x00000164454bae80 Uncommon trap: trap_request=0xffffffc6 fr.pc=0x0000016434c32c48 relative=0x0000000000001608
Event: 9.811 Thread 0x00000164454bae80 Uncommon trap: reason=bimorphic_or_optimized_type_check action=maybe_recompile pc=0x0000016434c32c48 method=java.util.concurrent.ConcurrentHashMap.putVal(Ljava/lang/Object;Ljava/lang/Object;Z)Ljava/lang/Object; @ 242 c2
Event: 9.811 Thread 0x00000164454bae80 DEOPT PACKING pc=0x0000016434c32c48 sp=0x0000003eadaee180
Event: 9.811 Thread 0x00000164454bae80 DEOPT UNPACKING pc=0x00000164341e69a3 sp=0x0000003eadaee110 mode 2

Classes unloaded (0 events):
No events

Classes redefined (0 events):
No events

Internal exceptions (20 events):
Event: 6.498 Thread 0x00000164454bae80 Exception <a 'sun/nio/fs/WindowsException'{0x000000008a486068}> (0x000000008a486068) 
thrown [s\src\hotspot\share\prims\jni.cpp, line 517]
Event: 6.498 Thread 0x00000164454bae80 Exception <a 'sun/nio/fs/WindowsException'{0x000000008a487e20}> (0x000000008a487e20) 
thrown [s\src\hotspot\share\prims\jni.cpp, line 517]
Event: 6.533 Thread 0x00000164454bae80 Exception <a 'java/lang/NoSuchMethodError'{0x0000000089e18828}: 'java.lang.Object java.lang.invoke.DirectMethodHandle$Holder.invokeStaticInit(java.lang.Object, int)'> (0x0000000089e18828) 
thrown [s\src\hotspot\share\interpreter\linkResolver.cpp, line 771]
Event: 6.549 Thread 0x00000164454bae80 Exception <a 'java/lang/NoSuchMethodError'{0x0000000089c5e528}: 'long java.lang.invoke.DirectMethodHandle$Holder.invokeStatic(java.lang.Object)'> (0x0000000089c5e528) 
thrown [s\src\hotspot\share\interpreter\linkResolver.cpp, line 771]
Event: 6.549 Thread 0x00000164454bae80 Exception <a 'java/lang/NoSuchMethodError'{0x0000000089c63370}: 'long java.lang.invoke.DirectMethodHandle$Holder.invokeStaticInit(java.lang.Object)'> (0x0000000089c63370) 
thrown [s\src\hotspot\share\interpreter\linkResolver.cpp, line 771]
Event: 6.586 Thread 0x00000164454bae80 Exception <a 'java/lang/NoSuchMethodError'{0x000000008965f578}: 'long java.lang.invoke.Invokers$Holder.invoke_MT(java.lang.Object, java.lang.Object, java.lang.Object, java.lang.Object)'> (0x000000008965f578) 
thrown [s\src\hotspot\share\interpreter\linkResolver.cpp, line 771]
Event: 6.586 Thread 0x00000164454bae80 Exception <a 'java/lang/NoSuchMethodError'{0x0000000089668b20}: 'int java.lang.invoke.Invokers$Holder.invoke_MT(java.lang.Object, java.lang.Object, java.lang.Object, java.lang.Object)'> (0x0000000089668b20) 
thrown [s\src\hotspot\share\interpreter\linkResolver.cpp, line 771]
Event: 6.587 Thread 0x00000164454bae80 Exception <a 'java/lang/NoSuchMethodError'{0x0000000089679508}: 'void java.lang.invoke.DelegatingMethodHandle$Holder.reinvoke_L(java.lang.Object, java.lang.Object, java.lang.Object, long, java.lang.Object)'> (0x0000000089679508) 
thrown [s\src\hotspot\share\interpreter\linkResolver.cpp, line 771]
Event: 6.588 Thread 0x00000164454bae80 Exception <a 'java/lang/NoSuchMethodError'{0x0000000089681fc0}: 'java.lang.Object java.lang.invoke.DirectMethodHandle$Holder.invokeSpecial(java.lang.Object, java.lang.Object, java.lang.Object, java.lang.Object, long)'> (0x0000000089681fc0) 
thrown [s\src\hotspot\share\interpreter\linkResolver.cpp, line 771]
Event: 6.589 Thread 0x00000164454bae80 Exception <a 'java/lang/NoSuchMethodError'{0x0000000089692bd0}: 'int java.lang.invoke.DelegatingMethodHandle$Holder.reinvoke_L(java.lang.Object, java.lang.Object, java.lang.Object, long, java.lang.Object, java.lang.Object)'> (0x0000000089692bd0) 
thrown [s\src\hotspot\share\interpreter\linkResolver.cpp, line 771]
Event: 6.589 Thread 0x00000164454bae80 Exception <a 'java/lang/NoSuchMethodError'{0x00000000896a2d98}: 'int java.lang.invoke.DelegatingMethodHandle$Holder.reinvoke_L(java.lang.Object, java.lang.Object, java.lang.Object, long, int, int)'> (0x00000000896a2d98) 
thrown [s\src\hotspot\share\interpreter\linkResolver.cpp, line 771]
Event: 6.590 Thread 0x00000164454bae80 Exception <a 'java/lang/NoSuchMethodError'{0x00000000896b2d08}: 'int java.lang.invoke.DelegatingMethodHandle$Holder.reinvoke_L(java.lang.Object, java.lang.Object, java.lang.Object, long, long, long)'> (0x00000000896b2d08) 
thrown [s\src\hotspot\share\interpreter\linkResolver.cpp, line 771]
Event: 6.590 Thread 0x00000164454bae80 Exception <a 'java/lang/NoSuchMethodError'{0x00000000896c2960}: 'int java.lang.invoke.DelegatingMethodHandle$Holder.reinvoke_L(java.lang.Object, java.lang.Object, java.lang.Object, long, int)'> (0x00000000896c2960) 
thrown [s\src\hotspot\share\interpreter\linkResolver.cpp, line 771]
Event: 7.013 Thread 0x00000164454bae80 Exception <a 'java/lang/NoSuchMethodError'{0x000000008bdc8650}: 'java.lang.Object java.lang.invoke.Invokers$Holder.invokeExact_MT(java.lang.Object, java.lang.Object, long, java.lang.Object)'> (0x000000008bdc8650) 
thrown [s\src\hotspot\share\interpreter\linkResolver.cpp, line 771]
Event: 7.035 Thread 0x00000164454bae80 Exception <a 'java/lang/NoSuchMethodError'{0x000000008ba42130}: 'java.lang.Object java.lang.invoke.Invokers$Holder.invoke_MT(java.lang.Object, java.lang.Object, java.lang.Object)'> (0x000000008ba42130) 
thrown [s\src\hotspot\share\interpreter\linkResolver.cpp, line 771]
Event: 7.177 Thread 0x00000164454bae80 Implicit null exception at 0x0000016434ba5f89 to 0x0000016434ba8038
Event: 8.499 Thread 0x00000164454bae80 Exception <a 'java/lang/NoSuchMethodError'{0x000000008f2945c8}: 'java.lang.Object java.lang.invoke.DirectMethodHandle$Holder.invokeStatic(java.lang.Object, java.lang.Object, java.lang.Object, java.lang.Object, int)'> (0x000000008f2945c8) 
thrown [s\src\hotspot\share\interpreter\linkResolver.cpp, line 771]
Event: 9.300 Thread 0x00000164454bae80 Exception <a 'java/lang/IncompatibleClassChangeError'{0x000000008eff1b50}: Found class java.lang.Object, but interface was expected> (0x000000008eff1b50) 
thrown [s\src\hotspot\share\interpreter\linkResolver.cpp, line 838]
Event: 9.309 Thread 0x00000164454bae80 Exception <a 'java/lang/NoSuchMethodError'{0x000000008ee835c8}: 'int java.lang.invoke.DirectMethodHandle$Holder.invokeStaticInit(java.lang.Object, int)'> (0x000000008ee835c8) 
thrown [s\src\hotspot\share\interpreter\linkResolver.cpp, line 771]
Event: 9.432 Thread 0x00000164454bae80 Exception <a 'java/lang/NoSuchMethodError'{0x000000008e36b710}: 'int java.lang.invoke.DirectMethodHandle$Holder.invokeSpecial(java.lang.Object, java.lang.Object, int, int)'> (0x000000008e36b710) 
thrown [s\src\hotspot\share\interpreter\linkResolver.cpp, line 771]

VM Operations (20 events):
Event: 9.499 Executing VM operation: HandshakeAllThreads
Event: 9.499 Executing VM operation: HandshakeAllThreads done
Event: 9.560 Executing VM operation: HandshakeAllThreads
Event: 9.560 Executing VM operation: HandshakeAllThreads done
Event: 9.603 Executing VM operation: ICBufferFull
Event: 9.603 Executing VM operation: ICBufferFull done
Event: 9.619 Executing VM operation: HandshakeAllThreads
Event: 9.619 Executing VM operation: HandshakeAllThreads done
Event: 9.648 Executing VM operation: HandshakeAllThreads
Event: 9.648 Executing VM operation: HandshakeAllThreads done
Event: 9.649 Executing VM operation: ICBufferFull
Event: 9.649 Executing VM operation: ICBufferFull done
Event: 9.716 Executing VM operation: ICBufferFull
Event: 9.716 Executing VM operation: ICBufferFull done
Event: 9.767 Executing VM operation: G1CollectForAllocation
Event: 9.772 Executing VM operation: G1CollectForAllocation done
Event: 9.811 Executing VM operation: G1Concurrent
Event: 9.815 Executing VM operation: G1Concurrent done
Event: 9.833 Executing VM operation: G1Concurrent
Event: 9.834 Executing VM operation: G1Concurrent done

Events (20 events):
Event: 8.206 Thread 0x0000016444486ed0 flushing nmethod 0x000001642dae4b10
Event: 8.206 Thread 0x0000016444486ed0 flushing nmethod 0x000001642dae4f90
Event: 8.206 Thread 0x0000016444486ed0 flushing nmethod 0x000001642db80010
Event: 8.206 Thread 0x0000016444486ed0 flushing nmethod 0x000001642dbdc890
Event: 8.269 loading class java/text/StringCharacterIterator
Event: 8.269 loading class java/text/StringCharacterIterator done
Event: 8.291 loading class java/io/NotSerializableException
Event: 8.291 loading class java/io/NotSerializableException done
Event: 8.337 loading class java/util/AbstractList$ListItr
Event: 8.337 loading class java/util/AbstractList$ListItr done
Event: 8.462 loading class java/util/function/IntUnaryOperator
Event: 8.462 loading class java/util/function/IntUnaryOperator done
Event: 8.487 loading class java/util/AbstractList$SubList
Event: 8.487 loading class java/util/AbstractList$SubList done
Event: 8.487 loading class java/util/AbstractList$SubList$1
Event: 8.487 loading class java/util/AbstractList$SubList$1 done
Event: 9.166 loading class java/util/AbstractList$RandomAccessSubList
Event: 9.166 loading class java/util/AbstractList$RandomAccessSubList done
Event: 9.622 Thread 0x0000016444486ed0 flushing nmethod 0x000001642ce16910
Event: 9.630 Thread 0x0000016444486ed0 flushing nmethod 0x000001642da96b10


Dynamic libraries:
0x00007ff68b030000 - 0x00007ff68b03a000 	C:\Program Files\Android\Android Studio\jbr\bin\java.exe
0x00007ffef7170000 - 0x00007ffef7387000 	C:\WINDOWS\SYSTEM32\ntdll.dll
0x00007ffef5f20000 - 0x00007ffef5fe4000 	C:\WINDOWS\System32\KERNEL32.DLL
0x00007ffef4a30000 - 0x00007ffef4dd6000 	C:\WINDOWS\System32\KERNELBASE.dll
0x00007ffef4570000 - 0x00007ffef4681000 	C:\WINDOWS\System32\ucrtbase.dll
0x00007ffeeb520000 - 0x00007ffeeb53b000 	C:\Program Files\Android\Android Studio\jbr\bin\VCRUNTIME140.dll
0x00007ffee0e50000 - 0x00007ffee0e67000 	C:\Program Files\Android\Android Studio\jbr\bin\jli.dll
0x00007ffef52d0000 - 0x00007ffef547d000 	C:\WINDOWS\System32\USER32.dll
0x00007ffef4ea0000 - 0x00007ffef4ec6000 	C:\WINDOWS\System32\win32u.dll
0x00007ffeda580000 - 0x00007ffeda813000 	C:\WINDOWS\WinSxS\amd64_microsoft.windows.common-controls_6595b64144ccf1df_6.0.22621.2361_none_2712ced57382f843\COMCTL32.dll
0x00007ffef6b60000 - 0x00007ffef6b89000 	C:\WINDOWS\System32\GDI32.dll
0x00007ffef6d30000 - 0x00007ffef6dd7000 	C:\WINDOWS\System32\msvcrt.dll
0x00007ffef4800000 - 0x00007ffef4918000 	C:\WINDOWS\System32\gdi32full.dll
0x00007ffef4990000 - 0x00007ffef4a2a000 	C:\WINDOWS\System32\msvcp_win.dll
0x00007ffef5ee0000 - 0x00007ffef5f11000 	C:\WINDOWS\System32\IMM32.DLL
0x00007ffeef8b0000 - 0x00007ffeef8bc000 	C:\Program Files\Android\Android Studio\jbr\bin\vcruntime140_1.dll
0x00007ffeeb490000 - 0x00007ffeeb51d000 	C:\Program Files\Android\Android Studio\jbr\bin\msvcp140.dll
0x00007ffe6f200000 - 0x00007ffe6fe6e000 	C:\Program Files\Android\Android Studio\jbr\bin\server\jvm.dll
0x00007ffef5ff0000 - 0x00007ffef60a0000 	C:\WINDOWS\System32\ADVAPI32.dll
0x00007ffef50b0000 - 0x00007ffef5156000 	C:\WINDOWS\System32\sechost.dll
0x00007ffef4f90000 - 0x00007ffef50a7000 	C:\WINDOWS\System32\RPCRT4.dll
0x00007ffef17b0000 - 0x00007ffef17b9000 	C:\WINDOWS\SYSTEM32\WSOCK32.dll
0x00007ffee4a80000 - 0x00007ffee4ab4000 	C:\WINDOWS\SYSTEM32\WINMM.dll
0x00007ffef6c90000 - 0x00007ffef6d01000 	C:\WINDOWS\System32\WS2_32.dll
0x00007ffeedf70000 - 0x00007ffeedf7a000 	C:\WINDOWS\SYSTEM32\VERSION.dll
0x00007ffef34d0000 - 0x00007ffef34e8000 	C:\WINDOWS\SYSTEM32\kernel.appcore.dll
0x00007ffef1800000 - 0x00007ffef180a000 	C:\Program Files\Android\Android Studio\jbr\bin\jimage.dll
0x00007ffee4770000 - 0x00007ffee499e000 	C:\WINDOWS\SYSTEM32\DBGHELP.DLL
0x00007ffef67d0000 - 0x00007ffef6b5a000 	C:\WINDOWS\System32\combase.dll
0x00007ffef7040000 - 0x00007ffef7117000 	C:\WINDOWS\System32\OLEAUT32.dll
0x00007ffee4b30000 - 0x00007ffee4b62000 	C:\WINDOWS\SYSTEM32\dbgcore.DLL
0x00007ffef44f0000 - 0x00007ffef456a000 	C:\WINDOWS\System32\bcryptPrimitives.dll
0x00007ffee3ac0000 - 0x00007ffee3ace000 	C:\Program Files\Android\Android Studio\jbr\bin\instrument.dll
0x00007ffeef870000 - 0x00007ffeef895000 	C:\Program Files\Android\Android Studio\jbr\bin\java.dll
0x00007ffee5830000 - 0x00007ffee5848000 	C:\Program Files\Android\Android Studio\jbr\bin\zip.dll
0x00007ffef5680000 - 0x00007ffef5ed8000 	C:\WINDOWS\System32\SHELL32.dll
0x00007ffef2450000 - 0x00007ffef2d42000 	C:\WINDOWS\SYSTEM32\windows.storage.dll
0x00007ffef2310000 - 0x00007ffef244e000 	C:\WINDOWS\SYSTEM32\wintypes.dll
0x00007ffef6b90000 - 0x00007ffef6c83000 	C:\WINDOWS\System32\SHCORE.dll
0x00007ffef4f30000 - 0x00007ffef4f8e000 	C:\WINDOWS\System32\shlwapi.dll
0x00007ffef4420000 - 0x00007ffef4446000 	C:\WINDOWS\SYSTEM32\profapi.dll
0x00007ffee3e80000 - 0x00007ffee3e99000 	C:\Program Files\Android\Android Studio\jbr\bin\net.dll
0x00007ffeed9a0000 - 0x00007ffeedad7000 	C:\WINDOWS\SYSTEM32\WINHTTP.dll
0x00007ffef39b0000 - 0x00007ffef3a19000 	C:\WINDOWS\system32\mswsock.dll
0x00007ffee3e60000 - 0x00007ffee3e76000 	C:\Program Files\Android\Android Studio\jbr\bin\nio.dll
0x00007ffef1780000 - 0x00007ffef1790000 	C:\Program Files\Android\Android Studio\jbr\bin\verify.dll
0x00007ffeeb310000 - 0x00007ffeeb337000 	C:\Users\matel\.gradle\native\c067742578af261105cb4f569cf0c3c89f3d7b1fecec35dd04571415982c5e48\windows-amd64\native-platform.dll
0x00007ffeeae30000 - 0x00007ffeeaf74000 	C:\Users\matel\.gradle\native\38dada09dfb8b06ba9b0570ebf7e218e3eb74d4ef43ca46872605cf95ebc2f47\windows-amd64\native-platform-file-events.dll
0x00007ffee58c0000 - 0x00007ffee58c9000 	C:\Program Files\Android\Android Studio\jbr\bin\management.dll
0x00007ffee3ad0000 - 0x00007ffee3adb000 	C:\Program Files\Android\Android Studio\jbr\bin\management_ext.dll
0x00007ffef7030000 - 0x00007ffef7038000 	C:\WINDOWS\System32\PSAPI.DLL
0x00007ffef3c00000 - 0x00007ffef3c1b000 	C:\WINDOWS\SYSTEM32\CRYPTSP.dll
0x00007ffef3490000 - 0x00007ffef34c5000 	C:\WINDOWS\system32\rsaenh.dll
0x00007ffef3aa0000 - 0x00007ffef3acc000 	C:\WINDOWS\SYSTEM32\USERENV.dll
0x00007ffef3da0000 - 0x00007ffef3dc8000 	C:\WINDOWS\SYSTEM32\bcrypt.dll
0x00007ffef3c20000 - 0x00007ffef3c2c000 	C:\WINDOWS\SYSTEM32\CRYPTBASE.dll
0x00007ffef2fb0000 - 0x00007ffef2fdd000 	C:\WINDOWS\SYSTEM32\IPHLPAPI.DLL
0x00007ffef60a0000 - 0x00007ffef60a9000 	C:\WINDOWS\System32\NSI.dll
0x00007ffeed7d0000 - 0x00007ffeed7e9000 	C:\WINDOWS\SYSTEM32\dhcpcsvc6.DLL
0x00007ffeed7b0000 - 0x00007ffeed7cf000 	C:\WINDOWS\SYSTEM32\dhcpcsvc.DLL
0x00007ffef3020000 - 0x00007ffef3119000 	C:\WINDOWS\SYSTEM32\DNSAPI.dll
0x00007ffecef30000 - 0x00007ffecef38000 	C:\WINDOWS\system32\wshunix.dll

dbghelp: loaded successfully - version: 4.0.5 - missing functions: none
symbol engine: initialized successfully - sym options: 0x614 - pdb path: .;C:\Program Files\Android\Android Studio\jbr\bin;C:\WINDOWS\SYSTEM32;C:\WINDOWS\WinSxS\amd64_microsoft.windows.common-controls_6595b64144ccf1df_6.0.22621.2361_none_2712ced57382f843;C:\Program Files\Android\Android Studio\jbr\bin\server;C:\Users\matel\.gradle\native\c067742578af261105cb4f569cf0c3c89f3d7b1fecec35dd04571415982c5e48\windows-amd64;C:\Users\matel\.gradle\native\38dada09dfb8b06ba9b0570ebf7e218e3eb74d4ef43ca46872605cf95ebc2f47\windows-amd64

VM Arguments:
jvm_args: --add-opens=java.base/java.util=ALL-UNNAMED --add-opens=java.base/java.lang=ALL-UNNAMED --add-opens=java.base/java.lang.invoke=ALL-UNNAMED --add-opens=java.prefs/java.util.prefs=ALL-UNNAMED --add-opens=java.base/java.nio.charset=ALL-UNNAMED --add-opens=java.base/java.net=ALL-UNNAMED --add-opens=java.base/java.util.concurrent.atomic=ALL-UNNAMED -Xmx2048m -Dfile.encoding=UTF-8 -Duser.country=ES -Duser.language=es -Duser.variant -javaagent:C:\Users\matel\.gradle\wrapper\dists\gradle-8.4-bin\1w5dpkrfk8irigvoxmyhowfim\gradle-8.4\lib\agents\gradle-instrumentation-agent-8.4.jar 
java_command: org.gradle.launcher.daemon.bootstrap.GradleDaemon 8.4
java_class_path (initial): C:\Users\matel\.gradle\wrapper\dists\gradle-8.4-bin\1w5dpkrfk8irigvoxmyhowfim\gradle-8.4\lib\gradle-launcher-8.4.jar
Launcher Type: SUN_STANDARD

[Global flags]
     intx CICompilerCount                          = 4                                         {product} {ergonomic}
     uint ConcGCThreads                            = 3                                         {product} {ergonomic}
     uint G1ConcRefinementThreads                  = 10                                        {product} {ergonomic}
   size_t G1HeapRegionSize                         = 1048576                                   {product} {ergonomic}
    uintx GCDrainStackTargetSize                   = 64                                        {product} {ergonomic}
   size_t InitialHeapSize                          = 251658240                                 {product} {ergonomic}
   size_t MarkStackSize                            = 4194304                                   {product} {ergonomic}
   size_t MaxHeapSize                              = 2147483648                                {product} {command line}
   size_t MaxNewSize                               = 1287651328                                {product} {ergonomic}
   size_t MinHeapDeltaBytes                        = 1048576                                   {product} {ergonomic}
   size_t MinHeapSize                              = 8388608                                   {product} {ergonomic}
    uintx NonNMethodCodeHeapSize                   = 5839372                                {pd product} {ergonomic}
    uintx NonProfiledCodeHeapSize                  = 122909434                              {pd product} {ergonomic}
    uintx ProfiledCodeHeapSize                     = 122909434                              {pd product} {ergonomic}
    uintx ReservedCodeCacheSize                    = 251658240                              {pd product} {ergonomic}
     bool SegmentedCodeCache                       = true                                      {product} {ergonomic}
   size_t SoftMaxHeapSize                          = 2147483648                             {manageable} {ergonomic}
     bool UseCompressedClassPointers               = true                           {product lp64_product} {ergonomic}
     bool UseCompressedOops                        = true                           {product lp64_product} {ergonomic}
     bool UseG1GC                                  = true                                      {product} {ergonomic}
     bool UseLargePagesIndividualAllocation        = false                                  {pd product} {ergonomic}

Logging:
Log output configuration:
 #0: stdout all=warning uptime,level,tags
 #1: stderr all=off uptime,level,tags

Environment Variables:
PATH=C:\Program Files (x86)\VMware\VMware Player\bin\;C:\WINDOWS\system32;C:\WINDOWS;C:\WINDOWS\System32\Wbem;C:\WINDOWS\System32\WindowsPowerShell\v1.0\;C:\WINDOWS\System32\OpenSSH\;C:\Program Files\Microsoft VS Code\bin;C:\Users\matel\AppData\Local\Programs\Python\Python311;C:\Program Files (x86)\NVIDIA Corporation\PhysX\Common;C:\Program Files\NVIDIA Corporation\NVIDIA NvDLISR;C:\Program Files\Microsoft SQL Server\150\Tools\Binn\;C:\Program Files (x86)\Intel\Intel(R) Management Engine Components\DAL;C:\Program Files\Intel\Intel(R) Management Engine Components\DAL;C:\Program Files\Microsoft SQL Server\Client SDK\ODBC\170\Tools\Binn\;C:\Program Files\Docker\Docker\resources\bin;C:\Program Files (x86)\Microsoft SQL Server\160\Tools\Binn\;C:\Program Files\Microsoft SQL Server\160\Tools\Binn\;C:\Program Files\Microsoft SQL Server\160\DTS\Binn\;C:\Program Files (x86)\Microsoft SQL Server\160\DTS\Binn\;C:\Program Files\Azure Data Studio\bin;C:\Program Files\dotnet\;C:\Program Files\Git\cmd;C:\Users\matel\AppData\Local\Microsoft\WindowsApps;C:\Users\matel\.dotnet\tools;C:\Program Files\Azure Data Studio\bin;C:\Users\matel\AppData\Local\GitHubDesktop\bin
USERNAME=orion
OS=Windows_NT
PROCESSOR_IDENTIFIER=Intel64 Family 6 Model 158 Stepping 10, GenuineIntel
TMP=C:\Users\matel\AppData\Local\Temp
TEMP=C:\Users\matel\AppData\Local\Temp


JNI global refs:
JNI global refs: 27, weak refs: 0

JNI global refs memory usage: 843, weak refs: 841


---------------  S Y S T E M  ---------------

OS:
 Windows 11 , 64 bit Build 22621 (10.0.22621.2428)
OS uptime: 0 days 1:08 hours

CPU: total 12 (initial active 12) (6 cores per cpu, 2 threads per core) family 6 model 158 stepping 10 microcode 0xde, cx8, cmov, fxsr, ht, mmx, 3dnowpref, sse, sse2, sse3, ssse3, sse4.1, sse4.2, popcnt, lzcnt, tsc, tscinvbit, avx, avx2, aes, erms, clmul, bmi1, bmi2, rtm, adx, fma, vzeroupper, clflush, clflushopt

Memory: 4k page, system-wide physical 15289M (739M free)
TotalPageFile size 19385M (AvailPageFile size 5M)
current process WorkingSet (physical memory assigned to process): 580M, peak: 580M
current process commit charge ("private bytes"): 625M, peak: 625M

vm_info: OpenJDK 64-Bit Server VM (17.0.6+0-b2043.56-10027231) for windows-amd64 JRE (17.0.6+0-b2043.56-10027231), built on Apr 28 2023 00:43:19 by "androidbuild" with MS VC++ 16.10 / 16.11 (VS2019)

END.
