#
# There is insufficient memory for the Java Runtime Environment to continue.
# Native memory allocation (malloc) failed to allocate 1457120 bytes for Chunk::new
# Possible reasons:
#   The system is out of physical RAM or swap space
#   The process is running with CompressedOops enabled, and the Java Heap may be blocking the growth of the native heap
# Possible solutions:
#   Reduce memory load on the system
#   Increase physical memory or swap space
#   Check if swap backing store is full
#   Decrease Java heap size (-Xmx/-Xms)
#   Decrease number of Java threads
#   Decrease Java thread stack sizes (-Xss)
#   Set larger code cache with -XX:ReservedCodeCacheSize=
#   JVM is running with Unscaled Compressed Oops mode in which the Java heap is
#     placed in the first 4GB address space. The Java Heap base address is the
#     maximum limit for the native heap growth. Please use -XX:HeapBaseMinAddress
#     to set the Java Heap base and to place the Java Heap above 4GB virtual address.
# This output file may be truncated or incomplete.
#
#  Out of Memory Error (arena.cpp:189), pid=17116, tid=14556
#
# JRE version: OpenJDK Runtime Environment (17.0.6) (build 17.0.6+0-b2043.56-10027231)
# Java VM: OpenJDK 64-Bit Server VM (17.0.6+0-b2043.56-10027231, mixed mode, tiered, compressed oops, compressed class ptrs, g1 gc, windows-amd64)
# No core dump will be written. Minidumps are not enabled by default on client versions of Windows
#

---------------  S U M M A R Y ------------

Command Line: --add-opens=java.base/java.util=ALL-UNNAMED --add-opens=java.base/java.lang=ALL-UNNAMED --add-opens=java.base/java.lang.invoke=ALL-UNNAMED --add-opens=java.prefs/java.util.prefs=ALL-UNNAMED --add-opens=java.base/java.nio.charset=ALL-UNNAMED --add-opens=java.base/java.net=ALL-UNNAMED --add-opens=java.base/java.util.concurrent.atomic=ALL-UNNAMED -Xmx2048m -Dfile.encoding=UTF-8 -Duser.country=ES -Duser.language=es -Duser.variant -javaagent:C:\Users\matel\.gradle\wrapper\dists\gradle-8.4-bin\1w5dpkrfk8irigvoxmyhowfim\gradle-8.4\lib\agents\gradle-instrumentation-agent-8.4.jar org.gradle.launcher.daemon.bootstrap.GradleDaemon 8.4

Host: Intel(R) Core(TM) i7-8700K CPU @ 3.70GHz, 12 cores, 14G,  Windows 11 , 64 bit Build 22621 (10.0.22621.2428)
Time: Sat Oct 14 17:28:20 2023 Hora de verano GMT elapsed time: 9.019161 seconds (0d 0h 0m 9s)

---------------  T H R E A D  ---------------

Current thread (0x00000247178830a0):  JavaThread "C2 CompilerThread0" daemon [_thread_in_native, id=14556, stack(0x0000004b1fb00000,0x0000004b1fc00000)]


Current CompileTask:
C2:   9019 9390   !   4       org.jetbrains.kotlin.metadata.ProtoBuf$Type::<init> (875 bytes)

Stack: [0x0000004b1fb00000,0x0000004b1fc00000]
Native frames: (J=compiled Java code, j=interpreted, Vv=VM code, C=native code)
V  [jvm.dll+0x683c9a]
V  [jvm.dll+0x8427a4]
V  [jvm.dll+0x843f9e]
V  [jvm.dll+0x844603]
V  [jvm.dll+0x249b75]
V  [jvm.dll+0xabcac]
V  [jvm.dll+0xac27c]
V  [jvm.dll+0x368857]
V  [jvm.dll+0x332f31]
V  [jvm.dll+0x3323da]
V  [jvm.dll+0x21c201]
V  [jvm.dll+0x21b621]
V  [jvm.dll+0x1a4fdd]
V  [jvm.dll+0x22b098]
V  [jvm.dll+0x229159]
V  [jvm.dll+0x7f81ec]
V  [jvm.dll+0x7f274a]
V  [jvm.dll+0x682ad5]
C  [ucrtbase.dll+0x29363]
C  [KERNEL32.DLL+0x1257d]
C  [ntdll.dll+0x5aa78]


---------------  P R O C E S S  ---------------

Threads class SMR info:
_java_thread_list=0x000002471cbc4af0, length=62, elements={
0x000002477c9ead30, 0x0000024717852430, 0x0000024717853850, 0x000002471787e030,
0x000002471787e8f0, 0x00000247178811c0, 0x0000024717881b70, 0x00000247178830a0,
0x0000024717885b50, 0x0000024717886ce0, 0x00000247179b38a0, 0x0000024717aecad0,
0x00000247189f08b0, 0x000002471a03e060, 0x00000247193a3a60, 0x000002471aa5e300,
0x000002471a4af420, 0x0000024718c19830, 0x0000024718cab8c0, 0x000002471a966b00,
0x000002471a9657c0, 0x000002471a966630, 0x000002471a968cb0, 0x000002471a965c90,
0x000002471a969180, 0x000002471a966160, 0x000002471a967970, 0x000002471a966fd0,
0x000002471a967e40, 0x000002471a9674a0, 0x000002471a9687e0, 0x000002471a968310,
0x000002471b4d23c0, 0x000002471b4d06e0, 0x000002471b4cc380, 0x000002471b4d2890,
0x000002471b4ceed0, 0x000002471b4cdb90, 0x000002471b4cd6c0, 0x000002471b4d0bb0,
0x000002471b4d1080, 0x000002471b4d3230, 0x000002471b4d3700, 0x000002471b4d3bd0,
0x000002471b4d1550, 0x000002471b4ccd20, 0x000002471b4d1a20, 0x000002471b4cea00,
0x000002471b4cfd40, 0x000002471b4d0210, 0x000002471b4cf3a0, 0x000002471b4d1ef0,
0x000002471b4cf870, 0x000002471b4cd1f0, 0x000002471de376d0, 0x000002471de36d30,
0x000002471de39d50, 0x000002471de35520, 0x000002471de359f0, 0x000002471de36390,
0x0000024721060230, 0x000002472105dec0
}

Java Threads: ( => current thread )
  0x000002477c9ead30 JavaThread "main" [_thread_blocked, id=17340, stack(0x0000004b1ee00000,0x0000004b1ef00000)]
  0x0000024717852430 JavaThread "Reference Handler" daemon [_thread_blocked, id=14452, stack(0x0000004b1f500000,0x0000004b1f600000)]
  0x0000024717853850 JavaThread "Finalizer" daemon [_thread_blocked, id=11480, stack(0x0000004b1f600000,0x0000004b1f700000)]
  0x000002471787e030 JavaThread "Signal Dispatcher" daemon [_thread_blocked, id=11964, stack(0x0000004b1f700000,0x0000004b1f800000)]
  0x000002471787e8f0 JavaThread "Attach Listener" daemon [_thread_blocked, id=14552, stack(0x0000004b1f800000,0x0000004b1f900000)]
  0x00000247178811c0 JavaThread "Service Thread" daemon [_thread_blocked, id=15220, stack(0x0000004b1f900000,0x0000004b1fa00000)]
  0x0000024717881b70 JavaThread "Monitor Deflation Thread" daemon [_thread_blocked, id=13524, stack(0x0000004b1fa00000,0x0000004b1fb00000)]
=>0x00000247178830a0 JavaThread "C2 CompilerThread0" daemon [_thread_in_native, id=14556, stack(0x0000004b1fb00000,0x0000004b1fc00000)]
  0x0000024717885b50 JavaThread "C1 CompilerThread0" daemon [_thread_in_native, id=16196, stack(0x0000004b1fc00000,0x0000004b1fd00000)]
  0x0000024717886ce0 JavaThread "Sweeper thread" daemon [_thread_blocked, id=16596, stack(0x0000004b1fd00000,0x0000004b1fe00000)]
  0x00000247179b38a0 JavaThread "Common-Cleaner" daemon [_thread_blocked, id=7328, stack(0x0000004b1fe00000,0x0000004b1ff00000)]
  0x0000024717aecad0 JavaThread "Notification Thread" daemon [_thread_blocked, id=7420, stack(0x0000004b1ff00000,0x0000004b20000000)]
  0x00000247189f08b0 JavaThread "Daemon health stats" [_thread_blocked, id=17372, stack(0x0000004b20700000,0x0000004b20800000)]
  0x000002471a03e060 JavaThread "Incoming local TCP Connector on port 51387" [_thread_in_native, id=12000, stack(0x0000004b20800000,0x0000004b20900000)]
  0x00000247193a3a60 JavaThread "Daemon periodic checks" [_thread_blocked, id=11680, stack(0x0000004b20900000,0x0000004b20a00000)]
  0x000002471aa5e300 JavaThread "Daemon" [_thread_blocked, id=10104, stack(0x0000004b20a00000,0x0000004b20b00000)]
  0x000002471a4af420 JavaThread "Handler for socket connection from /127.0.0.1:51387 to /127.0.0.1:51388" [_thread_in_native, id=16472, stack(0x0000004b20b00000,0x0000004b20c00000)]
  0x0000024718c19830 JavaThread "Cancel handler" [_thread_blocked, id=13128, stack(0x0000004b20c00000,0x0000004b20d00000)]
  0x0000024718cab8c0 JavaThread "Daemon worker" [_thread_in_native, id=5696, stack(0x0000004b20d00000,0x0000004b20e00000)]
  0x000002471a966b00 JavaThread "Asynchronous log dispatcher for DefaultDaemonConnection: socket connection from /127.0.0.1:51387 to /127.0.0.1:51388" [_thread_blocked, id=13992, stack(0x0000004b20e00000,0x0000004b20f00000)]
  0x000002471a9657c0 JavaThread "Stdin handler" [_thread_blocked, id=3816, stack(0x0000004b20f00000,0x0000004b21000000)]
  0x000002471a966630 JavaThread "Daemon client event forwarder" [_thread_blocked, id=3788, stack(0x0000004b21000000,0x0000004b21100000)]
  0x000002471a968cb0 JavaThread "Cache worker for journal cache (C:\Users\matel\.gradle\caches\journal-1)" [_thread_blocked, id=14792, stack(0x0000004b21800000,0x0000004b21900000)]
  0x000002471a965c90 JavaThread "File lock request listener" [_thread_in_native, id=12692, stack(0x0000004b21900000,0x0000004b21a00000)]
  0x000002471a969180 JavaThread "Cache worker for file hash cache (C:\Users\matel\.gradle\caches\8.4\fileHashes)" [_thread_blocked, id=5064, stack(0x0000004b21a00000,0x0000004b21b00000)]
  0x000002471a966160 JavaThread "File watcher server" daemon [_thread_in_native, id=344, stack(0x0000004b21b00000,0x0000004b21c00000)]
  0x000002471a967970 JavaThread "File watcher consumer" daemon [_thread_blocked, id=16284, stack(0x0000004b21c00000,0x0000004b21d00000)]
  0x000002471a966fd0 JavaThread "jar transforms" [_thread_blocked, id=16128, stack(0x0000004b21d00000,0x0000004b21e00000)]
  0x000002471a967e40 JavaThread "jar transforms Thread 2" [_thread_blocked, id=440, stack(0x0000004b21e00000,0x0000004b21f00000)]
  0x000002471a9674a0 JavaThread "jar transforms Thread 3" [_thread_blocked, id=15236, stack(0x0000004b21f00000,0x0000004b22000000)]
  0x000002471a9687e0 JavaThread "jar transforms Thread 4" [_thread_blocked, id=3324, stack(0x0000004b22000000,0x0000004b22100000)]
  0x000002471a968310 JavaThread "jar transforms Thread 5" [_thread_blocked, id=15580, stack(0x0000004b22100000,0x0000004b22200000)]
  0x000002471b4d23c0 JavaThread "jar transforms Thread 6" [_thread_blocked, id=14220, stack(0x0000004b22200000,0x0000004b22300000)]
  0x000002471b4d06e0 JavaThread "jar transforms Thread 7" [_thread_blocked, id=13080, stack(0x0000004b22300000,0x0000004b22400000)]
  0x000002471b4cc380 JavaThread "jar transforms Thread 8" [_thread_blocked, id=15624, stack(0x0000004b22400000,0x0000004b22500000)]
  0x000002471b4d2890 JavaThread "jar transforms Thread 9" [_thread_blocked, id=5324, stack(0x0000004b22500000,0x0000004b22600000)]
  0x000002471b4ceed0 JavaThread "jar transforms Thread 10" [_thread_blocked, id=12508, stack(0x0000004b22600000,0x0000004b22700000)]
  0x000002471b4cdb90 JavaThread "jar transforms Thread 11" [_thread_blocked, id=10992, stack(0x0000004b22700000,0x0000004b22800000)]
  0x000002471b4cd6c0 JavaThread "jar transforms Thread 12" [_thread_blocked, id=8680, stack(0x0000004b22800000,0x0000004b22900000)]
  0x000002471b4d0bb0 JavaThread "Cache worker for checksums cache (C:\Projects\Android\SendImage\.gradle\8.4\checksums)" [_thread_blocked, id=2256, stack(0x0000004b22900000,0x0000004b22a00000)]
  0x000002471b4d1080 JavaThread "Cache worker for file hash cache (C:\Projects\Android\SendImage\.gradle\8.4\fileHashes)" [_thread_blocked, id=12460, stack(0x0000004b22a00000,0x0000004b22b00000)]
  0x000002471b4d3230 JavaThread "Cache worker for cache directory md-supplier (C:\Users\matel\.gradle\caches\8.4\md-supplier)" [_thread_blocked, id=15936, stack(0x0000004b22b00000,0x0000004b22c00000)]
  0x000002471b4d3700 JavaThread "Cache worker for file content cache (C:\Users\matel\.gradle\caches\8.4\fileContent)" [_thread_blocked, id=15248, stack(0x0000004b22c00000,0x0000004b22d00000)]
  0x000002471b4d3bd0 JavaThread "Cache worker for cache directory md-rule (C:\Users\matel\.gradle\caches\8.4\md-rule)" [_thread_blocked, id=13696, stack(0x0000004b22d00000,0x0000004b22e00000)]
  0x000002471b4d1550 JavaThread "Cache worker for execution history cache (C:\Users\matel\.gradle\caches\8.4\executionHistory)" [_thread_blocked, id=11396, stack(0x0000004b22e00000,0x0000004b22f00000)]
  0x000002471b4ccd20 JavaThread "Cache worker for kotlin-dsl (C:\Users\matel\.gradle\caches\8.4\kotlin-dsl)" [_thread_blocked, id=5068, stack(0x0000004b22f00000,0x0000004b23000000)]
  0x000002471b4d1a20 JavaThread "Cache worker for dependencies-accessors (C:\Projects\Android\SendImage\.gradle\8.4\dependencies-accessors)" [_thread_blocked, id=17256, stack(0x0000004b23000000,0x0000004b23100000)]
  0x000002471b4cea00 JavaThread "Cache worker for Build Output Cleanup Cache (C:\Projects\Android\SendImage\.gradle\buildOutputCleanup)" [_thread_blocked, id=15892, stack(0x0000004b23100000,0x0000004b23200000)]
  0x000002471b4cfd40 JavaThread "Unconstrained build operations" [_thread_blocked, id=13668, stack(0x0000004b23200000,0x0000004b23300000)]
  0x000002471b4d0210 JavaThread "Unconstrained build operations Thread 2" [_thread_blocked, id=6568, stack(0x0000004b23300000,0x0000004b23400000)]
  0x000002471b4cf3a0 JavaThread "Unconstrained build operations Thread 3" [_thread_blocked, id=10312, stack(0x0000004b23400000,0x0000004b23500000)]
  0x000002471b4d1ef0 JavaThread "Unconstrained build operations Thread 4" [_thread_blocked, id=5612, stack(0x0000004b23500000,0x0000004b23600000)]
  0x000002471b4cf870 JavaThread "Unconstrained build operations Thread 5" [_thread_blocked, id=2108, stack(0x0000004b23600000,0x0000004b23700000)]
  0x000002471b4cd1f0 JavaThread "Unconstrained build operations Thread 6" [_thread_blocked, id=10920, stack(0x0000004b23700000,0x0000004b23800000)]
  0x000002471de376d0 JavaThread "Unconstrained build operations Thread 7" [_thread_blocked, id=7632, stack(0x0000004b23800000,0x0000004b23900000)]
  0x000002471de36d30 JavaThread "Unconstrained build operations Thread 8" [_thread_blocked, id=4288, stack(0x0000004b23900000,0x0000004b23a00000)]
  0x000002471de39d50 JavaThread "Unconstrained build operations Thread 9" [_thread_blocked, id=15856, stack(0x0000004b23a00000,0x0000004b23b00000)]
  0x000002471de35520 JavaThread "Unconstrained build operations Thread 10" [_thread_blocked, id=12468, stack(0x0000004b23b00000,0x0000004b23c00000)]
  0x000002471de359f0 JavaThread "Unconstrained build operations Thread 11" [_thread_blocked, id=14588, stack(0x0000004b23c00000,0x0000004b23d00000)]
  0x000002471de36390 JavaThread "Memory manager" [_thread_blocked, id=9464, stack(0x0000004b23d00000,0x0000004b23e00000)]
  0x0000024721060230 JavaThread "C2 CompilerThread1" daemon [_thread_in_native, id=16672, stack(0x0000004b20100000,0x0000004b20200000)]
  0x000002472105dec0 JavaThread "C2 CompilerThread2" daemon [_thread_in_native, id=17012, stack(0x0000004b20200000,0x0000004b20300000)]

Other Threads:
  0x0000024716ceec20 VMThread "VM Thread" [stack: 0x0000004b1f400000,0x0000004b1f500000] [id=13288]
  0x000002477c9ebba0 WatcherThread [stack: 0x0000004b20000000,0x0000004b20100000] [id=15704]
  0x000002477ca45f70 GCTaskThread "GC Thread#0" [stack: 0x0000004b1ef00000,0x0000004b1f000000] [id=17348]
  0x00000247186909f0 GCTaskThread "GC Thread#1" [stack: 0x0000004b20300000,0x0000004b20400000] [id=13764]
  0x0000024718809100 GCTaskThread "GC Thread#2" [stack: 0x0000004b20400000,0x0000004b20500000] [id=14192]
  0x00000247188093b0 GCTaskThread "GC Thread#3" [stack: 0x0000004b20500000,0x0000004b20600000] [id=15448]
  0x0000024718809660 GCTaskThread "GC Thread#4" [stack: 0x0000004b20600000,0x0000004b20700000] [id=17332]
  0x000002471a25caf0 GCTaskThread "GC Thread#5" [stack: 0x0000004b21100000,0x0000004b21200000] [id=2304]
  0x000002471a25d5b0 GCTaskThread "GC Thread#6" [stack: 0x0000004b21200000,0x0000004b21300000] [id=6552]
  0x000002471a25cda0 GCTaskThread "GC Thread#7" [stack: 0x0000004b21300000,0x0000004b21400000] [id=3020]
  0x000002471a25c590 GCTaskThread "GC Thread#8" [stack: 0x0000004b21400000,0x0000004b21500000] [id=10172]
  0x000002471a25c840 GCTaskThread "GC Thread#9" [stack: 0x0000004b21500000,0x0000004b21600000] [id=17096]
  0x000002477ca57ec0 ConcurrentGCThread "G1 Main Marker" [stack: 0x0000004b1f000000,0x0000004b1f100000] [id=17320]
  0x000002477ca588d0 ConcurrentGCThread "G1 Conc#0" [stack: 0x0000004b1f100000,0x0000004b1f200000] [id=14408]
  0x000002471a25c2e0 ConcurrentGCThread "G1 Conc#1" [stack: 0x0000004b21600000,0x0000004b21700000] [id=17156]
  0x000002471a25d860 ConcurrentGCThread "G1 Conc#2" [stack: 0x0000004b21700000,0x0000004b21800000] [id=13740]
  0x000002477caaece0 ConcurrentGCThread "G1 Refine#0" [stack: 0x0000004b1f200000,0x0000004b1f300000] [id=16020]
  0x0000024716b6d0f0 ConcurrentGCThread "G1 Service" [stack: 0x0000004b1f300000,0x0000004b1f400000] [id=9612]

Threads with active compile tasks:
C2 CompilerThread0     9034 9390   !   4       org.jetbrains.kotlin.metadata.ProtoBuf$Type::<init> (875 bytes)
C1 CompilerThread0     9034 9533       3       org.jetbrains.org.objectweb.asm.Type::getReturnTypeOffset (64 bytes)
C2 CompilerThread1     9034 9465       4       org.jetbrains.kotlin.protobuf.GeneratedMessageLite$ExtendableMessage::newExtensionWriter (11 bytes)
C2 CompilerThread2     9034 9427       4       org.jetbrains.kotlin.metadata.ProtoBuf$Type::isInitialized (145 bytes)

VM state: not at safepoint (normal execution)

VM Mutex/Monitor currently owned by a thread: None

Heap address: 0x0000000080000000, size: 2048 MB, Compressed Oops mode: 32-bit

CDS archive(s) not mapped
Compressed class space mapped at: 0x0000000100000000-0x0000000140000000, reserved size: 1073741824
Narrow klass base: 0x0000000000000000, Narrow klass shift: 3, Narrow klass range: 0x140000000

GC Precious Log:
 CPUs: 12 total, 12 available
 Memory: 15289M
 Large Page Support: Disabled
 NUMA Support: Disabled
 Compressed Oops: Enabled (32-bit)
 Heap Region Size: 1M
 Heap Min Capacity: 8M
 Heap Initial Capacity: 240M
 Heap Max Capacity: 2G
 Pre-touch: Disabled
 Parallel Workers: 10
 Concurrent Workers: 3
 Concurrent Refinement Workers: 10
 Periodic GC: Disabled

Heap:
 garbage-first heap   total 318464K, used 187408K [0x0000000080000000, 0x0000000100000000)
  region size 1024K, 31 young (31744K), 3 survivors (3072K)
 Metaspace       used 113831K, committed 114560K, reserved 1155072K
  class space    used 15270K, committed 15616K, reserved 1048576K

Heap Regions: E=young(eden), S=young(survivor), O=old, HS=humongous(starts), HC=humongous(continues), CS=collection set, F=free, OA=open archive, CA=closed archive, TAMS=top-at-mark-start (previous, next)
|   0|0x0000000080000000, 0x0000000080100000, 0x0000000080100000|100%|HS|  |TAMS 0x0000000080100000, 0x0000000080000000| Complete 
|   1|0x0000000080100000, 0x0000000080200000, 0x0000000080200000|100%|HC|  |TAMS 0x0000000080200000, 0x0000000080100000| Complete 
|   2|0x0000000080200000, 0x0000000080300000, 0x0000000080300000|100%|HC|  |TAMS 0x0000000080300000, 0x0000000080200000| Complete 
|   3|0x0000000080300000, 0x0000000080400000, 0x0000000080400000|100%|HC|  |TAMS 0x0000000080400000, 0x0000000080300000| Complete 
|   4|0x0000000080400000, 0x0000000080500000, 0x0000000080500000|100%| O|  |TAMS 0x0000000080500000, 0x0000000080400000| Untracked 
|   5|0x0000000080500000, 0x0000000080600000, 0x0000000080600000|100%| O|  |TAMS 0x0000000080600000, 0x0000000080500000| Untracked 
|   6|0x0000000080600000, 0x0000000080700000, 0x0000000080700000|100%| O|  |TAMS 0x0000000080700000, 0x0000000080600000| Untracked 
|   7|0x0000000080700000, 0x0000000080800000, 0x0000000080800000|100%| O|  |TAMS 0x0000000080800000, 0x0000000080700000| Untracked 
|   8|0x0000000080800000, 0x0000000080900000, 0x0000000080900000|100%| O|  |TAMS 0x0000000080900000, 0x0000000080800000| Untracked 
|   9|0x0000000080900000, 0x0000000080a00000, 0x0000000080a00000|100%| O|  |TAMS 0x0000000080a00000, 0x0000000080900000| Untracked 
|  10|0x0000000080a00000, 0x0000000080b00000, 0x0000000080b00000|100%| O|  |TAMS 0x0000000080b00000, 0x0000000080a00000| Untracked 
|  11|0x0000000080b00000, 0x0000000080c00000, 0x0000000080c00000|100%| O|  |TAMS 0x0000000080c00000, 0x0000000080b00000| Untracked 
|  12|0x0000000080c00000, 0x0000000080d00000, 0x0000000080d00000|100%| O|  |TAMS 0x0000000080d00000, 0x0000000080c00000| Untracked 
|  13|0x0000000080d00000, 0x0000000080e00000, 0x0000000080e00000|100%| O|  |TAMS 0x0000000080e00000, 0x0000000080d00000| Untracked 
|  14|0x0000000080e00000, 0x0000000080f00000, 0x0000000080f00000|100%| O|  |TAMS 0x0000000080f00000, 0x0000000080e00000| Untracked 
|  15|0x0000000080f00000, 0x0000000081000000, 0x0000000081000000|100%|HS|  |TAMS 0x0000000080f00000, 0x0000000080f00000| Complete 
|  16|0x0000000081000000, 0x0000000081100000, 0x0000000081100000|100%| O|  |TAMS 0x0000000081100000, 0x0000000081000000| Untracked 
|  17|0x0000000081100000, 0x0000000081200000, 0x0000000081200000|100%| O|  |TAMS 0x0000000081200000, 0x0000000081100000| Untracked 
|  18|0x0000000081200000, 0x0000000081300000, 0x0000000081300000|100%| O|  |TAMS 0x0000000081300000, 0x0000000081200000| Untracked 
|  19|0x0000000081300000, 0x0000000081400000, 0x0000000081400000|100%|HS|  |TAMS 0x0000000081400000, 0x0000000081300000| Complete 
|  20|0x0000000081400000, 0x0000000081500000, 0x0000000081500000|100%|HC|  |TAMS 0x0000000081500000, 0x0000000081400000| Complete 
|  21|0x0000000081500000, 0x0000000081600000, 0x0000000081600000|100%|HS|  |TAMS 0x0000000081600000, 0x0000000081500000| Complete 
|  22|0x0000000081600000, 0x0000000081700000, 0x0000000081700000|100%|HC|  |TAMS 0x0000000081700000, 0x0000000081600000| Complete 
|  23|0x0000000081700000, 0x0000000081800000, 0x0000000081800000|100%|HC|  |TAMS 0x0000000081800000, 0x0000000081700000| Complete 
|  24|0x0000000081800000, 0x0000000081900000, 0x0000000081900000|100%|HS|  |TAMS 0x0000000081900000, 0x0000000081800000| Complete 
|  25|0x0000000081900000, 0x0000000081a00000, 0x0000000081a00000|100%|HC|  |TAMS 0x0000000081a00000, 0x0000000081900000| Complete 
|  26|0x0000000081a00000, 0x0000000081b00000, 0x0000000081b00000|100%|HC|  |TAMS 0x0000000081b00000, 0x0000000081a00000| Complete 
|  27|0x0000000081b00000, 0x0000000081c00000, 0x0000000081c00000|100%| O|  |TAMS 0x0000000081c00000, 0x0000000081b00000| Untracked 
|  28|0x0000000081c00000, 0x0000000081d00000, 0x0000000081d00000|100%| O|  |TAMS 0x0000000081d00000, 0x0000000081c00000| Untracked 
|  29|0x0000000081d00000, 0x0000000081e00000, 0x0000000081e00000|100%| O|  |TAMS 0x0000000081e00000, 0x0000000081d00000| Untracked 
|  30|0x0000000081e00000, 0x0000000081f00000, 0x0000000081f00000|100%|HS|  |TAMS 0x0000000081f00000, 0x0000000081e00000| Complete 
|  31|0x0000000081f00000, 0x0000000082000000, 0x0000000082000000|100%|HC|  |TAMS 0x0000000082000000, 0x0000000081f00000| Complete 
|  32|0x0000000082000000, 0x0000000082100000, 0x0000000082100000|100%|HC|  |TAMS 0x0000000082100000, 0x0000000082000000| Complete 
|  33|0x0000000082100000, 0x0000000082200000, 0x0000000082200000|100%|HC|  |TAMS 0x0000000082200000, 0x0000000082100000| Complete 
|  34|0x0000000082200000, 0x0000000082300000, 0x0000000082300000|100%|HC|  |TAMS 0x0000000082300000, 0x0000000082200000| Complete 
|  35|0x0000000082300000, 0x0000000082400000, 0x0000000082400000|100%|HC|  |TAMS 0x0000000082400000, 0x0000000082300000| Complete 
|  36|0x0000000082400000, 0x0000000082500000, 0x0000000082500000|100%|HC|  |TAMS 0x0000000082500000, 0x0000000082400000| Complete 
|  37|0x0000000082500000, 0x0000000082600000, 0x0000000082600000|100%|HC|  |TAMS 0x0000000082600000, 0x0000000082500000| Complete 
|  38|0x0000000082600000, 0x0000000082700000, 0x0000000082700000|100%|HC|  |TAMS 0x0000000082700000, 0x0000000082600000| Complete 
|  39|0x0000000082700000, 0x0000000082800000, 0x0000000082800000|100%|HC|  |TAMS 0x0000000082800000, 0x0000000082700000| Complete 
|  40|0x0000000082800000, 0x0000000082900000, 0x0000000082900000|100%|HC|  |TAMS 0x0000000082900000, 0x0000000082800000| Complete 
|  41|0x0000000082900000, 0x0000000082a00000, 0x0000000082a00000|100%|HC|  |TAMS 0x0000000082a00000, 0x0000000082900000| Complete 
|  42|0x0000000082a00000, 0x0000000082b00000, 0x0000000082b00000|100%| O|  |TAMS 0x0000000082b00000, 0x0000000082a00000| Untracked 
|  43|0x0000000082b00000, 0x0000000082c00000, 0x0000000082c00000|100%| O|  |TAMS 0x0000000082c00000, 0x0000000082b00000| Untracked 
|  44|0x0000000082c00000, 0x0000000082d00000, 0x0000000082d00000|100%| O|  |TAMS 0x0000000082d00000, 0x0000000082c00000| Untracked 
|  45|0x0000000082d00000, 0x0000000082e00000, 0x0000000082e00000|100%| O|  |TAMS 0x0000000082e00000, 0x0000000082d00000| Untracked 
|  46|0x0000000082e00000, 0x0000000082f00000, 0x0000000082f00000|100%|HS|  |TAMS 0x0000000082f00000, 0x0000000082e00000| Complete 
|  47|0x0000000082f00000, 0x0000000083000000, 0x0000000083000000|100%|HC|  |TAMS 0x0000000083000000, 0x0000000082f00000| Complete 
|  48|0x0000000083000000, 0x0000000083100000, 0x0000000083100000|100%| O|  |TAMS 0x0000000083100000, 0x0000000083000000| Untracked 
|  49|0x0000000083100000, 0x0000000083200000, 0x0000000083200000|100%| O|  |TAMS 0x0000000083200000, 0x0000000083100000| Untracked 
|  50|0x0000000083200000, 0x0000000083300000, 0x0000000083300000|100%|HS|  |TAMS 0x0000000083300000, 0x0000000083200000| Complete 
|  51|0x0000000083300000, 0x0000000083400000, 0x0000000083400000|100%| O|  |TAMS 0x0000000083400000, 0x0000000083300000| Untracked 
|  52|0x0000000083400000, 0x0000000083500000, 0x0000000083500000|100%| O|  |TAMS 0x0000000083500000, 0x0000000083400000| Untracked 
|  53|0x0000000083500000, 0x0000000083600000, 0x0000000083600000|100%| O|  |TAMS 0x0000000083600000, 0x0000000083500000| Untracked 
|  54|0x0000000083600000, 0x0000000083700000, 0x0000000083700000|100%| O|  |TAMS 0x0000000083700000, 0x0000000083600000| Untracked 
|  55|0x0000000083700000, 0x0000000083800000, 0x0000000083800000|100%| O|  |TAMS 0x0000000083800000, 0x0000000083700000| Untracked 
|  56|0x0000000083800000, 0x0000000083900000, 0x0000000083900000|100%| O|  |TAMS 0x0000000083900000, 0x0000000083800000| Untracked 
|  57|0x0000000083900000, 0x0000000083a00000, 0x0000000083a00000|100%|HS|  |TAMS 0x0000000083a00000, 0x0000000083900000| Complete 
|  58|0x0000000083a00000, 0x0000000083b00000, 0x0000000083b00000|100%|HC|  |TAMS 0x0000000083b00000, 0x0000000083a00000| Complete 
|  59|0x0000000083b00000, 0x0000000083c00000, 0x0000000083c00000|100%|HC|  |TAMS 0x0000000083c00000, 0x0000000083b00000| Complete 
|  60|0x0000000083c00000, 0x0000000083d00000, 0x0000000083d00000|100%| O|  |TAMS 0x0000000083d00000, 0x0000000083c00000| Untracked 
|  61|0x0000000083d00000, 0x0000000083e00000, 0x0000000083e00000|100%| O|  |TAMS 0x0000000083e00000, 0x0000000083d00000| Untracked 
|  62|0x0000000083e00000, 0x0000000083f00000, 0x0000000083f00000|100%| O|  |TAMS 0x0000000083f00000, 0x0000000083e00000| Untracked 
|  63|0x0000000083f00000, 0x0000000084000000, 0x0000000084000000|100%| O|  |TAMS 0x0000000084000000, 0x0000000083f00000| Untracked 
|  64|0x0000000084000000, 0x0000000084100000, 0x0000000084100000|100%| O|  |TAMS 0x0000000084100000, 0x0000000084000000| Untracked 
|  65|0x0000000084100000, 0x0000000084200000, 0x0000000084200000|100%| O|  |TAMS 0x0000000084200000, 0x0000000084100000| Untracked 
|  66|0x0000000084200000, 0x0000000084300000, 0x0000000084300000|100%| O|  |TAMS 0x0000000084300000, 0x0000000084200000| Untracked 
|  67|0x0000000084300000, 0x0000000084400000, 0x0000000084400000|100%| O|  |TAMS 0x0000000084400000, 0x0000000084300000| Untracked 
|  68|0x0000000084400000, 0x0000000084500000, 0x0000000084500000|100%| O|  |TAMS 0x0000000084500000, 0x0000000084400000| Untracked 
|  69|0x0000000084500000, 0x0000000084600000, 0x0000000084600000|100%| O|  |TAMS 0x0000000084600000, 0x0000000084500000| Untracked 
|  70|0x0000000084600000, 0x0000000084700000, 0x0000000084700000|100%| O|  |TAMS 0x0000000084700000, 0x0000000084600000| Untracked 
|  71|0x0000000084700000, 0x0000000084800000, 0x0000000084800000|100%| O|  |TAMS 0x0000000084800000, 0x0000000084700000| Untracked 
|  72|0x0000000084800000, 0x0000000084900000, 0x0000000084900000|100%|HS|  |TAMS 0x0000000084900000, 0x0000000084800000| Complete 
|  73|0x0000000084900000, 0x0000000084a00000, 0x0000000084a00000|100%|HS|  |TAMS 0x0000000084a00000, 0x0000000084900000| Complete 
|  74|0x0000000084a00000, 0x0000000084b00000, 0x0000000084b00000|100%|HS|  |TAMS 0x0000000084b00000, 0x0000000084a00000| Complete 
|  75|0x0000000084b00000, 0x0000000084c00000, 0x0000000084c00000|100%|HC|  |TAMS 0x0000000084c00000, 0x0000000084b00000| Complete 
|  76|0x0000000084c00000, 0x0000000084d00000, 0x0000000084d00000|100%|HS|  |TAMS 0x0000000084d00000, 0x0000000084c00000| Complete 
|  77|0x0000000084d00000, 0x0000000084e00000, 0x0000000084e00000|100%|HC|  |TAMS 0x0000000084e00000, 0x0000000084d00000| Complete 
|  78|0x0000000084e00000, 0x0000000084f00000, 0x0000000084f00000|100%|HS|  |TAMS 0x0000000084f00000, 0x0000000084e00000| Complete 
|  79|0x0000000084f00000, 0x0000000085000000, 0x0000000085000000|100%|HS|  |TAMS 0x0000000085000000, 0x0000000084f00000| Complete 
|  80|0x0000000085000000, 0x0000000085100000, 0x0000000085100000|100%|HS|  |TAMS 0x0000000085100000, 0x0000000085000000| Complete 
|  81|0x0000000085100000, 0x0000000085200000, 0x0000000085200000|100%|HC|  |TAMS 0x0000000085200000, 0x0000000085100000| Complete 
|  82|0x0000000085200000, 0x0000000085300000, 0x0000000085300000|100%|HC|  |TAMS 0x0000000085300000, 0x0000000085200000| Complete 
|  83|0x0000000085300000, 0x0000000085400000, 0x0000000085400000|100%|HC|  |TAMS 0x0000000085400000, 0x0000000085300000| Complete 
|  84|0x0000000085400000, 0x0000000085500000, 0x0000000085500000|100%| O|  |TAMS 0x0000000085500000, 0x0000000085400000| Untracked 
|  85|0x0000000085500000, 0x0000000085600000, 0x0000000085600000|100%| O|  |TAMS 0x0000000085600000, 0x0000000085500000| Untracked 
|  86|0x0000000085600000, 0x0000000085700000, 0x0000000085700000|100%| O|  |TAMS 0x0000000085700000, 0x0000000085600000| Untracked 
|  87|0x0000000085700000, 0x0000000085800000, 0x0000000085800000|100%| O|  |TAMS 0x0000000085800000, 0x0000000085700000| Untracked 
|  88|0x0000000085800000, 0x0000000085900000, 0x0000000085900000|100%| O|  |TAMS 0x0000000085900000, 0x0000000085800000| Untracked 
|  89|0x0000000085900000, 0x0000000085a00000, 0x0000000085a00000|100%| O|  |TAMS 0x0000000085a00000, 0x0000000085900000| Untracked 
|  90|0x0000000085a00000, 0x0000000085b00000, 0x0000000085b00000|100%| O|  |TAMS 0x0000000085b00000, 0x0000000085a00000| Untracked 
|  91|0x0000000085b00000, 0x0000000085c00000, 0x0000000085c00000|100%| O|  |TAMS 0x0000000085c00000, 0x0000000085b00000| Untracked 
|  92|0x0000000085c00000, 0x0000000085d00000, 0x0000000085d00000|100%| O|  |TAMS 0x0000000085d00000, 0x0000000085c00000| Untracked 
|  93|0x0000000085d00000, 0x0000000085e00000, 0x0000000085e00000|100%| O|  |TAMS 0x0000000085e00000, 0x0000000085d00000| Untracked 
|  94|0x0000000085e00000, 0x0000000085f00000, 0x0000000085f00000|100%| O|  |TAMS 0x0000000085f00000, 0x0000000085e00000| Untracked 
|  95|0x0000000085f00000, 0x0000000086000000, 0x0000000086000000|100%| O|  |TAMS 0x0000000086000000, 0x0000000085f00000| Untracked 
|  96|0x0000000086000000, 0x0000000086100000, 0x0000000086100000|100%| O|  |TAMS 0x0000000086100000, 0x0000000086000000| Untracked 
|  97|0x0000000086100000, 0x0000000086200000, 0x0000000086200000|100%| O|  |TAMS 0x0000000086200000, 0x0000000086100000| Untracked 
|  98|0x0000000086200000, 0x0000000086300000, 0x0000000086300000|100%| O|  |TAMS 0x0000000086300000, 0x0000000086200000| Untracked 
|  99|0x0000000086300000, 0x0000000086400000, 0x0000000086400000|100%| O|  |TAMS 0x0000000086400000, 0x0000000086300000| Untracked 
| 100|0x0000000086400000, 0x0000000086500000, 0x0000000086500000|100%|HS|  |TAMS 0x0000000086500000, 0x0000000086400000| Complete 
| 101|0x0000000086500000, 0x0000000086600000, 0x0000000086600000|100%|HC|  |TAMS 0x0000000086600000, 0x0000000086500000| Complete 
| 102|0x0000000086600000, 0x0000000086700000, 0x0000000086700000|100%|HC|  |TAMS 0x0000000086700000, 0x0000000086600000| Complete 
| 103|0x0000000086700000, 0x0000000086800000, 0x0000000086800000|100%|HC|  |TAMS 0x0000000086800000, 0x0000000086700000| Complete 
| 104|0x0000000086800000, 0x0000000086900000, 0x0000000086900000|100%| O|  |TAMS 0x0000000086900000, 0x0000000086800000| Untracked 
| 105|0x0000000086900000, 0x0000000086a00000, 0x0000000086a00000|100%| O|  |TAMS 0x0000000086a00000, 0x0000000086900000| Untracked 
| 106|0x0000000086a00000, 0x0000000086b00000, 0x0000000086b00000|100%| O|  |TAMS 0x0000000086b00000, 0x0000000086a00000| Untracked 
| 107|0x0000000086b00000, 0x0000000086c00000, 0x0000000086c00000|100%| O|  |TAMS 0x0000000086c00000, 0x0000000086b00000| Untracked 
| 108|0x0000000086c00000, 0x0000000086d00000, 0x0000000086d00000|100%| O|  |TAMS 0x0000000086d00000, 0x0000000086c00000| Untracked 
| 109|0x0000000086d00000, 0x0000000086e00000, 0x0000000086e00000|100%| O|  |TAMS 0x0000000086e00000, 0x0000000086d00000| Untracked 
| 110|0x0000000086e00000, 0x0000000086f00000, 0x0000000086f00000|100%| O|  |TAMS 0x0000000086f00000, 0x0000000086e00000| Untracked 
| 111|0x0000000086f00000, 0x0000000087000000, 0x0000000087000000|100%| O|  |TAMS 0x0000000087000000, 0x0000000086f00000| Untracked 
| 112|0x0000000087000000, 0x0000000087100000, 0x0000000087100000|100%| O|  |TAMS 0x0000000087100000, 0x0000000087000000| Untracked 
| 113|0x0000000087100000, 0x0000000087200000, 0x0000000087200000|100%| O|  |TAMS 0x0000000087200000, 0x0000000087100000| Untracked 
| 114|0x0000000087200000, 0x0000000087300000, 0x0000000087300000|100%| O|  |TAMS 0x0000000087300000, 0x0000000087200000| Untracked 
| 115|0x0000000087300000, 0x0000000087400000, 0x0000000087400000|100%| O|  |TAMS 0x0000000087400000, 0x0000000087300000| Untracked 
| 116|0x0000000087400000, 0x0000000087500000, 0x0000000087500000|100%| O|  |TAMS 0x0000000087500000, 0x0000000087400000| Untracked 
| 117|0x0000000087500000, 0x0000000087600000, 0x0000000087600000|100%| O|  |TAMS 0x0000000087600000, 0x0000000087500000| Untracked 
| 118|0x0000000087600000, 0x0000000087700000, 0x0000000087700000|100%| O|  |TAMS 0x0000000087700000, 0x0000000087600000| Untracked 
| 119|0x0000000087700000, 0x0000000087800000, 0x0000000087800000|100%| O|  |TAMS 0x0000000087800000, 0x0000000087700000| Untracked 
| 120|0x0000000087800000, 0x0000000087900000, 0x0000000087900000|100%| O|  |TAMS 0x0000000087900000, 0x0000000087800000| Untracked 
| 121|0x0000000087900000, 0x0000000087a00000, 0x0000000087a00000|100%| O|  |TAMS 0x0000000087a00000, 0x0000000087900000| Untracked 
| 122|0x0000000087a00000, 0x0000000087b00000, 0x0000000087b00000|100%| O|  |TAMS 0x0000000087b00000, 0x0000000087a00000| Untracked 
| 123|0x0000000087b00000, 0x0000000087c00000, 0x0000000087c00000|100%|HS|  |TAMS 0x0000000087c00000, 0x0000000087b00000| Complete 
| 124|0x0000000087c00000, 0x0000000087d00000, 0x0000000087d00000|100%|HC|  |TAMS 0x0000000087d00000, 0x0000000087c00000| Complete 
| 125|0x0000000087d00000, 0x0000000087e00000, 0x0000000087e00000|100%|HC|  |TAMS 0x0000000087e00000, 0x0000000087d00000| Complete 
| 126|0x0000000087e00000, 0x0000000087f00000, 0x0000000087f00000|100%|HC|  |TAMS 0x0000000087f00000, 0x0000000087e00000| Complete 
| 127|0x0000000087f00000, 0x0000000088000000, 0x0000000088000000|100%|HC|  |TAMS 0x0000000088000000, 0x0000000087f00000| Complete 
| 128|0x0000000088000000, 0x0000000088100000, 0x0000000088100000|100%|HC|  |TAMS 0x0000000088100000, 0x0000000088000000| Complete 
| 129|0x0000000088100000, 0x0000000088200000, 0x0000000088200000|100%| O|  |TAMS 0x0000000088200000, 0x0000000088100000| Untracked 
| 130|0x0000000088200000, 0x0000000088300000, 0x0000000088300000|100%| O|  |TAMS 0x0000000088300000, 0x0000000088200000| Untracked 
| 131|0x0000000088300000, 0x0000000088400000, 0x0000000088400000|100%| O|  |TAMS 0x0000000088400000, 0x0000000088300000| Untracked 
| 132|0x0000000088400000, 0x0000000088500000, 0x0000000088500000|100%| O|  |TAMS 0x0000000088500000, 0x0000000088400000| Untracked 
| 133|0x0000000088500000, 0x0000000088600000, 0x0000000088600000|100%| O|  |TAMS 0x0000000088600000, 0x0000000088500000| Untracked 
| 134|0x0000000088600000, 0x0000000088700000, 0x0000000088700000|100%| O|  |TAMS 0x0000000088700000, 0x0000000088600000| Untracked 
| 135|0x0000000088700000, 0x0000000088800000, 0x0000000088800000|100%| O|  |TAMS 0x0000000088800000, 0x0000000088700000| Untracked 
| 136|0x0000000088800000, 0x0000000088900000, 0x0000000088900000|100%| O|  |TAMS 0x0000000088900000, 0x0000000088800000| Untracked 
| 137|0x0000000088900000, 0x0000000088a00000, 0x0000000088a00000|100%| O|  |TAMS 0x0000000088a00000, 0x0000000088900000| Untracked 
| 138|0x0000000088a00000, 0x0000000088b00000, 0x0000000088b00000|100%| O|  |TAMS 0x0000000088b00000, 0x0000000088a00000| Untracked 
| 139|0x0000000088b00000, 0x0000000088c00000, 0x0000000088c00000|100%| O|  |TAMS 0x0000000088c00000, 0x0000000088b00000| Untracked 
| 140|0x0000000088c00000, 0x0000000088d00000, 0x0000000088d00000|100%| O|  |TAMS 0x0000000088d00000, 0x0000000088c00000| Untracked 
| 141|0x0000000088d00000, 0x0000000088e00000, 0x0000000088e00000|100%| O|  |TAMS 0x0000000088e00000, 0x0000000088d00000| Untracked 
| 142|0x0000000088e00000, 0x0000000088f00000, 0x0000000088f00000|100%| O|  |TAMS 0x0000000088f00000, 0x0000000088e00000| Untracked 
| 143|0x0000000088f00000, 0x0000000089000000, 0x0000000089000000|100%| O|  |TAMS 0x0000000089000000, 0x0000000088f00000| Untracked 
| 144|0x0000000089000000, 0x0000000089100000, 0x0000000089100000|100%| O|  |TAMS 0x0000000089100000, 0x0000000089000000| Untracked 
| 145|0x0000000089100000, 0x0000000089200000, 0x0000000089200000|100%| O|  |TAMS 0x0000000089200000, 0x0000000089100000| Untracked 
| 146|0x0000000089200000, 0x0000000089300000, 0x0000000089300000|100%| O|  |TAMS 0x0000000089300000, 0x0000000089200000| Untracked 
| 147|0x0000000089300000, 0x0000000089400000, 0x0000000089400000|100%| O|  |TAMS 0x0000000089400000, 0x0000000089300000| Untracked 
| 148|0x0000000089400000, 0x0000000089500000, 0x0000000089500000|100%| O|  |TAMS 0x0000000089500000, 0x0000000089400000| Untracked 
| 149|0x0000000089500000, 0x0000000089600000, 0x0000000089600000|100%| O|  |TAMS 0x0000000089600000, 0x0000000089500000| Untracked 
| 150|0x0000000089600000, 0x0000000089700000, 0x0000000089700000|100%| O|  |TAMS 0x0000000089700000, 0x0000000089600000| Untracked 
| 151|0x0000000089700000, 0x0000000089800000, 0x0000000089800000|100%| O|  |TAMS 0x0000000089800000, 0x0000000089700000| Untracked 
| 152|0x0000000089800000, 0x0000000089900000, 0x0000000089900000|100%| O|  |TAMS 0x0000000089900000, 0x0000000089800000| Complete 
| 153|0x0000000089900000, 0x000000008997b200, 0x0000000089a00000| 48%| O|  |TAMS 0x000000008997b200, 0x0000000089900000| Untracked 
| 154|0x0000000089a00000, 0x0000000089a00000, 0x0000000089b00000|  0%| F|  |TAMS 0x0000000089a00000, 0x0000000089a00000| Untracked 
| 155|0x0000000089b00000, 0x0000000089b00000, 0x0000000089c00000|  0%| F|  |TAMS 0x0000000089b00000, 0x0000000089b00000| Untracked 
| 156|0x0000000089c00000, 0x0000000089c00000, 0x0000000089d00000|  0%| F|  |TAMS 0x0000000089c00000, 0x0000000089c00000| Untracked 
| 157|0x0000000089d00000, 0x0000000089d00000, 0x0000000089e00000|  0%| F|  |TAMS 0x0000000089d00000, 0x0000000089d00000| Untracked 
| 158|0x0000000089e00000, 0x0000000089e00000, 0x0000000089f00000|  0%| F|  |TAMS 0x0000000089e00000, 0x0000000089e00000| Untracked 
| 159|0x0000000089f00000, 0x0000000089f00000, 0x000000008a000000|  0%| F|  |TAMS 0x0000000089f00000, 0x0000000089f00000| Untracked 
| 160|0x000000008a000000, 0x000000008a000000, 0x000000008a100000|  0%| F|  |TAMS 0x000000008a000000, 0x000000008a000000| Untracked 
| 161|0x000000008a100000, 0x000000008a100000, 0x000000008a200000|  0%| F|  |TAMS 0x000000008a100000, 0x000000008a100000| Untracked 
| 162|0x000000008a200000, 0x000000008a200000, 0x000000008a300000|  0%| F|  |TAMS 0x000000008a200000, 0x000000008a200000| Untracked 
| 163|0x000000008a300000, 0x000000008a300000, 0x000000008a400000|  0%| F|  |TAMS 0x000000008a300000, 0x000000008a300000| Untracked 
| 164|0x000000008a400000, 0x000000008a400000, 0x000000008a500000|  0%| F|  |TAMS 0x000000008a400000, 0x000000008a400000| Untracked 
| 165|0x000000008a500000, 0x000000008a500000, 0x000000008a600000|  0%| F|  |TAMS 0x000000008a500000, 0x000000008a500000| Untracked 
| 166|0x000000008a600000, 0x000000008a600000, 0x000000008a700000|  0%| F|  |TAMS 0x000000008a600000, 0x000000008a600000| Untracked 
| 167|0x000000008a700000, 0x000000008a700000, 0x000000008a800000|  0%| F|  |TAMS 0x000000008a700000, 0x000000008a700000| Untracked 
| 168|0x000000008a800000, 0x000000008a800000, 0x000000008a900000|  0%| F|  |TAMS 0x000000008a800000, 0x000000008a800000| Untracked 
| 169|0x000000008a900000, 0x000000008a900000, 0x000000008aa00000|  0%| F|  |TAMS 0x000000008a900000, 0x000000008a900000| Untracked 
| 170|0x000000008aa00000, 0x000000008aa00000, 0x000000008ab00000|  0%| F|  |TAMS 0x000000008aa00000, 0x000000008aa00000| Untracked 
| 171|0x000000008ab00000, 0x000000008ab00000, 0x000000008ac00000|  0%| F|  |TAMS 0x000000008ab00000, 0x000000008ab00000| Untracked 
| 172|0x000000008ac00000, 0x000000008ac00000, 0x000000008ad00000|  0%| F|  |TAMS 0x000000008ac00000, 0x000000008ac00000| Untracked 
| 173|0x000000008ad00000, 0x000000008ad00000, 0x000000008ae00000|  0%| F|  |TAMS 0x000000008ad00000, 0x000000008ad00000| Untracked 
| 174|0x000000008ae00000, 0x000000008ae00000, 0x000000008af00000|  0%| F|  |TAMS 0x000000008ae00000, 0x000000008ae00000| Untracked 
| 175|0x000000008af00000, 0x000000008af00000, 0x000000008b000000|  0%| F|  |TAMS 0x000000008af00000, 0x000000008af00000| Untracked 
| 176|0x000000008b000000, 0x000000008b000000, 0x000000008b100000|  0%| F|  |TAMS 0x000000008b000000, 0x000000008b000000| Untracked 
| 177|0x000000008b100000, 0x000000008b100000, 0x000000008b200000|  0%| F|  |TAMS 0x000000008b100000, 0x000000008b100000| Untracked 
| 178|0x000000008b200000, 0x000000008b200000, 0x000000008b300000|  0%| F|  |TAMS 0x000000008b200000, 0x000000008b200000| Untracked 
| 179|0x000000008b300000, 0x000000008b300000, 0x000000008b400000|  0%| F|  |TAMS 0x000000008b300000, 0x000000008b300000| Untracked 
| 180|0x000000008b400000, 0x000000008b400000, 0x000000008b500000|  0%| F|  |TAMS 0x000000008b400000, 0x000000008b400000| Untracked 
| 181|0x000000008b500000, 0x000000008b500000, 0x000000008b600000|  0%| F|  |TAMS 0x000000008b500000, 0x000000008b500000| Untracked 
| 182|0x000000008b600000, 0x000000008b600000, 0x000000008b700000|  0%| F|  |TAMS 0x000000008b600000, 0x000000008b600000| Untracked 
| 183|0x000000008b700000, 0x000000008b700000, 0x000000008b800000|  0%| F|  |TAMS 0x000000008b700000, 0x000000008b700000| Untracked 
| 184|0x000000008b800000, 0x000000008b800000, 0x000000008b900000|  0%| F|  |TAMS 0x000000008b800000, 0x000000008b800000| Untracked 
| 185|0x000000008b900000, 0x000000008b900000, 0x000000008ba00000|  0%| F|  |TAMS 0x000000008b900000, 0x000000008b900000| Untracked 
| 186|0x000000008ba00000, 0x000000008ba00000, 0x000000008bb00000|  0%| F|  |TAMS 0x000000008ba00000, 0x000000008ba00000| Untracked 
| 187|0x000000008bb00000, 0x000000008bb00000, 0x000000008bc00000|  0%| F|  |TAMS 0x000000008bb00000, 0x000000008bb00000| Untracked 
| 188|0x000000008bc00000, 0x000000008bc00000, 0x000000008bd00000|  0%| F|  |TAMS 0x000000008bc00000, 0x000000008bc00000| Untracked 
| 189|0x000000008bd00000, 0x000000008bd00000, 0x000000008be00000|  0%| F|  |TAMS 0x000000008bd00000, 0x000000008bd00000| Untracked 
| 190|0x000000008be00000, 0x000000008be00000, 0x000000008bf00000|  0%| F|  |TAMS 0x000000008be00000, 0x000000008be00000| Untracked 
| 191|0x000000008bf00000, 0x000000008bf00000, 0x000000008c000000|  0%| F|  |TAMS 0x000000008bf00000, 0x000000008bf00000| Untracked 
| 192|0x000000008c000000, 0x000000008c000000, 0x000000008c100000|  0%| F|  |TAMS 0x000000008c000000, 0x000000008c000000| Untracked 
| 193|0x000000008c100000, 0x000000008c100000, 0x000000008c200000|  0%| F|  |TAMS 0x000000008c100000, 0x000000008c100000| Untracked 
| 194|0x000000008c200000, 0x000000008c200000, 0x000000008c300000|  0%| F|  |TAMS 0x000000008c200000, 0x000000008c200000| Untracked 
| 195|0x000000008c300000, 0x000000008c300000, 0x000000008c400000|  0%| F|  |TAMS 0x000000008c300000, 0x000000008c300000| Untracked 
| 196|0x000000008c400000, 0x000000008c400000, 0x000000008c500000|  0%| F|  |TAMS 0x000000008c400000, 0x000000008c400000| Untracked 
| 197|0x000000008c500000, 0x000000008c500000, 0x000000008c600000|  0%| F|  |TAMS 0x000000008c500000, 0x000000008c500000| Untracked 
| 198|0x000000008c600000, 0x000000008c600000, 0x000000008c700000|  0%| F|  |TAMS 0x000000008c600000, 0x000000008c600000| Untracked 
| 199|0x000000008c700000, 0x000000008c700000, 0x000000008c800000|  0%| F|  |TAMS 0x000000008c700000, 0x000000008c700000| Untracked 
| 200|0x000000008c800000, 0x000000008c800000, 0x000000008c900000|  0%| F|  |TAMS 0x000000008c800000, 0x000000008c800000| Untracked 
| 201|0x000000008c900000, 0x000000008c900000, 0x000000008ca00000|  0%| F|  |TAMS 0x000000008c900000, 0x000000008c900000| Untracked 
| 202|0x000000008ca00000, 0x000000008ca00000, 0x000000008cb00000|  0%| F|  |TAMS 0x000000008ca00000, 0x000000008ca00000| Untracked 
| 203|0x000000008cb00000, 0x000000008cb00000, 0x000000008cc00000|  0%| F|  |TAMS 0x000000008cb00000, 0x000000008cb00000| Untracked 
| 204|0x000000008cc00000, 0x000000008cc00000, 0x000000008cd00000|  0%| F|  |TAMS 0x000000008cc00000, 0x000000008cc00000| Untracked 
| 205|0x000000008cd00000, 0x000000008cd00000, 0x000000008ce00000|  0%| F|  |TAMS 0x000000008cd00000, 0x000000008cd00000| Untracked 
| 206|0x000000008ce00000, 0x000000008ce00000, 0x000000008cf00000|  0%| F|  |TAMS 0x000000008ce00000, 0x000000008ce00000| Untracked 
| 207|0x000000008cf00000, 0x000000008cf00000, 0x000000008d000000|  0%| F|  |TAMS 0x000000008cf00000, 0x000000008cf00000| Untracked 
| 208|0x000000008d000000, 0x000000008d000000, 0x000000008d100000|  0%| F|  |TAMS 0x000000008d000000, 0x000000008d000000| Untracked 
| 209|0x000000008d100000, 0x000000008d100000, 0x000000008d200000|  0%| F|  |TAMS 0x000000008d100000, 0x000000008d100000| Untracked 
| 210|0x000000008d200000, 0x000000008d200000, 0x000000008d300000|  0%| F|  |TAMS 0x000000008d200000, 0x000000008d200000| Untracked 
| 211|0x000000008d300000, 0x000000008d300000, 0x000000008d400000|  0%| F|  |TAMS 0x000000008d300000, 0x000000008d300000| Untracked 
| 212|0x000000008d400000, 0x000000008d400000, 0x000000008d500000|  0%| F|  |TAMS 0x000000008d400000, 0x000000008d400000| Untracked 
| 213|0x000000008d500000, 0x000000008d500000, 0x000000008d600000|  0%| F|  |TAMS 0x000000008d500000, 0x000000008d500000| Untracked 
| 214|0x000000008d600000, 0x000000008d600000, 0x000000008d700000|  0%| F|  |TAMS 0x000000008d600000, 0x000000008d600000| Untracked 
| 215|0x000000008d700000, 0x000000008d700000, 0x000000008d800000|  0%| F|  |TAMS 0x000000008d700000, 0x000000008d700000| Untracked 
| 216|0x000000008d800000, 0x000000008d800000, 0x000000008d900000|  0%| F|  |TAMS 0x000000008d800000, 0x000000008d800000| Untracked 
| 217|0x000000008d900000, 0x000000008d900000, 0x000000008da00000|  0%| F|  |TAMS 0x000000008d900000, 0x000000008d900000| Untracked 
| 218|0x000000008da00000, 0x000000008da00000, 0x000000008db00000|  0%| F|  |TAMS 0x000000008da00000, 0x000000008da00000| Untracked 
| 219|0x000000008db00000, 0x000000008db00000, 0x000000008dc00000|  0%| F|  |TAMS 0x000000008db00000, 0x000000008db00000| Untracked 
| 220|0x000000008dc00000, 0x000000008dc00000, 0x000000008dd00000|  0%| F|  |TAMS 0x000000008dc00000, 0x000000008dc00000| Untracked 
| 221|0x000000008dd00000, 0x000000008dd00000, 0x000000008de00000|  0%| F|  |TAMS 0x000000008dd00000, 0x000000008dd00000| Untracked 
| 222|0x000000008de00000, 0x000000008de00000, 0x000000008df00000|  0%| F|  |TAMS 0x000000008de00000, 0x000000008de00000| Untracked 
| 223|0x000000008df00000, 0x000000008df00000, 0x000000008e000000|  0%| F|  |TAMS 0x000000008df00000, 0x000000008df00000| Untracked 
| 224|0x000000008e000000, 0x000000008e000000, 0x000000008e100000|  0%| F|  |TAMS 0x000000008e000000, 0x000000008e000000| Untracked 
| 225|0x000000008e100000, 0x000000008e100000, 0x000000008e200000|  0%| F|  |TAMS 0x000000008e100000, 0x000000008e100000| Untracked 
| 226|0x000000008e200000, 0x000000008e200000, 0x000000008e300000|  0%| F|  |TAMS 0x000000008e200000, 0x000000008e200000| Untracked 
| 227|0x000000008e300000, 0x000000008e300000, 0x000000008e400000|  0%| F|  |TAMS 0x000000008e300000, 0x000000008e300000| Untracked 
| 228|0x000000008e400000, 0x000000008e400000, 0x000000008e500000|  0%| F|  |TAMS 0x000000008e400000, 0x000000008e400000| Untracked 
| 229|0x000000008e500000, 0x000000008e500000, 0x000000008e600000|  0%| F|  |TAMS 0x000000008e500000, 0x000000008e500000| Untracked 
| 230|0x000000008e600000, 0x000000008e600000, 0x000000008e700000|  0%| F|  |TAMS 0x000000008e600000, 0x000000008e600000| Untracked 
| 231|0x000000008e700000, 0x000000008e700000, 0x000000008e800000|  0%| F|  |TAMS 0x000000008e700000, 0x000000008e700000| Untracked 
| 232|0x000000008e800000, 0x000000008e800000, 0x000000008e900000|  0%| F|  |TAMS 0x000000008e800000, 0x000000008e800000| Untracked 
| 233|0x000000008e900000, 0x000000008e900000, 0x000000008ea00000|  0%| F|  |TAMS 0x000000008e900000, 0x000000008e900000| Untracked 
| 234|0x000000008ea00000, 0x000000008ea00000, 0x000000008eb00000|  0%| F|  |TAMS 0x000000008ea00000, 0x000000008ea00000| Untracked 
| 235|0x000000008eb00000, 0x000000008eb00000, 0x000000008ec00000|  0%| F|  |TAMS 0x000000008eb00000, 0x000000008eb00000| Untracked 
| 236|0x000000008ec00000, 0x000000008ec00000, 0x000000008ed00000|  0%| F|  |TAMS 0x000000008ec00000, 0x000000008ec00000| Untracked 
| 237|0x000000008ed00000, 0x000000008ed00000, 0x000000008ee00000|  0%| F|  |TAMS 0x000000008ed00000, 0x000000008ed00000| Untracked 
| 238|0x000000008ee00000, 0x000000008ee00000, 0x000000008ef00000|  0%| F|  |TAMS 0x000000008ee00000, 0x000000008ee00000| Untracked 
| 239|0x000000008ef00000, 0x000000008ef00000, 0x000000008f000000|  0%| F|  |TAMS 0x000000008ef00000, 0x000000008ef00000| Untracked 
| 240|0x000000008f000000, 0x000000008f000000, 0x000000008f100000|  0%| F|  |TAMS 0x000000008f000000, 0x000000008f000000| Untracked 
| 241|0x000000008f100000, 0x000000008f100000, 0x000000008f200000|  0%| F|  |TAMS 0x000000008f100000, 0x000000008f100000| Untracked 
| 242|0x000000008f200000, 0x000000008f200000, 0x000000008f300000|  0%| F|  |TAMS 0x000000008f200000, 0x000000008f200000| Untracked 
| 243|0x000000008f300000, 0x000000008f300000, 0x000000008f400000|  0%| F|  |TAMS 0x000000008f300000, 0x000000008f300000| Untracked 
| 244|0x000000008f400000, 0x000000008f400000, 0x000000008f500000|  0%| F|  |TAMS 0x000000008f400000, 0x000000008f400000| Untracked 
| 245|0x000000008f500000, 0x000000008f500000, 0x000000008f600000|  0%| F|  |TAMS 0x000000008f500000, 0x000000008f500000| Untracked 
| 246|0x000000008f600000, 0x000000008f600000, 0x000000008f700000|  0%| F|  |TAMS 0x000000008f600000, 0x000000008f600000| Untracked 
| 247|0x000000008f700000, 0x000000008f700000, 0x000000008f800000|  0%| F|  |TAMS 0x000000008f700000, 0x000000008f700000| Untracked 
| 248|0x000000008f800000, 0x000000008f800000, 0x000000008f900000|  0%| F|  |TAMS 0x000000008f800000, 0x000000008f800000| Untracked 
| 249|0x000000008f900000, 0x000000008f900000, 0x000000008fa00000|  0%| F|  |TAMS 0x000000008f900000, 0x000000008f900000| Untracked 
| 250|0x000000008fa00000, 0x000000008fa00000, 0x000000008fb00000|  0%| F|  |TAMS 0x000000008fa00000, 0x000000008fa00000| Untracked 
| 251|0x000000008fb00000, 0x000000008fb00000, 0x000000008fc00000|  0%| F|  |TAMS 0x000000008fb00000, 0x000000008fb00000| Untracked 
| 252|0x000000008fc00000, 0x000000008fc00000, 0x000000008fd00000|  0%| F|  |TAMS 0x000000008fc00000, 0x000000008fc00000| Untracked 
| 253|0x000000008fd00000, 0x000000008fd00000, 0x000000008fe00000|  0%| F|  |TAMS 0x000000008fd00000, 0x000000008fd00000| Untracked 
| 254|0x000000008fe00000, 0x000000008fe00000, 0x000000008ff00000|  0%| F|  |TAMS 0x000000008fe00000, 0x000000008fe00000| Untracked 
| 255|0x000000008ff00000, 0x000000008ff00000, 0x0000000090000000|  0%| F|  |TAMS 0x000000008ff00000, 0x000000008ff00000| Untracked 
| 256|0x0000000090000000, 0x0000000090000000, 0x0000000090100000|  0%| F|  |TAMS 0x0000000090000000, 0x0000000090000000| Untracked 
| 257|0x0000000090100000, 0x0000000090100000, 0x0000000090200000|  0%| F|  |TAMS 0x0000000090100000, 0x0000000090100000| Untracked 
| 258|0x0000000090200000, 0x0000000090200000, 0x0000000090300000|  0%| F|  |TAMS 0x0000000090200000, 0x0000000090200000| Untracked 
| 259|0x0000000090300000, 0x0000000090300000, 0x0000000090400000|  0%| F|  |TAMS 0x0000000090300000, 0x0000000090300000| Untracked 
| 260|0x0000000090400000, 0x0000000090400000, 0x0000000090500000|  0%| F|  |TAMS 0x0000000090400000, 0x0000000090400000| Untracked 
| 261|0x0000000090500000, 0x0000000090500000, 0x0000000090600000|  0%| F|  |TAMS 0x0000000090500000, 0x0000000090500000| Untracked 
| 262|0x0000000090600000, 0x0000000090600000, 0x0000000090700000|  0%| F|  |TAMS 0x0000000090600000, 0x0000000090600000| Untracked 
| 263|0x0000000090700000, 0x0000000090700000, 0x0000000090800000|  0%| F|  |TAMS 0x0000000090700000, 0x0000000090700000| Untracked 
| 264|0x0000000090800000, 0x0000000090800000, 0x0000000090900000|  0%| F|  |TAMS 0x0000000090800000, 0x0000000090800000| Untracked 
| 265|0x0000000090900000, 0x0000000090900000, 0x0000000090a00000|  0%| F|  |TAMS 0x0000000090900000, 0x0000000090900000| Untracked 
| 266|0x0000000090a00000, 0x0000000090a00000, 0x0000000090b00000|  0%| F|  |TAMS 0x0000000090a00000, 0x0000000090a00000| Untracked 
| 267|0x0000000090b00000, 0x0000000090b00000, 0x0000000090c00000|  0%| F|  |TAMS 0x0000000090b00000, 0x0000000090b00000| Untracked 
| 268|0x0000000090c00000, 0x0000000090c00000, 0x0000000090d00000|  0%| F|  |TAMS 0x0000000090c00000, 0x0000000090c00000| Untracked 
| 269|0x0000000090d00000, 0x0000000090d00000, 0x0000000090e00000|  0%| F|  |TAMS 0x0000000090d00000, 0x0000000090d00000| Untracked 
| 270|0x0000000090e00000, 0x0000000090e00000, 0x0000000090f00000|  0%| F|  |TAMS 0x0000000090e00000, 0x0000000090e00000| Untracked 
| 271|0x0000000090f00000, 0x0000000090f00000, 0x0000000091000000|  0%| F|  |TAMS 0x0000000090f00000, 0x0000000090f00000| Untracked 
| 272|0x0000000091000000, 0x0000000091000000, 0x0000000091100000|  0%| F|  |TAMS 0x0000000091000000, 0x0000000091000000| Untracked 
| 273|0x0000000091100000, 0x0000000091100000, 0x0000000091200000|  0%| F|  |TAMS 0x0000000091100000, 0x0000000091100000| Untracked 
| 274|0x0000000091200000, 0x0000000091200000, 0x0000000091300000|  0%| F|  |TAMS 0x0000000091200000, 0x0000000091200000| Untracked 
| 275|0x0000000091300000, 0x0000000091300000, 0x0000000091400000|  0%| F|  |TAMS 0x0000000091300000, 0x0000000091300000| Untracked 
| 276|0x0000000091400000, 0x0000000091400000, 0x0000000091500000|  0%| F|  |TAMS 0x0000000091400000, 0x0000000091400000| Untracked 
| 277|0x0000000091500000, 0x0000000091588e50, 0x0000000091600000| 53%| S|CS|TAMS 0x0000000091500000, 0x0000000091500000| Complete 
| 278|0x0000000091600000, 0x0000000091700000, 0x0000000091700000|100%| S|CS|TAMS 0x0000000091600000, 0x0000000091600000| Complete 
| 279|0x0000000091700000, 0x0000000091800000, 0x0000000091800000|100%| S|CS|TAMS 0x0000000091700000, 0x0000000091700000| Complete 
| 280|0x0000000091800000, 0x0000000091800000, 0x0000000091900000|  0%| F|  |TAMS 0x0000000091800000, 0x0000000091800000| Untracked 
| 281|0x0000000091900000, 0x0000000091900000, 0x0000000091a00000|  0%| F|  |TAMS 0x0000000091900000, 0x0000000091900000| Untracked 
| 282|0x0000000091a00000, 0x0000000091a80800, 0x0000000091b00000| 50%| E|  |TAMS 0x0000000091a00000, 0x0000000091a00000| Complete 
| 283|0x0000000091b00000, 0x0000000091c00000, 0x0000000091c00000|100%| E|CS|TAMS 0x0000000091b00000, 0x0000000091b00000| Complete 
| 284|0x0000000091c00000, 0x0000000091d00000, 0x0000000091d00000|100%| E|CS|TAMS 0x0000000091c00000, 0x0000000091c00000| Complete 
| 285|0x0000000091d00000, 0x0000000091e00000, 0x0000000091e00000|100%| E|CS|TAMS 0x0000000091d00000, 0x0000000091d00000| Complete 
| 286|0x0000000091e00000, 0x0000000091f00000, 0x0000000091f00000|100%| E|CS|TAMS 0x0000000091e00000, 0x0000000091e00000| Complete 
| 287|0x0000000091f00000, 0x0000000092000000, 0x0000000092000000|100%| E|CS|TAMS 0x0000000091f00000, 0x0000000091f00000| Complete 
| 288|0x0000000092000000, 0x0000000092100000, 0x0000000092100000|100%| E|CS|TAMS 0x0000000092000000, 0x0000000092000000| Complete 
| 289|0x0000000092100000, 0x0000000092200000, 0x0000000092200000|100%| E|CS|TAMS 0x0000000092100000, 0x0000000092100000| Complete 
| 290|0x0000000092200000, 0x0000000092300000, 0x0000000092300000|100%| E|CS|TAMS 0x0000000092200000, 0x0000000092200000| Complete 
| 291|0x0000000092300000, 0x0000000092400000, 0x0000000092400000|100%| E|CS|TAMS 0x0000000092300000, 0x0000000092300000| Complete 
| 292|0x0000000092400000, 0x0000000092500000, 0x0000000092500000|100%| E|CS|TAMS 0x0000000092400000, 0x0000000092400000| Complete 
| 293|0x0000000092500000, 0x0000000092600000, 0x0000000092600000|100%| E|CS|TAMS 0x0000000092500000, 0x0000000092500000| Complete 
| 294|0x0000000092600000, 0x0000000092700000, 0x0000000092700000|100%| E|CS|TAMS 0x0000000092600000, 0x0000000092600000| Complete 
| 295|0x0000000092700000, 0x0000000092800000, 0x0000000092800000|100%| E|CS|TAMS 0x0000000092700000, 0x0000000092700000| Complete 
| 296|0x0000000092800000, 0x0000000092900000, 0x0000000092900000|100%| E|CS|TAMS 0x0000000092800000, 0x0000000092800000| Complete 
| 297|0x0000000092900000, 0x0000000092a00000, 0x0000000092a00000|100%| E|CS|TAMS 0x0000000092900000, 0x0000000092900000| Complete 
| 298|0x0000000092a00000, 0x0000000092b00000, 0x0000000092b00000|100%| E|CS|TAMS 0x0000000092a00000, 0x0000000092a00000| Complete 
| 299|0x0000000092b00000, 0x0000000092c00000, 0x0000000092c00000|100%| E|CS|TAMS 0x0000000092b00000, 0x0000000092b00000| Complete 
| 300|0x0000000092c00000, 0x0000000092d00000, 0x0000000092d00000|100%| E|CS|TAMS 0x0000000092c00000, 0x0000000092c00000| Complete 
| 301|0x0000000092d00000, 0x0000000092e00000, 0x0000000092e00000|100%| E|CS|TAMS 0x0000000092d00000, 0x0000000092d00000| Complete 
| 302|0x0000000092e00000, 0x0000000092f00000, 0x0000000092f00000|100%| E|CS|TAMS 0x0000000092e00000, 0x0000000092e00000| Complete 
| 303|0x0000000092f00000, 0x0000000093000000, 0x0000000093000000|100%| E|CS|TAMS 0x0000000092f00000, 0x0000000092f00000| Complete 
| 304|0x0000000093000000, 0x0000000093100000, 0x0000000093100000|100%| E|CS|TAMS 0x0000000093000000, 0x0000000093000000| Complete 
| 305|0x0000000093100000, 0x0000000093200000, 0x0000000093200000|100%| E|CS|TAMS 0x0000000093100000, 0x0000000093100000| Complete 
| 306|0x0000000093200000, 0x0000000093300000, 0x0000000093300000|100%| E|CS|TAMS 0x0000000093200000, 0x0000000093200000| Complete 
| 307|0x0000000093300000, 0x0000000093400000, 0x0000000093400000|100%| E|CS|TAMS 0x0000000093300000, 0x0000000093300000| Complete 
| 308|0x0000000093400000, 0x0000000093500000, 0x0000000093500000|100%| E|CS|TAMS 0x0000000093400000, 0x0000000093400000| Complete 
| 309|0x0000000093500000, 0x0000000093600000, 0x0000000093600000|100%| E|CS|TAMS 0x0000000093500000, 0x0000000093500000| Complete 
| 310|0x0000000093600000, 0x0000000093700000, 0x0000000093700000|100%| E|CS|TAMS 0x0000000093600000, 0x0000000093600000| Complete 

Card table byte_map: [0x000002470f840000,0x000002470fc40000] _byte_map_base: 0x000002470f440000

Marking Bits (Prev, Next): (CMBitMap*) 0x000002477ca47590, (CMBitMap*) 0x000002477ca475d0
 Prev Bits: [0x0000024710040000, 0x0000024712040000)
 Next Bits: [0x0000024712040000, 0x0000024714040000)

Polling page: 0x000002477a960000

Metaspace:

Usage:
  Non-class:     96.32 MB used.
      Class:     14.92 MB used.
       Both:    111.24 MB used.

Virtual space:
  Non-class space:      104.00 MB reserved,      96.69 MB ( 93%) committed,  13 nodes.
      Class space:        1.00 GB reserved,      15.25 MB (  1%) committed,  1 nodes.
             Both:        1.10 GB reserved,     111.94 MB ( 10%) committed. 

Chunk freelists:
   Non-Class:  2.39 MB
       Class:  640.00 KB
        Both:  3.02 MB

MaxMetaspaceSize: unlimited
CompressedClassSpaceSize: 1.00 GB
Initial GC threshold: 21.00 MB
Current GC threshold: 185.88 MB
CDS: off
MetaspaceReclaimPolicy: balanced
 - commit_granule_bytes: 65536.
 - commit_granule_words: 8192.
 - virtual_space_node_default_size: 1048576.
 - enlarge_chunks_in_place: 1.
 - new_chunks_are_fully_committed: 0.
 - uncommit_free_chunks: 1.
 - use_allocation_guard: 0.
 - handle_deallocations: 1.


Internal statistics:

num_allocs_failed_limit: 3.
num_arena_births: 932.
num_arena_deaths: 0.
num_vsnodes_births: 14.
num_vsnodes_deaths: 0.
num_space_committed: 1789.
num_space_uncommitted: 0.
num_chunks_returned_to_freelist: 3.
num_chunks_taken_from_freelist: 4892.
num_chunk_merges: 3.
num_chunk_splits: 3545.
num_chunks_enlarged: 2713.
num_purges: 0.
num_inconsistent_stats: 0.

CodeHeap 'non-profiled nmethods': size=120000Kb used=5049Kb max_used=5245Kb free=114950Kb
 bounds [0x0000024707ad0000, 0x0000024707ff0000, 0x000002470f000000]
CodeHeap 'profiled nmethods': size=120000Kb used=15298Kb max_used=15819Kb free=104701Kb
 bounds [0x0000024700000000, 0x0000024700f90000, 0x0000024707530000]
CodeHeap 'non-nmethods': size=5760Kb used=2440Kb max_used=2505Kb free=3319Kb
 bounds [0x0000024707530000, 0x00000247077c0000, 0x0000024707ad0000]
 total_blobs=8994 nmethods=8010 adapters=894
 compilation: enabled
              stopped_count=0, restarted_count=0
 full_count=0

Compilation events (20 events):
Event: 8.967 Thread 0x0000024717885b50 nmethod 9507 0x000002470054b510 code [0x000002470054b760, 0x000002470054bc28]
Event: 8.967 Thread 0x0000024717885b50 9505       2       org.jetbrains.kotlin.cli.jvm.compiler.KotlinCliJavaFileManagerImpl$findClasses$1$$special$$inlined$forEachClassId$lambda$1::invoke (16 bytes)
Event: 8.967 Thread 0x0000024717885b50 nmethod 9505 0x00000247005d8010 code [0x00000247005d81c0, 0x00000247005d8368]
Event: 8.967 Thread 0x0000024717885b50 9506       2       org.jetbrains.kotlin.cli.jvm.compiler.KotlinCliJavaFileManagerImpl$findClasses$1$$special$$inlined$forEachClassId$lambda$1::invoke (102 bytes)
Event: 8.969 Thread 0x0000024717885b50 nmethod 9506 0x00000247007ed890 code [0x00000247007edae0, 0x00000247007ee078]
Event: 8.969 Thread 0x0000024717885b50 9508       1       org.jetbrains.kotlin.types.SimpleTypeImpl::getConstructor (5 bytes)
Event: 8.969 Thread 0x0000024717885b50 nmethod 9508 0x0000024707dc4610 code [0x0000024707dc47a0, 0x0000024707dc4878]
Event: 8.972 Thread 0x0000024717885b50 9509       2       java.lang.StringConcatHelper::prepend (22 bytes)
Event: 8.973 Thread 0x0000024717885b50 nmethod 9509 0x00000247005ee210 code [0x00000247005ee3c0, 0x00000247005ee4f8]
Event: 8.973 Thread 0x0000024721060230 nmethod 9454 0x0000024707f67790 code [0x0000024707f679e0, 0x0000024707f68240]
Event: 8.974 Thread 0x0000024721060230 9455       4       org.jetbrains.kotlin.protobuf.GeneratedMessageLite$ExtendableMessage$ExtensionWriter::writeUntil (140 bytes)
Event: 8.989 Thread 0x0000024717885b50 9510   !   2       sun.nio.cs.StreamDecoder::readBytes (271 bytes)
Event: 8.991 Thread 0x0000024717885b50 nmethod 9510 0x0000024700982e90 code [0x0000024700983140, 0x0000024700983848]
Event: 8.991 Thread 0x0000024717885b50 9511       2       java.nio.HeapByteBuffer::compact (85 bytes)
Event: 8.991 Thread 0x0000024717885b50 nmethod 9511 0x000002470084a190 code [0x000002470084a340, 0x000002470084a588]
Event: 9.009 Thread 0x0000024721060230 nmethod 9455 0x0000024707cb8990 code [0x0000024707cb8bc0, 0x0000024707cb9798]
Event: 9.010 Thread 0x0000024721060230 9453       4       org.jetbrains.kotlin.protobuf.CodedOutputStream::writeInt32 (12 bytes)
Event: 9.016 Thread 0x0000024721060230 nmethod 9453 0x0000024707d48190 code [0x0000024707d48320, 0x0000024707d48678]
Event: 9.016 Thread 0x0000024721060230 9435       4       org.jetbrains.kotlin.protobuf.CodedOutputStream::writeRawBytes (157 bytes)
Event: 9.018 Thread 0x0000024721060230 nmethod 9435 0x0000024707d47b10 code [0x0000024707d47ca0, 0x0000024707d47f18]

GC Heap History (20 events):
Event: 6.060 GC heap before
{Heap before GC invocations=41 (full 0):
 garbage-first heap   total 196608K, used 138210K [0x0000000080000000, 0x0000000100000000)
  region size 1024K, 37 young (37888K), 1 survivors (1024K)
 Metaspace       used 75498K, committed 76160K, reserved 1122304K
  class space    used 10159K, committed 10432K, reserved 1048576K
}
Event: 6.062 GC heap after
{Heap after GC invocations=42 (full 0):
 garbage-first heap   total 196608K, used 102878K [0x0000000080000000, 0x0000000100000000)
  region size 1024K, 3 young (3072K), 3 survivors (3072K)
 Metaspace       used 75498K, committed 76160K, reserved 1122304K
  class space    used 10159K, committed 10432K, reserved 1048576K
}
Event: 6.366 GC heap before
{Heap before GC invocations=43 (full 0):
 garbage-first heap   total 196608K, used 146910K [0x0000000080000000, 0x0000000100000000)
  region size 1024K, 42 young (43008K), 3 survivors (3072K)
 Metaspace       used 78869K, committed 79488K, reserved 1122304K
  class space    used 10620K, committed 10880K, reserved 1048576K
}
Event: 6.368 GC heap after
{Heap after GC invocations=44 (full 0):
 garbage-first heap   total 196608K, used 109065K [0x0000000080000000, 0x0000000100000000)
  region size 1024K, 5 young (5120K), 5 survivors (5120K)
 Metaspace       used 78869K, committed 79488K, reserved 1122304K
  class space    used 10620K, committed 10880K, reserved 1048576K
}
Event: 6.393 GC heap before
{Heap before GC invocations=44 (full 0):
 garbage-first heap   total 196608K, used 113161K [0x0000000080000000, 0x0000000100000000)
  region size 1024K, 9 young (9216K), 5 survivors (5120K)
 Metaspace       used 79383K, committed 80064K, reserved 1122304K
  class space    used 10693K, committed 11008K, reserved 1048576K
}
Event: 6.396 GC heap after
{Heap after GC invocations=45 (full 0):
 garbage-first heap   total 196608K, used 109126K [0x0000000080000000, 0x0000000100000000)
  region size 1024K, 1 young (1024K), 1 survivors (1024K)
 Metaspace       used 79383K, committed 80064K, reserved 1122304K
  class space    used 10693K, committed 11008K, reserved 1048576K
}
Event: 6.735 GC heap before
{Heap before GC invocations=45 (full 0):
 garbage-first heap   total 196608K, used 148038K [0x0000000080000000, 0x0000000100000000)
  region size 1024K, 40 young (40960K), 1 survivors (1024K)
 Metaspace       used 82512K, committed 83136K, reserved 1122304K
  class space    used 11102K, committed 11392K, reserved 1048576K
}
Event: 6.737 GC heap after
{Heap after GC invocations=46 (full 0):
 garbage-first heap   total 318464K, used 110860K [0x0000000080000000, 0x0000000100000000)
  region size 1024K, 3 young (3072K), 3 survivors (3072K)
 Metaspace       used 82512K, committed 83136K, reserved 1122304K
  class space    used 11102K, committed 11392K, reserved 1048576K
}
Event: 7.519 GC heap before
{Heap before GC invocations=47 (full 0):
 garbage-first heap   total 318464K, used 233740K [0x0000000080000000, 0x0000000100000000)
  region size 1024K, 116 young (118784K), 3 survivors (3072K)
 Metaspace       used 94915K, committed 95680K, reserved 1138688K
  class space    used 13112K, committed 13440K, reserved 1048576K
}
Event: 7.527 GC heap after
{Heap after GC invocations=48 (full 0):
 garbage-first heap   total 318464K, used 124022K [0x0000000080000000, 0x0000000100000000)
  region size 1024K, 15 young (15360K), 15 survivors (15360K)
 Metaspace       used 94915K, committed 95680K, reserved 1138688K
  class space    used 13112K, committed 13440K, reserved 1048576K
}
Event: 7.529 GC heap before
{Heap before GC invocations=48 (full 0):
 garbage-first heap   total 318464K, used 124022K [0x0000000080000000, 0x0000000100000000)
  region size 1024K, 16 young (16384K), 15 survivors (15360K)
 Metaspace       used 94915K, committed 95680K, reserved 1138688K
  class space    used 13112K, committed 13440K, reserved 1048576K
}
Event: 7.534 GC heap after
{Heap after GC invocations=49 (full 0):
 garbage-first heap   total 318464K, used 125861K [0x0000000080000000, 0x0000000100000000)
  region size 1024K, 2 young (2048K), 2 survivors (2048K)
 Metaspace       used 94915K, committed 95680K, reserved 1138688K
  class space    used 13112K, committed 13440K, reserved 1048576K
}
Event: 7.898 GC heap before
{Heap before GC invocations=49 (full 0):
 garbage-first heap   total 318464K, used 208805K [0x0000000080000000, 0x0000000100000000)
  region size 1024K, 84 young (86016K), 2 survivors (2048K)
 Metaspace       used 99142K, committed 99904K, reserved 1138688K
  class space    used 13618K, committed 13952K, reserved 1048576K
}
Event: 7.905 GC heap after
{Heap after GC invocations=50 (full 0):
 garbage-first heap   total 318464K, used 140984K [0x0000000080000000, 0x0000000100000000)
  region size 1024K, 16 young (16384K), 16 survivors (16384K)
 Metaspace       used 99142K, committed 99904K, reserved 1138688K
  class space    used 13618K, committed 13952K, reserved 1048576K
}
Event: 8.596 GC heap before
{Heap before GC invocations=51 (full 0):
 garbage-first heap   total 318464K, used 244408K [0x0000000080000000, 0x0000000100000000)
  region size 1024K, 110 young (112640K), 16 survivors (16384K)
 Metaspace       used 108738K, committed 109440K, reserved 1146880K
  class space    used 14625K, committed 14976K, reserved 1048576K
}
Event: 8.603 GC heap after
{Heap after GC invocations=52 (full 0):
 garbage-first heap   total 318464K, used 155933K [0x0000000080000000, 0x0000000100000000)
  region size 1024K, 8 young (8192K), 8 survivors (8192K)
 Metaspace       used 108738K, committed 109440K, reserved 1146880K
  class space    used 14625K, committed 14976K, reserved 1048576K
}
Event: 8.649 GC heap before
{Heap before GC invocations=52 (full 0):
 garbage-first heap   total 318464K, used 163101K [0x0000000080000000, 0x0000000100000000)
  region size 1024K, 15 young (15360K), 8 survivors (8192K)
 Metaspace       used 109363K, committed 110080K, reserved 1146880K
  class space    used 14701K, committed 15040K, reserved 1048576K
}
Event: 8.653 GC heap after
{Heap after GC invocations=53 (full 0):
 garbage-first heap   total 318464K, used 157985K [0x0000000080000000, 0x0000000100000000)
  region size 1024K, 2 young (2048K), 2 survivors (2048K)
 Metaspace       used 109363K, committed 110080K, reserved 1146880K
  class space    used 14701K, committed 15040K, reserved 1048576K
}
Event: 8.899 GC heap before
{Heap before GC invocations=53 (full 0):
 garbage-first heap   total 318464K, used 186657K [0x0000000080000000, 0x0000000100000000)
  region size 1024K, 31 young (31744K), 2 survivors (2048K)
 Metaspace       used 113381K, committed 114112K, reserved 1155072K
  class space    used 15212K, committed 15552K, reserved 1048576K
}
Event: 8.900 GC heap after
{Heap after GC invocations=54 (full 0):
 garbage-first heap   total 318464K, used 158736K [0x0000000080000000, 0x0000000100000000)
  region size 1024K, 3 young (3072K), 3 survivors (3072K)
 Metaspace       used 113381K, committed 114112K, reserved 1155072K
  class space    used 15212K, committed 15552K, reserved 1048576K
}

Dll operation events (3 events):
Event: 0.005 Loaded shared library C:\Program Files\Android\Android Studio\jbr\bin\java.dll
Event: 0.092 Loaded shared library C:\Program Files\Android\Android Studio\jbr\bin\zip.dll
Event: 0.273 Loaded shared library C:\Program Files\Android\Android Studio\jbr\bin\verify.dll

Deoptimization events (20 events):
Event: 8.538 Thread 0x0000024718cab8c0 Uncommon trap: trap_request=0xffffffc6 fr.pc=0x0000024707fbcff4 relative=0x0000000000000974
Event: 8.538 Thread 0x0000024718cab8c0 Uncommon trap: reason=bimorphic_or_optimized_type_check action=maybe_recompile pc=0x0000024707fbcff4 method=org.jetbrains.kotlin.protobuf.CodedInputStream.tryRefillBuffer(I)Z @ 177 c2
Event: 8.538 Thread 0x0000024718cab8c0 DEOPT PACKING pc=0x0000024707fbcff4 sp=0x0000004b20df4140
Event: 8.538 Thread 0x0000024718cab8c0 DEOPT UNPACKING pc=0x00000247075869a3 sp=0x0000004b20df4038 mode 2
Event: 8.539 Thread 0x0000024718cab8c0 Uncommon trap: trap_request=0xffffffc6 fr.pc=0x0000024707fbcff4 relative=0x0000000000000974
Event: 8.539 Thread 0x0000024718cab8c0 Uncommon trap: reason=bimorphic_or_optimized_type_check action=maybe_recompile pc=0x0000024707fbcff4 method=org.jetbrains.kotlin.protobuf.CodedInputStream.tryRefillBuffer(I)Z @ 177 c2
Event: 8.539 Thread 0x0000024718cab8c0 DEOPT PACKING pc=0x0000024707fbcff4 sp=0x0000004b20df4140
Event: 8.539 Thread 0x0000024718cab8c0 DEOPT UNPACKING pc=0x00000247075869a3 sp=0x0000004b20df4038 mode 2
Event: 8.544 Thread 0x0000024718cab8c0 Uncommon trap: trap_request=0xffffff45 fr.pc=0x0000024707fa8204 relative=0x00000000000005c4
Event: 8.544 Thread 0x0000024718cab8c0 Uncommon trap: reason=unstable_if action=reinterpret pc=0x0000024707fa8204 method=org.jetbrains.org.objectweb.asm.ClassReader.readUtf(II[C)Ljava/lang/String; @ 41 c2
Event: 8.544 Thread 0x0000024718cab8c0 DEOPT PACKING pc=0x0000024707fa8204 sp=0x0000004b20df3760
Event: 8.544 Thread 0x0000024718cab8c0 DEOPT UNPACKING pc=0x00000247075869a3 sp=0x0000004b20df3708 mode 2
Event: 8.544 Thread 0x0000024718cab8c0 Uncommon trap: trap_request=0xffffffc6 fr.pc=0x0000024707fbaa70 relative=0x0000000000000610
Event: 8.544 Thread 0x0000024718cab8c0 Uncommon trap: reason=bimorphic_or_optimized_type_check action=maybe_recompile pc=0x0000024707fbaa70 method=org.jetbrains.kotlin.protobuf.CodedInputStream.tryRefillBuffer(I)Z @ 177 c2
Event: 8.544 Thread 0x0000024718cab8c0 DEOPT PACKING pc=0x0000024707fbaa70 sp=0x0000004b20df3a10
Event: 8.544 Thread 0x0000024718cab8c0 DEOPT UNPACKING pc=0x00000247075869a3 sp=0x0000004b20df3958 mode 2
Event: 8.835 Thread 0x0000024718cab8c0 Uncommon trap: trap_request=0xffffff45 fr.pc=0x0000024707efb37c relative=0x00000000000000dc
Event: 8.835 Thread 0x0000024718cab8c0 Uncommon trap: reason=unstable_if action=reinterpret pc=0x0000024707efb37c method=java.text.StringCharacterIterator.current()C @ 19 c2
Event: 8.835 Thread 0x0000024718cab8c0 DEOPT PACKING pc=0x0000024707efb37c sp=0x0000004b20df1cc0
Event: 8.835 Thread 0x0000024718cab8c0 DEOPT UNPACKING pc=0x00000247075869a3 sp=0x0000004b20df1c58 mode 2

Classes unloaded (0 events):
No events

Classes redefined (0 events):
No events

Internal exceptions (20 events):
Event: 6.363 Thread 0x0000024718cab8c0 Implicit null exception at 0x0000024707b124d5 to 0x0000024707b12ae0
Event: 6.423 Thread 0x0000024718cab8c0 Implicit null exception at 0x0000024707b28d52 to 0x0000024707b29328
Event: 6.657 Thread 0x0000024718cab8c0 Exception <a 'java/lang/NoSuchMethodError'{0x0000000089fd1488}: 'void java.lang.invoke.DirectMethodHandle$Holder.invokeVirtual(java.lang.Object, java.lang.Object)'> (0x0000000089fd1488) 
thrown [s\src\hotspot\share\interpreter\linkResolver.cpp, line 771]
Event: 6.782 Thread 0x0000024718cab8c0 Exception <a 'sun/nio/fs/WindowsException'{0x00000000933b1f28}> (0x00000000933b1f28) 
thrown [s\src\hotspot\share\prims\jni.cpp, line 517]
Event: 6.782 Thread 0x0000024718cab8c0 Exception <a 'sun/nio/fs/WindowsException'{0x00000000933b3ce0}> (0x00000000933b3ce0) 
thrown [s\src\hotspot\share\prims\jni.cpp, line 517]
Event: 6.822 Thread 0x0000024718cab8c0 Exception <a 'java/lang/NoSuchMethodError'{0x0000000092d42a50}: 'java.lang.Object java.lang.invoke.DirectMethodHandle$Holder.invokeStaticInit(java.lang.Object, int)'> (0x0000000092d42a50) 
thrown [s\src\hotspot\share\interpreter\linkResolver.cpp, line 771]
Event: 6.838 Thread 0x0000024718cab8c0 Exception <a 'java/lang/NoSuchMethodError'{0x0000000092b8a8f0}: 'long java.lang.invoke.DirectMethodHandle$Holder.invokeStatic(java.lang.Object)'> (0x0000000092b8a8f0) 
thrown [s\src\hotspot\share\interpreter\linkResolver.cpp, line 771]
Event: 6.838 Thread 0x0000024718cab8c0 Exception <a 'java/lang/NoSuchMethodError'{0x0000000092b8f738}: 'long java.lang.invoke.DirectMethodHandle$Holder.invokeStaticInit(java.lang.Object)'> (0x0000000092b8f738) 
thrown [s\src\hotspot\share\interpreter\linkResolver.cpp, line 771]
Event: 6.885 Thread 0x0000024718cab8c0 Exception <a 'java/lang/NoSuchMethodError'{0x00000000925cc4b0}: 'long java.lang.invoke.Invokers$Holder.invoke_MT(java.lang.Object, java.lang.Object, java.lang.Object, java.lang.Object)'> (0x00000000925cc4b0) 
thrown [s\src\hotspot\share\interpreter\linkResolver.cpp, line 771]
Event: 6.885 Thread 0x0000024718cab8c0 Exception <a 'java/lang/NoSuchMethodError'{0x00000000925d5a58}: 'int java.lang.invoke.Invokers$Holder.invoke_MT(java.lang.Object, java.lang.Object, java.lang.Object, java.lang.Object)'> (0x00000000925d5a58) 
thrown [s\src\hotspot\share\interpreter\linkResolver.cpp, line 771]
Event: 6.886 Thread 0x0000024718cab8c0 Exception <a 'java/lang/NoSuchMethodError'{0x00000000925e6858}: 'void java.lang.invoke.DelegatingMethodHandle$Holder.reinvoke_L(java.lang.Object, java.lang.Object, java.lang.Object, long, java.lang.Object)'> (0x00000000925e6858) 
thrown [s\src\hotspot\share\interpreter\linkResolver.cpp, line 771]
Event: 6.886 Thread 0x0000024718cab8c0 Exception <a 'java/lang/NoSuchMethodError'{0x00000000925ef310}: 'java.lang.Object java.lang.invoke.DirectMethodHandle$Holder.invokeSpecial(java.lang.Object, java.lang.Object, java.lang.Object, java.lang.Object, long)'> (0x00000000925ef310) 
thrown [s\src\hotspot\share\interpreter\linkResolver.cpp, line 771]
Event: 6.887 Thread 0x0000024718cab8c0 Exception <a 'java/lang/NoSuchMethodError'{0x00000000925ffc00}: 'int java.lang.invoke.DelegatingMethodHandle$Holder.reinvoke_L(java.lang.Object, java.lang.Object, java.lang.Object, long, java.lang.Object, java.lang.Object)'> (0x00000000925ffc00) 
thrown [s\src\hotspot\share\interpreter\linkResolver.cpp, line 771]
Event: 6.888 Thread 0x0000024718cab8c0 Exception <a 'java/lang/NoSuchMethodError'{0x00000000924102b8}: 'int java.lang.invoke.DelegatingMethodHandle$Holder.reinvoke_L(java.lang.Object, java.lang.Object, java.lang.Object, long, int, int)'> (0x00000000924102b8) 
thrown [s\src\hotspot\share\interpreter\linkResolver.cpp, line 771]
Event: 6.889 Thread 0x0000024718cab8c0 Exception <a 'java/lang/NoSuchMethodError'{0x0000000092420228}: 'int java.lang.invoke.DelegatingMethodHandle$Holder.reinvoke_L(java.lang.Object, java.lang.Object, java.lang.Object, long, long, long)'> (0x0000000092420228) 
thrown [s\src\hotspot\share\interpreter\linkResolver.cpp, line 771]
Event: 6.889 Thread 0x0000024718cab8c0 Exception <a 'java/lang/NoSuchMethodError'{0x000000009242fe80}: 'int java.lang.invoke.DelegatingMethodHandle$Holder.reinvoke_L(java.lang.Object, java.lang.Object, java.lang.Object, long, int)'> (0x000000009242fe80) 
thrown [s\src\hotspot\share\interpreter\linkResolver.cpp, line 771]
Event: 7.341 Thread 0x0000024718cab8c0 Exception <a 'java/lang/NoSuchMethodError'{0x000000008f0b7270}: 'java.lang.Object java.lang.invoke.Invokers$Holder.invokeExact_MT(java.lang.Object, java.lang.Object, long, java.lang.Object)'> (0x000000008f0b7270) 
thrown [s\src\hotspot\share\interpreter\linkResolver.cpp, line 771]
Event: 7.362 Thread 0x0000024718cab8c0 Exception <a 'java/lang/NoSuchMethodError'{0x000000008ed2ffe8}: 'java.lang.Object java.lang.invoke.Invokers$Holder.invoke_MT(java.lang.Object, java.lang.Object, java.lang.Object)'> (0x000000008ed2ffe8) 
thrown [s\src\hotspot\share\interpreter\linkResolver.cpp, line 771]
Event: 7.502 Thread 0x0000024718cab8c0 Implicit null exception at 0x0000024707f61b58 to 0x0000024707f63c58
Event: 8.794 Thread 0x0000024718cab8c0 Exception <a 'java/lang/NoSuchMethodError'{0x000000009232a860}: 'java.lang.Object java.lang.invoke.DirectMethodHandle$Holder.invokeStatic(java.lang.Object, java.lang.Object, java.lang.Object, java.lang.Object, int)'> (0x000000009232a860) 
thrown [s\src\hotspot\share\interpreter\linkResolver.cpp, line 771]

VM Operations (20 events):
Event: 8.518 Executing VM operation: HandshakeAllThreads
Event: 8.518 Executing VM operation: HandshakeAllThreads done
Event: 8.529 Executing VM operation: HandshakeAllThreads
Event: 8.529 Executing VM operation: HandshakeAllThreads done
Event: 8.534 Executing VM operation: HandshakeAllThreads
Event: 8.534 Executing VM operation: HandshakeAllThreads done
Event: 8.596 Executing VM operation: G1CollectForAllocation
Event: 8.603 Executing VM operation: G1CollectForAllocation done
Event: 8.631 Executing VM operation: HandshakeAllThreads
Event: 8.631 Executing VM operation: HandshakeAllThreads done
Event: 8.649 Executing VM operation: G1CollectForAllocation
Event: 8.653 Executing VM operation: G1CollectForAllocation done
Event: 8.824 Executing VM operation: HandshakeAllThreads
Event: 8.824 Executing VM operation: HandshakeAllThreads done
Event: 8.898 Executing VM operation: G1TryInitiateConcMark
Event: 8.901 Executing VM operation: G1TryInitiateConcMark done
Event: 8.947 Executing VM operation: G1Concurrent
Event: 8.952 Executing VM operation: G1Concurrent done
Event: 8.976 Executing VM operation: G1Concurrent
Event: 8.988 Executing VM operation: G1Concurrent done

Events (20 events):
Event: 8.445 Thread 0x0000024717886ce0 flushing nmethod 0x0000024700e76c10
Event: 8.445 Thread 0x0000024717886ce0 flushing nmethod 0x0000024700e77290
Event: 8.445 Thread 0x0000024717886ce0 flushing nmethod 0x0000024700e79e90
Event: 8.445 Thread 0x0000024717886ce0 flushing nmethod 0x0000024700e7c010
Event: 8.570 loading class java/text/StringCharacterIterator
Event: 8.570 loading class java/text/StringCharacterIterator done
Event: 8.589 loading class java/io/NotSerializableException
Event: 8.589 loading class java/io/NotSerializableException done
Event: 8.630 loading class java/util/AbstractList$ListItr
Event: 8.630 loading class java/util/AbstractList$ListItr done
Event: 8.758 loading class java/util/function/IntUnaryOperator
Event: 8.758 loading class java/util/function/IntUnaryOperator done
Event: 8.782 loading class java/util/AbstractList$SubList
Event: 8.782 loading class java/util/AbstractList$SubList done
Event: 8.782 loading class java/util/AbstractList$SubList$1
Event: 8.782 loading class java/util/AbstractList$SubList$1 done
Event: 8.806 Thread 0x0000024721061b80 Thread exited: 0x0000024721061b80
Event: 8.806 Thread 0x0000024721060740 Thread exited: 0x0000024721060740
Event: 8.917 Thread 0x0000024721060230 Thread added: 0x0000024721060230
Event: 8.920 Thread 0x000002472105dec0 Thread added: 0x000002472105dec0


Dynamic libraries:
0x00007ff68b030000 - 0x00007ff68b03a000 	C:\Program Files\Android\Android Studio\jbr\bin\java.exe
0x00007ffef7170000 - 0x00007ffef7387000 	C:\WINDOWS\SYSTEM32\ntdll.dll
0x00007ffef5f20000 - 0x00007ffef5fe4000 	C:\WINDOWS\System32\KERNEL32.DLL
0x00007ffef4a30000 - 0x00007ffef4dd6000 	C:\WINDOWS\System32\KERNELBASE.dll
0x00007ffef4570000 - 0x00007ffef4681000 	C:\WINDOWS\System32\ucrtbase.dll
0x00007ffee0e50000 - 0x00007ffee0e67000 	C:\Program Files\Android\Android Studio\jbr\bin\jli.dll
0x00007ffeeb520000 - 0x00007ffeeb53b000 	C:\Program Files\Android\Android Studio\jbr\bin\VCRUNTIME140.dll
0x00007ffef52d0000 - 0x00007ffef547d000 	C:\WINDOWS\System32\USER32.dll
0x00007ffef4ea0000 - 0x00007ffef4ec6000 	C:\WINDOWS\System32\win32u.dll
0x00007ffeda580000 - 0x00007ffeda813000 	C:\WINDOWS\WinSxS\amd64_microsoft.windows.common-controls_6595b64144ccf1df_6.0.22621.2361_none_2712ced57382f843\COMCTL32.dll
0x00007ffef6b60000 - 0x00007ffef6b89000 	C:\WINDOWS\System32\GDI32.dll
0x00007ffef6d30000 - 0x00007ffef6dd7000 	C:\WINDOWS\System32\msvcrt.dll
0x00007ffef4800000 - 0x00007ffef4918000 	C:\WINDOWS\System32\gdi32full.dll
0x00007ffef4990000 - 0x00007ffef4a2a000 	C:\WINDOWS\System32\msvcp_win.dll
0x00007ffef5ee0000 - 0x00007ffef5f11000 	C:\WINDOWS\System32\IMM32.DLL
0x00007ffeef8b0000 - 0x00007ffeef8bc000 	C:\Program Files\Android\Android Studio\jbr\bin\vcruntime140_1.dll
0x00007ffeeb490000 - 0x00007ffeeb51d000 	C:\Program Files\Android\Android Studio\jbr\bin\msvcp140.dll
0x00007ffe6f200000 - 0x00007ffe6fe6e000 	C:\Program Files\Android\Android Studio\jbr\bin\server\jvm.dll
0x00007ffef5ff0000 - 0x00007ffef60a0000 	C:\WINDOWS\System32\ADVAPI32.dll
0x00007ffef50b0000 - 0x00007ffef5156000 	C:\WINDOWS\System32\sechost.dll
0x00007ffef4f90000 - 0x00007ffef50a7000 	C:\WINDOWS\System32\RPCRT4.dll
0x00007ffee4a80000 - 0x00007ffee4ab4000 	C:\WINDOWS\SYSTEM32\WINMM.dll
0x00007ffeedf70000 - 0x00007ffeedf7a000 	C:\WINDOWS\SYSTEM32\VERSION.dll
0x00007ffef17b0000 - 0x00007ffef17b9000 	C:\WINDOWS\SYSTEM32\WSOCK32.dll
0x00007ffef6c90000 - 0x00007ffef6d01000 	C:\WINDOWS\System32\WS2_32.dll
0x00007ffef34d0000 - 0x00007ffef34e8000 	C:\WINDOWS\SYSTEM32\kernel.appcore.dll
0x00007ffef1800000 - 0x00007ffef180a000 	C:\Program Files\Android\Android Studio\jbr\bin\jimage.dll
0x00007ffee4770000 - 0x00007ffee499e000 	C:\WINDOWS\SYSTEM32\DBGHELP.DLL
0x00007ffef67d0000 - 0x00007ffef6b5a000 	C:\WINDOWS\System32\combase.dll
0x00007ffef7040000 - 0x00007ffef7117000 	C:\WINDOWS\System32\OLEAUT32.dll
0x00007ffee4b30000 - 0x00007ffee4b62000 	C:\WINDOWS\SYSTEM32\dbgcore.DLL
0x00007ffef44f0000 - 0x00007ffef456a000 	C:\WINDOWS\System32\bcryptPrimitives.dll
0x00007ffee3ac0000 - 0x00007ffee3ace000 	C:\Program Files\Android\Android Studio\jbr\bin\instrument.dll
0x00007ffeef870000 - 0x00007ffeef895000 	C:\Program Files\Android\Android Studio\jbr\bin\java.dll
0x00007ffee5830000 - 0x00007ffee5848000 	C:\Program Files\Android\Android Studio\jbr\bin\zip.dll
0x00007ffef5680000 - 0x00007ffef5ed8000 	C:\WINDOWS\System32\SHELL32.dll
0x00007ffef2450000 - 0x00007ffef2d42000 	C:\WINDOWS\SYSTEM32\windows.storage.dll
0x00007ffef2310000 - 0x00007ffef244e000 	C:\WINDOWS\SYSTEM32\wintypes.dll
0x00007ffef6b90000 - 0x00007ffef6c83000 	C:\WINDOWS\System32\SHCORE.dll
0x00007ffef4f30000 - 0x00007ffef4f8e000 	C:\WINDOWS\System32\shlwapi.dll
0x00007ffef4420000 - 0x00007ffef4446000 	C:\WINDOWS\SYSTEM32\profapi.dll
0x00007ffee3e80000 - 0x00007ffee3e99000 	C:\Program Files\Android\Android Studio\jbr\bin\net.dll
0x00007ffeed9a0000 - 0x00007ffeedad7000 	C:\WINDOWS\SYSTEM32\WINHTTP.dll
0x00007ffef39b0000 - 0x00007ffef3a19000 	C:\WINDOWS\system32\mswsock.dll
0x00007ffee3e60000 - 0x00007ffee3e76000 	C:\Program Files\Android\Android Studio\jbr\bin\nio.dll
0x00007ffef1780000 - 0x00007ffef1790000 	C:\Program Files\Android\Android Studio\jbr\bin\verify.dll
0x00007ffeeb310000 - 0x00007ffeeb337000 	C:\Users\matel\.gradle\native\c067742578af261105cb4f569cf0c3c89f3d7b1fecec35dd04571415982c5e48\windows-amd64\native-platform.dll
0x00007ffeeae30000 - 0x00007ffeeaf74000 	C:\Users\matel\.gradle\native\38dada09dfb8b06ba9b0570ebf7e218e3eb74d4ef43ca46872605cf95ebc2f47\windows-amd64\native-platform-file-events.dll
0x00007ffee58c0000 - 0x00007ffee58c9000 	C:\Program Files\Android\Android Studio\jbr\bin\management.dll
0x00007ffee3ad0000 - 0x00007ffee3adb000 	C:\Program Files\Android\Android Studio\jbr\bin\management_ext.dll
0x00007ffef7030000 - 0x00007ffef7038000 	C:\WINDOWS\System32\PSAPI.DLL
0x00007ffef3c00000 - 0x00007ffef3c1b000 	C:\WINDOWS\SYSTEM32\CRYPTSP.dll
0x00007ffef3490000 - 0x00007ffef34c5000 	C:\WINDOWS\system32\rsaenh.dll
0x00007ffef3aa0000 - 0x00007ffef3acc000 	C:\WINDOWS\SYSTEM32\USERENV.dll
0x00007ffef3da0000 - 0x00007ffef3dc8000 	C:\WINDOWS\SYSTEM32\bcrypt.dll
0x00007ffef3c20000 - 0x00007ffef3c2c000 	C:\WINDOWS\SYSTEM32\CRYPTBASE.dll
0x00007ffef2fb0000 - 0x00007ffef2fdd000 	C:\WINDOWS\SYSTEM32\IPHLPAPI.DLL
0x00007ffef60a0000 - 0x00007ffef60a9000 	C:\WINDOWS\System32\NSI.dll
0x00007ffeed7d0000 - 0x00007ffeed7e9000 	C:\WINDOWS\SYSTEM32\dhcpcsvc6.DLL
0x00007ffeed7b0000 - 0x00007ffeed7cf000 	C:\WINDOWS\SYSTEM32\dhcpcsvc.DLL
0x00007ffef3020000 - 0x00007ffef3119000 	C:\WINDOWS\SYSTEM32\DNSAPI.dll
0x00007ffecef30000 - 0x00007ffecef38000 	C:\WINDOWS\system32\wshunix.dll

dbghelp: loaded successfully - version: 4.0.5 - missing functions: none
symbol engine: initialized successfully - sym options: 0x614 - pdb path: .;C:\Program Files\Android\Android Studio\jbr\bin;C:\WINDOWS\SYSTEM32;C:\WINDOWS\WinSxS\amd64_microsoft.windows.common-controls_6595b64144ccf1df_6.0.22621.2361_none_2712ced57382f843;C:\Program Files\Android\Android Studio\jbr\bin\server;C:\Users\matel\.gradle\native\c067742578af261105cb4f569cf0c3c89f3d7b1fecec35dd04571415982c5e48\windows-amd64;C:\Users\matel\.gradle\native\38dada09dfb8b06ba9b0570ebf7e218e3eb74d4ef43ca46872605cf95ebc2f47\windows-amd64

VM Arguments:
jvm_args: --add-opens=java.base/java.util=ALL-UNNAMED --add-opens=java.base/java.lang=ALL-UNNAMED --add-opens=java.base/java.lang.invoke=ALL-UNNAMED --add-opens=java.prefs/java.util.prefs=ALL-UNNAMED --add-opens=java.base/java.nio.charset=ALL-UNNAMED --add-opens=java.base/java.net=ALL-UNNAMED --add-opens=java.base/java.util.concurrent.atomic=ALL-UNNAMED -Xmx2048m -Dfile.encoding=UTF-8 -Duser.country=ES -Duser.language=es -Duser.variant -javaagent:C:\Users\matel\.gradle\wrapper\dists\gradle-8.4-bin\1w5dpkrfk8irigvoxmyhowfim\gradle-8.4\lib\agents\gradle-instrumentation-agent-8.4.jar 
java_command: org.gradle.launcher.daemon.bootstrap.GradleDaemon 8.4
java_class_path (initial): C:\Users\matel\.gradle\wrapper\dists\gradle-8.4-bin\1w5dpkrfk8irigvoxmyhowfim\gradle-8.4\lib\gradle-launcher-8.4.jar
Launcher Type: SUN_STANDARD

[Global flags]
     intx CICompilerCount                          = 4                                         {product} {ergonomic}
     uint ConcGCThreads                            = 3                                         {product} {ergonomic}
     uint G1ConcRefinementThreads                  = 10                                        {product} {ergonomic}
   size_t G1HeapRegionSize                         = 1048576                                   {product} {ergonomic}
    uintx GCDrainStackTargetSize                   = 64                                        {product} {ergonomic}
   size_t InitialHeapSize                          = 251658240                                 {product} {ergonomic}
   size_t MarkStackSize                            = 4194304                                   {product} {ergonomic}
   size_t MaxHeapSize                              = 2147483648                                {product} {command line}
   size_t MaxNewSize                               = 1287651328                                {product} {ergonomic}
   size_t MinHeapDeltaBytes                        = 1048576                                   {product} {ergonomic}
   size_t MinHeapSize                              = 8388608                                   {product} {ergonomic}
    uintx NonNMethodCodeHeapSize                   = 5839372                                {pd product} {ergonomic}
    uintx NonProfiledCodeHeapSize                  = 122909434                              {pd product} {ergonomic}
    uintx ProfiledCodeHeapSize                     = 122909434                              {pd product} {ergonomic}
    uintx ReservedCodeCacheSize                    = 251658240                              {pd product} {ergonomic}
     bool SegmentedCodeCache                       = true                                      {product} {ergonomic}
   size_t SoftMaxHeapSize                          = 2147483648                             {manageable} {ergonomic}
     bool UseCompressedClassPointers               = true                           {product lp64_product} {ergonomic}
     bool UseCompressedOops                        = true                           {product lp64_product} {ergonomic}
     bool UseG1GC                                  = true                                      {product} {ergonomic}
     bool UseLargePagesIndividualAllocation        = false                                  {pd product} {ergonomic}

Logging:
Log output configuration:
 #0: stdout all=warning uptime,level,tags
 #1: stderr all=off uptime,level,tags

Environment Variables:
PATH=C:\Program Files (x86)\VMware\VMware Player\bin\;C:\WINDOWS\system32;C:\WINDOWS;C:\WINDOWS\System32\Wbem;C:\WINDOWS\System32\WindowsPowerShell\v1.0\;C:\WINDOWS\System32\OpenSSH\;C:\Program Files\Microsoft VS Code\bin;C:\Users\matel\AppData\Local\Programs\Python\Python311;C:\Program Files (x86)\NVIDIA Corporation\PhysX\Common;C:\Program Files\NVIDIA Corporation\NVIDIA NvDLISR;C:\Program Files\Microsoft SQL Server\150\Tools\Binn\;C:\Program Files (x86)\Intel\Intel(R) Management Engine Components\DAL;C:\Program Files\Intel\Intel(R) Management Engine Components\DAL;C:\Program Files\Microsoft SQL Server\Client SDK\ODBC\170\Tools\Binn\;C:\Program Files\Docker\Docker\resources\bin;C:\Program Files (x86)\Microsoft SQL Server\160\Tools\Binn\;C:\Program Files\Microsoft SQL Server\160\Tools\Binn\;C:\Program Files\Microsoft SQL Server\160\DTS\Binn\;C:\Program Files (x86)\Microsoft SQL Server\160\DTS\Binn\;C:\Program Files\Azure Data Studio\bin;C:\Program Files\dotnet\;C:\Program Files\Git\cmd;C:\Users\matel\AppData\Local\Microsoft\WindowsApps;C:\Users\matel\.dotnet\tools;C:\Program Files\Azure Data Studio\bin;C:\Users\matel\AppData\Local\GitHubDesktop\bin
USERNAME=orion
OS=Windows_NT
PROCESSOR_IDENTIFIER=Intel64 Family 6 Model 158 Stepping 10, GenuineIntel
TMP=C:\Users\matel\AppData\Local\Temp
TEMP=C:\Users\matel\AppData\Local\Temp


JNI global refs:
JNI global refs: 29, weak refs: 0

JNI global refs memory usage: 843, weak refs: 841


---------------  S Y S T E M  ---------------

OS:
 Windows 11 , 64 bit Build 22621 (10.0.22621.2428)
OS uptime: 0 days 1:07 hours

CPU: total 12 (initial active 12) (6 cores per cpu, 2 threads per core) family 6 model 158 stepping 10 microcode 0xde, cx8, cmov, fxsr, ht, mmx, 3dnowpref, sse, sse2, sse3, ssse3, sse4.1, sse4.2, popcnt, lzcnt, tsc, tscinvbit, avx, avx2, aes, erms, clmul, bmi1, bmi2, rtm, adx, fma, vzeroupper, clflush, clflushopt

Memory: 4k page, system-wide physical 15289M (721M free)
TotalPageFile size 19385M (AvailPageFile size 5M)
current process WorkingSet (physical memory assigned to process): 592M, peak: 592M
current process commit charge ("private bytes"): 631M, peak: 632M

vm_info: OpenJDK 64-Bit Server VM (17.0.6+0-b2043.56-10027231) for windows-amd64 JRE (17.0.6+0-b2043.56-10027231), built on Apr 28 2023 00:43:19 by "androidbuild" with MS VC++ 16.10 / 16.11 (VS2019)

END.
