#
# There is insufficient memory for the Java Runtime Environment to continue.
# Native memory allocation (mmap) failed to map 258998272 bytes for G1 virtual space
# Possible reasons:
#   The system is out of physical RAM or swap space
#   The process is running with CompressedOops enabled, and the Java Heap may be blocking the growth of the native heap
# Possible solutions:
#   Reduce memory load on the system
#   Increase physical memory or swap space
#   Check if swap backing store is full
#   Decrease Java heap size (-Xmx/-Xms)
#   Decrease number of Java threads
#   Decrease Java thread stack sizes (-Xss)
#   Set larger code cache with -XX:ReservedCodeCacheSize=
#   JVM is running with Unscaled Compressed Oops mode in which the Java heap is
#     placed in the first 4GB address space. The Java Heap base address is the
#     maximum limit for the native heap growth. Please use -XX:HeapBaseMinAddress
#     to set the Java Heap base and to place the Java Heap above 4GB virtual address.
# This output file may be truncated or incomplete.
#
#  Out of Memory Error (os_windows.cpp:3769), pid=9220, tid=15432
#
# JRE version: OpenJDK Runtime Environment (17.0.6) (build 17.0.6+0-b2043.56-10027231)
# Java VM: OpenJDK 64-Bit Server VM (17.0.6+0-b2043.56-10027231, mixed mode, tiered, compressed oops, compressed class ptrs, g1 gc, windows-amd64)
# No core dump will be written. Minidumps are not enabled by default on client versions of Windows
#

---------------  S U M M A R Y ------------

Command Line: --add-opens=java.base/java.util=ALL-UNNAMED --add-opens=java.base/java.lang=ALL-UNNAMED --add-opens=java.base/java.lang.invoke=ALL-UNNAMED --add-opens=java.prefs/java.util.prefs=ALL-UNNAMED --add-opens=java.base/java.nio.charset=ALL-UNNAMED --add-opens=java.base/java.net=ALL-UNNAMED --add-opens=java.base/java.util.concurrent.atomic=ALL-UNNAMED -Xmx2048m -Dfile.encoding=UTF-8 -Duser.country=ES -Duser.language=es -Duser.variant -javaagent:C:\Users\matel\.gradle\wrapper\dists\gradle-8.4-bin\1w5dpkrfk8irigvoxmyhowfim\gradle-8.4\lib\agents\gradle-instrumentation-agent-8.4.jar org.gradle.launcher.daemon.bootstrap.GradleDaemon 8.4

Host: Intel(R) Core(TM) i7-8700K CPU @ 3.70GHz, 12 cores, 14G,  Windows 11 , 64 bit Build 22621 (10.0.22621.2428)
Time: Sat Oct 14 17:27:16 2023 Hora de verano GMT elapsed time: 9.166178 seconds (0d 0h 0m 9s)

---------------  T H R E A D  ---------------

Current thread (0x00000288efc7e920):  VMThread "VM Thread" [stack: 0x000000dce5800000,0x000000dce5900000] [id=15432]

Stack: [0x000000dce5800000,0x000000dce5900000]
Native frames: (J=compiled Java code, j=interpreted, Vv=VM code, C=native code)
V  [jvm.dll+0x683c9a]
V  [jvm.dll+0x8427a4]
V  [jvm.dll+0x843f9e]
V  [jvm.dll+0x844603]
V  [jvm.dll+0x249b75]
V  [jvm.dll+0x680b69]
V  [jvm.dll+0x67505a]
V  [jvm.dll+0x309acb]
V  [jvm.dll+0x310f86]
V  [jvm.dll+0x3608ee]
V  [jvm.dll+0x360b1f]
V  [jvm.dll+0x2dfbf8]
V  [jvm.dll+0x2ddec4]
V  [jvm.dll+0x2dd4cc]
V  [jvm.dll+0x321f3b]
V  [jvm.dll+0x848ccb]
V  [jvm.dll+0x849a04]
V  [jvm.dll+0x849f1d]
V  [jvm.dll+0x84a2f4]
V  [jvm.dll+0x84a3c0]
V  [jvm.dll+0x7f274a]
V  [jvm.dll+0x682ad5]
C  [ucrtbase.dll+0x29363]
C  [KERNEL32.DLL+0x1257d]
C  [ntdll.dll+0x5aa78]

VM_Operation (0x000000dce71f2590): G1CollectForAllocation, mode: safepoint, requested by thread 0x00000288f2fe1420


---------------  P R O C E S S  ---------------

Threads class SMR info:
_java_thread_list=0x00000288f40f0830, length=61, elements={
0x00000288d59ae450, 0x00000288f082ecb0, 0x00000288f0830340, 0x00000288f086a6f0,
0x00000288f086b1b0, 0x00000288f0880d00, 0x00000288f08816b0, 0x00000288f0882ba0,
0x00000288f0883590, 0x00000288f08861a0, 0x00000288f09eca90, 0x00000288f0ab7780,
0x00000288f2ec0200, 0x00000288f31eec00, 0x00000288f374f7f0, 0x00000288f2cf8020,
0x00000288f2217080, 0x00000288f36b0ae0, 0x00000288f2fe1420, 0x00000288f34cad70,
0x00000288f34c9090, 0x00000288f34c7880, 0x00000288f34c86f0, 0x00000288f34c9560,
0x00000288f34c7d50, 0x00000288f34c8220, 0x00000288f34c8bc0, 0x00000288f34c9a30,
0x00000288f34c9f00, 0x00000288f34ca8a0, 0x00000288f3693380, 0x00000288f3690d00,
0x00000288f3693850, 0x00000288f3692eb0, 0x00000288f368fe90, 0x00000288f3692510,
0x00000288f36911d0, 0x00000288f36916a0, 0x00000288f3690360, 0x00000288f3691b70,
0x00000288f3692040, 0x00000288f36929e0, 0x00000288f3690830, 0x00000288f679d840,
0x00000288f679d370, 0x00000288f67a2a10, 0x00000288f6a2db00, 0x00000288f2ddf520,
0x00000288f2ddfec0, 0x00000288f3ae9f20, 0x00000288f679f050, 0x00000288f67a0860,
0x00000288f9bd2210, 0x00000288f9bd3080, 0x00000288f9bd26e0, 0x00000288f9bd0a00,
0x00000288f9bd3550, 0x00000288f9bd2bb0, 0x00000288f9bd3a20, 0x00000288f9bd1870,
0x00000288f9bd1d40
}

Java Threads: ( => current thread )
  0x00000288d59ae450 JavaThread "main" [_thread_blocked, id=15056, stack(0x000000dce5200000,0x000000dce5300000)]
  0x00000288f082ecb0 JavaThread "Reference Handler" daemon [_thread_blocked, id=13156, stack(0x000000dce5900000,0x000000dce5a00000)]
  0x00000288f0830340 JavaThread "Finalizer" daemon [_thread_blocked, id=12900, stack(0x000000dce5a00000,0x000000dce5b00000)]
  0x00000288f086a6f0 JavaThread "Signal Dispatcher" daemon [_thread_blocked, id=3608, stack(0x000000dce5b00000,0x000000dce5c00000)]
  0x00000288f086b1b0 JavaThread "Attach Listener" daemon [_thread_blocked, id=16060, stack(0x000000dce5c00000,0x000000dce5d00000)]
  0x00000288f0880d00 JavaThread "Service Thread" daemon [_thread_blocked, id=208, stack(0x000000dce5d00000,0x000000dce5e00000)]
  0x00000288f08816b0 JavaThread "Monitor Deflation Thread" daemon [_thread_blocked, id=2908, stack(0x000000dce5e00000,0x000000dce5f00000)]
  0x00000288f0882ba0 JavaThread "C2 CompilerThread0" daemon [_thread_blocked, id=7772, stack(0x000000dce5f00000,0x000000dce6000000)]
  0x00000288f0883590 JavaThread "C1 CompilerThread0" daemon [_thread_blocked, id=6748, stack(0x000000dce6000000,0x000000dce6100000)]
  0x00000288f08861a0 JavaThread "Sweeper thread" daemon [_thread_blocked, id=10356, stack(0x000000dce6100000,0x000000dce6200000)]
  0x00000288f09eca90 JavaThread "Common-Cleaner" daemon [_thread_blocked, id=14176, stack(0x000000dce6200000,0x000000dce6300000)]
  0x00000288f0ab7780 JavaThread "Notification Thread" daemon [_thread_blocked, id=5328, stack(0x000000dce6300000,0x000000dce6400000)]
  0x00000288f2ec0200 JavaThread "Daemon health stats" [_thread_blocked, id=15040, stack(0x000000dce6b00000,0x000000dce6c00000)]
  0x00000288f31eec00 JavaThread "Incoming local TCP Connector on port 51368" [_thread_in_native, id=16316, stack(0x000000dce6c00000,0x000000dce6d00000)]
  0x00000288f374f7f0 JavaThread "Daemon periodic checks" [_thread_blocked, id=16336, stack(0x000000dce6d00000,0x000000dce6e00000)]
  0x00000288f2cf8020 JavaThread "Daemon" [_thread_blocked, id=14668, stack(0x000000dce6e00000,0x000000dce6f00000)]
  0x00000288f2217080 JavaThread "Handler for socket connection from /127.0.0.1:51368 to /127.0.0.1:51369" [_thread_in_native, id=8944, stack(0x000000dce6f00000,0x000000dce7000000)]
  0x00000288f36b0ae0 JavaThread "Cancel handler" [_thread_blocked, id=7816, stack(0x000000dce7000000,0x000000dce7100000)]
  0x00000288f2fe1420 JavaThread "Daemon worker" [_thread_blocked, id=12200, stack(0x000000dce7100000,0x000000dce7200000)]
  0x00000288f34cad70 JavaThread "Asynchronous log dispatcher for DefaultDaemonConnection: socket connection from /127.0.0.1:51368 to /127.0.0.1:51369" [_thread_blocked, id=5012, stack(0x000000dce7200000,0x000000dce7300000)]
  0x00000288f34c9090 JavaThread "Stdin handler" [_thread_blocked, id=8524, stack(0x000000dce7300000,0x000000dce7400000)]
  0x00000288f34c7880 JavaThread "Daemon client event forwarder" [_thread_blocked, id=8252, stack(0x000000dce7400000,0x000000dce7500000)]
  0x00000288f34c86f0 JavaThread "Cache worker for journal cache (C:\Users\matel\.gradle\caches\journal-1)" [_thread_blocked, id=7352, stack(0x000000dce7c00000,0x000000dce7d00000)]
  0x00000288f34c9560 JavaThread "File lock request listener" [_thread_in_native, id=11472, stack(0x000000dce7d00000,0x000000dce7e00000)]
  0x00000288f34c7d50 JavaThread "Cache worker for file hash cache (C:\Users\matel\.gradle\caches\8.4\fileHashes)" [_thread_blocked, id=3900, stack(0x000000dce7e00000,0x000000dce7f00000)]
  0x00000288f34c8220 JavaThread "File watcher server" daemon [_thread_in_native, id=16388, stack(0x000000dce7f00000,0x000000dce8000000)]
  0x00000288f34c8bc0 JavaThread "File watcher consumer" daemon [_thread_blocked, id=10752, stack(0x000000dce8000000,0x000000dce8100000)]
  0x00000288f34c9a30 JavaThread "jar transforms" [_thread_blocked, id=13132, stack(0x000000dce8100000,0x000000dce8200000)]
  0x00000288f34c9f00 JavaThread "jar transforms Thread 2" [_thread_blocked, id=16572, stack(0x000000dce8200000,0x000000dce8300000)]
  0x00000288f34ca8a0 JavaThread "jar transforms Thread 3" [_thread_blocked, id=12504, stack(0x000000dce8300000,0x000000dce8400000)]
  0x00000288f3693380 JavaThread "jar transforms Thread 4" [_thread_blocked, id=352, stack(0x000000dce8400000,0x000000dce8500000)]
  0x00000288f3690d00 JavaThread "jar transforms Thread 5" [_thread_blocked, id=2472, stack(0x000000dce8500000,0x000000dce8600000)]
  0x00000288f3693850 JavaThread "jar transforms Thread 6" [_thread_blocked, id=10624, stack(0x000000dce8600000,0x000000dce8700000)]
  0x00000288f3692eb0 JavaThread "jar transforms Thread 7" [_thread_blocked, id=16476, stack(0x000000dce8700000,0x000000dce8800000)]
  0x00000288f368fe90 JavaThread "jar transforms Thread 8" [_thread_blocked, id=16636, stack(0x000000dce8800000,0x000000dce8900000)]
  0x00000288f3692510 JavaThread "jar transforms Thread 9" [_thread_blocked, id=15348, stack(0x000000dce8900000,0x000000dce8a00000)]
  0x00000288f36911d0 JavaThread "jar transforms Thread 10" [_thread_blocked, id=13180, stack(0x000000dce8a00000,0x000000dce8b00000)]
  0x00000288f36916a0 JavaThread "jar transforms Thread 11" [_thread_blocked, id=15540, stack(0x000000dce8b00000,0x000000dce8c00000)]
  0x00000288f3690360 JavaThread "jar transforms Thread 12" [_thread_blocked, id=15368, stack(0x000000dce8c00000,0x000000dce8d00000)]
  0x00000288f3691b70 JavaThread "Cache worker for checksums cache (C:\Projects\Android\SendImage\.gradle\8.4\checksums)" [_thread_blocked, id=13960, stack(0x000000dce8d00000,0x000000dce8e00000)]
  0x00000288f3692040 JavaThread "Cache worker for file hash cache (C:\Projects\Android\SendImage\.gradle\8.4\fileHashes)" [_thread_blocked, id=1444, stack(0x000000dce8e00000,0x000000dce8f00000)]
  0x00000288f36929e0 JavaThread "Cache worker for cache directory md-supplier (C:\Users\matel\.gradle\caches\8.4\md-supplier)" [_thread_blocked, id=16048, stack(0x000000dce8f00000,0x000000dce9000000)]
  0x00000288f3690830 JavaThread "Cache worker for file content cache (C:\Users\matel\.gradle\caches\8.4\fileContent)" [_thread_blocked, id=12708, stack(0x000000dce9000000,0x000000dce9100000)]
  0x00000288f679d840 JavaThread "Cache worker for cache directory md-rule (C:\Users\matel\.gradle\caches\8.4\md-rule)" [_thread_blocked, id=13952, stack(0x000000dce9100000,0x000000dce9200000)]
  0x00000288f679d370 JavaThread "Cache worker for execution history cache (C:\Users\matel\.gradle\caches\8.4\executionHistory)" [_thread_blocked, id=12480, stack(0x000000dce9200000,0x000000dce9300000)]
  0x00000288f67a2a10 JavaThread "Cache worker for kotlin-dsl (C:\Users\matel\.gradle\caches\8.4\kotlin-dsl)" [_thread_blocked, id=16416, stack(0x000000dce9300000,0x000000dce9400000)]
  0x00000288f6a2db00 JavaThread "C2 CompilerThread1" daemon [_thread_blocked, id=3836, stack(0x000000dce6500000,0x000000dce6600000)]
  0x00000288f2ddf520 JavaThread "Cache worker for dependencies-accessors (C:\Projects\Android\SendImage\.gradle\8.4\dependencies-accessors)" [_thread_blocked, id=2164, stack(0x000000dce6600000,0x000000dce6700000)]
  0x00000288f2ddfec0 JavaThread "Cache worker for Build Output Cleanup Cache (C:\Projects\Android\SendImage\.gradle\buildOutputCleanup)" [_thread_blocked, id=13504, stack(0x000000dce9c00000,0x000000dce9d00000)]
  0x00000288f3ae9f20 JavaThread "C2 CompilerThread2" daemon [_thread_blocked, id=16560, stack(0x000000dce9d00000,0x000000dce9e00000)]
  0x00000288f679f050 JavaThread "Unconstrained build operations" [_thread_blocked, id=16404, stack(0x000000dce9e00000,0x000000dce9f00000)]
  0x00000288f67a0860 JavaThread "Unconstrained build operations Thread 2" [_thread_blocked, id=15112, stack(0x000000dce9f00000,0x000000dcea000000)]
  0x00000288f9bd2210 JavaThread "Unconstrained build operations Thread 3" [_thread_blocked, id=14000, stack(0x000000dcea000000,0x000000dcea100000)]
  0x00000288f9bd3080 JavaThread "Unconstrained build operations Thread 4" [_thread_blocked, id=15536, stack(0x000000dcea100000,0x000000dcea200000)]
  0x00000288f9bd26e0 JavaThread "Unconstrained build operations Thread 5" [_thread_blocked, id=13464, stack(0x000000dcea200000,0x000000dcea300000)]
  0x00000288f9bd0a00 JavaThread "Unconstrained build operations Thread 6" [_thread_blocked, id=15748, stack(0x000000dcea300000,0x000000dcea400000)]
  0x00000288f9bd3550 JavaThread "Unconstrained build operations Thread 7" [_thread_blocked, id=16212, stack(0x000000dcea400000,0x000000dcea500000)]
  0x00000288f9bd2bb0 JavaThread "Unconstrained build operations Thread 8" [_thread_blocked, id=6184, stack(0x000000dcea500000,0x000000dcea600000)]
  0x00000288f9bd3a20 JavaThread "Unconstrained build operations Thread 9" [_thread_blocked, id=4624, stack(0x000000dcea600000,0x000000dcea700000)]
  0x00000288f9bd1870 JavaThread "Unconstrained build operations Thread 10" [_thread_blocked, id=3748, stack(0x000000dcea700000,0x000000dcea800000)]
  0x00000288f9bd1d40 JavaThread "Unconstrained build operations Thread 11" [_thread_blocked, id=15452, stack(0x000000dcea800000,0x000000dcea900000)]

Other Threads:
=>0x00000288efc7e920 VMThread "VM Thread" [stack: 0x000000dce5800000,0x000000dce5900000] [id=15432]
  0x00000288d5a3e380 WatcherThread [stack: 0x000000dce6400000,0x000000dce6500000] [id=4112]
  0x00000288d5a06ba0 GCTaskThread "GC Thread#0" [stack: 0x000000dce5300000,0x000000dce5400000] [id=10460]
  0x00000288f14ccc30 GCTaskThread "GC Thread#1" [stack: 0x000000dce6700000,0x000000dce6800000] [id=15584]
  0x00000288f163a020 GCTaskThread "GC Thread#2" [stack: 0x000000dce6800000,0x000000dce6900000] [id=16068]
  0x00000288f163a2d0 GCTaskThread "GC Thread#3" [stack: 0x000000dce6900000,0x000000dce6a00000] [id=2464]
  0x00000288f0f5ec10 GCTaskThread "GC Thread#4" [stack: 0x000000dce6a00000,0x000000dce6b00000] [id=16664]
  0x00000288f359d7f0 GCTaskThread "GC Thread#5" [stack: 0x000000dce7500000,0x000000dce7600000] [id=15212]
  0x00000288f365f600 GCTaskThread "GC Thread#6" [stack: 0x000000dce7600000,0x000000dce7700000] [id=16656]
  0x00000288f1c56ea0 GCTaskThread "GC Thread#7" [stack: 0x000000dce7700000,0x000000dce7800000] [id=16268]
  0x00000288f22182a0 GCTaskThread "GC Thread#8" [stack: 0x000000dce7800000,0x000000dce7900000] [id=16340]
  0x00000288f23241c0 GCTaskThread "GC Thread#9" [stack: 0x000000dce7900000,0x000000dce7a00000] [id=3092]
  0x00000288d5a18af0 ConcurrentGCThread "G1 Main Marker" [stack: 0x000000dce5400000,0x000000dce5500000] [id=3348]
  0x00000288d5a19500 ConcurrentGCThread "G1 Conc#0" [stack: 0x000000dce5500000,0x000000dce5600000] [id=15924]
  0x00000288f3862d10 ConcurrentGCThread "G1 Conc#1" [stack: 0x000000dce7a00000,0x000000dce7b00000] [id=14528]
  0x00000288f2d42d30 ConcurrentGCThread "G1 Conc#2" [stack: 0x000000dce7b00000,0x000000dce7c00000] [id=11920]
  0x00000288efb03180 ConcurrentGCThread "G1 Refine#0" [stack: 0x000000dce5600000,0x000000dce5700000] [id=17352]
  0x00000288f74f8c70 ConcurrentGCThread "G1 Refine#1" [stack: 0x000000dce9400000,0x000000dce9500000] [id=16580]
  0x00000288f74f9db0 ConcurrentGCThread "G1 Refine#2" [stack: 0x000000dce9500000,0x000000dce9600000] [id=12368]
  0x00000288f74f9510 ConcurrentGCThread "G1 Refine#3" [stack: 0x000000dce9600000,0x000000dce9700000] [id=1264]
  0x00000288f74f7290 ConcurrentGCThread "G1 Refine#4" [stack: 0x000000dce9700000,0x000000dce9800000] [id=5108]
  0x00000288f74f8f50 ConcurrentGCThread "G1 Refine#5" [stack: 0x000000dce9800000,0x000000dce9900000] [id=13320]
  0x00000288f74fa090 ConcurrentGCThread "G1 Refine#6" [stack: 0x000000dce9900000,0x000000dce9a00000] [id=3876]
  0x00000288f74fa370 ConcurrentGCThread "G1 Refine#7" [stack: 0x000000dce9a00000,0x000000dce9b00000] [id=13872]
  0x00000288f74fa650 ConcurrentGCThread "G1 Refine#8" [stack: 0x000000dce9b00000,0x000000dce9c00000] [id=14584]
  0x00000288efb03ab0 ConcurrentGCThread "G1 Service" [stack: 0x000000dce5700000,0x000000dce5800000] [id=14736]

Threads with active compile tasks:
C2 CompilerThread1     9183 9472       4       org.objectweb.asm.SymbolTable::addConstantMemberReference (147 bytes)

VM state: at safepoint (normal execution)

VM Mutex/Monitor currently owned by a thread:  ([mutex/lock_event])
[0x00000288d59a9330] Threads_lock - owner thread: 0x00000288efc7e920
[0x00000288d59a9ba0] Heap_lock - owner thread: 0x00000288f2fe1420

Heap address: 0x0000000080000000, size: 2048 MB, Compressed Oops mode: 32-bit

CDS archive(s) not mapped
Compressed class space mapped at: 0x0000000100000000-0x0000000140000000, reserved size: 1073741824
Narrow klass base: 0x0000000000000000, Narrow klass shift: 3, Narrow klass range: 0x140000000

GC Precious Log:
 CPUs: 12 total, 12 available
 Memory: 15289M
 Large Page Support: Disabled
 NUMA Support: Disabled
 Compressed Oops: Enabled (32-bit)
 Heap Region Size: 1M
 Heap Min Capacity: 8M
 Heap Initial Capacity: 240M
 Heap Max Capacity: 2G
 Pre-touch: Disabled
 Parallel Workers: 10
 Concurrent Workers: 3
 Concurrent Refinement Workers: 10
 Periodic GC: Disabled

Heap:
 garbage-first heap   total 245760K, used 136911K [0x0000000080000000, 0x0000000100000000)
  region size 1024K, 2 young (2048K), 2 survivors (2048K)
 Metaspace       used 120158K, committed 120896K, reserved 1155072K
  class space    used 15711K, committed 16064K, reserved 1048576K

Heap Regions: E=young(eden), S=young(survivor), O=old, HS=humongous(starts), HC=humongous(continues), CS=collection set, F=free, OA=open archive, CA=closed archive, TAMS=top-at-mark-start (previous, next)
|   0|0x0000000080000000, 0x0000000080100000, 0x0000000080100000|100%|HS|  |TAMS 0x0000000080100000, 0x0000000080100000| Complete 
|   1|0x0000000080100000, 0x0000000080200000, 0x0000000080200000|100%|HC|  |TAMS 0x0000000080200000, 0x0000000080200000| Complete 
|   2|0x0000000080200000, 0x0000000080300000, 0x0000000080300000|100%|HC|  |TAMS 0x0000000080300000, 0x0000000080300000| Complete 
|   3|0x0000000080300000, 0x0000000080400000, 0x0000000080400000|100%|HC|  |TAMS 0x0000000080400000, 0x0000000080400000| Complete 
|   4|0x0000000080400000, 0x0000000080500000, 0x0000000080500000|100%| O|  |TAMS 0x0000000080500000, 0x0000000080500000| Untracked 
|   5|0x0000000080500000, 0x0000000080600000, 0x0000000080600000|100%| O|  |TAMS 0x0000000080600000, 0x0000000080600000| Untracked 
|   6|0x0000000080600000, 0x0000000080700000, 0x0000000080700000|100%| O|  |TAMS 0x0000000080700000, 0x0000000080700000| Untracked 
|   7|0x0000000080700000, 0x0000000080800000, 0x0000000080800000|100%| O|  |TAMS 0x0000000080800000, 0x0000000080800000| Untracked 
|   8|0x0000000080800000, 0x0000000080900000, 0x0000000080900000|100%| O|  |TAMS 0x0000000080900000, 0x0000000080900000| Untracked 
|   9|0x0000000080900000, 0x0000000080a00000, 0x0000000080a00000|100%| O|  |TAMS 0x0000000080a00000, 0x0000000080a00000| Untracked 
|  10|0x0000000080a00000, 0x0000000080b00000, 0x0000000080b00000|100%| O|  |TAMS 0x0000000080b00000, 0x0000000080b00000| Untracked 
|  11|0x0000000080b00000, 0x0000000080c00000, 0x0000000080c00000|100%| O|  |TAMS 0x0000000080c00000, 0x0000000080c00000| Untracked 
|  12|0x0000000080c00000, 0x0000000080d00000, 0x0000000080d00000|100%| O|  |TAMS 0x0000000080d00000, 0x0000000080d00000| Untracked 
|  13|0x0000000080d00000, 0x0000000080e00000, 0x0000000080e00000|100%| O|  |TAMS 0x0000000080e00000, 0x0000000080e00000| Untracked 
|  14|0x0000000080e00000, 0x0000000080f00000, 0x0000000080f00000|100%| O|  |TAMS 0x0000000080f00000, 0x0000000080f00000| Untracked 
|  15|0x0000000080f00000, 0x0000000081000000, 0x0000000081000000|100%| O|  |TAMS 0x0000000081000000, 0x0000000081000000| Untracked 
|  16|0x0000000081000000, 0x0000000081100000, 0x0000000081100000|100%| O|  |TAMS 0x0000000081100000, 0x0000000081100000| Untracked 
|  17|0x0000000081100000, 0x0000000081200000, 0x0000000081200000|100%| O|  |TAMS 0x0000000081200000, 0x0000000081200000| Untracked 
|  18|0x0000000081200000, 0x0000000081300000, 0x0000000081300000|100%| O|  |TAMS 0x0000000081300000, 0x0000000081300000| Untracked 
|  19|0x0000000081300000, 0x0000000081400000, 0x0000000081400000|100%|HS|  |TAMS 0x0000000081400000, 0x0000000081400000| Complete 
|  20|0x0000000081400000, 0x0000000081500000, 0x0000000081500000|100%|HC|  |TAMS 0x0000000081500000, 0x0000000081500000| Complete 
|  21|0x0000000081500000, 0x0000000081600000, 0x0000000081600000|100%|HS|  |TAMS 0x0000000081600000, 0x0000000081600000| Complete 
|  22|0x0000000081600000, 0x0000000081700000, 0x0000000081700000|100%|HC|  |TAMS 0x0000000081700000, 0x0000000081700000| Complete 
|  23|0x0000000081700000, 0x0000000081800000, 0x0000000081800000|100%|HC|  |TAMS 0x0000000081800000, 0x0000000081800000| Complete 
|  24|0x0000000081800000, 0x0000000081900000, 0x0000000081900000|100%|HS|  |TAMS 0x0000000081900000, 0x0000000081900000| Complete 
|  25|0x0000000081900000, 0x0000000081a00000, 0x0000000081a00000|100%|HC|  |TAMS 0x0000000081a00000, 0x0000000081a00000| Complete 
|  26|0x0000000081a00000, 0x0000000081b00000, 0x0000000081b00000|100%|HC|  |TAMS 0x0000000081b00000, 0x0000000081b00000| Complete 
|  27|0x0000000081b00000, 0x0000000081c00000, 0x0000000081c00000|100%| O|  |TAMS 0x0000000081c00000, 0x0000000081c00000| Untracked 
|  28|0x0000000081c00000, 0x0000000081d00000, 0x0000000081d00000|100%| O|  |TAMS 0x0000000081d00000, 0x0000000081d00000| Untracked 
|  29|0x0000000081d00000, 0x0000000081e00000, 0x0000000081e00000|100%|HS|  |TAMS 0x0000000081e00000, 0x0000000081e00000| Complete 
|  30|0x0000000081e00000, 0x0000000081f00000, 0x0000000081f00000|100%|HC|  |TAMS 0x0000000081f00000, 0x0000000081f00000| Complete 
|  31|0x0000000081f00000, 0x0000000082000000, 0x0000000082000000|100%|HC|  |TAMS 0x0000000082000000, 0x0000000082000000| Complete 
|  32|0x0000000082000000, 0x0000000082100000, 0x0000000082100000|100%|HC|  |TAMS 0x0000000082100000, 0x0000000082100000| Complete 
|  33|0x0000000082100000, 0x0000000082200000, 0x0000000082200000|100%|HC|  |TAMS 0x0000000082200000, 0x0000000082200000| Complete 
|  34|0x0000000082200000, 0x0000000082300000, 0x0000000082300000|100%|HC|  |TAMS 0x0000000082300000, 0x0000000082300000| Complete 
|  35|0x0000000082300000, 0x0000000082400000, 0x0000000082400000|100%|HC|  |TAMS 0x0000000082400000, 0x0000000082400000| Complete 
|  36|0x0000000082400000, 0x0000000082500000, 0x0000000082500000|100%|HC|  |TAMS 0x0000000082500000, 0x0000000082500000| Complete 
|  37|0x0000000082500000, 0x0000000082600000, 0x0000000082600000|100%|HC|  |TAMS 0x0000000082600000, 0x0000000082600000| Complete 
|  38|0x0000000082600000, 0x0000000082700000, 0x0000000082700000|100%|HC|  |TAMS 0x0000000082700000, 0x0000000082700000| Complete 
|  39|0x0000000082700000, 0x0000000082800000, 0x0000000082800000|100%|HC|  |TAMS 0x0000000082800000, 0x0000000082800000| Complete 
|  40|0x0000000082800000, 0x0000000082900000, 0x0000000082900000|100%|HC|  |TAMS 0x0000000082900000, 0x0000000082900000| Complete 
|  41|0x0000000082900000, 0x0000000082a00000, 0x0000000082a00000|100%| O|  |TAMS 0x0000000082a00000, 0x0000000082a00000| Untracked 
|  42|0x0000000082a00000, 0x0000000082b00000, 0x0000000082b00000|100%| O|  |TAMS 0x0000000082b00000, 0x0000000082b00000| Untracked 
|  43|0x0000000082b00000, 0x0000000082c00000, 0x0000000082c00000|100%| O|  |TAMS 0x0000000082c00000, 0x0000000082c00000| Untracked 
|  44|0x0000000082c00000, 0x0000000082d00000, 0x0000000082d00000|100%| O|  |TAMS 0x0000000082d00000, 0x0000000082d00000| Untracked 
|  45|0x0000000082d00000, 0x0000000082e00000, 0x0000000082e00000|100%| O|  |TAMS 0x0000000082e00000, 0x0000000082e00000| Untracked 
|  46|0x0000000082e00000, 0x0000000082f00000, 0x0000000082f00000|100%|HS|  |TAMS 0x0000000082f00000, 0x0000000082f00000| Complete 
|  47|0x0000000082f00000, 0x0000000083000000, 0x0000000083000000|100%|HC|  |TAMS 0x0000000083000000, 0x0000000083000000| Complete 
|  48|0x0000000083000000, 0x0000000083100000, 0x0000000083100000|100%| O|  |TAMS 0x0000000083100000, 0x0000000083100000| Untracked 
|  49|0x0000000083100000, 0x0000000083200000, 0x0000000083200000|100%| O|  |TAMS 0x0000000083200000, 0x0000000083200000| Untracked 
|  50|0x0000000083200000, 0x0000000083300000, 0x0000000083300000|100%| O|  |TAMS 0x0000000083300000, 0x0000000083300000| Untracked 
|  51|0x0000000083300000, 0x0000000083400000, 0x0000000083400000|100%| O|  |TAMS 0x0000000083400000, 0x0000000083400000| Untracked 
|  52|0x0000000083400000, 0x0000000083500000, 0x0000000083500000|100%| O|  |TAMS 0x0000000083500000, 0x0000000083500000| Untracked 
|  53|0x0000000083500000, 0x0000000083600000, 0x0000000083600000|100%| O|  |TAMS 0x0000000083600000, 0x0000000083600000| Untracked 
|  54|0x0000000083600000, 0x0000000083700000, 0x0000000083700000|100%| O|  |TAMS 0x0000000083700000, 0x0000000083700000| Untracked 
|  55|0x0000000083700000, 0x0000000083800000, 0x0000000083800000|100%| O|  |TAMS 0x0000000083800000, 0x0000000083800000| Untracked 
|  56|0x0000000083800000, 0x0000000083900000, 0x0000000083900000|100%|HS|  |TAMS 0x0000000083900000, 0x0000000083900000| Complete 
|  57|0x0000000083900000, 0x0000000083a00000, 0x0000000083a00000|100%|HC|  |TAMS 0x0000000083a00000, 0x0000000083a00000| Complete 
|  58|0x0000000083a00000, 0x0000000083b00000, 0x0000000083b00000|100%|HC|  |TAMS 0x0000000083b00000, 0x0000000083b00000| Complete 
|  59|0x0000000083b00000, 0x0000000083c00000, 0x0000000083c00000|100%| O|  |TAMS 0x0000000083c00000, 0x0000000083c00000| Untracked 
|  60|0x0000000083c00000, 0x0000000083d00000, 0x0000000083d00000|100%| O|  |TAMS 0x0000000083d00000, 0x0000000083d00000| Untracked 
|  61|0x0000000083d00000, 0x0000000083e00000, 0x0000000083e00000|100%| O|  |TAMS 0x0000000083e00000, 0x0000000083e00000| Untracked 
|  62|0x0000000083e00000, 0x0000000083f00000, 0x0000000083f00000|100%| O|  |TAMS 0x0000000083f00000, 0x0000000083f00000| Untracked 
|  63|0x0000000083f00000, 0x0000000084000000, 0x0000000084000000|100%| O|  |TAMS 0x0000000084000000, 0x0000000084000000| Untracked 
|  64|0x0000000084000000, 0x0000000084100000, 0x0000000084100000|100%| O|  |TAMS 0x0000000084100000, 0x0000000084100000| Untracked 
|  65|0x0000000084100000, 0x0000000084200000, 0x0000000084200000|100%| O|  |TAMS 0x0000000084200000, 0x0000000084200000| Untracked 
|  66|0x0000000084200000, 0x0000000084300000, 0x0000000084300000|100%| O|  |TAMS 0x0000000084300000, 0x0000000084300000| Untracked 
|  67|0x0000000084300000, 0x0000000084400000, 0x0000000084400000|100%| O|  |TAMS 0x0000000084400000, 0x0000000084400000| Untracked 
|  68|0x0000000084400000, 0x0000000084500000, 0x0000000084500000|100%| O|  |TAMS 0x0000000084500000, 0x0000000084500000| Untracked 
|  69|0x0000000084500000, 0x0000000084600000, 0x0000000084600000|100%| O|  |TAMS 0x0000000084600000, 0x0000000084600000| Untracked 
|  70|0x0000000084600000, 0x0000000084700000, 0x0000000084700000|100%| O|  |TAMS 0x0000000084700000, 0x0000000084700000| Untracked 
|  71|0x0000000084700000, 0x0000000084800000, 0x0000000084800000|100%| O|  |TAMS 0x0000000084800000, 0x0000000084800000| Untracked 
|  72|0x0000000084800000, 0x0000000084900000, 0x0000000084900000|100%| O|  |TAMS 0x0000000084900000, 0x0000000084900000| Untracked 
|  73|0x0000000084900000, 0x0000000084a00000, 0x0000000084a00000|100%| O|  |TAMS 0x0000000084a00000, 0x0000000084a00000| Untracked 
|  74|0x0000000084a00000, 0x0000000084b00000, 0x0000000084b00000|100%| O|  |TAMS 0x0000000084b00000, 0x0000000084b00000| Untracked 
|  75|0x0000000084b00000, 0x0000000084c00000, 0x0000000084c00000|100%| O|  |TAMS 0x0000000084c00000, 0x0000000084c00000| Untracked 
|  76|0x0000000084c00000, 0x0000000084d00000, 0x0000000084d00000|100%| O|  |TAMS 0x0000000084d00000, 0x0000000084d00000| Untracked 
|  77|0x0000000084d00000, 0x0000000084e00000, 0x0000000084e00000|100%| O|  |TAMS 0x0000000084e00000, 0x0000000084e00000| Untracked 
|  78|0x0000000084e00000, 0x0000000084f00000, 0x0000000084f00000|100%| O|  |TAMS 0x0000000084f00000, 0x0000000084f00000| Untracked 
|  79|0x0000000084f00000, 0x0000000085000000, 0x0000000085000000|100%| O|  |TAMS 0x0000000085000000, 0x0000000085000000| Untracked 
|  80|0x0000000085000000, 0x0000000085100000, 0x0000000085100000|100%|HS|  |TAMS 0x0000000085100000, 0x0000000085100000| Complete 
|  81|0x0000000085100000, 0x0000000085200000, 0x0000000085200000|100%|HC|  |TAMS 0x0000000085200000, 0x0000000085200000| Complete 
|  82|0x0000000085200000, 0x0000000085300000, 0x0000000085300000|100%|HC|  |TAMS 0x0000000085300000, 0x0000000085300000| Complete 
|  83|0x0000000085300000, 0x0000000085400000, 0x0000000085400000|100%|HC|  |TAMS 0x0000000085400000, 0x0000000085400000| Complete 
|  84|0x0000000085400000, 0x0000000085500000, 0x0000000085500000|100%|HC|  |TAMS 0x0000000085500000, 0x0000000085500000| Complete 
|  85|0x0000000085500000, 0x0000000085600000, 0x0000000085600000|100%|HC|  |TAMS 0x0000000085600000, 0x0000000085600000| Complete 
|  86|0x0000000085600000, 0x0000000085700000, 0x0000000085700000|100%|HS|  |TAMS 0x0000000085700000, 0x0000000085700000| Complete 
|  87|0x0000000085700000, 0x0000000085800000, 0x0000000085800000|100%| O|  |TAMS 0x0000000085800000, 0x0000000085800000| Untracked 
|  88|0x0000000085800000, 0x0000000085900000, 0x0000000085900000|100%| O|  |TAMS 0x0000000085900000, 0x0000000085900000| Untracked 
|  89|0x0000000085900000, 0x0000000085a00000, 0x0000000085a00000|100%| O|  |TAMS 0x0000000085a00000, 0x0000000085a00000| Untracked 
|  90|0x0000000085a00000, 0x0000000085b00000, 0x0000000085b00000|100%| O|  |TAMS 0x0000000085b00000, 0x0000000085b00000| Untracked 
|  91|0x0000000085b00000, 0x0000000085c00000, 0x0000000085c00000|100%| O|  |TAMS 0x0000000085c00000, 0x0000000085c00000| Untracked 
|  92|0x0000000085c00000, 0x0000000085d00000, 0x0000000085d00000|100%| O|  |TAMS 0x0000000085d00000, 0x0000000085d00000| Untracked 
|  93|0x0000000085d00000, 0x0000000085e00000, 0x0000000085e00000|100%| O|  |TAMS 0x0000000085e00000, 0x0000000085e00000| Untracked 
|  94|0x0000000085e00000, 0x0000000085f00000, 0x0000000085f00000|100%| O|  |TAMS 0x0000000085f00000, 0x0000000085f00000| Untracked 
|  95|0x0000000085f00000, 0x0000000086000000, 0x0000000086000000|100%| O|  |TAMS 0x0000000086000000, 0x0000000086000000| Untracked 
|  96|0x0000000086000000, 0x0000000086100000, 0x0000000086100000|100%| O|  |TAMS 0x0000000086100000, 0x0000000086100000| Untracked 
|  97|0x0000000086100000, 0x0000000086200000, 0x0000000086200000|100%| O|  |TAMS 0x0000000086200000, 0x0000000086200000| Untracked 
|  98|0x0000000086200000, 0x0000000086300000, 0x0000000086300000|100%| O|  |TAMS 0x0000000086300000, 0x0000000086300000| Untracked 
|  99|0x0000000086300000, 0x0000000086300000, 0x0000000086400000|  0%| F|  |TAMS 0x0000000086300000, 0x0000000086300000| Untracked 
| 100|0x0000000086400000, 0x0000000086500000, 0x0000000086500000|100%|HS|  |TAMS 0x0000000086400000, 0x0000000086500000| Complete 
| 101|0x0000000086500000, 0x0000000086600000, 0x0000000086600000|100%|HS|  |TAMS 0x0000000086500000, 0x0000000086600000| Complete 
| 102|0x0000000086600000, 0x0000000086700000, 0x0000000086700000|100%| O|  |TAMS 0x0000000086700000, 0x0000000086700000| Untracked 
| 103|0x0000000086700000, 0x0000000086800000, 0x0000000086800000|100%| O|  |TAMS 0x0000000086800000, 0x0000000086800000| Untracked 
| 104|0x0000000086800000, 0x0000000086900000, 0x0000000086900000|100%| O|  |TAMS 0x0000000086900000, 0x0000000086900000| Untracked 
| 105|0x0000000086900000, 0x0000000086a00000, 0x0000000086a00000|100%| O|  |TAMS 0x0000000086a00000, 0x0000000086a00000| Untracked 
| 106|0x0000000086a00000, 0x0000000086b00000, 0x0000000086b00000|100%| O|  |TAMS 0x0000000086b00000, 0x0000000086b00000| Untracked 
| 107|0x0000000086b00000, 0x0000000086c00000, 0x0000000086c00000|100%| O|  |TAMS 0x0000000086b7e200, 0x0000000086c00000| Untracked 
| 108|0x0000000086c00000, 0x0000000086d00000, 0x0000000086d00000|100%|HS|  |TAMS 0x0000000086c00000, 0x0000000086d00000| Complete 
| 109|0x0000000086d00000, 0x0000000086e00000, 0x0000000086e00000|100%|HC|  |TAMS 0x0000000086d00000, 0x0000000086e00000| Complete 
| 110|0x0000000086e00000, 0x0000000086f00000, 0x0000000086f00000|100%|HS|  |TAMS 0x0000000086e00000, 0x0000000086f00000| Complete 
| 111|0x0000000086f00000, 0x0000000087000000, 0x0000000087000000|100%|HC|  |TAMS 0x0000000086f00000, 0x0000000087000000| Complete 
| 112|0x0000000087000000, 0x0000000087100000, 0x0000000087100000|100%|HS|  |TAMS 0x0000000087000000, 0x0000000087100000| Complete 
| 113|0x0000000087100000, 0x0000000087200000, 0x0000000087200000|100%|HS|  |TAMS 0x0000000087100000, 0x0000000087200000| Complete 
| 114|0x0000000087200000, 0x0000000087300000, 0x0000000087300000|100%|HS|  |TAMS 0x0000000087200000, 0x0000000087300000| Complete 
| 115|0x0000000087300000, 0x0000000087400000, 0x0000000087400000|100%|HC|  |TAMS 0x0000000087300000, 0x0000000087400000| Complete 
| 116|0x0000000087400000, 0x0000000087500000, 0x0000000087500000|100%|HC|  |TAMS 0x0000000087400000, 0x0000000087500000| Complete 
| 117|0x0000000087500000, 0x0000000087600000, 0x0000000087600000|100%|HC|  |TAMS 0x0000000087500000, 0x0000000087600000| Complete 
| 118|0x0000000087600000, 0x0000000087700000, 0x0000000087700000|100%| O|  |TAMS 0x0000000087600000, 0x0000000087700000| Untracked 
| 119|0x0000000087700000, 0x0000000087800000, 0x0000000087800000|100%| O|  |TAMS 0x0000000087700000, 0x0000000087800000| Untracked 
| 120|0x0000000087800000, 0x0000000087900000, 0x0000000087900000|100%| O|  |TAMS 0x0000000087800000, 0x0000000087900000| Untracked 
| 121|0x0000000087900000, 0x0000000087a00000, 0x0000000087a00000|100%| O|  |TAMS 0x0000000087900000, 0x0000000087a00000| Untracked 
| 122|0x0000000087a00000, 0x0000000087b00000, 0x0000000087b00000|100%| O|  |TAMS 0x0000000087a00000, 0x0000000087b00000| Untracked 
| 123|0x0000000087b00000, 0x0000000087c00000, 0x0000000087c00000|100%| O|  |TAMS 0x0000000087b00000, 0x0000000087c00000| Untracked 
| 124|0x0000000087c00000, 0x0000000087d00000, 0x0000000087d00000|100%| O|  |TAMS 0x0000000087c00000, 0x0000000087d00000| Untracked 
| 125|0x0000000087d00000, 0x0000000087e00000, 0x0000000087e00000|100%| O|  |TAMS 0x0000000087d00000, 0x0000000087e00000| Untracked 
| 126|0x0000000087e00000, 0x0000000087f00000, 0x0000000087f00000|100%| O|  |TAMS 0x0000000087e00000, 0x0000000087f00000| Untracked 
| 127|0x0000000087f00000, 0x0000000088000000, 0x0000000088000000|100%| O|  |TAMS 0x0000000087f00000, 0x0000000088000000| Untracked 
| 128|0x0000000088000000, 0x0000000088000000, 0x0000000088100000|  0%| F|  |TAMS 0x0000000088000000, 0x0000000088000000| Untracked 
| 129|0x0000000088100000, 0x0000000088100000, 0x0000000088200000|  0%| F|  |TAMS 0x0000000088100000, 0x0000000088100000| Untracked 
| 130|0x0000000088200000, 0x0000000088200000, 0x0000000088300000|  0%| F|  |TAMS 0x0000000088200000, 0x0000000088200000| Untracked 
| 131|0x0000000088300000, 0x0000000088400000, 0x0000000088400000|100%| O|  |TAMS 0x0000000088300000, 0x0000000088400000| Untracked 
| 132|0x0000000088400000, 0x0000000088500000, 0x0000000088500000|100%| O|  |TAMS 0x0000000088400000, 0x0000000088500000| Untracked 
| 133|0x0000000088500000, 0x0000000088600000, 0x0000000088600000|100%| O|  |TAMS 0x0000000088500000, 0x0000000088600000| Untracked 
| 134|0x0000000088600000, 0x0000000088700000, 0x0000000088700000|100%| O|  |TAMS 0x0000000088600000, 0x0000000088700000| Untracked 
| 135|0x0000000088700000, 0x0000000088700000, 0x0000000088800000|  0%| F|  |TAMS 0x0000000088700000, 0x0000000088700000| Untracked 
| 136|0x0000000088800000, 0x0000000088800000, 0x0000000088900000|  0%| F|  |TAMS 0x0000000088800000, 0x0000000088800000| Untracked 
| 137|0x0000000088900000, 0x0000000088900000, 0x0000000088a00000|  0%| F|  |TAMS 0x0000000088900000, 0x0000000088900000| Untracked 
| 138|0x0000000088a00000, 0x0000000088a00000, 0x0000000088b00000|  0%| F|  |TAMS 0x0000000088a00000, 0x0000000088a00000| Untracked 
| 139|0x0000000088b00000, 0x0000000088bbfa00, 0x0000000088c00000| 74%| O|  |TAMS 0x0000000088b00000, 0x0000000088bbfa00| Untracked 
| 140|0x0000000088c00000, 0x0000000088c00000, 0x0000000088d00000|  0%| F|  |TAMS 0x0000000088c00000, 0x0000000088c00000| Untracked 
| 141|0x0000000088d00000, 0x0000000088d00000, 0x0000000088e00000|  0%| F|  |TAMS 0x0000000088d00000, 0x0000000088d00000| Untracked 
| 142|0x0000000088e00000, 0x0000000088e00000, 0x0000000088f00000|  0%| F|  |TAMS 0x0000000088e00000, 0x0000000088e00000| Untracked 
| 143|0x0000000088f00000, 0x0000000088f00000, 0x0000000089000000|  0%| F|  |TAMS 0x0000000088f00000, 0x0000000088f00000| Untracked 
| 144|0x0000000089000000, 0x0000000089000000, 0x0000000089100000|  0%| F|  |TAMS 0x0000000089000000, 0x0000000089000000| Untracked 
| 145|0x0000000089100000, 0x0000000089100000, 0x0000000089200000|  0%| F|  |TAMS 0x0000000089100000, 0x0000000089100000| Untracked 
| 146|0x0000000089200000, 0x0000000089200000, 0x0000000089300000|  0%| F|  |TAMS 0x0000000089200000, 0x0000000089200000| Untracked 
| 147|0x0000000089300000, 0x0000000089300000, 0x0000000089400000|  0%| F|  |TAMS 0x0000000089300000, 0x0000000089300000| Untracked 
| 148|0x0000000089400000, 0x0000000089400000, 0x0000000089500000|  0%| F|  |TAMS 0x0000000089400000, 0x0000000089400000| Untracked 
| 149|0x0000000089500000, 0x0000000089500000, 0x0000000089600000|  0%| F|  |TAMS 0x0000000089500000, 0x0000000089500000| Untracked 
| 150|0x0000000089600000, 0x0000000089600000, 0x0000000089700000|  0%| F|  |TAMS 0x0000000089600000, 0x0000000089600000| Untracked 
| 151|0x0000000089700000, 0x0000000089700000, 0x0000000089800000|  0%| F|  |TAMS 0x0000000089700000, 0x0000000089700000| Untracked 
| 152|0x0000000089800000, 0x0000000089800000, 0x0000000089900000|  0%| F|  |TAMS 0x0000000089800000, 0x0000000089800000| Untracked 
| 153|0x0000000089900000, 0x0000000089900000, 0x0000000089a00000|  0%| F|  |TAMS 0x0000000089900000, 0x0000000089900000| Untracked 
| 154|0x0000000089a00000, 0x0000000089a00000, 0x0000000089b00000|  0%| F|  |TAMS 0x0000000089a00000, 0x0000000089a00000| Untracked 
| 155|0x0000000089b00000, 0x0000000089b00000, 0x0000000089c00000|  0%| F|  |TAMS 0x0000000089b00000, 0x0000000089b00000| Untracked 
| 156|0x0000000089c00000, 0x0000000089c00000, 0x0000000089d00000|  0%| F|  |TAMS 0x0000000089c00000, 0x0000000089c00000| Untracked 
| 157|0x0000000089d00000, 0x0000000089d00000, 0x0000000089e00000|  0%| F|  |TAMS 0x0000000089d00000, 0x0000000089d00000| Untracked 
| 158|0x0000000089e00000, 0x0000000089e00000, 0x0000000089f00000|  0%| F|  |TAMS 0x0000000089e00000, 0x0000000089e00000| Untracked 
| 159|0x0000000089f00000, 0x0000000089ff4468, 0x000000008a000000| 95%| S|CS|TAMS 0x0000000089f00000, 0x0000000089f00000| Complete 
| 160|0x000000008a000000, 0x000000008a100000, 0x000000008a100000|100%| S|CS|TAMS 0x000000008a000000, 0x000000008a000000| Complete 
| 161|0x000000008a100000, 0x000000008a100000, 0x000000008a200000|  0%| F|  |TAMS 0x000000008a100000, 0x000000008a100000| Untracked 
| 162|0x000000008a200000, 0x000000008a200000, 0x000000008a300000|  0%| F|  |TAMS 0x000000008a200000, 0x000000008a200000| Untracked 
| 163|0x000000008a300000, 0x000000008a300000, 0x000000008a400000|  0%| F|  |TAMS 0x000000008a300000, 0x000000008a300000| Untracked 
| 164|0x000000008a400000, 0x000000008a400000, 0x000000008a500000|  0%| F|  |TAMS 0x000000008a400000, 0x000000008a400000| Untracked 
| 165|0x000000008a500000, 0x000000008a500000, 0x000000008a600000|  0%| F|  |TAMS 0x000000008a500000, 0x000000008a500000| Untracked 
| 166|0x000000008a600000, 0x000000008a600000, 0x000000008a700000|  0%| F|  |TAMS 0x000000008a600000, 0x000000008a600000| Untracked 
| 167|0x000000008a700000, 0x000000008a700000, 0x000000008a800000|  0%| F|  |TAMS 0x000000008a700000, 0x000000008a700000| Untracked 
| 168|0x000000008a800000, 0x000000008a800000, 0x000000008a900000|  0%| F|  |TAMS 0x000000008a800000, 0x000000008a800000| Untracked 
| 169|0x000000008a900000, 0x000000008a900000, 0x000000008aa00000|  0%| F|  |TAMS 0x000000008a900000, 0x000000008a900000| Untracked 
| 170|0x000000008aa00000, 0x000000008aa00000, 0x000000008ab00000|  0%| F|  |TAMS 0x000000008aa00000, 0x000000008aa00000| Untracked 
| 171|0x000000008ab00000, 0x000000008ab00000, 0x000000008ac00000|  0%| F|  |TAMS 0x000000008ab00000, 0x000000008ab00000| Untracked 
| 172|0x000000008ac00000, 0x000000008ac00000, 0x000000008ad00000|  0%| F|  |TAMS 0x000000008ac00000, 0x000000008ac00000| Untracked 
| 173|0x000000008ad00000, 0x000000008ad00000, 0x000000008ae00000|  0%| F|  |TAMS 0x000000008ad00000, 0x000000008ad00000| Untracked 
| 174|0x000000008ae00000, 0x000000008ae00000, 0x000000008af00000|  0%| F|  |TAMS 0x000000008ae00000, 0x000000008ae00000| Untracked 
| 175|0x000000008af00000, 0x000000008af00000, 0x000000008b000000|  0%| F|  |TAMS 0x000000008af00000, 0x000000008af00000| Untracked 
| 176|0x000000008b000000, 0x000000008b000000, 0x000000008b100000|  0%| F|  |TAMS 0x000000008b000000, 0x000000008b000000| Untracked 
| 177|0x000000008b100000, 0x000000008b100000, 0x000000008b200000|  0%| F|  |TAMS 0x000000008b100000, 0x000000008b100000| Untracked 
| 178|0x000000008b200000, 0x000000008b200000, 0x000000008b300000|  0%| F|  |TAMS 0x000000008b200000, 0x000000008b200000| Untracked 
| 179|0x000000008b300000, 0x000000008b300000, 0x000000008b400000|  0%| F|  |TAMS 0x000000008b300000, 0x000000008b300000| Untracked 
| 180|0x000000008b400000, 0x000000008b400000, 0x000000008b500000|  0%| F|  |TAMS 0x000000008b400000, 0x000000008b400000| Untracked 
| 181|0x000000008b500000, 0x000000008b500000, 0x000000008b600000|  0%| F|  |TAMS 0x000000008b500000, 0x000000008b500000| Untracked 
| 182|0x000000008b600000, 0x000000008b600000, 0x000000008b700000|  0%| F|  |TAMS 0x000000008b600000, 0x000000008b600000| Untracked 
| 183|0x000000008b700000, 0x000000008b700000, 0x000000008b800000|  0%| F|  |TAMS 0x000000008b700000, 0x000000008b700000| Untracked 
| 184|0x000000008b800000, 0x000000008b800000, 0x000000008b900000|  0%| F|  |TAMS 0x000000008b800000, 0x000000008b800000| Untracked 
| 185|0x000000008b900000, 0x000000008b900000, 0x000000008ba00000|  0%| F|  |TAMS 0x000000008b900000, 0x000000008b900000| Untracked 
| 186|0x000000008ba00000, 0x000000008ba00000, 0x000000008bb00000|  0%| F|  |TAMS 0x000000008ba00000, 0x000000008ba00000| Untracked 
| 187|0x000000008bb00000, 0x000000008bb00000, 0x000000008bc00000|  0%| F|  |TAMS 0x000000008bb00000, 0x000000008bb00000| Untracked 
| 188|0x000000008bc00000, 0x000000008bc00000, 0x000000008bd00000|  0%| F|  |TAMS 0x000000008bc00000, 0x000000008bc00000| Untracked 
| 189|0x000000008bd00000, 0x000000008bd00000, 0x000000008be00000|  0%| F|  |TAMS 0x000000008bd00000, 0x000000008bd00000| Untracked 
| 190|0x000000008be00000, 0x000000008be00000, 0x000000008bf00000|  0%| F|  |TAMS 0x000000008be00000, 0x000000008be00000| Untracked 
| 191|0x000000008bf00000, 0x000000008bf00000, 0x000000008c000000|  0%| F|  |TAMS 0x000000008bf00000, 0x000000008bf00000| Untracked 
| 192|0x000000008c000000, 0x000000008c000000, 0x000000008c100000|  0%| F|  |TAMS 0x000000008c000000, 0x000000008c000000| Untracked 
| 193|0x000000008c100000, 0x000000008c100000, 0x000000008c200000|  0%| F|  |TAMS 0x000000008c100000, 0x000000008c100000| Untracked 
| 194|0x000000008c200000, 0x000000008c200000, 0x000000008c300000|  0%| F|  |TAMS 0x000000008c200000, 0x000000008c200000| Untracked 
| 195|0x000000008c300000, 0x000000008c300000, 0x000000008c400000|  0%| F|  |TAMS 0x000000008c300000, 0x000000008c300000| Untracked 
| 196|0x000000008c400000, 0x000000008c400000, 0x000000008c500000|  0%| F|  |TAMS 0x000000008c400000, 0x000000008c400000| Untracked 
| 197|0x000000008c500000, 0x000000008c500000, 0x000000008c600000|  0%| F|  |TAMS 0x000000008c500000, 0x000000008c500000| Untracked 
| 198|0x000000008c600000, 0x000000008c600000, 0x000000008c700000|  0%| F|  |TAMS 0x000000008c600000, 0x000000008c600000| Untracked 
| 199|0x000000008c700000, 0x000000008c700000, 0x000000008c800000|  0%| F|  |TAMS 0x000000008c700000, 0x000000008c700000| Untracked 
| 200|0x000000008c800000, 0x000000008c800000, 0x000000008c900000|  0%| F|  |TAMS 0x000000008c800000, 0x000000008c800000| Untracked 
| 201|0x000000008c900000, 0x000000008c900000, 0x000000008ca00000|  0%| F|  |TAMS 0x000000008c900000, 0x000000008c900000| Untracked 
| 202|0x000000008ca00000, 0x000000008ca00000, 0x000000008cb00000|  0%| F|  |TAMS 0x000000008ca00000, 0x000000008ca00000| Untracked 
| 203|0x000000008cb00000, 0x000000008cb00000, 0x000000008cc00000|  0%| F|  |TAMS 0x000000008cb00000, 0x000000008cb00000| Untracked 
| 204|0x000000008cc00000, 0x000000008cc00000, 0x000000008cd00000|  0%| F|  |TAMS 0x000000008cc00000, 0x000000008cc00000| Untracked 
| 205|0x000000008cd00000, 0x000000008cd00000, 0x000000008ce00000|  0%| F|  |TAMS 0x000000008cd00000, 0x000000008cd00000| Untracked 
| 206|0x000000008ce00000, 0x000000008ce00000, 0x000000008cf00000|  0%| F|  |TAMS 0x000000008ce00000, 0x000000008ce00000| Untracked 
| 207|0x000000008cf00000, 0x000000008cf00000, 0x000000008d000000|  0%| F|  |TAMS 0x000000008cf00000, 0x000000008cf00000| Untracked 
| 208|0x000000008d000000, 0x000000008d000000, 0x000000008d100000|  0%| F|  |TAMS 0x000000008d000000, 0x000000008d000000| Untracked 
| 209|0x000000008d100000, 0x000000008d100000, 0x000000008d200000|  0%| F|  |TAMS 0x000000008d100000, 0x000000008d100000| Untracked 
| 210|0x000000008d200000, 0x000000008d200000, 0x000000008d300000|  0%| F|  |TAMS 0x000000008d200000, 0x000000008d200000| Untracked 
| 211|0x000000008d300000, 0x000000008d300000, 0x000000008d400000|  0%| F|  |TAMS 0x000000008d300000, 0x000000008d300000| Untracked 
| 212|0x000000008d400000, 0x000000008d400000, 0x000000008d500000|  0%| F|  |TAMS 0x000000008d400000, 0x000000008d400000| Untracked 
| 213|0x000000008d500000, 0x000000008d500000, 0x000000008d600000|  0%| F|  |TAMS 0x000000008d500000, 0x000000008d500000| Untracked 
| 214|0x000000008d600000, 0x000000008d600000, 0x000000008d700000|  0%| F|  |TAMS 0x000000008d600000, 0x000000008d600000| Untracked 
| 215|0x000000008d700000, 0x000000008d700000, 0x000000008d800000|  0%| F|  |TAMS 0x000000008d700000, 0x000000008d700000| Untracked 
| 216|0x000000008d800000, 0x000000008d800000, 0x000000008d900000|  0%| F|  |TAMS 0x000000008d800000, 0x000000008d800000| Untracked 
| 217|0x000000008d900000, 0x000000008d900000, 0x000000008da00000|  0%| F|  |TAMS 0x000000008d900000, 0x000000008d900000| Untracked 
| 218|0x000000008da00000, 0x000000008da00000, 0x000000008db00000|  0%| F|  |TAMS 0x000000008da00000, 0x000000008da00000| Untracked 
| 219|0x000000008db00000, 0x000000008db00000, 0x000000008dc00000|  0%| F|  |TAMS 0x000000008db00000, 0x000000008db00000| Untracked 
| 220|0x000000008dc00000, 0x000000008dc00000, 0x000000008dd00000|  0%| F|  |TAMS 0x000000008dc00000, 0x000000008dc00000| Untracked 
| 221|0x000000008dd00000, 0x000000008dd00000, 0x000000008de00000|  0%| F|  |TAMS 0x000000008dd00000, 0x000000008dd00000| Untracked 
| 222|0x000000008de00000, 0x000000008de00000, 0x000000008df00000|  0%| F|  |TAMS 0x000000008de00000, 0x000000008de00000| Untracked 
| 223|0x000000008df00000, 0x000000008df00000, 0x000000008e000000|  0%| F|  |TAMS 0x000000008df00000, 0x000000008df00000| Untracked 
| 224|0x000000008e000000, 0x000000008e000000, 0x000000008e100000|  0%| F|  |TAMS 0x000000008e000000, 0x000000008e000000| Untracked 
| 225|0x000000008e100000, 0x000000008e100000, 0x000000008e200000|  0%| F|  |TAMS 0x000000008e100000, 0x000000008e100000| Untracked 
| 226|0x000000008e200000, 0x000000008e200000, 0x000000008e300000|  0%| F|  |TAMS 0x000000008e200000, 0x000000008e200000| Untracked 
| 227|0x000000008e300000, 0x000000008e300000, 0x000000008e400000|  0%| F|  |TAMS 0x000000008e300000, 0x000000008e300000| Untracked 
| 228|0x000000008e400000, 0x000000008e400000, 0x000000008e500000|  0%| F|  |TAMS 0x000000008e400000, 0x000000008e400000| Untracked 
| 229|0x000000008e500000, 0x000000008e500000, 0x000000008e600000|  0%| F|  |TAMS 0x000000008e500000, 0x000000008e500000| Untracked 
| 230|0x000000008e600000, 0x000000008e600000, 0x000000008e700000|  0%| F|  |TAMS 0x000000008e600000, 0x000000008e600000| Untracked 
| 231|0x000000008e700000, 0x000000008e700000, 0x000000008e800000|  0%| F|  |TAMS 0x000000008e700000, 0x000000008e700000| Untracked 
| 232|0x000000008e800000, 0x000000008e800000, 0x000000008e900000|  0%| F|  |TAMS 0x000000008e800000, 0x000000008e800000| Untracked 
| 233|0x000000008e900000, 0x000000008e900000, 0x000000008ea00000|  0%| F|  |TAMS 0x000000008e900000, 0x000000008e900000| Untracked 
| 234|0x000000008ea00000, 0x000000008ea00000, 0x000000008eb00000|  0%| F|  |TAMS 0x000000008ea00000, 0x000000008ea00000| Untracked 
| 235|0x000000008eb00000, 0x000000008eb00000, 0x000000008ec00000|  0%| F|  |TAMS 0x000000008eb00000, 0x000000008eb00000| Untracked 
| 236|0x000000008ec00000, 0x000000008ec00000, 0x000000008ed00000|  0%| F|  |TAMS 0x000000008ec00000, 0x000000008ec00000| Untracked 
| 237|0x000000008ed00000, 0x000000008ed00000, 0x000000008ee00000|  0%| F|  |TAMS 0x000000008ed00000, 0x000000008ed00000| Untracked 
| 238|0x000000008ee00000, 0x000000008ee00000, 0x000000008ef00000|  0%| F|  |TAMS 0x000000008ee00000, 0x000000008ee00000| Untracked 
| 239|0x000000008ef00000, 0x000000008ef00000, 0x000000008f000000|  0%| F|  |TAMS 0x000000008ef00000, 0x000000008ef00000| Untracked 

Card table byte_map: [0x00000288e87c0000,0x00000288e8bc0000] _byte_map_base: 0x00000288e83c0000

Marking Bits (Prev, Next): (CMBitMap*) 0x00000288d5a081c0, (CMBitMap*) 0x00000288d5a08200
 Prev Bits: [0x00000288e8fc0000, 0x00000288eafc0000)
 Next Bits: [0x00000288eafc0000, 0x00000288ecfc0000)

Polling page: 0x00000288d5170000

Metaspace:

Usage:
  Non-class:    102.00 MB used.
      Class:     15.34 MB used.
       Both:    117.34 MB used.

Virtual space:
  Non-class space:      104.00 MB reserved,     102.38 MB ( 98%) committed,  13 nodes.
      Class space:        1.00 GB reserved,      15.69 MB (  2%) committed,  1 nodes.
             Both:        1.10 GB reserved,     118.06 MB ( 10%) committed. 

Chunk freelists:
   Non-Class:  1.31 MB
       Class:  304.00 KB
        Both:  1.61 MB

MaxMetaspaceSize: unlimited
CompressedClassSpaceSize: 1.00 GB
Initial GC threshold: 21.00 MB
Current GC threshold: 190.56 MB
CDS: off
MetaspaceReclaimPolicy: balanced
 - commit_granule_bytes: 65536.
 - commit_granule_words: 8192.
 - virtual_space_node_default_size: 1048576.
 - enlarge_chunks_in_place: 1.
 - new_chunks_are_fully_committed: 0.
 - uncommit_free_chunks: 1.
 - use_allocation_guard: 0.
 - handle_deallocations: 1.


Internal statistics:

num_allocs_failed_limit: 3.
num_arena_births: 808.
num_arena_deaths: 0.
num_vsnodes_births: 14.
num_vsnodes_deaths: 0.
num_space_committed: 1887.
num_space_uncommitted: 0.
num_chunks_returned_to_freelist: 3.
num_chunks_taken_from_freelist: 4805.
num_chunk_merges: 3.
num_chunk_splits: 3725.
num_chunks_enlarged: 3078.
num_purges: 0.
num_inconsistent_stats: 0.

CodeHeap 'non-profiled nmethods': size=120000Kb used=4583Kb max_used=4627Kb free=115416Kb
 bounds [0x00000288e0940000, 0x00000288e0dd0000, 0x00000288e7e70000]
CodeHeap 'profiled nmethods': size=120000Kb used=15857Kb max_used=15857Kb free=104142Kb
 bounds [0x00000288d8e70000, 0x00000288d9df0000, 0x00000288e03a0000]
CodeHeap 'non-nmethods': size=5760Kb used=2506Kb max_used=2569Kb free=3253Kb
 bounds [0x00000288e03a0000, 0x00000288e0640000, 0x00000288e0940000]
 total_blobs=9261 nmethods=8196 adapters=976
 compilation: enabled
              stopped_count=0, restarted_count=0
 full_count=0

Compilation events (20 events):
Event: 9.128 Thread 0x00000288f0883590 nmethod 9493 0x00000288d9deac90 code [0x00000288d9deae40, 0x00000288d9deb0f8]
Event: 9.129 Thread 0x00000288f0882ba0 nmethod 9474 0x00000288e0c7a810 code [0x00000288e0c7aa20, 0x00000288e0c7b400]
Event: 9.129 Thread 0x00000288f0883590 9494       3       com.google.common.collect.CollectPreconditions::checkEntryNotNull (100 bytes)
Event: 9.129 Thread 0x00000288f0882ba0 9477       4       org.objectweb.asm.MethodWriter::visitVarInsn (302 bytes)
Event: 9.130 Thread 0x00000288f0883590 nmethod 9494 0x00000288d9deb210 code [0x00000288d9deb520, 0x00000288d9dec228]
Event: 9.130 Thread 0x00000288f0883590 9495       1       com.google.common.collect.ImmutableEntry::getKey (5 bytes)
Event: 9.130 Thread 0x00000288f0883590 nmethod 9495 0x00000288e0c7a510 code [0x00000288e0c7a6a0, 0x00000288e0c7a778]
Event: 9.130 Thread 0x00000288f0883590 9496       1       com.google.common.collect.ImmutableEntry::getValue (5 bytes)
Event: 9.130 Thread 0x00000288f0883590 nmethod 9496 0x00000288e0c7a210 code [0x00000288e0c7a3a0, 0x00000288e0c7a478]
Event: 9.132 Thread 0x00000288f0883590 9497       3       com.google.common.collect.ImmutableMapEntry::<init> (12 bytes)
Event: 9.132 Thread 0x00000288f0883590 nmethod 9497 0x00000288d9dec790 code [0x00000288d9dec940, 0x00000288d9decc48]
Event: 9.132 Thread 0x00000288f0883590 9498       3       com.google.common.collect.ImmutableEntry::<init> (15 bytes)
Event: 9.132 Thread 0x00000288f0883590 nmethod 9498 0x00000288d9decd90 code [0x00000288d9decf40, 0x00000288d9ded1b8]
Event: 9.132 Thread 0x00000288f0883590 9499       1       com.google.common.collect.ImmutableMapEntry::isReusable (2 bytes)
Event: 9.133 Thread 0x00000288f0883590 nmethod 9499 0x00000288e0c79f10 code [0x00000288e0c7a0a0, 0x00000288e0c7a178]
Event: 9.134 Thread 0x00000288f0882ba0 nmethod 9477 0x00000288e0c66190 code [0x00000288e0c66360, 0x00000288e0c66928]
Event: 9.138 Thread 0x00000288f0883590 9500       3       sun.nio.fs.WindowsPath::equals (28 bytes)
Event: 9.139 Thread 0x00000288f0883590 nmethod 9500 0x00000288d9ded290 code [0x00000288d9ded440, 0x00000288d9ded888]
Event: 9.144 Thread 0x00000288f0883590 9501       3       org.gradle.internal.io.StreamByteBuffer::readFully (27 bytes)
Event: 9.144 Thread 0x00000288f0883590 nmethod 9501 0x00000288d9ded990 code [0x00000288d9dedb40, 0x00000288d9dedd98]

GC Heap History (20 events):
Event: 6.084 GC heap after
{Heap after GC invocations=37 (full 0):
 garbage-first heap   total 187392K, used 99029K [0x0000000080000000, 0x0000000100000000)
  region size 1024K, 2 young (2048K), 2 survivors (2048K)
 Metaspace       used 88749K, committed 89280K, reserved 1130496K
  class space    used 11880K, committed 12096K, reserved 1048576K
}
Event: 6.396 GC heap before
{Heap before GC invocations=37 (full 0):
 garbage-first heap   total 187392K, used 152277K [0x0000000080000000, 0x0000000100000000)
  region size 1024K, 54 young (55296K), 2 survivors (2048K)
 Metaspace       used 91192K, committed 91776K, reserved 1130496K
  class space    used 12144K, committed 12416K, reserved 1048576K
}
Event: 6.400 GC heap after
{Heap after GC invocations=38 (full 0):
 garbage-first heap   total 187392K, used 104004K [0x0000000080000000, 0x0000000100000000)
  region size 1024K, 7 young (7168K), 7 survivors (7168K)
 Metaspace       used 91192K, committed 91776K, reserved 1130496K
  class space    used 12144K, committed 12416K, reserved 1048576K
}
Event: 6.864 GC heap before
{Heap before GC invocations=39 (full 0):
 garbage-first heap   total 188416K, used 152132K [0x0000000080000000, 0x0000000100000000)
  region size 1024K, 54 young (55296K), 7 survivors (7168K)
 Metaspace       used 96308K, committed 96960K, reserved 1138688K
  class space    used 12727K, committed 12992K, reserved 1048576K
}
Event: 6.868 GC heap after
{Heap after GC invocations=40 (full 0):
 garbage-first heap   total 188416K, used 106635K [0x0000000080000000, 0x0000000100000000)
  region size 1024K, 3 young (3072K), 3 survivors (3072K)
 Metaspace       used 96308K, committed 96960K, reserved 1138688K
  class space    used 12727K, committed 12992K, reserved 1048576K
}
Event: 6.909 GC heap before
{Heap before GC invocations=40 (full 0):
 garbage-first heap   total 188416K, used 112779K [0x0000000080000000, 0x0000000100000000)
  region size 1024K, 9 young (9216K), 3 survivors (3072K)
 Metaspace       used 96661K, committed 97216K, reserved 1138688K
  class space    used 12778K, committed 12992K, reserved 1048576K
}
Event: 6.911 GC heap after
{Heap after GC invocations=41 (full 0):
 garbage-first heap   total 188416K, used 107476K [0x0000000080000000, 0x0000000100000000)
  region size 1024K, 2 young (2048K), 2 survivors (2048K)
 Metaspace       used 96661K, committed 97216K, reserved 1138688K
  class space    used 12778K, committed 12992K, reserved 1048576K
}
Event: 7.346 GC heap before
{Heap before GC invocations=41 (full 0):
 garbage-first heap   total 188416K, used 154580K [0x0000000080000000, 0x0000000100000000)
  region size 1024K, 49 young (50176K), 2 survivors (2048K)
 Metaspace       used 102375K, committed 102976K, reserved 1138688K
  class space    used 13470K, committed 13696K, reserved 1048576K
}
Event: 7.349 GC heap after
{Heap after GC invocations=42 (full 0):
 garbage-first heap   total 188416K, used 109663K [0x0000000080000000, 0x0000000100000000)
  region size 1024K, 4 young (4096K), 4 survivors (4096K)
 Metaspace       used 102375K, committed 102976K, reserved 1138688K
  class space    used 13470K, committed 13696K, reserved 1048576K
}
Event: 7.712 GC heap before
{Heap before GC invocations=43 (full 0):
 garbage-first heap   total 191488K, used 155743K [0x0000000080000000, 0x0000000100000000)
  region size 1024K, 50 young (51200K), 4 survivors (4096K)
 Metaspace       used 109692K, committed 110336K, reserved 1146880K
  class space    used 14215K, committed 14464K, reserved 1048576K
}
Event: 7.714 GC heap after
{Heap after GC invocations=44 (full 0):
 garbage-first heap   total 191488K, used 110796K [0x0000000080000000, 0x0000000100000000)
  region size 1024K, 5 young (5120K), 5 survivors (5120K)
 Metaspace       used 109692K, committed 110336K, reserved 1146880K
  class space    used 14215K, committed 14464K, reserved 1048576K
}
Event: 7.745 GC heap before
{Heap before GC invocations=44 (full 0):
 garbage-first heap   total 191488K, used 113868K [0x0000000080000000, 0x0000000100000000)
  region size 1024K, 9 young (9216K), 5 survivors (5120K)
 Metaspace       used 110270K, committed 110912K, reserved 1146880K
  class space    used 14266K, committed 14528K, reserved 1048576K
}
Event: 7.748 GC heap after
{Heap after GC invocations=45 (full 0):
 garbage-first heap   total 191488K, used 109519K [0x0000000080000000, 0x0000000100000000)
  region size 1024K, 2 young (2048K), 2 survivors (2048K)
 Metaspace       used 110270K, committed 110912K, reserved 1146880K
  class space    used 14266K, committed 14528K, reserved 1048576K
}
Event: 8.276 GC heap before
{Heap before GC invocations=45 (full 0):
 garbage-first heap   total 191488K, used 160719K [0x0000000080000000, 0x0000000100000000)
  region size 1024K, 52 young (53248K), 2 survivors (2048K)
 Metaspace       used 116162K, committed 116864K, reserved 1155072K
  class space    used 15178K, committed 15488K, reserved 1048576K
}
Event: 8.278 GC heap after
{Heap after GC invocations=46 (full 0):
 garbage-first heap   total 191488K, used 112002K [0x0000000080000000, 0x0000000100000000)
  region size 1024K, 4 young (4096K), 4 survivors (4096K)
 Metaspace       used 116162K, committed 116864K, reserved 1155072K
  class space    used 15178K, committed 15488K, reserved 1048576K
}
Event: 8.900 GC heap before
{Heap before GC invocations=47 (full 0):
 garbage-first heap   total 191488K, used 173442K [0x0000000080000000, 0x0000000100000000)
  region size 1024K, 52 young (53248K), 4 survivors (4096K)
 Metaspace       used 117948K, committed 118656K, reserved 1155072K
  class space    used 15405K, committed 15744K, reserved 1048576K
}
Event: 8.905 GC heap after
{Heap after GC invocations=48 (full 0):
 garbage-first heap   total 191488K, used 134091K [0x0000000080000000, 0x0000000100000000)
  region size 1024K, 7 young (7168K), 7 survivors (7168K)
 Metaspace       used 117948K, committed 118656K, reserved 1155072K
  class space    used 15405K, committed 15744K, reserved 1048576K
}
Event: 8.923 GC heap before
{Heap before GC invocations=48 (full 0):
 garbage-first heap   total 191488K, used 135115K [0x0000000080000000, 0x0000000100000000)
  region size 1024K, 9 young (9216K), 7 survivors (7168K)
 Metaspace       used 118099K, committed 118848K, reserved 1155072K
  class space    used 15418K, committed 15744K, reserved 1048576K
}
Event: 8.926 GC heap after
{Heap after GC invocations=49 (full 0):
 garbage-first heap   total 191488K, used 135594K [0x0000000080000000, 0x0000000100000000)
  region size 1024K, 1 young (1024K), 1 survivors (1024K)
 Metaspace       used 118099K, committed 118848K, reserved 1155072K
  class space    used 15418K, committed 15744K, reserved 1048576K
}
Event: 9.163 GC heap before
{Heap before GC invocations=49 (full 0):
 garbage-first heap   total 191488K, used 160170K [0x0000000080000000, 0x0000000100000000)
  region size 1024K, 26 young (26624K), 1 survivors (1024K)
 Metaspace       used 120158K, committed 120896K, reserved 1155072K
  class space    used 15711K, committed 16064K, reserved 1048576K
}

Dll operation events (3 events):
Event: 0.005 Loaded shared library C:\Program Files\Android\Android Studio\jbr\bin\java.dll
Event: 0.091 Loaded shared library C:\Program Files\Android\Android Studio\jbr\bin\zip.dll
Event: 0.266 Loaded shared library C:\Program Files\Android\Android Studio\jbr\bin\verify.dll

Deoptimization events (20 events):
Event: 8.688 Thread 0x00000288f2fe1420 Uncommon trap: trap_request=0xffffffc6 fr.pc=0x00000288e0a9dfac relative=0x000000000000026c
Event: 8.688 Thread 0x00000288f2fe1420 Uncommon trap: reason=bimorphic_or_optimized_type_check action=maybe_recompile pc=0x00000288e0a9dfac method=com.google.common.base.CharMatcher.indexIn(Ljava/lang/CharSequence;I)I @ 31 c2
Event: 8.688 Thread 0x00000288f2fe1420 DEOPT PACKING pc=0x00000288e0a9dfac sp=0x000000dce71f9160
Event: 8.688 Thread 0x00000288f2fe1420 DEOPT UNPACKING pc=0x00000288e03f69a3 sp=0x000000dce71f9108 mode 2
Event: 8.738 Thread 0x00000288f2fe1420 Uncommon trap: trap_request=0xffffffc6 fr.pc=0x00000288e0c55924 relative=0x0000000000000064
Event: 8.738 Thread 0x00000288f2fe1420 Uncommon trap: reason=bimorphic_or_optimized_type_check action=maybe_recompile pc=0x00000288e0c55924 method=com.google.common.collect.ImmutableList.copyOf(Ljava/util/Collection;)Lcom/google/common/collect/ImmutableList; @ 16 c2
Event: 8.739 Thread 0x00000288f2fe1420 DEOPT PACKING pc=0x00000288e0c55924 sp=0x000000dce71f8570
Event: 8.739 Thread 0x00000288f2fe1420 DEOPT UNPACKING pc=0x00000288e03f69a3 sp=0x000000dce71f8518 mode 2
Event: 8.739 Thread 0x00000288f2fe1420 Uncommon trap: trap_request=0xffffffc6 fr.pc=0x00000288e0c55924 relative=0x0000000000000064
Event: 8.739 Thread 0x00000288f2fe1420 Uncommon trap: reason=bimorphic_or_optimized_type_check action=maybe_recompile pc=0x00000288e0c55924 method=com.google.common.collect.ImmutableList.copyOf(Ljava/util/Collection;)Lcom/google/common/collect/ImmutableList; @ 16 c2
Event: 8.739 Thread 0x00000288f2fe1420 DEOPT PACKING pc=0x00000288e0c55924 sp=0x000000dce71f81e0
Event: 8.739 Thread 0x00000288f2fe1420 DEOPT UNPACKING pc=0x00000288e03f69a3 sp=0x000000dce71f8188 mode 2
Event: 9.042 Thread 0x00000288f2fe1420 Uncommon trap: trap_request=0xffffffde fr.pc=0x00000288e09a44fc relative=0x0000000000001d3c
Event: 9.042 Thread 0x00000288f2fe1420 Uncommon trap: reason=class_check action=maybe_recompile pc=0x00000288e09a44fc method=java.lang.Class.createAnnotationData(I)Ljava/lang/Class$AnnotationData; @ 103 c2
Event: 9.042 Thread 0x00000288f2fe1420 DEOPT PACKING pc=0x00000288e09a44fc sp=0x000000dce71f63e0
Event: 9.042 Thread 0x00000288f2fe1420 DEOPT UNPACKING pc=0x00000288e03f69a3 sp=0x000000dce71f6350 mode 2
Event: 9.064 Thread 0x00000288f2fe1420 Uncommon trap: trap_request=0xffffff45 fr.pc=0x00000288e0dbe7cc relative=0x0000000000005c2c
Event: 9.064 Thread 0x00000288f2fe1420 Uncommon trap: reason=unstable_if action=reinterpret pc=0x00000288e0dbe7cc method=org.objectweb.asm.Frame.execute(IILorg/objectweb/asm/Symbol;Lorg/objectweb/asm/SymbolTable;)V @ 1 c2
Event: 9.064 Thread 0x00000288f2fe1420 DEOPT PACKING pc=0x00000288e0dbe7cc sp=0x000000dce71f6050
Event: 9.064 Thread 0x00000288f2fe1420 DEOPT UNPACKING pc=0x00000288e03f69a3 sp=0x000000dce71f6008 mode 2

Classes unloaded (0 events):
No events

Classes redefined (0 events):
No events

Internal exceptions (20 events):
Event: 7.881 Thread 0x00000288f2fe1420 Exception <a 'java/lang/ClassNotFoundException'{0x000000008ab5c5b0}: org/jetbrains/plugins/gradle/model/web/WebConfigurationCustomizer> (0x000000008ab5c5b0) 
thrown [s\src\hotspot\share\classfile\systemDictionary.cpp, line 256]
Event: 7.882 Thread 0x00000288f2fe1420 Exception <a 'java/lang/ClassNotFoundException'{0x000000008ab7fa08}: org/jetbrains/plugins/gradle/model/scala/ScalaModelBeanInfo> (0x000000008ab7fa08) 
thrown [s\src\hotspot\share\classfile\systemDictionary.cpp, line 256]
Event: 7.883 Thread 0x00000288f2fe1420 Exception <a 'java/lang/ClassNotFoundException'{0x000000008ab880b8}: org/jetbrains/plugins/gradle/model/scala/ScalaModelCustomizer> (0x000000008ab880b8) 
thrown [s\src\hotspot\share\classfile\systemDictionary.cpp, line 256]
Event: 7.885 Thread 0x00000288f2fe1420 Exception <a 'java/lang/ClassNotFoundException'{0x000000008abc3450}: org/jetbrains/plugins/gradle/model/DependencyAccessorsModelBeanInfo> (0x000000008abc3450) 
thrown [s\src\hotspot\share\classfile\systemDictionary.cpp, line 256]
Event: 7.885 Thread 0x00000288f2fe1420 Exception <a 'java/lang/ClassNotFoundException'{0x000000008abcb948}: org/jetbrains/plugins/gradle/model/DependencyAccessorsModelCustomizer> (0x000000008abcb948) 
thrown [s\src\hotspot\share\classfile\systemDictionary.cpp, line 256]
Event: 7.977 Thread 0x00000288f2fe1420 Exception <a 'java/lang/ClassNotFoundException'{0x000000008a220be0}: org/gradle/api/internal/project/DefaultProject_DecoratedBeanInfo> (0x000000008a220be0) 
thrown [s\src\hotspot\share\classfile\systemDictionary.cpp, line 256]
Event: 7.977 Thread 0x00000288f2fe1420 Exception <a 'java/lang/ClassNotFoundException'{0x000000008a22de88}: org/gradle/api/internal/project/DefaultProjectBeanInfo> (0x000000008a22de88) 
thrown [s\src\hotspot\share\classfile\systemDictionary.cpp, line 256]
Event: 7.977 Thread 0x00000288f2fe1420 Exception <a 'java/lang/ClassNotFoundException'{0x000000008a23abe8}: org/gradle/api/internal/project/DefaultProjectCustomizer> (0x000000008a23abe8) 
thrown [s\src\hotspot\share\classfile\systemDictionary.cpp, line 256]
Event: 7.981 Thread 0x00000288f2fe1420 Exception <a 'java/lang/ClassNotFoundException'{0x000000008a2e4428}: org/gradle/api/internal/project/DefaultProject_DecoratedCustomizer> (0x000000008a2e4428) 
thrown [s\src\hotspot\share\classfile\systemDictionary.cpp, line 256]
Event: 8.067 Thread 0x00000288f2fe1420 Exception <a 'java/lang/NoSuchMethodError'{0x00000000899120e8}: 'long java.lang.invoke.DirectMethodHandle$Holder.invokeStatic(java.lang.Object, long)'> (0x00000000899120e8) 
thrown [s\src\hotspot\share\interpreter\linkResolver.cpp, line 771]
Event: 8.239 Thread 0x00000288f2fe1420 Exception <a 'java/lang/NoSuchMethodError'{0x0000000088bcb7d8}: 'int java.lang.invoke.DirectMethodHandle$Holder.invokeSpecialIFC(java.lang.Object, java.lang.Object, java.lang.Object)'> (0x0000000088bcb7d8) 
thrown [s\src\hotspot\share\interpreter\linkResolver.cpp, line 771]
Event: 8.272 Thread 0x00000288f2fe1420 Exception <a 'java/lang/NoSuchMethodError'{0x000000008878b068}: 'java.lang.Object java.lang.invoke.DirectMethodHandle$Holder.newInvokeSpecial(java.lang.Object, java.lang.Object, java.lang.Object, java.lang.Object, java.lang.Object, int)'> (0x000000008878b068) 
thrown [s\src\hotspot\share\interpreter\linkResolver.cpp, line 771]
Event: 8.272 Thread 0x00000288f2fe1420 Exception <a 'java/lang/NoSuchMethodError'{0x0000000088790720}: 'java.lang.Object java.lang.invoke.DirectMethodHandle$Holder.invokeSpecial(java.lang.Object, java.lang.Object, java.lang.Object, java.lang.Object, java.lang.Object, java.lang.Object, int)'> (0x0000000088790720) 
thrown [s\src\hotspot\share\interpreter\linkResolver.cpp, line 771]
Event: 8.274 Thread 0x00000288f2fe1420 Exception <a 'java/lang/NoSuchMethodError'{0x00000000887c6a00}: 'java.lang.Object java.lang.invoke.DirectMethodHandle$Holder.invokeSpecial(java.lang.Object, java.lang.Object, java.lang.Object, java.lang.Object, java.lang.Object, long)'> (0x00000000887c6a00) 
thrown [s\src\hotspot\share\interpreter\linkResolver.cpp, line 771]
Event: 8.275 Thread 0x00000288f2fe1420 Exception <a 'java/lang/NoSuchMethodError'{0x00000000887e89e0}: 'void java.lang.invoke.DirectMethodHandle$Holder.invokeStatic(java.lang.Object, java.lang.Object, java.lang.Object, int, java.lang.Object)'> (0x00000000887e89e0) 
thrown [s\src\hotspot\share\interpreter\linkResolver.cpp, line 771]
Event: 8.684 Thread 0x00000288f3692eb0 Exception <a 'sun/nio/fs/WindowsException'{0x000000008a18e058}> (0x000000008a18e058) 
thrown [s\src\hotspot\share\prims\jni.cpp, line 517]
Event: 8.685 Thread 0x00000288f3692eb0 Exception <a 'sun/nio/fs/WindowsException'{0x0000000089744178}> (0x0000000089744178) 
thrown [s\src\hotspot\share\prims\jni.cpp, line 517]
Event: 8.685 Thread 0x00000288f3692eb0 Exception <a 'sun/nio/fs/WindowsException'{0x00000000897442f0}> (0x00000000897442f0) 
thrown [s\src\hotspot\share\prims\jni.cpp, line 517]
Event: 8.688 Thread 0x00000288f2fe1420 Implicit null exception at 0x00000288e095fd92 to 0x00000288e096043c
Event: 8.688 Thread 0x00000288f2fe1420 Implicit null exception at 0x00000288e09b0994 to 0x00000288e09b1090

VM Operations (20 events):
Event: 8.325 Executing VM operation: G1Concurrent done
Event: 8.327 Executing VM operation: HandshakeAllThreads
Event: 8.327 Executing VM operation: HandshakeAllThreads done
Event: 8.453 Executing VM operation: ICBufferFull
Event: 8.453 Executing VM operation: ICBufferFull done
Event: 8.470 Executing VM operation: HandshakeAllThreads
Event: 8.470 Executing VM operation: HandshakeAllThreads done
Event: 8.609 Executing VM operation: ICBufferFull
Event: 8.609 Executing VM operation: ICBufferFull done
Event: 8.642 Executing VM operation: HandshakeAllThreads
Event: 8.642 Executing VM operation: HandshakeAllThreads done
Event: 8.683 Executing VM operation: ICBufferFull
Event: 8.683 Executing VM operation: ICBufferFull done
Event: 8.900 Executing VM operation: G1CollectForAllocation
Event: 8.905 Executing VM operation: G1CollectForAllocation done
Event: 8.923 Executing VM operation: G1CollectForAllocation
Event: 8.926 Executing VM operation: G1CollectForAllocation done
Event: 9.080 Executing VM operation: HandshakeAllThreads
Event: 9.080 Executing VM operation: HandshakeAllThreads done
Event: 9.163 Executing VM operation: G1CollectForAllocation

Events (20 events):
Event: 8.336 Thread 0x00000288f08861a0 flushing nmethod 0x00000288d9c14b10
Event: 8.336 Thread 0x00000288f08861a0 flushing nmethod 0x00000288d9c1d590
Event: 8.337 Thread 0x00000288f08861a0 flushing nmethod 0x00000288d9ca4b10
Event: 8.528 Thread 0x00000288f679f050 Thread added: 0x00000288f679f050
Event: 8.528 Thread 0x00000288f67a0860 Thread added: 0x00000288f67a0860
Event: 8.528 Thread 0x00000288f9bd2210 Thread added: 0x00000288f9bd2210
Event: 8.529 Thread 0x00000288f9bd3080 Thread added: 0x00000288f9bd3080
Event: 8.529 Thread 0x00000288f9bd26e0 Thread added: 0x00000288f9bd26e0
Event: 8.529 Thread 0x00000288f9bd0a00 Thread added: 0x00000288f9bd0a00
Event: 8.529 Thread 0x00000288f9bd3550 Thread added: 0x00000288f9bd3550
Event: 8.529 Thread 0x00000288f9bd2bb0 Thread added: 0x00000288f9bd2bb0
Event: 8.529 Thread 0x00000288f9bd3a20 Thread added: 0x00000288f9bd3a20
Event: 8.529 Thread 0x00000288f9bd1870 Thread added: 0x00000288f9bd1870
Event: 8.530 Thread 0x00000288f9bd1d40 Thread added: 0x00000288f9bd1d40
Event: 8.676 loading class java/lang/Byte$ByteCache
Event: 8.676 loading class java/lang/Byte$ByteCache done
Event: 9.078 loading class sun/reflect/ReflectionFactory
Event: 9.078 loading class sun/reflect/ReflectionFactory done
Event: 9.078 loading class sun/reflect/ReflectionFactory$1
Event: 9.078 loading class sun/reflect/ReflectionFactory$1 done


Dynamic libraries:
0x00007ff68b030000 - 0x00007ff68b03a000 	C:\Program Files\Android\Android Studio\jbr\bin\java.exe
0x00007ffef7170000 - 0x00007ffef7387000 	C:\WINDOWS\SYSTEM32\ntdll.dll
0x00007ffef5f20000 - 0x00007ffef5fe4000 	C:\WINDOWS\System32\KERNEL32.DLL
0x00007ffef4a30000 - 0x00007ffef4dd6000 	C:\WINDOWS\System32\KERNELBASE.dll
0x00007ffef4570000 - 0x00007ffef4681000 	C:\WINDOWS\System32\ucrtbase.dll
0x00007ffeeb520000 - 0x00007ffeeb53b000 	C:\Program Files\Android\Android Studio\jbr\bin\VCRUNTIME140.dll
0x00007ffee0e50000 - 0x00007ffee0e67000 	C:\Program Files\Android\Android Studio\jbr\bin\jli.dll
0x00007ffef52d0000 - 0x00007ffef547d000 	C:\WINDOWS\System32\USER32.dll
0x00007ffef4ea0000 - 0x00007ffef4ec6000 	C:\WINDOWS\System32\win32u.dll
0x00007ffeda580000 - 0x00007ffeda813000 	C:\WINDOWS\WinSxS\amd64_microsoft.windows.common-controls_6595b64144ccf1df_6.0.22621.2361_none_2712ced57382f843\COMCTL32.dll
0x00007ffef6b60000 - 0x00007ffef6b89000 	C:\WINDOWS\System32\GDI32.dll
0x00007ffef6d30000 - 0x00007ffef6dd7000 	C:\WINDOWS\System32\msvcrt.dll
0x00007ffef4800000 - 0x00007ffef4918000 	C:\WINDOWS\System32\gdi32full.dll
0x00007ffef4990000 - 0x00007ffef4a2a000 	C:\WINDOWS\System32\msvcp_win.dll
0x00007ffef5ee0000 - 0x00007ffef5f11000 	C:\WINDOWS\System32\IMM32.DLL
0x00007ffeef8b0000 - 0x00007ffeef8bc000 	C:\Program Files\Android\Android Studio\jbr\bin\vcruntime140_1.dll
0x00007ffeeb490000 - 0x00007ffeeb51d000 	C:\Program Files\Android\Android Studio\jbr\bin\msvcp140.dll
0x00007ffe6f200000 - 0x00007ffe6fe6e000 	C:\Program Files\Android\Android Studio\jbr\bin\server\jvm.dll
0x00007ffef5ff0000 - 0x00007ffef60a0000 	C:\WINDOWS\System32\ADVAPI32.dll
0x00007ffef50b0000 - 0x00007ffef5156000 	C:\WINDOWS\System32\sechost.dll
0x00007ffef4f90000 - 0x00007ffef50a7000 	C:\WINDOWS\System32\RPCRT4.dll
0x00007ffee4a80000 - 0x00007ffee4ab4000 	C:\WINDOWS\SYSTEM32\WINMM.dll
0x00007ffeedf70000 - 0x00007ffeedf7a000 	C:\WINDOWS\SYSTEM32\VERSION.dll
0x00007ffef17b0000 - 0x00007ffef17b9000 	C:\WINDOWS\SYSTEM32\WSOCK32.dll
0x00007ffef6c90000 - 0x00007ffef6d01000 	C:\WINDOWS\System32\WS2_32.dll
0x00007ffef34d0000 - 0x00007ffef34e8000 	C:\WINDOWS\SYSTEM32\kernel.appcore.dll
0x00007ffef1800000 - 0x00007ffef180a000 	C:\Program Files\Android\Android Studio\jbr\bin\jimage.dll
0x00007ffee4770000 - 0x00007ffee499e000 	C:\WINDOWS\SYSTEM32\DBGHELP.DLL
0x00007ffef67d0000 - 0x00007ffef6b5a000 	C:\WINDOWS\System32\combase.dll
0x00007ffef7040000 - 0x00007ffef7117000 	C:\WINDOWS\System32\OLEAUT32.dll
0x00007ffee4b30000 - 0x00007ffee4b62000 	C:\WINDOWS\SYSTEM32\dbgcore.DLL
0x00007ffef44f0000 - 0x00007ffef456a000 	C:\WINDOWS\System32\bcryptPrimitives.dll
0x00007ffee3ac0000 - 0x00007ffee3ace000 	C:\Program Files\Android\Android Studio\jbr\bin\instrument.dll
0x00007ffeef870000 - 0x00007ffeef895000 	C:\Program Files\Android\Android Studio\jbr\bin\java.dll
0x00007ffee5830000 - 0x00007ffee5848000 	C:\Program Files\Android\Android Studio\jbr\bin\zip.dll
0x00007ffef5680000 - 0x00007ffef5ed8000 	C:\WINDOWS\System32\SHELL32.dll
0x00007ffef2450000 - 0x00007ffef2d42000 	C:\WINDOWS\SYSTEM32\windows.storage.dll
0x00007ffef2310000 - 0x00007ffef244e000 	C:\WINDOWS\SYSTEM32\wintypes.dll
0x00007ffef6b90000 - 0x00007ffef6c83000 	C:\WINDOWS\System32\SHCORE.dll
0x00007ffef4f30000 - 0x00007ffef4f8e000 	C:\WINDOWS\System32\shlwapi.dll
0x00007ffef4420000 - 0x00007ffef4446000 	C:\WINDOWS\SYSTEM32\profapi.dll
0x00007ffee3e80000 - 0x00007ffee3e99000 	C:\Program Files\Android\Android Studio\jbr\bin\net.dll
0x00007ffeed9a0000 - 0x00007ffeedad7000 	C:\WINDOWS\SYSTEM32\WINHTTP.dll
0x00007ffef39b0000 - 0x00007ffef3a19000 	C:\WINDOWS\system32\mswsock.dll
0x00007ffee3e60000 - 0x00007ffee3e76000 	C:\Program Files\Android\Android Studio\jbr\bin\nio.dll
0x00007ffef1780000 - 0x00007ffef1790000 	C:\Program Files\Android\Android Studio\jbr\bin\verify.dll
0x00007ffeeb310000 - 0x00007ffeeb337000 	C:\Users\matel\.gradle\native\c067742578af261105cb4f569cf0c3c89f3d7b1fecec35dd04571415982c5e48\windows-amd64\native-platform.dll
0x00007ffeeae30000 - 0x00007ffeeaf74000 	C:\Users\matel\.gradle\native\38dada09dfb8b06ba9b0570ebf7e218e3eb74d4ef43ca46872605cf95ebc2f47\windows-amd64\native-platform-file-events.dll
0x00007ffee58c0000 - 0x00007ffee58c9000 	C:\Program Files\Android\Android Studio\jbr\bin\management.dll
0x00007ffee3ad0000 - 0x00007ffee3adb000 	C:\Program Files\Android\Android Studio\jbr\bin\management_ext.dll
0x00007ffef7030000 - 0x00007ffef7038000 	C:\WINDOWS\System32\PSAPI.DLL
0x00007ffef3c00000 - 0x00007ffef3c1b000 	C:\WINDOWS\SYSTEM32\CRYPTSP.dll
0x00007ffef3490000 - 0x00007ffef34c5000 	C:\WINDOWS\system32\rsaenh.dll
0x00007ffef3aa0000 - 0x00007ffef3acc000 	C:\WINDOWS\SYSTEM32\USERENV.dll
0x00007ffef3da0000 - 0x00007ffef3dc8000 	C:\WINDOWS\SYSTEM32\bcrypt.dll
0x00007ffef3c20000 - 0x00007ffef3c2c000 	C:\WINDOWS\SYSTEM32\CRYPTBASE.dll
0x00007ffef2fb0000 - 0x00007ffef2fdd000 	C:\WINDOWS\SYSTEM32\IPHLPAPI.DLL
0x00007ffef60a0000 - 0x00007ffef60a9000 	C:\WINDOWS\System32\NSI.dll
0x00007ffeed7d0000 - 0x00007ffeed7e9000 	C:\WINDOWS\SYSTEM32\dhcpcsvc6.DLL
0x00007ffeed7b0000 - 0x00007ffeed7cf000 	C:\WINDOWS\SYSTEM32\dhcpcsvc.DLL
0x00007ffef3020000 - 0x00007ffef3119000 	C:\WINDOWS\SYSTEM32\DNSAPI.dll
0x00007ffecef30000 - 0x00007ffecef38000 	C:\WINDOWS\system32\wshunix.dll

dbghelp: loaded successfully - version: 4.0.5 - missing functions: none
symbol engine: initialized successfully - sym options: 0x614 - pdb path: .;C:\Program Files\Android\Android Studio\jbr\bin;C:\WINDOWS\SYSTEM32;C:\WINDOWS\WinSxS\amd64_microsoft.windows.common-controls_6595b64144ccf1df_6.0.22621.2361_none_2712ced57382f843;C:\Program Files\Android\Android Studio\jbr\bin\server;C:\Users\matel\.gradle\native\c067742578af261105cb4f569cf0c3c89f3d7b1fecec35dd04571415982c5e48\windows-amd64;C:\Users\matel\.gradle\native\38dada09dfb8b06ba9b0570ebf7e218e3eb74d4ef43ca46872605cf95ebc2f47\windows-amd64

VM Arguments:
jvm_args: --add-opens=java.base/java.util=ALL-UNNAMED --add-opens=java.base/java.lang=ALL-UNNAMED --add-opens=java.base/java.lang.invoke=ALL-UNNAMED --add-opens=java.prefs/java.util.prefs=ALL-UNNAMED --add-opens=java.base/java.nio.charset=ALL-UNNAMED --add-opens=java.base/java.net=ALL-UNNAMED --add-opens=java.base/java.util.concurrent.atomic=ALL-UNNAMED -Xmx2048m -Dfile.encoding=UTF-8 -Duser.country=ES -Duser.language=es -Duser.variant -javaagent:C:\Users\matel\.gradle\wrapper\dists\gradle-8.4-bin\1w5dpkrfk8irigvoxmyhowfim\gradle-8.4\lib\agents\gradle-instrumentation-agent-8.4.jar 
java_command: org.gradle.launcher.daemon.bootstrap.GradleDaemon 8.4
java_class_path (initial): C:\Users\matel\.gradle\wrapper\dists\gradle-8.4-bin\1w5dpkrfk8irigvoxmyhowfim\gradle-8.4\lib\gradle-launcher-8.4.jar
Launcher Type: SUN_STANDARD

[Global flags]
     intx CICompilerCount                          = 4                                         {product} {ergonomic}
     uint ConcGCThreads                            = 3                                         {product} {ergonomic}
     uint G1ConcRefinementThreads                  = 10                                        {product} {ergonomic}
   size_t G1HeapRegionSize                         = 1048576                                   {product} {ergonomic}
    uintx GCDrainStackTargetSize                   = 64                                        {product} {ergonomic}
   size_t InitialHeapSize                          = 251658240                                 {product} {ergonomic}
   size_t MarkStackSize                            = 4194304                                   {product} {ergonomic}
   size_t MaxHeapSize                              = 2147483648                                {product} {command line}
   size_t MaxNewSize                               = 1287651328                                {product} {ergonomic}
   size_t MinHeapDeltaBytes                        = 1048576                                   {product} {ergonomic}
   size_t MinHeapSize                              = 8388608                                   {product} {ergonomic}
    uintx NonNMethodCodeHeapSize                   = 5839372                                {pd product} {ergonomic}
    uintx NonProfiledCodeHeapSize                  = 122909434                              {pd product} {ergonomic}
    uintx ProfiledCodeHeapSize                     = 122909434                              {pd product} {ergonomic}
    uintx ReservedCodeCacheSize                    = 251658240                              {pd product} {ergonomic}
     bool SegmentedCodeCache                       = true                                      {product} {ergonomic}
   size_t SoftMaxHeapSize                          = 2147483648                             {manageable} {ergonomic}
     bool UseCompressedClassPointers               = true                           {product lp64_product} {ergonomic}
     bool UseCompressedOops                        = true                           {product lp64_product} {ergonomic}
     bool UseG1GC                                  = true                                      {product} {ergonomic}
     bool UseLargePagesIndividualAllocation        = false                                  {pd product} {ergonomic}

Logging:
Log output configuration:
 #0: stdout all=warning uptime,level,tags
 #1: stderr all=off uptime,level,tags

Environment Variables:
PATH=C:\Program Files (x86)\VMware\VMware Player\bin\;C:\WINDOWS\system32;C:\WINDOWS;C:\WINDOWS\System32\Wbem;C:\WINDOWS\System32\WindowsPowerShell\v1.0\;C:\WINDOWS\System32\OpenSSH\;C:\Program Files\Microsoft VS Code\bin;C:\Users\matel\AppData\Local\Programs\Python\Python311;C:\Program Files (x86)\NVIDIA Corporation\PhysX\Common;C:\Program Files\NVIDIA Corporation\NVIDIA NvDLISR;C:\Program Files\Microsoft SQL Server\150\Tools\Binn\;C:\Program Files (x86)\Intel\Intel(R) Management Engine Components\DAL;C:\Program Files\Intel\Intel(R) Management Engine Components\DAL;C:\Program Files\Microsoft SQL Server\Client SDK\ODBC\170\Tools\Binn\;C:\Program Files\Docker\Docker\resources\bin;C:\Program Files (x86)\Microsoft SQL Server\160\Tools\Binn\;C:\Program Files\Microsoft SQL Server\160\Tools\Binn\;C:\Program Files\Microsoft SQL Server\160\DTS\Binn\;C:\Program Files (x86)\Microsoft SQL Server\160\DTS\Binn\;C:\Program Files\Azure Data Studio\bin;C:\Program Files\dotnet\;C:\Program Files\Git\cmd;C:\Users\matel\AppData\Local\Microsoft\WindowsApps;C:\Users\matel\.dotnet\tools;C:\Program Files\Azure Data Studio\bin;C:\Users\matel\AppData\Local\GitHubDesktop\bin
USERNAME=orion
OS=Windows_NT
PROCESSOR_IDENTIFIER=Intel64 Family 6 Model 158 Stepping 10, GenuineIntel
TMP=C:\Users\matel\AppData\Local\Temp
TEMP=C:\Users\matel\AppData\Local\Temp


JNI global refs:
JNI global refs: 28, weak refs: 0

JNI global refs memory usage: 843, weak refs: 841


---------------  S Y S T E M  ---------------

OS:
 Windows 11 , 64 bit Build 22621 (10.0.22621.2428)
OS uptime: 0 days 1:06 hours

CPU: total 12 (initial active 12) (6 cores per cpu, 2 threads per core) family 6 model 158 stepping 10 microcode 0xde, cx8, cmov, fxsr, ht, mmx, 3dnowpref, sse, sse2, sse3, ssse3, sse4.1, sse4.2, popcnt, lzcnt, tsc, tscinvbit, avx, avx2, aes, erms, clmul, bmi1, bmi2, rtm, adx, fma, vzeroupper, clflush, clflushopt

Memory: 4k page, system-wide physical 15289M (639M free)
TotalPageFile size 19385M (AvailPageFile size 53M)
current process WorkingSet (physical memory assigned to process): 488M, peak: 489M
current process commit charge ("private bytes"): 580M, peak: 827M

vm_info: OpenJDK 64-Bit Server VM (17.0.6+0-b2043.56-10027231) for windows-amd64 JRE (17.0.6+0-b2043.56-10027231), built on Apr 28 2023 00:43:19 by "androidbuild" with MS VC++ 16.10 / 16.11 (VS2019)

END.
