#
# There is insufficient memory for the Java Runtime Environment to continue.
# Native memory allocation (mmap) failed to map 112197632 bytes for G1 virtual space
# Possible reasons:
#   The system is out of physical RAM or swap space
#   The process is running with CompressedOops enabled, and the Java Heap may be blocking the growth of the native heap
# Possible solutions:
#   Reduce memory load on the system
#   Increase physical memory or swap space
#   Check if swap backing store is full
#   Decrease Java heap size (-Xmx/-Xms)
#   Decrease number of Java threads
#   Decrease Java thread stack sizes (-Xss)
#   Set larger code cache with -XX:ReservedCodeCacheSize=
#   JVM is running with Unscaled Compressed Oops mode in which the Java heap is
#     placed in the first 4GB address space. The Java Heap base address is the
#     maximum limit for the native heap growth. Please use -XX:HeapBaseMinAddress
#     to set the Java Heap base and to place the Java Heap above 4GB virtual address.
# This output file may be truncated or incomplete.
#
#  Out of Memory Error (os_windows.cpp:3769), pid=8072, tid=10132
#
# JRE version: OpenJDK Runtime Environment (17.0.6) (build 17.0.6+0-b2043.56-10027231)
# Java VM: OpenJDK 64-Bit Server VM (17.0.6+0-b2043.56-10027231, mixed mode, tiered, compressed oops, compressed class ptrs, g1 gc, windows-amd64)
# No core dump will be written. Minidumps are not enabled by default on client versions of Windows
#

---------------  S U M M A R Y ------------

Command Line: --add-opens=java.base/java.util=ALL-UNNAMED --add-opens=java.base/java.lang=ALL-UNNAMED --add-opens=java.base/java.lang.invoke=ALL-UNNAMED --add-opens=java.prefs/java.util.prefs=ALL-UNNAMED --add-opens=java.base/java.nio.charset=ALL-UNNAMED --add-opens=java.base/java.net=ALL-UNNAMED --add-opens=java.base/java.util.concurrent.atomic=ALL-UNNAMED -Xmx2048m -Dfile.encoding=UTF-8 -Duser.country=ES -Duser.language=es -Duser.variant -javaagent:C:\Users\matel\.gradle\wrapper\dists\gradle-8.4-bin\1w5dpkrfk8irigvoxmyhowfim\gradle-8.4\lib\agents\gradle-instrumentation-agent-8.4.jar org.gradle.launcher.daemon.bootstrap.GradleDaemon 8.4

Host: Intel(R) Core(TM) i7-8700K CPU @ 3.70GHz, 12 cores, 14G,  Windows 11 , 64 bit Build 22621 (10.0.22621.2428)
Time: Sat Oct 14 17:28:55 2023 Hora de verano GMT elapsed time: 8.051830 seconds (0d 0h 0m 8s)

---------------  T H R E A D  ---------------

Current thread (0x000001f4fc447450):  VMThread "VM Thread" [stack: 0x0000009c98900000,0x0000009c98a00000] [id=10132]

Stack: [0x0000009c98900000,0x0000009c98a00000]
Native frames: (J=compiled Java code, j=interpreted, Vv=VM code, C=native code)
V  [jvm.dll+0x683c9a]
V  [jvm.dll+0x8427a4]
V  [jvm.dll+0x843f9e]
V  [jvm.dll+0x844603]
V  [jvm.dll+0x249b75]
V  [jvm.dll+0x680b69]
V  [jvm.dll+0x67505a]
V  [jvm.dll+0x309acb]
V  [jvm.dll+0x310f86]
V  [jvm.dll+0x3608ee]
V  [jvm.dll+0x360b1f]
V  [jvm.dll+0x2dfbf8]
V  [jvm.dll+0x2ddec4]
V  [jvm.dll+0x2dd4cc]
V  [jvm.dll+0x321f3b]
V  [jvm.dll+0x848ccb]
V  [jvm.dll+0x849a04]
V  [jvm.dll+0x849f1d]
V  [jvm.dll+0x84a2f4]
V  [jvm.dll+0x84a3c0]
V  [jvm.dll+0x7f274a]
V  [jvm.dll+0x682ad5]
C  [ucrtbase.dll+0x29363]
C  [KERNEL32.DLL+0x1257d]
C  [ntdll.dll+0x5aa78]

VM_Operation (0x0000009c9a0ed320): G1CollectForAllocation, mode: safepoint, requested by thread 0x000001f4fe0a4fa0


---------------  P R O C E S S  ---------------

Threads class SMR info:
_java_thread_list=0x000001f493101bc0, length=62, elements={
0x000001f4f085c5d0, 0x000001f4fc4150c0, 0x000001f4fc415f30, 0x000001f4fc435fc0,
0x000001f4fc436980, 0x000001f4fc47b250, 0x000001f4fc47e370, 0x000001f4fc47f100,
0x000001f4fc47c120, 0x000001f4fc47cb10, 0x000001f4fc602d30, 0x000001f4fc6f8c10,
0x000001f4fd6aca30, 0x000001f4fc946680, 0x000001f4fcc9b7d0, 0x000001f4fed13d80,
0x000001f4fde4ef10, 0x000001f4fe0a4ad0, 0x000001f4fe0a4fa0, 0x000001f4fde1bbc0,
0x000001f4fde1c560, 0x000001f4fde1b220, 0x000001f4fde1a880, 0x000001f4fde1c090,
0x000001f4fde1ca30, 0x000001f4fde1cf00, 0x000001f4fde1ad50, 0x000001f4fde19540,
0x000001f4fde19ee0, 0x000001f4fde19a10, 0x000001f4fde1a3b0, 0x000001f4fde1b6f0,
0x000001f4ff778870, 0x000001f4ff7719c0, 0x000001f4ff776b90, 0x000001f4ff777530,
0x000001f4ff7761f0, 0x000001f4ff777ed0, 0x000001f4ff772360, 0x000001f4ff7731d0,
0x000001f4ff771e90, 0x000001f4ff772830, 0x000001f4ff778d40, 0x000001f4ff772d00,
0x000001f4ff7736a0, 0x000001f4ff774040, 0x000001f4ff777060, 0x000001f4ff774510,
0x000001f4ff775380, 0x000001f4ff775d20, 0x000001f4ff7766c0, 0x000001f4950752a0,
0x000001f495075770, 0x000001f495074900, 0x000001f4950735c0, 0x000001f495072280,
0x000001f495077450, 0x000001f495070f40, 0x000001f495077920, 0x000001f4950705a0,
0x000001f49557cda0, 0x000001f4955828c0
}

Java Threads: ( => current thread )
  0x000001f4f085c5d0 JavaThread "main" [_thread_blocked, id=16612, stack(0x0000009c98300000,0x0000009c98400000)]
  0x000001f4fc4150c0 JavaThread "Reference Handler" daemon [_thread_blocked, id=15312, stack(0x0000009c98a00000,0x0000009c98b00000)]
  0x000001f4fc415f30 JavaThread "Finalizer" daemon [_thread_blocked, id=3344, stack(0x0000009c98b00000,0x0000009c98c00000)]
  0x000001f4fc435fc0 JavaThread "Signal Dispatcher" daemon [_thread_blocked, id=12796, stack(0x0000009c98c00000,0x0000009c98d00000)]
  0x000001f4fc436980 JavaThread "Attach Listener" daemon [_thread_blocked, id=14120, stack(0x0000009c98d00000,0x0000009c98e00000)]
  0x000001f4fc47b250 JavaThread "Service Thread" daemon [_thread_blocked, id=5476, stack(0x0000009c98e00000,0x0000009c98f00000)]
  0x000001f4fc47e370 JavaThread "Monitor Deflation Thread" daemon [_thread_blocked, id=14284, stack(0x0000009c98f00000,0x0000009c99000000)]
  0x000001f4fc47f100 JavaThread "C2 CompilerThread0" daemon [_thread_blocked, id=15064, stack(0x0000009c99000000,0x0000009c99100000)]
  0x000001f4fc47c120 JavaThread "C1 CompilerThread0" daemon [_thread_blocked, id=7852, stack(0x0000009c99100000,0x0000009c99200000)]
  0x000001f4fc47cb10 JavaThread "Sweeper thread" daemon [_thread_blocked, id=4228, stack(0x0000009c99200000,0x0000009c99300000)]
  0x000001f4fc602d30 JavaThread "Common-Cleaner" daemon [_thread_blocked, id=2596, stack(0x0000009c99300000,0x0000009c99400000)]
  0x000001f4fc6f8c10 JavaThread "Notification Thread" daemon [_thread_blocked, id=12124, stack(0x0000009c99400000,0x0000009c99500000)]
  0x000001f4fd6aca30 JavaThread "Daemon health stats" [_thread_blocked, id=14188, stack(0x0000009c99c00000,0x0000009c99d00000)]
  0x000001f4fc946680 JavaThread "Incoming local TCP Connector on port 51403" [_thread_in_native, id=17288, stack(0x0000009c99600000,0x0000009c99700000)]
  0x000001f4fcc9b7d0 JavaThread "Daemon periodic checks" [_thread_blocked, id=15412, stack(0x0000009c99700000,0x0000009c99800000)]
  0x000001f4fed13d80 JavaThread "Daemon" [_thread_blocked, id=16344, stack(0x0000009c99d00000,0x0000009c99e00000)]
  0x000001f4fde4ef10 JavaThread "Handler for socket connection from /127.0.0.1:51403 to /127.0.0.1:51404" [_thread_in_native, id=15476, stack(0x0000009c99e00000,0x0000009c99f00000)]
  0x000001f4fe0a4ad0 JavaThread "Cancel handler" [_thread_blocked, id=13212, stack(0x0000009c99f00000,0x0000009c9a000000)]
  0x000001f4fe0a4fa0 JavaThread "Daemon worker" [_thread_blocked, id=16480, stack(0x0000009c9a000000,0x0000009c9a100000)]
  0x000001f4fde1bbc0 JavaThread "Asynchronous log dispatcher for DefaultDaemonConnection: socket connection from /127.0.0.1:51403 to /127.0.0.1:51404" [_thread_blocked, id=17396, stack(0x0000009c9a100000,0x0000009c9a200000)]
  0x000001f4fde1c560 JavaThread "Stdin handler" [_thread_blocked, id=3336, stack(0x0000009c9a200000,0x0000009c9a300000)]
  0x000001f4fde1b220 JavaThread "Daemon client event forwarder" [_thread_blocked, id=16724, stack(0x0000009c9a300000,0x0000009c9a400000)]
  0x000001f4fde1a880 JavaThread "Cache worker for journal cache (C:\Users\matel\.gradle\caches\journal-1)" [_thread_blocked, id=9932, stack(0x0000009c9ab00000,0x0000009c9ac00000)]
  0x000001f4fde1c090 JavaThread "File lock request listener" [_thread_in_native, id=13416, stack(0x0000009c9ac00000,0x0000009c9ad00000)]
  0x000001f4fde1ca30 JavaThread "Cache worker for file hash cache (C:\Users\matel\.gradle\caches\8.4\fileHashes)" [_thread_blocked, id=4576, stack(0x0000009c9ae00000,0x0000009c9af00000)]
  0x000001f4fde1cf00 JavaThread "File watcher server" daemon [_thread_in_native, id=17280, stack(0x0000009c9b000000,0x0000009c9b100000)]
  0x000001f4fde1ad50 JavaThread "File watcher consumer" daemon [_thread_blocked, id=2508, stack(0x0000009c9b100000,0x0000009c9b200000)]
  0x000001f4fde19540 JavaThread "jar transforms" [_thread_blocked, id=11100, stack(0x0000009c9b200000,0x0000009c9b300000)]
  0x000001f4fde19ee0 JavaThread "jar transforms Thread 2" [_thread_blocked, id=17284, stack(0x0000009c9b300000,0x0000009c9b400000)]
  0x000001f4fde19a10 JavaThread "jar transforms Thread 3" [_thread_blocked, id=1592, stack(0x0000009c9b400000,0x0000009c9b500000)]
  0x000001f4fde1a3b0 JavaThread "jar transforms Thread 4" [_thread_blocked, id=15656, stack(0x0000009c9b500000,0x0000009c9b600000)]
  0x000001f4fde1b6f0 JavaThread "jar transforms Thread 5" [_thread_blocked, id=17360, stack(0x0000009c9b600000,0x0000009c9b700000)]
  0x000001f4ff778870 JavaThread "jar transforms Thread 6" [_thread_blocked, id=16600, stack(0x0000009c9b700000,0x0000009c9b800000)]
  0x000001f4ff7719c0 JavaThread "jar transforms Thread 7" [_thread_blocked, id=16728, stack(0x0000009c9b800000,0x0000009c9b900000)]
  0x000001f4ff776b90 JavaThread "jar transforms Thread 8" [_thread_blocked, id=16516, stack(0x0000009c9b900000,0x0000009c9ba00000)]
  0x000001f4ff777530 JavaThread "jar transforms Thread 9" [_thread_blocked, id=5492, stack(0x0000009c9ba00000,0x0000009c9bb00000)]
  0x000001f4ff7761f0 JavaThread "jar transforms Thread 10" [_thread_blocked, id=9540, stack(0x0000009c9bb00000,0x0000009c9bc00000)]
  0x000001f4ff777ed0 JavaThread "jar transforms Thread 11" [_thread_blocked, id=12072, stack(0x0000009c9bc00000,0x0000009c9bd00000)]
  0x000001f4ff772360 JavaThread "jar transforms Thread 12" [_thread_blocked, id=9360, stack(0x0000009c9bd00000,0x0000009c9be00000)]
  0x000001f4ff7731d0 JavaThread "Cache worker for checksums cache (C:\Projects\Android\SendImage\.gradle\8.4\checksums)" [_thread_blocked, id=10452, stack(0x0000009c9be00000,0x0000009c9bf00000)]
  0x000001f4ff771e90 JavaThread "Cache worker for file hash cache (C:\Projects\Android\SendImage\.gradle\8.4\fileHashes)" [_thread_blocked, id=9856, stack(0x0000009c9bf00000,0x0000009c9c000000)]
  0x000001f4ff772830 JavaThread "Cache worker for cache directory md-supplier (C:\Users\matel\.gradle\caches\8.4\md-supplier)" [_thread_blocked, id=17328, stack(0x0000009c9c000000,0x0000009c9c100000)]
  0x000001f4ff778d40 JavaThread "Cache worker for file content cache (C:\Users\matel\.gradle\caches\8.4\fileContent)" [_thread_blocked, id=17312, stack(0x0000009c9c100000,0x0000009c9c200000)]
  0x000001f4ff772d00 JavaThread "Cache worker for cache directory md-rule (C:\Users\matel\.gradle\caches\8.4\md-rule)" [_thread_blocked, id=17336, stack(0x0000009c9c200000,0x0000009c9c300000)]
  0x000001f4ff7736a0 JavaThread "Cache worker for execution history cache (C:\Users\matel\.gradle\caches\8.4\executionHistory)" [_thread_blocked, id=17324, stack(0x0000009c9c300000,0x0000009c9c400000)]
  0x000001f4ff774040 JavaThread "Cache worker for kotlin-dsl (C:\Users\matel\.gradle\caches\8.4\kotlin-dsl)" [_thread_blocked, id=16464, stack(0x0000009c9c400000,0x0000009c9c500000)]
  0x000001f4ff777060 JavaThread "Cache worker for dependencies-accessors (C:\Projects\Android\SendImage\.gradle\8.4\dependencies-accessors)" [_thread_blocked, id=16848, stack(0x0000009c9c500000,0x0000009c9c600000)]
  0x000001f4ff774510 JavaThread "Cache worker for Build Output Cleanup Cache (C:\Projects\Android\SendImage\.gradle\buildOutputCleanup)" [_thread_blocked, id=14008, stack(0x0000009c9c600000,0x0000009c9c700000)]
  0x000001f4ff775380 JavaThread "Unconstrained build operations" [_thread_blocked, id=2808, stack(0x0000009c9c700000,0x0000009c9c800000)]
  0x000001f4ff775d20 JavaThread "Unconstrained build operations Thread 2" [_thread_blocked, id=14620, stack(0x0000009c9c800000,0x0000009c9c900000)]
  0x000001f4ff7766c0 JavaThread "Unconstrained build operations Thread 3" [_thread_blocked, id=7084, stack(0x0000009c9c900000,0x0000009c9ca00000)]
  0x000001f4950752a0 JavaThread "Unconstrained build operations Thread 4" [_thread_blocked, id=3628, stack(0x0000009c9ca00000,0x0000009c9cb00000)]
  0x000001f495075770 JavaThread "Unconstrained build operations Thread 5" [_thread_blocked, id=16468, stack(0x0000009c9cb00000,0x0000009c9cc00000)]
  0x000001f495074900 JavaThread "Unconstrained build operations Thread 6" [_thread_blocked, id=10940, stack(0x0000009c9cc00000,0x0000009c9cd00000)]
  0x000001f4950735c0 JavaThread "Unconstrained build operations Thread 7" [_thread_blocked, id=15048, stack(0x0000009c9cd00000,0x0000009c9ce00000)]
  0x000001f495072280 JavaThread "Unconstrained build operations Thread 8" [_thread_blocked, id=13176, stack(0x0000009c9ce00000,0x0000009c9cf00000)]
  0x000001f495077450 JavaThread "Unconstrained build operations Thread 9" [_thread_blocked, id=12500, stack(0x0000009c9cf00000,0x0000009c9d000000)]
  0x000001f495070f40 JavaThread "Unconstrained build operations Thread 10" [_thread_blocked, id=14896, stack(0x0000009c9d000000,0x0000009c9d100000)]
  0x000001f495077920 JavaThread "Unconstrained build operations Thread 11" [_thread_blocked, id=14544, stack(0x0000009c9d100000,0x0000009c9d200000)]
  0x000001f4950705a0 JavaThread "Memory manager" [_thread_blocked, id=2888, stack(0x0000009c9d200000,0x0000009c9d300000)]
  0x000001f49557cda0 JavaThread "C2 CompilerThread1" daemon [_thread_blocked, id=17244, stack(0x0000009c9ad00000,0x0000009c9ae00000)]
  0x000001f4955828c0 JavaThread "C2 CompilerThread2" daemon [_thread_blocked, id=14268, stack(0x0000009c9af00000,0x0000009c9b000000)]

Other Threads:
=>0x000001f4fc447450 VMThread "VM Thread" [stack: 0x0000009c98900000,0x0000009c98a00000] [id=10132]
  0x000001f4f08e3610 WatcherThread [stack: 0x0000009c99500000,0x0000009c99600000] [id=16484]
  0x000001f4f08bcb70 GCTaskThread "GC Thread#0" [stack: 0x0000009c98400000,0x0000009c98500000] [id=14924]
  0x000001f4fd5c0a80 GCTaskThread "GC Thread#1" [stack: 0x0000009c99800000,0x0000009c99900000] [id=4680]
  0x000001f4fd9e1950 GCTaskThread "GC Thread#2" [stack: 0x0000009c99900000,0x0000009c99a00000] [id=16000]
  0x000001f4fd9e1c00 GCTaskThread "GC Thread#3" [stack: 0x0000009c99a00000,0x0000009c99b00000] [id=2684]
  0x000001f4fd9e1eb0 GCTaskThread "GC Thread#4" [stack: 0x0000009c99b00000,0x0000009c99c00000] [id=13916]
  0x000001f4fd6d4c60 GCTaskThread "GC Thread#5" [stack: 0x0000009c9a400000,0x0000009c9a500000] [id=15860]
  0x000001f4fd5bfc60 GCTaskThread "GC Thread#6" [stack: 0x0000009c9a500000,0x0000009c9a600000] [id=16712]
  0x000001f4fecbe1b0 GCTaskThread "GC Thread#7" [stack: 0x0000009c9a600000,0x0000009c9a700000] [id=1404]
  0x000001f4ffac3e70 GCTaskThread "GC Thread#8" [stack: 0x0000009c9a700000,0x0000009c9a800000] [id=6656]
  0x000001f4fed10a60 GCTaskThread "GC Thread#9" [stack: 0x0000009c9a800000,0x0000009c9a900000] [id=10260]
  0x000001f4f08ceac0 ConcurrentGCThread "G1 Main Marker" [stack: 0x0000009c98500000,0x0000009c98600000] [id=11140]
  0x000001f4f08cfc70 ConcurrentGCThread "G1 Conc#0" [stack: 0x0000009c98600000,0x0000009c98700000] [id=9196]
  0x000001f4ff38f930 ConcurrentGCThread "G1 Conc#1" [stack: 0x0000009c9a900000,0x0000009c9aa00000] [id=16392]
  0x000001f4ff38fbe0 ConcurrentGCThread "G1 Conc#2" [stack: 0x0000009c9aa00000,0x0000009c9ab00000] [id=16716]
  0x000001f4f091e9d0 ConcurrentGCThread "G1 Refine#0" [stack: 0x0000009c98700000,0x0000009c98800000] [id=8140]
  0x000001f4939fc350 ConcurrentGCThread "G1 Refine#1" [stack: 0x0000009c9d300000,0x0000009c9d400000] [id=2288]
  0x000001f48f30a350 ConcurrentGCThread "G1 Refine#2" [stack: 0x0000009c9d400000,0x0000009c9d500000] [id=17356]
  0x000001f4ff8d6e80 ConcurrentGCThread "G1 Refine#3" [stack: 0x0000009c9d500000,0x0000009c9d600000] [id=4704]
  0x000001f4ff8d5780 ConcurrentGCThread "G1 Refine#4" [stack: 0x0000009c9d600000,0x0000009c9d700000] [id=12760]
  0x000001f49339fbf0 ConcurrentGCThread "G1 Refine#5" [stack: 0x0000009c9d700000,0x0000009c9d800000] [id=15772]
  0x000001f494bbf240 ConcurrentGCThread "G1 Refine#6" [stack: 0x0000009c9d800000,0x0000009c9d900000] [id=14904]
  0x000001f494bbf520 ConcurrentGCThread "G1 Refine#7" [stack: 0x0000009c9d900000,0x0000009c9da00000] [id=15496]
  0x000001f494e34350 ConcurrentGCThread "G1 Refine#8" [stack: 0x0000009c9da00000,0x0000009c9db00000] [id=10288]
  0x000001f4fb996300 ConcurrentGCThread "G1 Service" [stack: 0x0000009c98800000,0x0000009c98900000] [id=17364]

Threads with active compile tasks:
C1 CompilerThread0     8068 8739       3       org.jetbrains.kotlin.container.CacheKt::getConstructorInfo (258 bytes)

VM state: at safepoint (normal execution)

VM Mutex/Monitor currently owned by a thread:  ([mutex/lock_event])
[0x000001f4f0856920] Threads_lock - owner thread: 0x000001f4fc447450
[0x000001f4f0857a00] Heap_lock - owner thread: 0x000001f4fe0a4fa0

Heap address: 0x0000000080000000, size: 2048 MB, Compressed Oops mode: 32-bit

CDS archive(s) not mapped
Compressed class space mapped at: 0x0000000100000000-0x0000000140000000, reserved size: 1073741824
Narrow klass base: 0x0000000000000000, Narrow klass shift: 3, Narrow klass range: 0x140000000

GC Precious Log:
 CPUs: 12 total, 12 available
 Memory: 15289M
 Large Page Support: Disabled
 NUMA Support: Disabled
 Compressed Oops: Enabled (32-bit)
 Heap Region Size: 1M
 Heap Min Capacity: 8M
 Heap Initial Capacity: 240M
 Heap Max Capacity: 2G
 Pre-touch: Disabled
 Parallel Workers: 10
 Concurrent Workers: 3
 Concurrent Refinement Workers: 10
 Periodic GC: Disabled

Heap:
 garbage-first heap   total 245760K, used 154744K [0x0000000080000000, 0x0000000100000000)
  region size 1024K, 5 young (5120K), 5 survivors (5120K)
 Metaspace       used 103050K, committed 103744K, reserved 1138688K
  class space    used 13998K, committed 14336K, reserved 1048576K

Heap Regions: E=young(eden), S=young(survivor), O=old, HS=humongous(starts), HC=humongous(continues), CS=collection set, F=free, OA=open archive, CA=closed archive, TAMS=top-at-mark-start (previous, next)
|   0|0x0000000080000000, 0x0000000080100000, 0x0000000080100000|100%|HS|  |TAMS 0x0000000080100000, 0x0000000080100000| Complete 
|   1|0x0000000080100000, 0x0000000080200000, 0x0000000080200000|100%|HC|  |TAMS 0x0000000080200000, 0x0000000080200000| Complete 
|   2|0x0000000080200000, 0x0000000080300000, 0x0000000080300000|100%|HC|  |TAMS 0x0000000080300000, 0x0000000080300000| Complete 
|   3|0x0000000080300000, 0x0000000080400000, 0x0000000080400000|100%|HC|  |TAMS 0x0000000080400000, 0x0000000080400000| Complete 
|   4|0x0000000080400000, 0x0000000080500000, 0x0000000080500000|100%| O|  |TAMS 0x0000000080500000, 0x0000000080500000| Untracked 
|   5|0x0000000080500000, 0x0000000080600000, 0x0000000080600000|100%| O|  |TAMS 0x0000000080600000, 0x0000000080600000| Untracked 
|   6|0x0000000080600000, 0x0000000080700000, 0x0000000080700000|100%| O|  |TAMS 0x0000000080700000, 0x0000000080700000| Untracked 
|   7|0x0000000080700000, 0x0000000080800000, 0x0000000080800000|100%| O|  |TAMS 0x0000000080800000, 0x0000000080800000| Untracked 
|   8|0x0000000080800000, 0x0000000080900000, 0x0000000080900000|100%| O|  |TAMS 0x0000000080900000, 0x0000000080900000| Untracked 
|   9|0x0000000080900000, 0x0000000080a00000, 0x0000000080a00000|100%| O|  |TAMS 0x0000000080a00000, 0x0000000080a00000| Untracked 
|  10|0x0000000080a00000, 0x0000000080b00000, 0x0000000080b00000|100%| O|  |TAMS 0x0000000080b00000, 0x0000000080b00000| Untracked 
|  11|0x0000000080b00000, 0x0000000080c00000, 0x0000000080c00000|100%| O|  |TAMS 0x0000000080c00000, 0x0000000080c00000| Untracked 
|  12|0x0000000080c00000, 0x0000000080d00000, 0x0000000080d00000|100%| O|  |TAMS 0x0000000080d00000, 0x0000000080d00000| Untracked 
|  13|0x0000000080d00000, 0x0000000080e00000, 0x0000000080e00000|100%| O|  |TAMS 0x0000000080e00000, 0x0000000080e00000| Untracked 
|  14|0x0000000080e00000, 0x0000000080f00000, 0x0000000080f00000|100%| O|  |TAMS 0x0000000080f00000, 0x0000000080f00000| Untracked 
|  15|0x0000000080f00000, 0x0000000081000000, 0x0000000081000000|100%| O|  |TAMS 0x0000000081000000, 0x0000000081000000| Untracked 
|  16|0x0000000081000000, 0x0000000081100000, 0x0000000081100000|100%| O|  |TAMS 0x0000000081100000, 0x0000000081100000| Untracked 
|  17|0x0000000081100000, 0x0000000081200000, 0x0000000081200000|100%| O|  |TAMS 0x0000000081200000, 0x0000000081200000| Untracked 
|  18|0x0000000081200000, 0x0000000081300000, 0x0000000081300000|100%| O|  |TAMS 0x0000000081300000, 0x0000000081300000| Untracked 
|  19|0x0000000081300000, 0x0000000081400000, 0x0000000081400000|100%|HS|  |TAMS 0x0000000081400000, 0x0000000081400000| Complete 
|  20|0x0000000081400000, 0x0000000081500000, 0x0000000081500000|100%|HC|  |TAMS 0x0000000081500000, 0x0000000081500000| Complete 
|  21|0x0000000081500000, 0x0000000081600000, 0x0000000081600000|100%|HS|  |TAMS 0x0000000081600000, 0x0000000081600000| Complete 
|  22|0x0000000081600000, 0x0000000081700000, 0x0000000081700000|100%|HC|  |TAMS 0x0000000081700000, 0x0000000081700000| Complete 
|  23|0x0000000081700000, 0x0000000081800000, 0x0000000081800000|100%|HC|  |TAMS 0x0000000081800000, 0x0000000081800000| Complete 
|  24|0x0000000081800000, 0x0000000081900000, 0x0000000081900000|100%|HS|  |TAMS 0x0000000081900000, 0x0000000081900000| Complete 
|  25|0x0000000081900000, 0x0000000081a00000, 0x0000000081a00000|100%|HC|  |TAMS 0x0000000081a00000, 0x0000000081a00000| Complete 
|  26|0x0000000081a00000, 0x0000000081b00000, 0x0000000081b00000|100%|HC|  |TAMS 0x0000000081b00000, 0x0000000081b00000| Complete 
|  27|0x0000000081b00000, 0x0000000081c00000, 0x0000000081c00000|100%| O|  |TAMS 0x0000000081c00000, 0x0000000081c00000| Untracked 
|  28|0x0000000081c00000, 0x0000000081d00000, 0x0000000081d00000|100%| O|  |TAMS 0x0000000081d00000, 0x0000000081d00000| Untracked 
|  29|0x0000000081d00000, 0x0000000081e00000, 0x0000000081e00000|100%|HS|  |TAMS 0x0000000081e00000, 0x0000000081e00000| Complete 
|  30|0x0000000081e00000, 0x0000000081f00000, 0x0000000081f00000|100%|HC|  |TAMS 0x0000000081f00000, 0x0000000081f00000| Complete 
|  31|0x0000000081f00000, 0x0000000082000000, 0x0000000082000000|100%|HC|  |TAMS 0x0000000082000000, 0x0000000082000000| Complete 
|  32|0x0000000082000000, 0x0000000082100000, 0x0000000082100000|100%|HC|  |TAMS 0x0000000082100000, 0x0000000082100000| Complete 
|  33|0x0000000082100000, 0x0000000082200000, 0x0000000082200000|100%|HC|  |TAMS 0x0000000082200000, 0x0000000082200000| Complete 
|  34|0x0000000082200000, 0x0000000082300000, 0x0000000082300000|100%|HC|  |TAMS 0x0000000082300000, 0x0000000082300000| Complete 
|  35|0x0000000082300000, 0x0000000082400000, 0x0000000082400000|100%|HC|  |TAMS 0x0000000082400000, 0x0000000082400000| Complete 
|  36|0x0000000082400000, 0x0000000082500000, 0x0000000082500000|100%|HC|  |TAMS 0x0000000082500000, 0x0000000082500000| Complete 
|  37|0x0000000082500000, 0x0000000082600000, 0x0000000082600000|100%|HC|  |TAMS 0x0000000082600000, 0x0000000082600000| Complete 
|  38|0x0000000082600000, 0x0000000082700000, 0x0000000082700000|100%|HC|  |TAMS 0x0000000082700000, 0x0000000082700000| Complete 
|  39|0x0000000082700000, 0x0000000082800000, 0x0000000082800000|100%|HC|  |TAMS 0x0000000082800000, 0x0000000082800000| Complete 
|  40|0x0000000082800000, 0x0000000082900000, 0x0000000082900000|100%|HC|  |TAMS 0x0000000082900000, 0x0000000082900000| Complete 
|  41|0x0000000082900000, 0x0000000082a00000, 0x0000000082a00000|100%| O|  |TAMS 0x0000000082a00000, 0x0000000082a00000| Untracked 
|  42|0x0000000082a00000, 0x0000000082b00000, 0x0000000082b00000|100%| O|  |TAMS 0x0000000082b00000, 0x0000000082b00000| Untracked 
|  43|0x0000000082b00000, 0x0000000082c00000, 0x0000000082c00000|100%| O|  |TAMS 0x0000000082c00000, 0x0000000082c00000| Untracked 
|  44|0x0000000082c00000, 0x0000000082d00000, 0x0000000082d00000|100%| O|  |TAMS 0x0000000082d00000, 0x0000000082d00000| Untracked 
|  45|0x0000000082d00000, 0x0000000082e00000, 0x0000000082e00000|100%|HS|  |TAMS 0x0000000082e00000, 0x0000000082e00000| Complete 
|  46|0x0000000082e00000, 0x0000000082f00000, 0x0000000082f00000|100%|HC|  |TAMS 0x0000000082f00000, 0x0000000082f00000| Complete 
|  47|0x0000000082f00000, 0x0000000083000000, 0x0000000083000000|100%| O|  |TAMS 0x0000000083000000, 0x0000000083000000| Untracked 
|  48|0x0000000083000000, 0x0000000083100000, 0x0000000083100000|100%| O|  |TAMS 0x0000000083100000, 0x0000000083100000| Untracked 
|  49|0x0000000083100000, 0x0000000083200000, 0x0000000083200000|100%| O|  |TAMS 0x0000000083200000, 0x0000000083200000| Untracked 
|  50|0x0000000083200000, 0x0000000083300000, 0x0000000083300000|100%| O|  |TAMS 0x0000000083300000, 0x0000000083300000| Untracked 
|  51|0x0000000083300000, 0x0000000083400000, 0x0000000083400000|100%| O|  |TAMS 0x0000000083400000, 0x0000000083400000| Untracked 
|  52|0x0000000083400000, 0x0000000083500000, 0x0000000083500000|100%| O|  |TAMS 0x0000000083500000, 0x0000000083500000| Untracked 
|  53|0x0000000083500000, 0x0000000083600000, 0x0000000083600000|100%| O|  |TAMS 0x0000000083600000, 0x0000000083600000| Untracked 
|  54|0x0000000083600000, 0x0000000083700000, 0x0000000083700000|100%| O|  |TAMS 0x0000000083700000, 0x0000000083700000| Untracked 
|  55|0x0000000083700000, 0x0000000083800000, 0x0000000083800000|100%| O|  |TAMS 0x0000000083800000, 0x0000000083800000| Untracked 
|  56|0x0000000083800000, 0x0000000083900000, 0x0000000083900000|100%| O|  |TAMS 0x0000000083900000, 0x0000000083900000| Untracked 
|  57|0x0000000083900000, 0x0000000083a00000, 0x0000000083a00000|100%| O|  |TAMS 0x0000000083a00000, 0x0000000083a00000| Untracked 
|  58|0x0000000083a00000, 0x0000000083b00000, 0x0000000083b00000|100%|HS|  |TAMS 0x0000000083b00000, 0x0000000083b00000| Complete 
|  59|0x0000000083b00000, 0x0000000083c00000, 0x0000000083c00000|100%|HC|  |TAMS 0x0000000083c00000, 0x0000000083c00000| Complete 
|  60|0x0000000083c00000, 0x0000000083d00000, 0x0000000083d00000|100%|HC|  |TAMS 0x0000000083d00000, 0x0000000083d00000| Complete 
|  61|0x0000000083d00000, 0x0000000083e00000, 0x0000000083e00000|100%| O|  |TAMS 0x0000000083e00000, 0x0000000083e00000| Untracked 
|  62|0x0000000083e00000, 0x0000000083f00000, 0x0000000083f00000|100%| O|  |TAMS 0x0000000083f00000, 0x0000000083f00000| Untracked 
|  63|0x0000000083f00000, 0x0000000084000000, 0x0000000084000000|100%| O|  |TAMS 0x0000000084000000, 0x0000000084000000| Untracked 
|  64|0x0000000084000000, 0x0000000084100000, 0x0000000084100000|100%| O|  |TAMS 0x0000000084100000, 0x0000000084100000| Untracked 
|  65|0x0000000084100000, 0x0000000084200000, 0x0000000084200000|100%| O|  |TAMS 0x0000000084200000, 0x0000000084200000| Untracked 
|  66|0x0000000084200000, 0x0000000084300000, 0x0000000084300000|100%| O|  |TAMS 0x0000000084300000, 0x0000000084300000| Untracked 
|  67|0x0000000084300000, 0x0000000084400000, 0x0000000084400000|100%| O|  |TAMS 0x0000000084400000, 0x0000000084400000| Untracked 
|  68|0x0000000084400000, 0x0000000084500000, 0x0000000084500000|100%| O|  |TAMS 0x0000000084500000, 0x0000000084500000| Untracked 
|  69|0x0000000084500000, 0x0000000084600000, 0x0000000084600000|100%| O|  |TAMS 0x0000000084600000, 0x0000000084600000| Untracked 
|  70|0x0000000084600000, 0x0000000084700000, 0x0000000084700000|100%|HS|  |TAMS 0x0000000084700000, 0x0000000084700000| Complete 
|  71|0x0000000084700000, 0x0000000084800000, 0x0000000084800000|100%|HS|  |TAMS 0x0000000084800000, 0x0000000084800000| Complete 
|  72|0x0000000084800000, 0x0000000084900000, 0x0000000084900000|100%|HS|  |TAMS 0x0000000084900000, 0x0000000084900000| Complete 
|  73|0x0000000084900000, 0x0000000084a00000, 0x0000000084a00000|100%|HC|  |TAMS 0x0000000084a00000, 0x0000000084a00000| Complete 
|  74|0x0000000084a00000, 0x0000000084b00000, 0x0000000084b00000|100%|HS|  |TAMS 0x0000000084b00000, 0x0000000084b00000| Complete 
|  75|0x0000000084b00000, 0x0000000084c00000, 0x0000000084c00000|100%|HC|  |TAMS 0x0000000084c00000, 0x0000000084c00000| Complete 
|  76|0x0000000084c00000, 0x0000000084d00000, 0x0000000084d00000|100%|HS|  |TAMS 0x0000000084d00000, 0x0000000084d00000| Complete 
|  77|0x0000000084d00000, 0x0000000084e00000, 0x0000000084e00000|100%|HS|  |TAMS 0x0000000084e00000, 0x0000000084e00000| Complete 
|  78|0x0000000084e00000, 0x0000000084f00000, 0x0000000084f00000|100%|HS|  |TAMS 0x0000000084f00000, 0x0000000084f00000| Complete 
|  79|0x0000000084f00000, 0x0000000085000000, 0x0000000085000000|100%|HC|  |TAMS 0x0000000085000000, 0x0000000085000000| Complete 
|  80|0x0000000085000000, 0x0000000085100000, 0x0000000085100000|100%|HC|  |TAMS 0x0000000085100000, 0x0000000085100000| Complete 
|  81|0x0000000085100000, 0x0000000085200000, 0x0000000085200000|100%|HC|  |TAMS 0x0000000085200000, 0x0000000085200000| Complete 
|  82|0x0000000085200000, 0x0000000085300000, 0x0000000085300000|100%| O|  |TAMS 0x0000000085300000, 0x0000000085300000| Untracked 
|  83|0x0000000085300000, 0x0000000085400000, 0x0000000085400000|100%| O|  |TAMS 0x0000000085400000, 0x0000000085400000| Untracked 
|  84|0x0000000085400000, 0x0000000085500000, 0x0000000085500000|100%| O|  |TAMS 0x0000000085500000, 0x0000000085500000| Untracked 
|  85|0x0000000085500000, 0x0000000085600000, 0x0000000085600000|100%| O|  |TAMS 0x0000000085600000, 0x0000000085600000| Untracked 
|  86|0x0000000085600000, 0x0000000085600000, 0x0000000085700000|  0%| F|  |TAMS 0x0000000085600000, 0x0000000085600000| Untracked 
|  87|0x0000000085700000, 0x0000000085800000, 0x0000000085800000|100%| O|  |TAMS 0x0000000085800000, 0x0000000085800000| Untracked 
|  88|0x0000000085800000, 0x0000000085900000, 0x0000000085900000|100%| O|  |TAMS 0x0000000085900000, 0x0000000085900000| Untracked 
|  89|0x0000000085900000, 0x0000000085a00000, 0x0000000085a00000|100%| O|  |TAMS 0x0000000085a00000, 0x0000000085a00000| Untracked 
|  90|0x0000000085a00000, 0x0000000085b00000, 0x0000000085b00000|100%| O|  |TAMS 0x0000000085b00000, 0x0000000085b00000| Untracked 
|  91|0x0000000085b00000, 0x0000000085c00000, 0x0000000085c00000|100%| O|  |TAMS 0x0000000085c00000, 0x0000000085c00000| Untracked 
|  92|0x0000000085c00000, 0x0000000085d00000, 0x0000000085d00000|100%| O|  |TAMS 0x0000000085d00000, 0x0000000085d00000| Untracked 
|  93|0x0000000085d00000, 0x0000000085e00000, 0x0000000085e00000|100%| O|  |TAMS 0x0000000085e00000, 0x0000000085e00000| Untracked 
|  94|0x0000000085e00000, 0x0000000085f00000, 0x0000000085f00000|100%| O|  |TAMS 0x0000000085f00000, 0x0000000085f00000| Untracked 
|  95|0x0000000085f00000, 0x0000000086000000, 0x0000000086000000|100%| O|  |TAMS 0x0000000086000000, 0x0000000086000000| Untracked 
|  96|0x0000000086000000, 0x0000000086100000, 0x0000000086100000|100%| O|  |TAMS 0x0000000086100000, 0x0000000086100000| Untracked 
|  97|0x0000000086100000, 0x0000000086200000, 0x0000000086200000|100%| O|  |TAMS 0x0000000086200000, 0x0000000086200000| Untracked 
|  98|0x0000000086200000, 0x0000000086300000, 0x0000000086300000|100%| O|  |TAMS 0x0000000086300000, 0x0000000086300000| Untracked 
|  99|0x0000000086300000, 0x0000000086400000, 0x0000000086400000|100%|HS|  |TAMS 0x0000000086400000, 0x0000000086400000| Complete 
| 100|0x0000000086400000, 0x0000000086500000, 0x0000000086500000|100%|HC|  |TAMS 0x0000000086500000, 0x0000000086500000| Complete 
| 101|0x0000000086500000, 0x0000000086600000, 0x0000000086600000|100%|HC|  |TAMS 0x0000000086600000, 0x0000000086600000| Complete 
| 102|0x0000000086600000, 0x0000000086700000, 0x0000000086700000|100%|HC|  |TAMS 0x0000000086700000, 0x0000000086700000| Complete 
| 103|0x0000000086700000, 0x0000000086800000, 0x0000000086800000|100%| O|  |TAMS 0x0000000086800000, 0x0000000086800000| Untracked 
| 104|0x0000000086800000, 0x0000000086900000, 0x0000000086900000|100%| O|  |TAMS 0x0000000086900000, 0x0000000086900000| Untracked 
| 105|0x0000000086900000, 0x0000000086a00000, 0x0000000086a00000|100%| O|  |TAMS 0x0000000086a00000, 0x0000000086a00000| Untracked 
| 106|0x0000000086a00000, 0x0000000086b00000, 0x0000000086b00000|100%| O|  |TAMS 0x0000000086b00000, 0x0000000086b00000| Untracked 
| 107|0x0000000086b00000, 0x0000000086c00000, 0x0000000086c00000|100%| O|  |TAMS 0x0000000086c00000, 0x0000000086c00000| Untracked 
| 108|0x0000000086c00000, 0x0000000086d00000, 0x0000000086d00000|100%| O|  |TAMS 0x0000000086c00000, 0x0000000086d00000| Untracked 
| 109|0x0000000086d00000, 0x0000000086e00000, 0x0000000086e00000|100%| O|  |TAMS 0x0000000086d00000, 0x0000000086e00000| Untracked 
| 110|0x0000000086e00000, 0x0000000086f00000, 0x0000000086f00000|100%| O|  |TAMS 0x0000000086e00000, 0x0000000086f00000| Untracked 
| 111|0x0000000086f00000, 0x0000000087000000, 0x0000000087000000|100%| O|  |TAMS 0x0000000086f00000, 0x0000000087000000| Untracked 
| 112|0x0000000087000000, 0x0000000087100000, 0x0000000087100000|100%| O|  |TAMS 0x0000000087000000, 0x0000000087100000| Untracked 
| 113|0x0000000087100000, 0x0000000087200000, 0x0000000087200000|100%| O|  |TAMS 0x0000000087100000, 0x0000000087200000| Untracked 
| 114|0x0000000087200000, 0x0000000087300000, 0x0000000087300000|100%| O|  |TAMS 0x0000000087200000, 0x0000000087300000| Untracked 
| 115|0x0000000087300000, 0x0000000087400000, 0x0000000087400000|100%| O|  |TAMS 0x0000000087400000, 0x0000000087400000| Untracked 
| 116|0x0000000087400000, 0x0000000087500000, 0x0000000087500000|100%| O|  |TAMS 0x0000000087500000, 0x0000000087500000| Untracked 
| 117|0x0000000087500000, 0x0000000087600000, 0x0000000087600000|100%| O|  |TAMS 0x0000000087600000, 0x0000000087600000| Untracked 
| 118|0x0000000087600000, 0x0000000087700000, 0x0000000087700000|100%| O|  |TAMS 0x0000000087700000, 0x0000000087700000| Untracked 
| 119|0x0000000087700000, 0x0000000087800000, 0x0000000087800000|100%| O|  |TAMS 0x0000000087800000, 0x0000000087800000| Untracked 
| 120|0x0000000087800000, 0x0000000087900000, 0x0000000087900000|100%| O|  |TAMS 0x0000000087900000, 0x0000000087900000| Untracked 
| 121|0x0000000087900000, 0x0000000087a00000, 0x0000000087a00000|100%| O|  |TAMS 0x0000000087a00000, 0x0000000087a00000| Untracked 
| 122|0x0000000087a00000, 0x0000000087b00000, 0x0000000087b00000|100%| O|  |TAMS 0x0000000087b00000, 0x0000000087b00000| Untracked 
| 123|0x0000000087b00000, 0x0000000087c00000, 0x0000000087c00000|100%| O|  |TAMS 0x0000000087c00000, 0x0000000087c00000| Untracked 
| 124|0x0000000087c00000, 0x0000000087d00000, 0x0000000087d00000|100%| O|  |TAMS 0x0000000087d00000, 0x0000000087d00000| Untracked 
| 125|0x0000000087d00000, 0x0000000087e00000, 0x0000000087e00000|100%| O|  |TAMS 0x0000000087d56a00, 0x0000000087e00000| Untracked 
| 126|0x0000000087e00000, 0x0000000087f00000, 0x0000000087f00000|100%| O|  |TAMS 0x0000000087e00000, 0x0000000087f00000| Untracked 
| 127|0x0000000087f00000, 0x0000000088000000, 0x0000000088000000|100%| O|  |TAMS 0x0000000087f00000, 0x0000000088000000| Untracked 
| 128|0x0000000088000000, 0x0000000088100000, 0x0000000088100000|100%| O|  |TAMS 0x0000000088000000, 0x0000000088100000| Untracked 
| 129|0x0000000088100000, 0x0000000088200000, 0x0000000088200000|100%| O|  |TAMS 0x0000000088100000, 0x0000000088200000| Untracked 
| 130|0x0000000088200000, 0x0000000088300000, 0x0000000088300000|100%| O|  |TAMS 0x0000000088200000, 0x0000000088300000| Untracked 
| 131|0x0000000088300000, 0x0000000088400000, 0x0000000088400000|100%| O|  |TAMS 0x0000000088300000, 0x0000000088400000| Untracked 
| 132|0x0000000088400000, 0x0000000088500000, 0x0000000088500000|100%| O|  |TAMS 0x0000000088400000, 0x0000000088500000| Untracked 
| 133|0x0000000088500000, 0x0000000088600000, 0x0000000088600000|100%| O|  |TAMS 0x0000000088500000, 0x0000000088600000| Untracked 
| 134|0x0000000088600000, 0x0000000088700000, 0x0000000088700000|100%| O|  |TAMS 0x0000000088600000, 0x0000000088700000| Untracked 
| 135|0x0000000088700000, 0x0000000088800000, 0x0000000088800000|100%| O|  |TAMS 0x0000000088700000, 0x0000000088800000| Untracked 
| 136|0x0000000088800000, 0x0000000088900000, 0x0000000088900000|100%| O|  |TAMS 0x0000000088800000, 0x0000000088900000| Untracked 
| 137|0x0000000088900000, 0x0000000088a00000, 0x0000000088a00000|100%| O|  |TAMS 0x0000000088900000, 0x0000000088a00000| Untracked 
| 138|0x0000000088a00000, 0x0000000088b00000, 0x0000000088b00000|100%|HS|  |TAMS 0x0000000088a00000, 0x0000000088b00000| Complete 
| 139|0x0000000088b00000, 0x0000000088c00000, 0x0000000088c00000|100%|HC|  |TAMS 0x0000000088b00000, 0x0000000088c00000| Complete 
| 140|0x0000000088c00000, 0x0000000088d00000, 0x0000000088d00000|100%|HC|  |TAMS 0x0000000088c00000, 0x0000000088d00000| Complete 
| 141|0x0000000088d00000, 0x0000000088e00000, 0x0000000088e00000|100%|HC|  |TAMS 0x0000000088d00000, 0x0000000088e00000| Complete 
| 142|0x0000000088e00000, 0x0000000088f00000, 0x0000000088f00000|100%|HC|  |TAMS 0x0000000088e00000, 0x0000000088f00000| Complete 
| 143|0x0000000088f00000, 0x0000000089000000, 0x0000000089000000|100%|HC|  |TAMS 0x0000000088f00000, 0x0000000089000000| Complete 
| 144|0x0000000089000000, 0x0000000089100000, 0x0000000089100000|100%|HS|  |TAMS 0x0000000089000000, 0x0000000089100000| Complete 
| 145|0x0000000089100000, 0x0000000089200000, 0x0000000089200000|100%| O|  |TAMS 0x0000000089100000, 0x0000000089200000| Untracked 
| 146|0x0000000089200000, 0x0000000089300000, 0x0000000089300000|100%| O|  |TAMS 0x0000000089200000, 0x0000000089300000| Untracked 
| 147|0x0000000089300000, 0x0000000089323a00, 0x0000000089400000| 13%| O|  |TAMS 0x0000000089300000, 0x0000000089323a00| Untracked 
| 148|0x0000000089400000, 0x0000000089400000, 0x0000000089500000|  0%| F|  |TAMS 0x0000000089400000, 0x0000000089400000| Untracked 
| 149|0x0000000089500000, 0x0000000089500000, 0x0000000089600000|  0%| F|  |TAMS 0x0000000089500000, 0x0000000089500000| Untracked 
| 150|0x0000000089600000, 0x0000000089600000, 0x0000000089700000|  0%| F|  |TAMS 0x0000000089600000, 0x0000000089600000| Untracked 
| 151|0x0000000089700000, 0x0000000089700000, 0x0000000089800000|  0%| F|  |TAMS 0x0000000089700000, 0x0000000089700000| Untracked 
| 152|0x0000000089800000, 0x0000000089800000, 0x0000000089900000|  0%| F|  |TAMS 0x0000000089800000, 0x0000000089800000| Untracked 
| 153|0x0000000089900000, 0x0000000089900000, 0x0000000089a00000|  0%| F|  |TAMS 0x0000000089900000, 0x0000000089900000| Untracked 
| 154|0x0000000089a00000, 0x0000000089a00000, 0x0000000089b00000|  0%| F|  |TAMS 0x0000000089a00000, 0x0000000089a00000| Untracked 
| 155|0x0000000089b00000, 0x0000000089b00000, 0x0000000089c00000|  0%| F|  |TAMS 0x0000000089b00000, 0x0000000089b00000| Untracked 
| 156|0x0000000089c00000, 0x0000000089c00000, 0x0000000089d00000|  0%| F|  |TAMS 0x0000000089c00000, 0x0000000089c00000| Untracked 
| 157|0x0000000089d00000, 0x0000000089d00000, 0x0000000089e00000|  0%| F|  |TAMS 0x0000000089d00000, 0x0000000089d00000| Untracked 
| 158|0x0000000089e00000, 0x0000000089e00000, 0x0000000089f00000|  0%| F|  |TAMS 0x0000000089e00000, 0x0000000089e00000| Untracked 
| 159|0x0000000089f00000, 0x0000000089f00000, 0x000000008a000000|  0%| F|  |TAMS 0x0000000089f00000, 0x0000000089f00000| Untracked 
| 160|0x000000008a000000, 0x000000008a000000, 0x000000008a100000|  0%| F|  |TAMS 0x000000008a000000, 0x000000008a000000| Untracked 
| 161|0x000000008a100000, 0x000000008a100000, 0x000000008a200000|  0%| F|  |TAMS 0x000000008a100000, 0x000000008a100000| Untracked 
| 162|0x000000008a200000, 0x000000008a200000, 0x000000008a300000|  0%| F|  |TAMS 0x000000008a200000, 0x000000008a200000| Untracked 
| 163|0x000000008a300000, 0x000000008a300000, 0x000000008a400000|  0%| F|  |TAMS 0x000000008a300000, 0x000000008a300000| Untracked 
| 164|0x000000008a400000, 0x000000008a400000, 0x000000008a500000|  0%| F|  |TAMS 0x000000008a400000, 0x000000008a400000| Untracked 
| 165|0x000000008a500000, 0x000000008a500000, 0x000000008a600000|  0%| F|  |TAMS 0x000000008a500000, 0x000000008a500000| Untracked 
| 166|0x000000008a600000, 0x000000008a600000, 0x000000008a700000|  0%| F|  |TAMS 0x000000008a600000, 0x000000008a600000| Untracked 
| 167|0x000000008a700000, 0x000000008a700000, 0x000000008a800000|  0%| F|  |TAMS 0x000000008a700000, 0x000000008a700000| Untracked 
| 168|0x000000008a800000, 0x000000008a800000, 0x000000008a900000|  0%| F|  |TAMS 0x000000008a800000, 0x000000008a800000| Untracked 
| 169|0x000000008a900000, 0x000000008a900000, 0x000000008aa00000|  0%| F|  |TAMS 0x000000008a900000, 0x000000008a900000| Untracked 
| 170|0x000000008aa00000, 0x000000008aa00000, 0x000000008ab00000|  0%| F|  |TAMS 0x000000008aa00000, 0x000000008aa00000| Untracked 
| 171|0x000000008ab00000, 0x000000008ab00000, 0x000000008ac00000|  0%| F|  |TAMS 0x000000008ab00000, 0x000000008ab00000| Untracked 
| 172|0x000000008ac00000, 0x000000008ac00000, 0x000000008ad00000|  0%| F|  |TAMS 0x000000008ac00000, 0x000000008ac00000| Untracked 
| 173|0x000000008ad00000, 0x000000008ad00000, 0x000000008ae00000|  0%| F|  |TAMS 0x000000008ad00000, 0x000000008ad00000| Untracked 
| 174|0x000000008ae00000, 0x000000008ae00000, 0x000000008af00000|  0%| F|  |TAMS 0x000000008ae00000, 0x000000008ae00000| Untracked 
| 175|0x000000008af00000, 0x000000008af00000, 0x000000008b000000|  0%| F|  |TAMS 0x000000008af00000, 0x000000008af00000| Untracked 
| 176|0x000000008b000000, 0x000000008b000000, 0x000000008b100000|  0%| F|  |TAMS 0x000000008b000000, 0x000000008b000000| Untracked 
| 177|0x000000008b100000, 0x000000008b100000, 0x000000008b200000|  0%| F|  |TAMS 0x000000008b100000, 0x000000008b100000| Untracked 
| 178|0x000000008b200000, 0x000000008b200000, 0x000000008b300000|  0%| F|  |TAMS 0x000000008b200000, 0x000000008b200000| Untracked 
| 179|0x000000008b300000, 0x000000008b300000, 0x000000008b400000|  0%| F|  |TAMS 0x000000008b300000, 0x000000008b300000| Untracked 
| 180|0x000000008b400000, 0x000000008b400000, 0x000000008b500000|  0%| F|  |TAMS 0x000000008b400000, 0x000000008b400000| Untracked 
| 181|0x000000008b500000, 0x000000008b500000, 0x000000008b600000|  0%| F|  |TAMS 0x000000008b500000, 0x000000008b500000| Untracked 
| 182|0x000000008b600000, 0x000000008b600000, 0x000000008b700000|  0%| F|  |TAMS 0x000000008b600000, 0x000000008b600000| Untracked 
| 183|0x000000008b700000, 0x000000008b700000, 0x000000008b800000|  0%| F|  |TAMS 0x000000008b700000, 0x000000008b700000| Untracked 
| 184|0x000000008b800000, 0x000000008b800000, 0x000000008b900000|  0%| F|  |TAMS 0x000000008b800000, 0x000000008b800000| Untracked 
| 185|0x000000008b900000, 0x000000008b900000, 0x000000008ba00000|  0%| F|  |TAMS 0x000000008b900000, 0x000000008b900000| Untracked 
| 186|0x000000008ba00000, 0x000000008bafa9c0, 0x000000008bb00000| 97%| S|CS|TAMS 0x000000008ba00000, 0x000000008ba00000| Complete 
| 187|0x000000008bb00000, 0x000000008bc00000, 0x000000008bc00000|100%| S|CS|TAMS 0x000000008bb00000, 0x000000008bb00000| Complete 
| 188|0x000000008bc00000, 0x000000008bd00000, 0x000000008bd00000|100%| S|CS|TAMS 0x000000008bc00000, 0x000000008bc00000| Complete 
| 189|0x000000008bd00000, 0x000000008be00000, 0x000000008be00000|100%| S|CS|TAMS 0x000000008bd00000, 0x000000008bd00000| Complete 
| 190|0x000000008be00000, 0x000000008bf00000, 0x000000008bf00000|100%| S|CS|TAMS 0x000000008be00000, 0x000000008be00000| Complete 
| 191|0x000000008bf00000, 0x000000008bf00000, 0x000000008c000000|  0%| F|  |TAMS 0x000000008bf00000, 0x000000008bf00000| Untracked 
| 192|0x000000008c000000, 0x000000008c000000, 0x000000008c100000|  0%| F|  |TAMS 0x000000008c000000, 0x000000008c000000| Untracked 
| 193|0x000000008c100000, 0x000000008c100000, 0x000000008c200000|  0%| F|  |TAMS 0x000000008c100000, 0x000000008c100000| Untracked 
| 194|0x000000008c200000, 0x000000008c200000, 0x000000008c300000|  0%| F|  |TAMS 0x000000008c200000, 0x000000008c200000| Untracked 
| 195|0x000000008c300000, 0x000000008c300000, 0x000000008c400000|  0%| F|  |TAMS 0x000000008c300000, 0x000000008c300000| Untracked 
| 196|0x000000008c400000, 0x000000008c400000, 0x000000008c500000|  0%| F|  |TAMS 0x000000008c400000, 0x000000008c400000| Untracked 
| 197|0x000000008c500000, 0x000000008c500000, 0x000000008c600000|  0%| F|  |TAMS 0x000000008c500000, 0x000000008c500000| Untracked 
| 198|0x000000008c600000, 0x000000008c600000, 0x000000008c700000|  0%| F|  |TAMS 0x000000008c600000, 0x000000008c600000| Untracked 
| 199|0x000000008c700000, 0x000000008c700000, 0x000000008c800000|  0%| F|  |TAMS 0x000000008c700000, 0x000000008c700000| Untracked 
| 200|0x000000008c800000, 0x000000008c800000, 0x000000008c900000|  0%| F|  |TAMS 0x000000008c800000, 0x000000008c800000| Untracked 
| 201|0x000000008c900000, 0x000000008c900000, 0x000000008ca00000|  0%| F|  |TAMS 0x000000008c900000, 0x000000008c900000| Untracked 
| 202|0x000000008ca00000, 0x000000008ca00000, 0x000000008cb00000|  0%| F|  |TAMS 0x000000008ca00000, 0x000000008ca00000| Untracked 
| 203|0x000000008cb00000, 0x000000008cb00000, 0x000000008cc00000|  0%| F|  |TAMS 0x000000008cb00000, 0x000000008cb00000| Untracked 
| 204|0x000000008cc00000, 0x000000008cc00000, 0x000000008cd00000|  0%| F|  |TAMS 0x000000008cc00000, 0x000000008cc00000| Untracked 
| 205|0x000000008cd00000, 0x000000008cd00000, 0x000000008ce00000|  0%| F|  |TAMS 0x000000008cd00000, 0x000000008cd00000| Untracked 
| 206|0x000000008ce00000, 0x000000008ce00000, 0x000000008cf00000|  0%| F|  |TAMS 0x000000008ce00000, 0x000000008ce00000| Untracked 
| 207|0x000000008cf00000, 0x000000008cf00000, 0x000000008d000000|  0%| F|  |TAMS 0x000000008cf00000, 0x000000008cf00000| Untracked 
| 208|0x000000008d000000, 0x000000008d000000, 0x000000008d100000|  0%| F|  |TAMS 0x000000008d000000, 0x000000008d000000| Untracked 
| 209|0x000000008d100000, 0x000000008d100000, 0x000000008d200000|  0%| F|  |TAMS 0x000000008d100000, 0x000000008d100000| Untracked 
| 210|0x000000008d200000, 0x000000008d200000, 0x000000008d300000|  0%| F|  |TAMS 0x000000008d200000, 0x000000008d200000| Untracked 
| 211|0x000000008d300000, 0x000000008d300000, 0x000000008d400000|  0%| F|  |TAMS 0x000000008d300000, 0x000000008d300000| Untracked 
| 212|0x000000008d400000, 0x000000008d400000, 0x000000008d500000|  0%| F|  |TAMS 0x000000008d400000, 0x000000008d400000| Untracked 
| 213|0x000000008d500000, 0x000000008d500000, 0x000000008d600000|  0%| F|  |TAMS 0x000000008d500000, 0x000000008d500000| Untracked 
| 214|0x000000008d600000, 0x000000008d600000, 0x000000008d700000|  0%| F|  |TAMS 0x000000008d600000, 0x000000008d600000| Untracked 
| 215|0x000000008d700000, 0x000000008d700000, 0x000000008d800000|  0%| F|  |TAMS 0x000000008d700000, 0x000000008d700000| Untracked 
| 216|0x000000008d800000, 0x000000008d800000, 0x000000008d900000|  0%| F|  |TAMS 0x000000008d800000, 0x000000008d800000| Untracked 
| 217|0x000000008d900000, 0x000000008d900000, 0x000000008da00000|  0%| F|  |TAMS 0x000000008d900000, 0x000000008d900000| Untracked 
| 218|0x000000008da00000, 0x000000008da00000, 0x000000008db00000|  0%| F|  |TAMS 0x000000008da00000, 0x000000008da00000| Untracked 
| 219|0x000000008db00000, 0x000000008db00000, 0x000000008dc00000|  0%| F|  |TAMS 0x000000008db00000, 0x000000008db00000| Untracked 
| 220|0x000000008dc00000, 0x000000008dc00000, 0x000000008dd00000|  0%| F|  |TAMS 0x000000008dc00000, 0x000000008dc00000| Untracked 
| 221|0x000000008dd00000, 0x000000008dd00000, 0x000000008de00000|  0%| F|  |TAMS 0x000000008dd00000, 0x000000008dd00000| Untracked 
| 222|0x000000008de00000, 0x000000008de00000, 0x000000008df00000|  0%| F|  |TAMS 0x000000008de00000, 0x000000008de00000| Untracked 
| 223|0x000000008df00000, 0x000000008df00000, 0x000000008e000000|  0%| F|  |TAMS 0x000000008df00000, 0x000000008df00000| Untracked 
| 224|0x000000008e000000, 0x000000008e000000, 0x000000008e100000|  0%| F|  |TAMS 0x000000008e000000, 0x000000008e000000| Untracked 
| 225|0x000000008e100000, 0x000000008e100000, 0x000000008e200000|  0%| F|  |TAMS 0x000000008e100000, 0x000000008e100000| Untracked 
| 226|0x000000008e200000, 0x000000008e200000, 0x000000008e300000|  0%| F|  |TAMS 0x000000008e200000, 0x000000008e200000| Untracked 
| 227|0x000000008e300000, 0x000000008e300000, 0x000000008e400000|  0%| F|  |TAMS 0x000000008e300000, 0x000000008e300000| Untracked 
| 228|0x000000008e400000, 0x000000008e400000, 0x000000008e500000|  0%| F|  |TAMS 0x000000008e400000, 0x000000008e400000| Untracked 
| 229|0x000000008e500000, 0x000000008e500000, 0x000000008e600000|  0%| F|  |TAMS 0x000000008e500000, 0x000000008e500000| Untracked 
| 230|0x000000008e600000, 0x000000008e600000, 0x000000008e700000|  0%| F|  |TAMS 0x000000008e600000, 0x000000008e600000| Untracked 
| 231|0x000000008e700000, 0x000000008e700000, 0x000000008e800000|  0%| F|  |TAMS 0x000000008e700000, 0x000000008e700000| Untracked 
| 232|0x000000008e800000, 0x000000008e800000, 0x000000008e900000|  0%| F|  |TAMS 0x000000008e800000, 0x000000008e800000| Untracked 
| 233|0x000000008e900000, 0x000000008e900000, 0x000000008ea00000|  0%| F|  |TAMS 0x000000008e900000, 0x000000008e900000| Untracked 
| 234|0x000000008ea00000, 0x000000008ea00000, 0x000000008eb00000|  0%| F|  |TAMS 0x000000008ea00000, 0x000000008ea00000| Untracked 
| 235|0x000000008eb00000, 0x000000008eb00000, 0x000000008ec00000|  0%| F|  |TAMS 0x000000008eb00000, 0x000000008eb00000| Untracked 
| 236|0x000000008ec00000, 0x000000008ec00000, 0x000000008ed00000|  0%| F|  |TAMS 0x000000008ec00000, 0x000000008ec00000| Untracked 
| 237|0x000000008ed00000, 0x000000008ed00000, 0x000000008ee00000|  0%| F|  |TAMS 0x000000008ed00000, 0x000000008ed00000| Untracked 
| 238|0x000000008ee00000, 0x000000008ee00000, 0x000000008ef00000|  0%| F|  |TAMS 0x000000008ee00000, 0x000000008ee00000| Untracked 
| 239|0x000000008ef00000, 0x000000008ef00000, 0x000000008f000000|  0%| F|  |TAMS 0x000000008ef00000, 0x000000008ef00000| Untracked 

Card table byte_map: [0x000001f4f4670000,0x000001f4f4a70000] _byte_map_base: 0x000001f4f4270000

Marking Bits (Prev, Next): (CMBitMap*) 0x000001f4f08be1d0, (CMBitMap*) 0x000001f4f08be190
 Prev Bits: [0x000001f4f6e70000, 0x000001f4f8e70000)
 Next Bits: [0x000001f4f4e70000, 0x000001f4f6e70000)

Polling page: 0x000001f4f0020000

Metaspace:

Usage:
  Non-class:     86.97 MB used.
      Class:     13.67 MB used.
       Both:    100.64 MB used.

Virtual space:
  Non-class space:       88.00 MB reserved,      87.31 MB (>99%) committed,  11 nodes.
      Class space:        1.00 GB reserved,      14.00 MB (  1%) committed,  1 nodes.
             Both:        1.09 GB reserved,     101.31 MB (  9%) committed. 

Chunk freelists:
   Non-Class:  704.00 KB
       Class:  1.88 MB
        Both:  2.56 MB

MaxMetaspaceSize: unlimited
CompressedClassSpaceSize: 1.00 GB
Initial GC threshold: 21.00 MB
Current GC threshold: 156.25 MB
CDS: off
MetaspaceReclaimPolicy: balanced
 - commit_granule_bytes: 65536.
 - commit_granule_words: 8192.
 - virtual_space_node_default_size: 1048576.
 - enlarge_chunks_in_place: 1.
 - new_chunks_are_fully_committed: 0.
 - uncommit_free_chunks: 1.
 - use_allocation_guard: 0.
 - handle_deallocations: 1.


Internal statistics:

num_allocs_failed_limit: 3.
num_arena_births: 930.
num_arena_deaths: 0.
num_vsnodes_births: 12.
num_vsnodes_deaths: 0.
num_space_committed: 1619.
num_space_uncommitted: 0.
num_chunks_returned_to_freelist: 3.
num_chunks_taken_from_freelist: 4530.
num_chunk_merges: 3.
num_chunk_splits: 3211.
num_chunks_enlarged: 2374.
num_purges: 0.
num_inconsistent_stats: 0.

CodeHeap 'non-profiled nmethods': size=120000Kb used=5274Kb max_used=5274Kb free=114725Kb
 bounds [0x000001f487ad0000, 0x000001f488000000, 0x000001f48f000000]
CodeHeap 'profiled nmethods': size=120000Kb used=15272Kb max_used=15272Kb free=104727Kb
 bounds [0x000001f480000000, 0x000001f480ef0000, 0x000001f487530000]
CodeHeap 'non-nmethods': size=5760Kb used=2410Kb max_used=2480Kb free=3349Kb
 bounds [0x000001f487530000, 0x000001f4877b0000, 0x000001f487ad0000]
 total_blobs=8902 nmethods=7951 adapters=862
 compilation: enabled
              stopped_count=0, restarted_count=0
 full_count=0

Compilation events (20 events):
Event: 8.003 Thread 0x000001f4fc47c120 nmethod 8729 0x000001f480ee1d10 code [0x000001f480ee1f00, 0x000001f480ee23f8]
Event: 8.003 Thread 0x000001f4fc47c120 8730       3       sun.reflect.generics.parser.SignatureParser::parseZeroOrMoreThrowsSignatures (51 bytes)
Event: 8.003 Thread 0x000001f4fc47c120 nmethod 8730 0x000001f480ee2610 code [0x000001f480ee2840, 0x000001f480ee31e8]
Event: 8.004 Thread 0x000001f4fc47c120 8731       3       kotlin.collections.CollectionsKt___CollectionsKt::single (68 bytes)
Event: 8.004 Thread 0x000001f4fc47c120 nmethod 8731 0x000001f480ee3510 code [0x000001f480ee3780, 0x000001f480ee4098]
Event: 8.004 Thread 0x000001f4fc47c120 8732       3       kotlin.reflect.jvm.internal.CachesKt::getOrCreateKotlinClass (23 bytes)
Event: 8.005 Thread 0x000001f4fc47c120 nmethod 8732 0x000001f480ee4390 code [0x000001f480ee4620, 0x000001f480ee50f8]
Event: 8.008 Thread 0x000001f4fc47c120 8733       3       org.jetbrains.kotlin.com.intellij.util.containers.MultiMap::createCollection (8 bytes)
Event: 8.008 Thread 0x000001f4fc47c120 nmethod 8733 0x000001f480ee5510 code [0x000001f480ee56c0, 0x000001f480ee59f8]
Event: 8.008 Thread 0x000001f4fc47c120 8734       3       kotlin.collections.CollectionsKt___CollectionsKt::single (76 bytes)
Event: 8.008 Thread 0x000001f4fc47c120 nmethod 8734 0x000001f480ee5b10 code [0x000001f480ee5dc0, 0x000001f480ee6ae8]
Event: 8.009 Thread 0x000001f4fc47c120 8735       3       org.jetbrains.kotlin.container.CacheKt::getInfo (14 bytes)
Event: 8.009 Thread 0x000001f4fc47c120 nmethod 8735 0x000001f480ee6e90 code [0x000001f480ee70a0, 0x000001f480ee7648]
Event: 8.009 Thread 0x000001f4fc47c120 8736       3       org.jetbrains.kotlin.container.ClassTraversalCache::getClassInfo (43 bytes)
Event: 8.010 Thread 0x000001f4fc47c120 nmethod 8736 0x000001f480ee7890 code [0x000001f480ee7ae0, 0x000001f480ee83e8]
Event: 8.018 Thread 0x000001f4fc47f100 8737       4       java.util.concurrent.ConcurrentHashMap::addCount (280 bytes)
Event: 8.021 Thread 0x000001f4fc47f100 nmethod 8737 0x000001f487ff6390 code [0x000001f487ff6540, 0x000001f487ff6850]
Event: 8.043 Thread 0x000001f4fc47c120 8738       3       kotlin.collections.CollectionsKt__MutableCollectionsKt::addAll (74 bytes)
Event: 8.044 Thread 0x000001f4fc47c120 nmethod 8738 0x000001f480ee8710 code [0x000001f480ee8a20, 0x000001f480ee9bc8]
Event: 8.046 Thread 0x000001f4fc47c120 8739       3       org.jetbrains.kotlin.container.CacheKt::getConstructorInfo (258 bytes)

GC Heap History (20 events):
Event: 5.578 GC heap after
{Heap after GC invocations=39 (full 0):
 garbage-first heap   total 201728K, used 100093K [0x0000000080000000, 0x0000000100000000)
  region size 1024K, 1 young (1024K), 1 survivors (1024K)
 Metaspace       used 70662K, committed 71360K, reserved 1114112K
  class space    used 9499K, committed 9792K, reserved 1048576K
}
Event: 5.948 GC heap before
{Heap before GC invocations=39 (full 0):
 garbage-first heap   total 201728K, used 148221K [0x0000000080000000, 0x0000000100000000)
  region size 1024K, 48 young (49152K), 1 survivors (1024K)
 Metaspace       used 75413K, committed 76032K, reserved 1122304K
  class space    used 10142K, committed 10432K, reserved 1048576K
}
Event: 5.950 GC heap after
{Heap after GC invocations=40 (full 0):
 garbage-first heap   total 201728K, used 102212K [0x0000000080000000, 0x0000000100000000)
  region size 1024K, 3 young (3072K), 3 survivors (3072K)
 Metaspace       used 75413K, committed 76032K, reserved 1122304K
  class space    used 10142K, committed 10432K, reserved 1048576K
}
Event: 6.033 GC heap before
{Heap before GC invocations=41 (full 0):
 garbage-first heap   total 201728K, used 116548K [0x0000000080000000, 0x0000000100000000)
  region size 1024K, 18 young (18432K), 3 survivors (3072K)
 Metaspace       used 76391K, committed 77056K, reserved 1122304K
  class space    used 10272K, committed 10560K, reserved 1048576K
}
Event: 6.036 GC heap after
{Heap after GC invocations=42 (full 0):
 garbage-first heap   total 201728K, used 102785K [0x0000000080000000, 0x0000000100000000)
  region size 1024K, 4 young (4096K), 4 survivors (4096K)
 Metaspace       used 76391K, committed 77056K, reserved 1122304K
  class space    used 10272K, committed 10560K, reserved 1048576K
}
Event: 6.450 GC heap before
{Heap before GC invocations=43 (full 0):
 garbage-first heap   total 201728K, used 162177K [0x0000000080000000, 0x0000000100000000)
  region size 1024K, 58 young (59392K), 4 survivors (4096K)
 Metaspace       used 81500K, committed 82240K, reserved 1122304K
  class space    used 10945K, committed 11264K, reserved 1048576K
}
Event: 6.453 GC heap after
{Heap after GC invocations=44 (full 0):
 garbage-first heap   total 201728K, used 110283K [0x0000000080000000, 0x0000000100000000)
  region size 1024K, 7 young (7168K), 7 survivors (7168K)
 Metaspace       used 81500K, committed 82240K, reserved 1122304K
  class space    used 10945K, committed 11264K, reserved 1048576K
}
Event: 6.846 GC heap before
{Heap before GC invocations=44 (full 0):
 garbage-first heap   total 201728K, used 161483K [0x0000000080000000, 0x0000000100000000)
  region size 1024K, 57 young (58368K), 7 survivors (7168K)
 Metaspace       used 87643K, committed 88384K, reserved 1130496K
  class space    used 11712K, committed 12096K, reserved 1048576K
}
Event: 6.850 GC heap after
{Heap after GC invocations=45 (full 0):
 garbage-first heap   total 201728K, used 112193K [0x0000000080000000, 0x0000000100000000)
  region size 1024K, 6 young (6144K), 6 survivors (6144K)
 Metaspace       used 87643K, committed 88384K, reserved 1130496K
  class space    used 11712K, committed 12096K, reserved 1048576K
}
Event: 7.234 GC heap before
{Heap before GC invocations=46 (full 0):
 garbage-first heap   total 201728K, used 153153K [0x0000000080000000, 0x0000000100000000)
  region size 1024K, 47 young (48128K), 6 survivors (6144K)
 Metaspace       used 94533K, committed 95232K, reserved 1130496K
  class space    used 13090K, committed 13440K, reserved 1048576K
}
Event: 7.237 GC heap after
{Heap after GC invocations=47 (full 0):
 garbage-first heap   total 201728K, used 113349K [0x0000000080000000, 0x0000000100000000)
  region size 1024K, 3 young (3072K), 3 survivors (3072K)
 Metaspace       used 94533K, committed 95232K, reserved 1130496K
  class space    used 13090K, committed 13440K, reserved 1048576K
}
Event: 7.393 GC heap before
{Heap before GC invocations=48 (full 0):
 garbage-first heap   total 206848K, used 173765K [0x0000000080000000, 0x0000000100000000)
  region size 1024K, 55 young (56320K), 3 survivors (3072K)
 Metaspace       used 94853K, committed 95680K, reserved 1138688K
  class space    used 13100K, committed 13440K, reserved 1048576K
}
Event: 7.401 GC heap after
{Heap after GC invocations=49 (full 0):
 garbage-first heap   total 206848K, used 128346K [0x0000000080000000, 0x0000000100000000)
  region size 1024K, 7 young (7168K), 7 survivors (7168K)
 Metaspace       used 94853K, committed 95680K, reserved 1138688K
  class space    used 13100K, committed 13440K, reserved 1048576K
}
Event: 7.511 GC heap before
{Heap before GC invocations=49 (full 0):
 garbage-first heap   total 206848K, used 166234K [0x0000000080000000, 0x0000000100000000)
  region size 1024K, 44 young (45056K), 7 survivors (7168K)
 Metaspace       used 95026K, committed 95808K, reserved 1138688K
  class space    used 13127K, committed 13504K, reserved 1048576K
}
Event: 7.521 GC heap after
{Heap after GC invocations=50 (full 0):
 garbage-first heap   total 206848K, used 140114K [0x0000000080000000, 0x0000000100000000)
  region size 1024K, 6 young (6144K), 6 survivors (6144K)
 Metaspace       used 95026K, committed 95808K, reserved 1138688K
  class space    used 13127K, committed 13504K, reserved 1048576K
}
Event: 7.736 GC heap before
{Heap before GC invocations=51 (full 0):
 garbage-first heap   total 242688K, used 168786K [0x0000000080000000, 0x0000000100000000)
  region size 1024K, 34 young (34816K), 6 survivors (6144K)
 Metaspace       used 98493K, committed 99264K, reserved 1138688K
  class space    used 13538K, committed 13888K, reserved 1048576K
}
Event: 7.739 GC heap after
{Heap after GC invocations=52 (full 0):
 garbage-first heap   total 242688K, used 142719K [0x0000000080000000, 0x0000000100000000)
  region size 1024K, 2 young (2048K), 2 survivors (2048K)
 Metaspace       used 98493K, committed 99264K, reserved 1138688K
  class space    used 13538K, committed 13888K, reserved 1048576K
}
Event: 7.796 GC heap before
{Heap before GC invocations=52 (full 0):
 garbage-first heap   total 242688K, used 159103K [0x0000000080000000, 0x0000000100000000)
  region size 1024K, 11 young (11264K), 2 survivors (2048K)
 Metaspace       used 99168K, committed 99904K, reserved 1138688K
  class space    used 13615K, committed 13952K, reserved 1048576K
}
Event: 7.798 GC heap after
{Heap after GC invocations=53 (full 0):
 garbage-first heap   total 242688K, used 150811K [0x0000000080000000, 0x0000000100000000)
  region size 1024K, 2 young (2048K), 2 survivors (2048K)
 Metaspace       used 99168K, committed 99904K, reserved 1138688K
  class space    used 13615K, committed 13952K, reserved 1048576K
}
Event: 8.048 GC heap before
{Heap before GC invocations=53 (full 0):
 garbage-first heap   total 242688K, used 195867K [0x0000000080000000, 0x0000000100000000)
  region size 1024K, 46 young (47104K), 2 survivors (2048K)
 Metaspace       used 103050K, committed 103744K, reserved 1138688K
  class space    used 13998K, committed 14336K, reserved 1048576K
}

Dll operation events (3 events):
Event: 0.005 Loaded shared library C:\Program Files\Android\Android Studio\jbr\bin\java.dll
Event: 0.090 Loaded shared library C:\Program Files\Android\Android Studio\jbr\bin\zip.dll
Event: 0.269 Loaded shared library C:\Program Files\Android\Android Studio\jbr\bin\verify.dll

Deoptimization events (20 events):
Event: 7.698 Thread 0x000001f4fe0a4fa0 Uncommon trap: trap_request=0xffffff45 fr.pc=0x000001f487b65204 relative=0x00000000000014c4
Event: 7.698 Thread 0x000001f4fe0a4fa0 Uncommon trap: reason=unstable_if action=reinterpret pc=0x000001f487b65204 method=java.util.concurrent.ConcurrentHashMap.putVal(Ljava/lang/Object;Ljava/lang/Object;Z)Ljava/lang/Object; @ 245 c2
Event: 7.698 Thread 0x000001f4fe0a4fa0 DEOPT PACKING pc=0x000001f487b65204 sp=0x0000009c9a0f4370
Event: 7.698 Thread 0x000001f4fe0a4fa0 DEOPT UNPACKING pc=0x000001f4875869a3 sp=0x0000009c9a0f42e8 mode 2
Event: 7.775 Thread 0x000001f4fe0a4fa0 Uncommon trap: trap_request=0xffffffde fr.pc=0x000001f487fd1604 relative=0x00000000000005a4
Event: 7.775 Thread 0x000001f4fe0a4fa0 Uncommon trap: reason=class_check action=maybe_recompile pc=0x000001f487fd1604 method=org.jetbrains.kotlin.protobuf.CodedInputStream.tryRefillBuffer(I)Z @ 177 c2
Event: 7.775 Thread 0x000001f4fe0a4fa0 DEOPT PACKING pc=0x000001f487fd1604 sp=0x0000009c9a0f4950
Event: 7.775 Thread 0x000001f4fe0a4fa0 DEOPT UNPACKING pc=0x000001f4875869a3 sp=0x0000009c9a0f4838 mode 2
Event: 7.776 Thread 0x000001f4fe0a4fa0 Uncommon trap: trap_request=0xffffffde fr.pc=0x000001f487fd1604 relative=0x00000000000005a4
Event: 7.776 Thread 0x000001f4fe0a4fa0 Uncommon trap: reason=class_check action=maybe_recompile pc=0x000001f487fd1604 method=org.jetbrains.kotlin.protobuf.CodedInputStream.tryRefillBuffer(I)Z @ 177 c2
Event: 7.776 Thread 0x000001f4fe0a4fa0 DEOPT PACKING pc=0x000001f487fd1604 sp=0x0000009c9a0f4950
Event: 7.776 Thread 0x000001f4fe0a4fa0 DEOPT UNPACKING pc=0x000001f4875869a3 sp=0x0000009c9a0f4838 mode 2
Event: 7.777 Thread 0x000001f4fe0a4fa0 Uncommon trap: trap_request=0xffffffde fr.pc=0x000001f487fd1604 relative=0x00000000000005a4
Event: 7.777 Thread 0x000001f4fe0a4fa0 Uncommon trap: reason=class_check action=maybe_recompile pc=0x000001f487fd1604 method=org.jetbrains.kotlin.protobuf.CodedInputStream.tryRefillBuffer(I)Z @ 177 c2
Event: 7.777 Thread 0x000001f4fe0a4fa0 DEOPT PACKING pc=0x000001f487fd1604 sp=0x0000009c9a0f4950
Event: 7.777 Thread 0x000001f4fe0a4fa0 DEOPT UNPACKING pc=0x000001f4875869a3 sp=0x0000009c9a0f4838 mode 2
Event: 7.777 Thread 0x000001f4fe0a4fa0 Uncommon trap: trap_request=0xffffffde fr.pc=0x000001f487fd1604 relative=0x00000000000005a4
Event: 7.777 Thread 0x000001f4fe0a4fa0 Uncommon trap: reason=class_check action=maybe_recompile pc=0x000001f487fd1604 method=org.jetbrains.kotlin.protobuf.CodedInputStream.tryRefillBuffer(I)Z @ 177 c2
Event: 7.777 Thread 0x000001f4fe0a4fa0 DEOPT PACKING pc=0x000001f487fd1604 sp=0x0000009c9a0f4950
Event: 7.777 Thread 0x000001f4fe0a4fa0 DEOPT UNPACKING pc=0x000001f4875869a3 sp=0x0000009c9a0f4838 mode 2

Classes unloaded (0 events):
No events

Classes redefined (0 events):
No events

Internal exceptions (20 events):
Event: 6.239 Thread 0x000001f4fe0a4fa0 Implicit null exception at 0x000001f487b125f2 to 0x000001f487b12c0c
Event: 6.299 Thread 0x000001f4fe0a4fa0 Implicit null exception at 0x000001f487b2bf72 to 0x000001f487b2c58c
Event: 6.506 Thread 0x000001f4fe0a4fa0 Exception <a 'java/lang/NoSuchMethodError'{0x000000008bc38498}: 'void java.lang.invoke.DirectMethodHandle$Holder.invokeVirtual(java.lang.Object, java.lang.Object)'> (0x000000008bc38498) 
thrown [s\src\hotspot\share\interpreter\linkResolver.cpp, line 771]
Event: 6.611 Thread 0x000001f4fe0a4fa0 Exception <a 'sun/nio/fs/WindowsException'{0x000000008b115930}> (0x000000008b115930) 
thrown [s\src\hotspot\share\prims\jni.cpp, line 517]
Event: 6.612 Thread 0x000001f4fe0a4fa0 Exception <a 'sun/nio/fs/WindowsException'{0x000000008b1176e8}> (0x000000008b1176e8) 
thrown [s\src\hotspot\share\prims\jni.cpp, line 517]
Event: 6.653 Thread 0x000001f4fe0a4fa0 Exception <a 'java/lang/NoSuchMethodError'{0x000000008aca55f8}: 'java.lang.Object java.lang.invoke.DirectMethodHandle$Holder.invokeStaticInit(java.lang.Object, int)'> (0x000000008aca55f8) 
thrown [s\src\hotspot\share\interpreter\linkResolver.cpp, line 771]
Event: 6.672 Thread 0x000001f4fe0a4fa0 Exception <a 'java/lang/NoSuchMethodError'{0x000000008aaeb490}: 'long java.lang.invoke.DirectMethodHandle$Holder.invokeStatic(java.lang.Object)'> (0x000000008aaeb490) 
thrown [s\src\hotspot\share\interpreter\linkResolver.cpp, line 771]
Event: 6.673 Thread 0x000001f4fe0a4fa0 Exception <a 'java/lang/NoSuchMethodError'{0x000000008aaf02d8}: 'long java.lang.invoke.DirectMethodHandle$Holder.invokeStaticInit(java.lang.Object)'> (0x000000008aaf02d8) 
thrown [s\src\hotspot\share\interpreter\linkResolver.cpp, line 771]
Event: 6.720 Thread 0x000001f4fe0a4fa0 Exception <a 'java/lang/NoSuchMethodError'{0x000000008a4ebe88}: 'long java.lang.invoke.Invokers$Holder.invoke_MT(java.lang.Object, java.lang.Object, java.lang.Object, java.lang.Object)'> (0x000000008a4ebe88) 
thrown [s\src\hotspot\share\interpreter\linkResolver.cpp, line 771]
Event: 6.721 Thread 0x000001f4fe0a4fa0 Exception <a 'java/lang/NoSuchMethodError'{0x000000008a4f5848}: 'int java.lang.invoke.Invokers$Holder.invoke_MT(java.lang.Object, java.lang.Object, java.lang.Object, java.lang.Object)'> (0x000000008a4f5848) 
thrown [s\src\hotspot\share\interpreter\linkResolver.cpp, line 771]
Event: 6.721 Thread 0x000001f4fe0a4fa0 Exception <a 'java/lang/NoSuchMethodError'{0x000000008a306750}: 'void java.lang.invoke.DelegatingMethodHandle$Holder.reinvoke_L(java.lang.Object, java.lang.Object, java.lang.Object, long, java.lang.Object)'> (0x000000008a306750) 
thrown [s\src\hotspot\share\interpreter\linkResolver.cpp, line 771]
Event: 6.722 Thread 0x000001f4fe0a4fa0 Exception <a 'java/lang/NoSuchMethodError'{0x000000008a30f208}: 'java.lang.Object java.lang.invoke.DirectMethodHandle$Holder.invokeSpecial(java.lang.Object, java.lang.Object, java.lang.Object, java.lang.Object, long)'> (0x000000008a30f208) 
thrown [s\src\hotspot\share\interpreter\linkResolver.cpp, line 771]
Event: 6.722 Thread 0x000001f4fe0a4fa0 Exception <a 'java/lang/NoSuchMethodError'{0x000000008a31faf8}: 'int java.lang.invoke.DelegatingMethodHandle$Holder.reinvoke_L(java.lang.Object, java.lang.Object, java.lang.Object, long, java.lang.Object, java.lang.Object)'> (0x000000008a31faf8) 
thrown [s\src\hotspot\share\interpreter\linkResolver.cpp, line 771]
Event: 6.723 Thread 0x000001f4fe0a4fa0 Exception <a 'java/lang/NoSuchMethodError'{0x000000008a32fcc0}: 'int java.lang.invoke.DelegatingMethodHandle$Holder.reinvoke_L(java.lang.Object, java.lang.Object, java.lang.Object, long, int, int)'> (0x000000008a32fcc0) 
thrown [s\src\hotspot\share\interpreter\linkResolver.cpp, line 771]
Event: 6.724 Thread 0x000001f4fe0a4fa0 Exception <a 'java/lang/NoSuchMethodError'{0x000000008a33fc30}: 'int java.lang.invoke.DelegatingMethodHandle$Holder.reinvoke_L(java.lang.Object, java.lang.Object, java.lang.Object, long, long, long)'> (0x000000008a33fc30) 
thrown [s\src\hotspot\share\interpreter\linkResolver.cpp, line 771]
Event: 6.724 Thread 0x000001f4fe0a4fa0 Exception <a 'java/lang/NoSuchMethodError'{0x000000008a34f8e8}: 'int java.lang.invoke.DelegatingMethodHandle$Holder.reinvoke_L(java.lang.Object, java.lang.Object, java.lang.Object, long, int)'> (0x000000008a34f8e8) 
thrown [s\src\hotspot\share\interpreter\linkResolver.cpp, line 771]
Event: 7.202 Thread 0x000001f4fe0a4fa0 Exception <a 'java/lang/NoSuchMethodError'{0x000000008a050830}: 'java.lang.Object java.lang.invoke.Invokers$Holder.invokeExact_MT(java.lang.Object, java.lang.Object, long, java.lang.Object)'> (0x000000008a050830) 
thrown [s\src\hotspot\share\interpreter\linkResolver.cpp, line 771]
Event: 7.223 Thread 0x000001f4fe0a4fa0 Exception <a 'java/lang/NoSuchMethodError'{0x0000000089ecd2f0}: 'java.lang.Object java.lang.invoke.Invokers$Holder.invoke_MT(java.lang.Object, java.lang.Object, java.lang.Object)'> (0x0000000089ecd2f0) 
thrown [s\src\hotspot\share\interpreter\linkResolver.cpp, line 771]
Event: 7.361 Thread 0x000001f4fe0a4fa0 Implicit null exception at 0x000001f487f83e21 to 0x000001f487f85ef8
Event: 7.552 Thread 0x000001f4fe0a4fa0 Implicit null exception at 0x000001f487f4e693 to 0x000001f487f4e7d8

VM Operations (20 events):
Event: 7.106 Executing VM operation: HandshakeAllThreads done
Event: 7.234 Executing VM operation: G1TryInitiateConcMark
Event: 7.237 Executing VM operation: G1TryInitiateConcMark done
Event: 7.260 Executing VM operation: G1Concurrent
Event: 7.266 Executing VM operation: G1Concurrent done
Event: 7.275 Executing VM operation: G1Concurrent
Event: 7.276 Executing VM operation: G1Concurrent done
Event: 7.393 Executing VM operation: G1CollectForAllocation
Event: 7.402 Executing VM operation: G1CollectForAllocation done
Event: 7.511 Executing VM operation: G1CollectForAllocation
Event: 7.521 Executing VM operation: G1CollectForAllocation done
Event: 7.555 Executing VM operation: G1Concurrent
Event: 7.557 Executing VM operation: G1Concurrent done
Event: 7.572 Executing VM operation: G1Concurrent
Event: 7.572 Executing VM operation: G1Concurrent done
Event: 7.736 Executing VM operation: G1CollectForAllocation
Event: 7.739 Executing VM operation: G1CollectForAllocation done
Event: 7.795 Executing VM operation: G1CollectForAllocation
Event: 7.798 Executing VM operation: G1CollectForAllocation done
Event: 8.048 Executing VM operation: G1CollectForAllocation

Events (20 events):
Event: 7.223 loading class jdk/internal/misc/ExtendedMapMode
Event: 7.223 loading class jdk/internal/misc/ExtendedMapMode done
Event: 7.223 loading class sun/nio/ch/FileChannelImpl$DefaultUnmapper
Event: 7.223 loading class sun/nio/ch/FileChannelImpl$Unmapper
Event: 7.224 loading class jdk/internal/access/foreign/UnmapperProxy
Event: 7.224 loading class jdk/internal/access/foreign/UnmapperProxy done
Event: 7.224 loading class sun/nio/ch/FileChannelImpl$Unmapper done
Event: 7.224 loading class sun/nio/ch/FileChannelImpl$DefaultUnmapper done
Event: 7.224 loading class sun/nio/ch/Util$4
Event: 7.224 loading class sun/nio/ch/Util$4 done
Event: 7.224 loading class java/io/UTFDataFormatException
Event: 7.224 loading class java/io/UTFDataFormatException done
Event: 7.486 loading class java/nio/channels/Channels$ReadableByteChannelImpl
Event: 7.486 loading class java/nio/channels/Channels$ReadableByteChannelImpl done
Event: 7.487 loading class java/nio/channels/NonWritableChannelException
Event: 7.487 loading class java/nio/channels/NonWritableChannelException done
Event: 7.695 Thread 0x000001f495581990 Thread exited: 0x000001f495581990
Event: 7.707 Thread 0x000001f495580f70 Thread exited: 0x000001f495580f70
Event: 7.785 Thread 0x000001f49557cda0 Thread added: 0x000001f49557cda0
Event: 7.822 Thread 0x000001f4955828c0 Thread added: 0x000001f4955828c0


Dynamic libraries:
0x00007ff68b030000 - 0x00007ff68b03a000 	C:\Program Files\Android\Android Studio\jbr\bin\java.exe
0x00007ffef7170000 - 0x00007ffef7387000 	C:\WINDOWS\SYSTEM32\ntdll.dll
0x00007ffef5f20000 - 0x00007ffef5fe4000 	C:\WINDOWS\System32\KERNEL32.DLL
0x00007ffef4a30000 - 0x00007ffef4dd6000 	C:\WINDOWS\System32\KERNELBASE.dll
0x00007ffef4570000 - 0x00007ffef4681000 	C:\WINDOWS\System32\ucrtbase.dll
0x00007ffeeb520000 - 0x00007ffeeb53b000 	C:\Program Files\Android\Android Studio\jbr\bin\VCRUNTIME140.dll
0x00007ffee0e50000 - 0x00007ffee0e67000 	C:\Program Files\Android\Android Studio\jbr\bin\jli.dll
0x00007ffef52d0000 - 0x00007ffef547d000 	C:\WINDOWS\System32\USER32.dll
0x00007ffef4ea0000 - 0x00007ffef4ec6000 	C:\WINDOWS\System32\win32u.dll
0x00007ffeda580000 - 0x00007ffeda813000 	C:\WINDOWS\WinSxS\amd64_microsoft.windows.common-controls_6595b64144ccf1df_6.0.22621.2361_none_2712ced57382f843\COMCTL32.dll
0x00007ffef6b60000 - 0x00007ffef6b89000 	C:\WINDOWS\System32\GDI32.dll
0x00007ffef6d30000 - 0x00007ffef6dd7000 	C:\WINDOWS\System32\msvcrt.dll
0x00007ffef4800000 - 0x00007ffef4918000 	C:\WINDOWS\System32\gdi32full.dll
0x00007ffef4990000 - 0x00007ffef4a2a000 	C:\WINDOWS\System32\msvcp_win.dll
0x00007ffef5ee0000 - 0x00007ffef5f11000 	C:\WINDOWS\System32\IMM32.DLL
0x00007ffeef8b0000 - 0x00007ffeef8bc000 	C:\Program Files\Android\Android Studio\jbr\bin\vcruntime140_1.dll
0x00007ffeeb490000 - 0x00007ffeeb51d000 	C:\Program Files\Android\Android Studio\jbr\bin\msvcp140.dll
0x00007ffe6f200000 - 0x00007ffe6fe6e000 	C:\Program Files\Android\Android Studio\jbr\bin\server\jvm.dll
0x00007ffef5ff0000 - 0x00007ffef60a0000 	C:\WINDOWS\System32\ADVAPI32.dll
0x00007ffef50b0000 - 0x00007ffef5156000 	C:\WINDOWS\System32\sechost.dll
0x00007ffef4f90000 - 0x00007ffef50a7000 	C:\WINDOWS\System32\RPCRT4.dll
0x00007ffef17b0000 - 0x00007ffef17b9000 	C:\WINDOWS\SYSTEM32\WSOCK32.dll
0x00007ffee4a80000 - 0x00007ffee4ab4000 	C:\WINDOWS\SYSTEM32\WINMM.dll
0x00007ffef6c90000 - 0x00007ffef6d01000 	C:\WINDOWS\System32\WS2_32.dll
0x00007ffeedf70000 - 0x00007ffeedf7a000 	C:\WINDOWS\SYSTEM32\VERSION.dll
0x00007ffef34d0000 - 0x00007ffef34e8000 	C:\WINDOWS\SYSTEM32\kernel.appcore.dll
0x00007ffef1800000 - 0x00007ffef180a000 	C:\Program Files\Android\Android Studio\jbr\bin\jimage.dll
0x00007ffee4770000 - 0x00007ffee499e000 	C:\WINDOWS\SYSTEM32\DBGHELP.DLL
0x00007ffef67d0000 - 0x00007ffef6b5a000 	C:\WINDOWS\System32\combase.dll
0x00007ffef7040000 - 0x00007ffef7117000 	C:\WINDOWS\System32\OLEAUT32.dll
0x00007ffee4b30000 - 0x00007ffee4b62000 	C:\WINDOWS\SYSTEM32\dbgcore.DLL
0x00007ffef44f0000 - 0x00007ffef456a000 	C:\WINDOWS\System32\bcryptPrimitives.dll
0x00007ffee3ac0000 - 0x00007ffee3ace000 	C:\Program Files\Android\Android Studio\jbr\bin\instrument.dll
0x00007ffeef870000 - 0x00007ffeef895000 	C:\Program Files\Android\Android Studio\jbr\bin\java.dll
0x00007ffee5830000 - 0x00007ffee5848000 	C:\Program Files\Android\Android Studio\jbr\bin\zip.dll
0x00007ffef5680000 - 0x00007ffef5ed8000 	C:\WINDOWS\System32\SHELL32.dll
0x00007ffef2450000 - 0x00007ffef2d42000 	C:\WINDOWS\SYSTEM32\windows.storage.dll
0x00007ffef2310000 - 0x00007ffef244e000 	C:\WINDOWS\SYSTEM32\wintypes.dll
0x00007ffef6b90000 - 0x00007ffef6c83000 	C:\WINDOWS\System32\SHCORE.dll
0x00007ffef4f30000 - 0x00007ffef4f8e000 	C:\WINDOWS\System32\shlwapi.dll
0x00007ffef4420000 - 0x00007ffef4446000 	C:\WINDOWS\SYSTEM32\profapi.dll
0x00007ffee3e80000 - 0x00007ffee3e99000 	C:\Program Files\Android\Android Studio\jbr\bin\net.dll
0x00007ffeed9a0000 - 0x00007ffeedad7000 	C:\WINDOWS\SYSTEM32\WINHTTP.dll
0x00007ffef39b0000 - 0x00007ffef3a19000 	C:\WINDOWS\system32\mswsock.dll
0x00007ffee3e60000 - 0x00007ffee3e76000 	C:\Program Files\Android\Android Studio\jbr\bin\nio.dll
0x00007ffef1780000 - 0x00007ffef1790000 	C:\Program Files\Android\Android Studio\jbr\bin\verify.dll
0x00007ffeeb310000 - 0x00007ffeeb337000 	C:\Users\matel\.gradle\native\c067742578af261105cb4f569cf0c3c89f3d7b1fecec35dd04571415982c5e48\windows-amd64\native-platform.dll
0x00007ffeeae30000 - 0x00007ffeeaf74000 	C:\Users\matel\.gradle\native\38dada09dfb8b06ba9b0570ebf7e218e3eb74d4ef43ca46872605cf95ebc2f47\windows-amd64\native-platform-file-events.dll
0x00007ffee58c0000 - 0x00007ffee58c9000 	C:\Program Files\Android\Android Studio\jbr\bin\management.dll
0x00007ffee3ad0000 - 0x00007ffee3adb000 	C:\Program Files\Android\Android Studio\jbr\bin\management_ext.dll
0x00007ffef7030000 - 0x00007ffef7038000 	C:\WINDOWS\System32\PSAPI.DLL
0x00007ffef3c00000 - 0x00007ffef3c1b000 	C:\WINDOWS\SYSTEM32\CRYPTSP.dll
0x00007ffef3490000 - 0x00007ffef34c5000 	C:\WINDOWS\system32\rsaenh.dll
0x00007ffef3aa0000 - 0x00007ffef3acc000 	C:\WINDOWS\SYSTEM32\USERENV.dll
0x00007ffef3da0000 - 0x00007ffef3dc8000 	C:\WINDOWS\SYSTEM32\bcrypt.dll
0x00007ffef3c20000 - 0x00007ffef3c2c000 	C:\WINDOWS\SYSTEM32\CRYPTBASE.dll
0x00007ffef2fb0000 - 0x00007ffef2fdd000 	C:\WINDOWS\SYSTEM32\IPHLPAPI.DLL
0x00007ffef60a0000 - 0x00007ffef60a9000 	C:\WINDOWS\System32\NSI.dll
0x00007ffeed7d0000 - 0x00007ffeed7e9000 	C:\WINDOWS\SYSTEM32\dhcpcsvc6.DLL
0x00007ffeed7b0000 - 0x00007ffeed7cf000 	C:\WINDOWS\SYSTEM32\dhcpcsvc.DLL
0x00007ffef3020000 - 0x00007ffef3119000 	C:\WINDOWS\SYSTEM32\DNSAPI.dll
0x00007ffecef30000 - 0x00007ffecef38000 	C:\WINDOWS\system32\wshunix.dll

dbghelp: loaded successfully - version: 4.0.5 - missing functions: none
symbol engine: initialized successfully - sym options: 0x614 - pdb path: .;C:\Program Files\Android\Android Studio\jbr\bin;C:\WINDOWS\SYSTEM32;C:\WINDOWS\WinSxS\amd64_microsoft.windows.common-controls_6595b64144ccf1df_6.0.22621.2361_none_2712ced57382f843;C:\Program Files\Android\Android Studio\jbr\bin\server;C:\Users\matel\.gradle\native\c067742578af261105cb4f569cf0c3c89f3d7b1fecec35dd04571415982c5e48\windows-amd64;C:\Users\matel\.gradle\native\38dada09dfb8b06ba9b0570ebf7e218e3eb74d4ef43ca46872605cf95ebc2f47\windows-amd64

VM Arguments:
jvm_args: --add-opens=java.base/java.util=ALL-UNNAMED --add-opens=java.base/java.lang=ALL-UNNAMED --add-opens=java.base/java.lang.invoke=ALL-UNNAMED --add-opens=java.prefs/java.util.prefs=ALL-UNNAMED --add-opens=java.base/java.nio.charset=ALL-UNNAMED --add-opens=java.base/java.net=ALL-UNNAMED --add-opens=java.base/java.util.concurrent.atomic=ALL-UNNAMED -Xmx2048m -Dfile.encoding=UTF-8 -Duser.country=ES -Duser.language=es -Duser.variant -javaagent:C:\Users\matel\.gradle\wrapper\dists\gradle-8.4-bin\1w5dpkrfk8irigvoxmyhowfim\gradle-8.4\lib\agents\gradle-instrumentation-agent-8.4.jar 
java_command: org.gradle.launcher.daemon.bootstrap.GradleDaemon 8.4
java_class_path (initial): C:\Users\matel\.gradle\wrapper\dists\gradle-8.4-bin\1w5dpkrfk8irigvoxmyhowfim\gradle-8.4\lib\gradle-launcher-8.4.jar
Launcher Type: SUN_STANDARD

[Global flags]
     intx CICompilerCount                          = 4                                         {product} {ergonomic}
     uint ConcGCThreads                            = 3                                         {product} {ergonomic}
     uint G1ConcRefinementThreads                  = 10                                        {product} {ergonomic}
   size_t G1HeapRegionSize                         = 1048576                                   {product} {ergonomic}
    uintx GCDrainStackTargetSize                   = 64                                        {product} {ergonomic}
   size_t InitialHeapSize                          = 251658240                                 {product} {ergonomic}
   size_t MarkStackSize                            = 4194304                                   {product} {ergonomic}
   size_t MaxHeapSize                              = 2147483648                                {product} {command line}
   size_t MaxNewSize                               = 1287651328                                {product} {ergonomic}
   size_t MinHeapDeltaBytes                        = 1048576                                   {product} {ergonomic}
   size_t MinHeapSize                              = 8388608                                   {product} {ergonomic}
    uintx NonNMethodCodeHeapSize                   = 5839372                                {pd product} {ergonomic}
    uintx NonProfiledCodeHeapSize                  = 122909434                              {pd product} {ergonomic}
    uintx ProfiledCodeHeapSize                     = 122909434                              {pd product} {ergonomic}
    uintx ReservedCodeCacheSize                    = 251658240                              {pd product} {ergonomic}
     bool SegmentedCodeCache                       = true                                      {product} {ergonomic}
   size_t SoftMaxHeapSize                          = 2147483648                             {manageable} {ergonomic}
     bool UseCompressedClassPointers               = true                           {product lp64_product} {ergonomic}
     bool UseCompressedOops                        = true                           {product lp64_product} {ergonomic}
     bool UseG1GC                                  = true                                      {product} {ergonomic}
     bool UseLargePagesIndividualAllocation        = false                                  {pd product} {ergonomic}

Logging:
Log output configuration:
 #0: stdout all=warning uptime,level,tags
 #1: stderr all=off uptime,level,tags

Environment Variables:
PATH=C:\Program Files (x86)\VMware\VMware Player\bin\;C:\WINDOWS\system32;C:\WINDOWS;C:\WINDOWS\System32\Wbem;C:\WINDOWS\System32\WindowsPowerShell\v1.0\;C:\WINDOWS\System32\OpenSSH\;C:\Program Files\Microsoft VS Code\bin;C:\Users\matel\AppData\Local\Programs\Python\Python311;C:\Program Files (x86)\NVIDIA Corporation\PhysX\Common;C:\Program Files\NVIDIA Corporation\NVIDIA NvDLISR;C:\Program Files\Microsoft SQL Server\150\Tools\Binn\;C:\Program Files (x86)\Intel\Intel(R) Management Engine Components\DAL;C:\Program Files\Intel\Intel(R) Management Engine Components\DAL;C:\Program Files\Microsoft SQL Server\Client SDK\ODBC\170\Tools\Binn\;C:\Program Files\Docker\Docker\resources\bin;C:\Program Files (x86)\Microsoft SQL Server\160\Tools\Binn\;C:\Program Files\Microsoft SQL Server\160\Tools\Binn\;C:\Program Files\Microsoft SQL Server\160\DTS\Binn\;C:\Program Files (x86)\Microsoft SQL Server\160\DTS\Binn\;C:\Program Files\Azure Data Studio\bin;C:\Program Files\dotnet\;C:\Program Files\Git\cmd;C:\Users\matel\AppData\Local\Microsoft\WindowsApps;C:\Users\matel\.dotnet\tools;C:\Program Files\Azure Data Studio\bin;C:\Users\matel\AppData\Local\GitHubDesktop\bin
USERNAME=orion
OS=Windows_NT
PROCESSOR_IDENTIFIER=Intel64 Family 6 Model 158 Stepping 10, GenuineIntel
TMP=C:\Users\matel\AppData\Local\Temp
TEMP=C:\Users\matel\AppData\Local\Temp


JNI global refs:
JNI global refs: 28, weak refs: 2

JNI global refs memory usage: 843, weak refs: 841


---------------  S Y S T E M  ---------------

OS:
 Windows 11 , 64 bit Build 22621 (10.0.22621.2428)
OS uptime: 0 days 1:08 hours

CPU: total 12 (initial active 12) (6 cores per cpu, 2 threads per core) family 6 model 158 stepping 10 microcode 0xde, cx8, cmov, fxsr, ht, mmx, 3dnowpref, sse, sse2, sse3, ssse3, sse4.1, sse4.2, popcnt, lzcnt, tsc, tscinvbit, avx, avx2, aes, erms, clmul, bmi1, bmi2, rtm, adx, fma, vzeroupper, clflush, clflushopt

Memory: 4k page, system-wide physical 15289M (788M free)
TotalPageFile size 19385M (AvailPageFile size 57M)
current process WorkingSet (physical memory assigned to process): 531M, peak: 531M
current process commit charge ("private bytes"): 571M, peak: 678M

vm_info: OpenJDK 64-Bit Server VM (17.0.6+0-b2043.56-10027231) for windows-amd64 JRE (17.0.6+0-b2043.56-10027231), built on Apr 28 2023 00:43:19 by "androidbuild" with MS VC++ 16.10 / 16.11 (VS2019)

END.
