#
# There is insufficient memory for the Java Runtime Environment to continue.
# Native memory allocation (malloc) failed to allocate 1172496 bytes for Chunk::new
# Possible reasons:
#   The system is out of physical RAM or swap space
#   The process is running with CompressedOops enabled, and the Java Heap may be blocking the growth of the native heap
# Possible solutions:
#   Reduce memory load on the system
#   Increase physical memory or swap space
#   Check if swap backing store is full
#   Decrease Java heap size (-Xmx/-Xms)
#   Decrease number of Java threads
#   Decrease Java thread stack sizes (-Xss)
#   Set larger code cache with -XX:ReservedCodeCacheSize=
#   JVM is running with Unscaled Compressed Oops mode in which the Java heap is
#     placed in the first 4GB address space. The Java Heap base address is the
#     maximum limit for the native heap growth. Please use -XX:HeapBaseMinAddress
#     to set the Java Heap base and to place the Java Heap above 4GB virtual address.
# This output file may be truncated or incomplete.
#
#  Out of Memory Error (arena.cpp:189), pid=4168, tid=17000
#
# JRE version: OpenJDK Runtime Environment (17.0.6) (build 17.0.6+0-b2043.56-10027231)
# Java VM: OpenJDK 64-Bit Server VM (17.0.6+0-b2043.56-10027231, mixed mode, tiered, compressed oops, compressed class ptrs, g1 gc, windows-amd64)
# No core dump will be written. Minidumps are not enabled by default on client versions of Windows
#

---------------  S U M M A R Y ------------

Command Line: --add-opens=java.base/java.util=ALL-UNNAMED --add-opens=java.base/java.lang=ALL-UNNAMED --add-opens=java.base/java.lang.invoke=ALL-UNNAMED --add-opens=java.prefs/java.util.prefs=ALL-UNNAMED --add-opens=java.base/java.nio.charset=ALL-UNNAMED --add-opens=java.base/java.net=ALL-UNNAMED --add-opens=java.base/java.util.concurrent.atomic=ALL-UNNAMED -Xmx2048m -Dfile.encoding=UTF-8 -Duser.country=ES -Duser.language=es -Duser.variant -javaagent:C:\Users\matel\.gradle\wrapper\dists\gradle-8.4-bin\1w5dpkrfk8irigvoxmyhowfim\gradle-8.4\lib\agents\gradle-instrumentation-agent-8.4.jar org.gradle.launcher.daemon.bootstrap.GradleDaemon 8.4

Host: Intel(R) Core(TM) i7-8700K CPU @ 3.70GHz, 12 cores, 14G,  Windows 11 , 64 bit Build 22621 (10.0.22621.2428)
Time: Sat Oct 14 17:28:45 2023 Hora de verano GMT elapsed time: 9.348995 seconds (0d 0h 0m 9s)

---------------  T H R E A D  ---------------

Current thread (0x00000181e7c80ae0):  JavaThread "C2 CompilerThread0" daemon [_thread_in_native, id=17000, stack(0x00000046ec100000,0x00000046ec200000)]


Current CompileTask:
C2:   9349 10509   !   4       java.net.URLClassLoader::defineClass (224 bytes)

Stack: [0x00000046ec100000,0x00000046ec200000]
Native frames: (J=compiled Java code, j=interpreted, Vv=VM code, C=native code)
V  [jvm.dll+0x683c9a]
V  [jvm.dll+0x8427a4]
V  [jvm.dll+0x843f9e]
V  [jvm.dll+0x844603]
V  [jvm.dll+0x249b75]
V  [jvm.dll+0xabcac]
V  [jvm.dll+0xac27c]
V  [jvm.dll+0x2b0eef]
V  [jvm.dll+0x58a267]
V  [jvm.dll+0x2243b2]
V  [jvm.dll+0x22478f]
V  [jvm.dll+0x21e055]
V  [jvm.dll+0x21b51b]
V  [jvm.dll+0x1a4fdd]
V  [jvm.dll+0x22b098]
V  [jvm.dll+0x229159]
V  [jvm.dll+0x7f81ec]
V  [jvm.dll+0x7f274a]
V  [jvm.dll+0x682ad5]
C  [ucrtbase.dll+0x29363]
C  [KERNEL32.DLL+0x1257d]
C  [ntdll.dll+0x5aa78]


---------------  P R O C E S S  ---------------

Threads class SMR info:
_java_thread_list=0x00000181ec296640, length=62, elements={
0x00000181cd0c09d0, 0x00000181e7c2c430, 0x00000181e7c2d2a0, 0x00000181e7c7a6c0,
0x00000181e7c7b180, 0x00000181e7c7e360, 0x00000181e7c7ed10, 0x00000181e7c80ae0,
0x00000181e7c81580, 0x00000181e7c849b0, 0x00000181e7dc4670, 0x00000181e7f5f080,
0x00000181ea6d63e0, 0x00000181eb69aad0, 0x00000181eace8900, 0x00000181eb342540,
0x00000181eb342a10, 0x00000181e968a730, 0x00000181eb37b430, 0x00000181eb37e920,
0x00000181eb37b900, 0x00000181eb37d5e0, 0x00000181eb37bdd0, 0x00000181eb37c770,
0x00000181eb37cc40, 0x00000181eb37af60, 0x00000181eb37c2a0, 0x00000181eb37d110,
0x00000181eb37dab0, 0x00000181eb37df80, 0x00000181eb37e450, 0x00000181edcad190,
0x00000181edcaee70, 0x00000181edcac320, 0x00000181edcac7f0, 0x00000181edcaa640,
0x00000181edcaab10, 0x00000181edcaafe0, 0x00000181edcae000, 0x00000181edcae4d0,
0x00000181edcaf340, 0x00000181edca9ca0, 0x00000181edca8960, 0x00000181edcab980,
0x00000181edcad660, 0x00000181edcadb30, 0x00000181edcab4b0, 0x00000181edcabe50,
0x00000181edcaf810, 0x00000181edca7fc0, 0x00000181edca97d0, 0x00000181edca9300,
0x00000181edca8490, 0x00000181eea17750, 0x00000181eea18a90, 0x00000181eea16db0,
0x00000181eea18f60, 0x00000181eea1b5e0, 0x00000181eea155a0, 0x00000181eea1bab0,
0x00000181eda125d0, 0x00000181eda10c80
}

Java Threads: ( => current thread )
  0x00000181cd0c09d0 JavaThread "main" [_thread_blocked, id=1596, stack(0x00000046eb400000,0x00000046eb500000)]
  0x00000181e7c2c430 JavaThread "Reference Handler" daemon [_thread_blocked, id=9384, stack(0x00000046ebb00000,0x00000046ebc00000)]
  0x00000181e7c2d2a0 JavaThread "Finalizer" daemon [_thread_blocked, id=16936, stack(0x00000046ebc00000,0x00000046ebd00000)]
  0x00000181e7c7a6c0 JavaThread "Signal Dispatcher" daemon [_thread_blocked, id=6200, stack(0x00000046ebd00000,0x00000046ebe00000)]
  0x00000181e7c7b180 JavaThread "Attach Listener" daemon [_thread_blocked, id=17168, stack(0x00000046ebe00000,0x00000046ebf00000)]
  0x00000181e7c7e360 JavaThread "Service Thread" daemon [_thread_blocked, id=17208, stack(0x00000046ebf00000,0x00000046ec000000)]
  0x00000181e7c7ed10 JavaThread "Monitor Deflation Thread" daemon [_thread_blocked, id=17044, stack(0x00000046ec000000,0x00000046ec100000)]
=>0x00000181e7c80ae0 JavaThread "C2 CompilerThread0" daemon [_thread_in_native, id=17000, stack(0x00000046ec100000,0x00000046ec200000)]
  0x00000181e7c81580 JavaThread "C1 CompilerThread0" daemon [_thread_in_native, id=17028, stack(0x00000046ec200000,0x00000046ec300000)]
  0x00000181e7c849b0 JavaThread "Sweeper thread" daemon [_thread_in_vm, id=15392, stack(0x00000046ec300000,0x00000046ec400000)]
  0x00000181e7dc4670 JavaThread "Common-Cleaner" daemon [_thread_blocked, id=12416, stack(0x00000046ec400000,0x00000046ec500000)]
  0x00000181e7f5f080 JavaThread "Notification Thread" daemon [_thread_blocked, id=15116, stack(0x00000046ec500000,0x00000046ec600000)]
  0x00000181ea6d63e0 JavaThread "Daemon health stats" [_thread_blocked, id=16576, stack(0x00000046ecd00000,0x00000046ece00000)]
  0x00000181eb69aad0 JavaThread "Incoming local TCP Connector on port 51399" [_thread_in_native, id=2892, stack(0x00000046ece00000,0x00000046ecf00000)]
  0x00000181eace8900 JavaThread "Daemon periodic checks" [_thread_blocked, id=3932, stack(0x00000046ecf00000,0x00000046ed000000)]
  0x00000181eb342540 JavaThread "Daemon" [_thread_blocked, id=10096, stack(0x00000046ed000000,0x00000046ed100000)]
  0x00000181eb342a10 JavaThread "Handler for socket connection from /127.0.0.1:51399 to /127.0.0.1:51400" [_thread_in_native, id=9148, stack(0x00000046ed100000,0x00000046ed200000)]
  0x00000181e968a730 JavaThread "Cancel handler" [_thread_blocked, id=12668, stack(0x00000046ed200000,0x00000046ed300000)]
  0x00000181eb37b430 JavaThread "Daemon worker" [_thread_in_vm, id=14840, stack(0x00000046ed300000,0x00000046ed400000)]
  0x00000181eb37e920 JavaThread "Asynchronous log dispatcher for DefaultDaemonConnection: socket connection from /127.0.0.1:51399 to /127.0.0.1:51400" [_thread_blocked, id=6664, stack(0x00000046ed400000,0x00000046ed500000)]
  0x00000181eb37b900 JavaThread "Stdin handler" [_thread_blocked, id=16788, stack(0x00000046ed500000,0x00000046ed600000)]
  0x00000181eb37d5e0 JavaThread "Daemon client event forwarder" [_thread_blocked, id=17272, stack(0x00000046ed600000,0x00000046ed700000)]
  0x00000181eb37bdd0 JavaThread "Cache worker for journal cache (C:\Users\matel\.gradle\caches\journal-1)" [_thread_blocked, id=16720, stack(0x00000046ede00000,0x00000046edf00000)]
  0x00000181eb37c770 JavaThread "File lock request listener" [_thread_in_native, id=8156, stack(0x00000046edf00000,0x00000046ee000000)]
  0x00000181eb37cc40 JavaThread "Cache worker for file hash cache (C:\Users\matel\.gradle\caches\8.4\fileHashes)" [_thread_blocked, id=5320, stack(0x00000046ee000000,0x00000046ee100000)]
  0x00000181eb37af60 JavaThread "File watcher server" daemon [_thread_in_native, id=5368, stack(0x00000046ee100000,0x00000046ee200000)]
  0x00000181eb37c2a0 JavaThread "File watcher consumer" daemon [_thread_blocked, id=16688, stack(0x00000046ee200000,0x00000046ee300000)]
  0x00000181eb37d110 JavaThread "jar transforms" [_thread_blocked, id=10116, stack(0x00000046ee300000,0x00000046ee400000)]
  0x00000181eb37dab0 JavaThread "jar transforms Thread 2" [_thread_blocked, id=11728, stack(0x00000046ee400000,0x00000046ee500000)]
  0x00000181eb37df80 JavaThread "jar transforms Thread 3" [_thread_blocked, id=14952, stack(0x00000046ee500000,0x00000046ee600000)]
  0x00000181eb37e450 JavaThread "jar transforms Thread 4" [_thread_blocked, id=15840, stack(0x00000046ee600000,0x00000046ee700000)]
  0x00000181edcad190 JavaThread "jar transforms Thread 5" [_thread_blocked, id=2000, stack(0x00000046ee700000,0x00000046ee800000)]
  0x00000181edcaee70 JavaThread "jar transforms Thread 6" [_thread_blocked, id=3316, stack(0x00000046ee800000,0x00000046ee900000)]
  0x00000181edcac320 JavaThread "jar transforms Thread 7" [_thread_blocked, id=14172, stack(0x00000046ee900000,0x00000046eea00000)]
  0x00000181edcac7f0 JavaThread "jar transforms Thread 8" [_thread_blocked, id=13984, stack(0x00000046eea00000,0x00000046eeb00000)]
  0x00000181edcaa640 JavaThread "jar transforms Thread 9" [_thread_blocked, id=14644, stack(0x00000046eeb00000,0x00000046eec00000)]
  0x00000181edcaab10 JavaThread "jar transforms Thread 10" [_thread_blocked, id=1340, stack(0x00000046eec00000,0x00000046eed00000)]
  0x00000181edcaafe0 JavaThread "jar transforms Thread 11" [_thread_blocked, id=12572, stack(0x00000046eed00000,0x00000046eee00000)]
  0x00000181edcae000 JavaThread "jar transforms Thread 12" [_thread_blocked, id=16760, stack(0x00000046eee00000,0x00000046eef00000)]
  0x00000181edcae4d0 JavaThread "Cache worker for checksums cache (C:\Projects\Android\SendImage\.gradle\8.4\checksums)" [_thread_blocked, id=15336, stack(0x00000046eef00000,0x00000046ef000000)]
  0x00000181edcaf340 JavaThread "Cache worker for file hash cache (C:\Projects\Android\SendImage\.gradle\8.4\fileHashes)" [_thread_blocked, id=14436, stack(0x00000046ef000000,0x00000046ef100000)]
  0x00000181edca9ca0 JavaThread "Cache worker for cache directory md-supplier (C:\Users\matel\.gradle\caches\8.4\md-supplier)" [_thread_blocked, id=5212, stack(0x00000046ef100000,0x00000046ef200000)]
  0x00000181edca8960 JavaThread "Cache worker for file content cache (C:\Users\matel\.gradle\caches\8.4\fileContent)" [_thread_blocked, id=12320, stack(0x00000046ef200000,0x00000046ef300000)]
  0x00000181edcab980 JavaThread "Cache worker for cache directory md-rule (C:\Users\matel\.gradle\caches\8.4\md-rule)" [_thread_blocked, id=6572, stack(0x00000046ef300000,0x00000046ef400000)]
  0x00000181edcad660 JavaThread "Cache worker for execution history cache (C:\Users\matel\.gradle\caches\8.4\executionHistory)" [_thread_blocked, id=6012, stack(0x00000046ef400000,0x00000046ef500000)]
  0x00000181edcadb30 JavaThread "Cache worker for kotlin-dsl (C:\Users\matel\.gradle\caches\8.4\kotlin-dsl)" [_thread_blocked, id=10928, stack(0x00000046ef500000,0x00000046ef600000)]
  0x00000181edcab4b0 JavaThread "Cache worker for dependencies-accessors (C:\Projects\Android\SendImage\.gradle\8.4\dependencies-accessors)" [_thread_blocked, id=16080, stack(0x00000046ef600000,0x00000046ef700000)]
  0x00000181edcabe50 JavaThread "Cache worker for Build Output Cleanup Cache (C:\Projects\Android\SendImage\.gradle\buildOutputCleanup)" [_thread_blocked, id=15008, stack(0x00000046ef700000,0x00000046ef800000)]
  0x00000181edcaf810 JavaThread "Unconstrained build operations" [_thread_blocked, id=15520, stack(0x00000046ef800000,0x00000046ef900000)]
  0x00000181edca7fc0 JavaThread "Unconstrained build operations Thread 2" [_thread_blocked, id=15812, stack(0x00000046ef900000,0x00000046efa00000)]
  0x00000181edca97d0 JavaThread "Unconstrained build operations Thread 3" [_thread_blocked, id=15808, stack(0x00000046efa00000,0x00000046efb00000)]
  0x00000181edca9300 JavaThread "Unconstrained build operations Thread 4" [_thread_blocked, id=13088, stack(0x00000046efb00000,0x00000046efc00000)]
  0x00000181edca8490 JavaThread "Unconstrained build operations Thread 5" [_thread_blocked, id=16660, stack(0x00000046efc00000,0x00000046efd00000)]
  0x00000181eea17750 JavaThread "Unconstrained build operations Thread 6" [_thread_blocked, id=16252, stack(0x00000046efd00000,0x00000046efe00000)]
  0x00000181eea18a90 JavaThread "Unconstrained build operations Thread 7" [_thread_blocked, id=14468, stack(0x00000046efe00000,0x00000046eff00000)]
  0x00000181eea16db0 JavaThread "Unconstrained build operations Thread 8" [_thread_blocked, id=17160, stack(0x00000046eff00000,0x00000046f0000000)]
  0x00000181eea18f60 JavaThread "Unconstrained build operations Thread 9" [_thread_blocked, id=7392, stack(0x00000046f0000000,0x00000046f0100000)]
  0x00000181eea1b5e0 JavaThread "Unconstrained build operations Thread 10" [_thread_blocked, id=6600, stack(0x00000046f0100000,0x00000046f0200000)]
  0x00000181eea155a0 JavaThread "Unconstrained build operations Thread 11" [_thread_blocked, id=5628, stack(0x00000046f0200000,0x00000046f0300000)]
  0x00000181eea1bab0 JavaThread "Memory manager" [_thread_blocked, id=8200, stack(0x00000046f0300000,0x00000046f0400000)]
  0x00000181eda125d0 JavaThread "C2 CompilerThread1" daemon [_thread_in_native, id=6932, stack(0x00000046ec700000,0x00000046ec800000)]
  0x00000181eda10c80 JavaThread "C2 CompilerThread2" daemon [_thread_in_native, id=13000, stack(0x00000046ecc00000,0x00000046ecd00000)]

Other Threads:
  0x00000181e736d8e0 VMThread "VM Thread" [stack: 0x00000046eba00000,0x00000046ebb00000] [id=16188]
  0x00000181cd132e00 WatcherThread [stack: 0x00000046ec600000,0x00000046ec700000] [id=1440]
  0x00000181cae4e840 GCTaskThread "GC Thread#0" [stack: 0x00000046eb500000,0x00000046eb600000] [id=2072]
  0x00000181e8efecc0 GCTaskThread "GC Thread#1" [stack: 0x00000046ec800000,0x00000046ec900000] [id=14464]
  0x00000181e8f87b50 GCTaskThread "GC Thread#2" [stack: 0x00000046ec900000,0x00000046eca00000] [id=15072]
  0x00000181e8b1a5c0 GCTaskThread "GC Thread#3" [stack: 0x00000046eca00000,0x00000046ecb00000] [id=15044]
  0x00000181e906d4a0 GCTaskThread "GC Thread#4" [stack: 0x00000046ecb00000,0x00000046ecc00000] [id=14688]
  0x00000181e906e770 GCTaskThread "GC Thread#5" [stack: 0x00000046ed700000,0x00000046ed800000] [id=15816]
  0x00000181e906d750 GCTaskThread "GC Thread#6" [stack: 0x00000046ed800000,0x00000046ed900000] [id=16992]
  0x00000181e906df60 GCTaskThread "GC Thread#7" [stack: 0x00000046ed900000,0x00000046eda00000] [id=9996]
  0x00000181e906da00 GCTaskThread "GC Thread#8" [stack: 0x00000046eda00000,0x00000046edb00000] [id=15888]
  0x00000181e906dcb0 GCTaskThread "GC Thread#9" [stack: 0x00000046edb00000,0x00000046edc00000] [id=14756]
  0x00000181cd128b30 ConcurrentGCThread "G1 Main Marker" [stack: 0x00000046eb600000,0x00000046eb700000] [id=2452]
  0x00000181cd129450 ConcurrentGCThread "G1 Conc#0" [stack: 0x00000046eb700000,0x00000046eb800000] [id=14964]
  0x00000181e906d1f0 ConcurrentGCThread "G1 Conc#1" [stack: 0x00000046edc00000,0x00000046edd00000] [id=4860]
  0x00000181e906ea20 ConcurrentGCThread "G1 Conc#2" [stack: 0x00000046edd00000,0x00000046ede00000] [id=11600]
  0x00000181e71f2170 ConcurrentGCThread "G1 Refine#0" [stack: 0x00000046eb800000,0x00000046eb900000] [id=15904]
  0x00000181f19a6310 ConcurrentGCThread "G1 Refine#1" [stack: 0x00000046f0400000,0x00000046f0500000] [id=9036]
  0x00000181f19a6030 ConcurrentGCThread "G1 Refine#2" [stack: 0x00000046f0500000,0x00000046f0600000] [id=4116]
  0x00000181f19a2f50 ConcurrentGCThread "G1 Refine#3" [stack: 0x00000046f0600000,0x00000046f0700000] [id=8716]
  0x00000181f19a4090 ConcurrentGCThread "G1 Refine#4" [stack: 0x00000046f0700000,0x00000046f0800000] [id=16272]
  0x00000181f19a5790 ConcurrentGCThread "G1 Refine#5" [stack: 0x00000046f0800000,0x00000046f0900000] [id=10668]
  0x00000181f19a4650 ConcurrentGCThread "G1 Refine#6" [stack: 0x00000046f0900000,0x00000046f0a00000] [id=3928]
  0x00000181f19a5a70 ConcurrentGCThread "G1 Refine#7" [stack: 0x00000046f0a00000,0x00000046f0b00000] [id=4120]
  0x00000181f19a65f0 ConcurrentGCThread "G1 Refine#8" [stack: 0x00000046f0b00000,0x00000046f0c00000] [id=10020]
  0x00000181ebac3600 ConcurrentGCThread "G1 Refine#9" [stack: 0x00000046f0c00000,0x00000046f0d00000] [id=14360]
  0x00000181e71f29a0 ConcurrentGCThread "G1 Service" [stack: 0x00000046eb900000,0x00000046eba00000] [id=6112]

Threads with active compile tasks:
C2 CompilerThread0     9366 10509   !   4       java.net.URLClassLoader::defineClass (224 bytes)
C2 CompilerThread1     9366 10559       4       org.jetbrains.kotlin.load.java.structure.impl.classFiles.BinaryClassSignatureParser::parseParameterizedClassRefSignature (262 bytes)
C2 CompilerThread2     9366 10587       4       org.jetbrains.kotlin.cli.jvm.index.JvmDependenciesIndexImpl::search (386 bytes)

VM state: not at safepoint (normal execution)

VM Mutex/Monitor currently owned by a thread:  ([mutex/lock_event])
[0x00000181cd0bce50] CompiledIC_lock - owner thread: 0x00000181e7c849b0

Heap address: 0x0000000080000000, size: 2048 MB, Compressed Oops mode: 32-bit

CDS archive(s) not mapped
Compressed class space mapped at: 0x0000000100000000-0x0000000140000000, reserved size: 1073741824
Narrow klass base: 0x0000000000000000, Narrow klass shift: 3, Narrow klass range: 0x140000000

GC Precious Log:
 CPUs: 12 total, 12 available
 Memory: 15289M
 Large Page Support: Disabled
 NUMA Support: Disabled
 Compressed Oops: Enabled (32-bit)
 Heap Region Size: 1M
 Heap Min Capacity: 8M
 Heap Initial Capacity: 240M
 Heap Max Capacity: 2G
 Pre-touch: Disabled
 Parallel Workers: 10
 Concurrent Workers: 3
 Concurrent Refinement Workers: 10
 Periodic GC: Disabled

Heap:
 garbage-first heap   total 293888K, used 209945K [0x0000000080000000, 0x0000000100000000)
  region size 1024K, 47 young (48128K), 2 survivors (2048K)
 Metaspace       used 119623K, committed 120384K, reserved 1155072K
  class space    used 15896K, committed 16256K, reserved 1048576K

Heap Regions: E=young(eden), S=young(survivor), O=old, HS=humongous(starts), HC=humongous(continues), CS=collection set, F=free, OA=open archive, CA=closed archive, TAMS=top-at-mark-start (previous, next)
|   0|0x0000000080000000, 0x0000000080100000, 0x0000000080100000|100%|HS|  |TAMS 0x0000000080100000, 0x0000000080000000| Complete 
|   1|0x0000000080100000, 0x0000000080200000, 0x0000000080200000|100%|HC|  |TAMS 0x0000000080200000, 0x0000000080100000| Complete 
|   2|0x0000000080200000, 0x0000000080300000, 0x0000000080300000|100%|HC|  |TAMS 0x0000000080300000, 0x0000000080200000| Complete 
|   3|0x0000000080300000, 0x0000000080400000, 0x0000000080400000|100%|HC|  |TAMS 0x0000000080400000, 0x0000000080300000| Complete 
|   4|0x0000000080400000, 0x0000000080500000, 0x0000000080500000|100%| O|  |TAMS 0x0000000080500000, 0x0000000080400000| Untracked 
|   5|0x0000000080500000, 0x0000000080600000, 0x0000000080600000|100%| O|  |TAMS 0x0000000080600000, 0x0000000080500000| Untracked 
|   6|0x0000000080600000, 0x0000000080700000, 0x0000000080700000|100%| O|  |TAMS 0x0000000080700000, 0x0000000080600000| Untracked 
|   7|0x0000000080700000, 0x0000000080800000, 0x0000000080800000|100%| O|  |TAMS 0x0000000080800000, 0x0000000080700000| Untracked 
|   8|0x0000000080800000, 0x0000000080900000, 0x0000000080900000|100%| O|  |TAMS 0x0000000080900000, 0x0000000080800000| Untracked 
|   9|0x0000000080900000, 0x0000000080a00000, 0x0000000080a00000|100%| O|  |TAMS 0x0000000080a00000, 0x0000000080900000| Untracked 
|  10|0x0000000080a00000, 0x0000000080b00000, 0x0000000080b00000|100%| O|  |TAMS 0x0000000080b00000, 0x0000000080a00000| Untracked 
|  11|0x0000000080b00000, 0x0000000080c00000, 0x0000000080c00000|100%| O|  |TAMS 0x0000000080c00000, 0x0000000080b00000| Untracked 
|  12|0x0000000080c00000, 0x0000000080d00000, 0x0000000080d00000|100%| O|  |TAMS 0x0000000080d00000, 0x0000000080c00000| Untracked 
|  13|0x0000000080d00000, 0x0000000080e00000, 0x0000000080e00000|100%| O|  |TAMS 0x0000000080e00000, 0x0000000080d00000| Untracked 
|  14|0x0000000080e00000, 0x0000000080f00000, 0x0000000080f00000|100%| O|  |TAMS 0x0000000080f00000, 0x0000000080e00000| Untracked 
|  15|0x0000000080f00000, 0x0000000081000000, 0x0000000081000000|100%| O|  |TAMS 0x0000000080f00000, 0x0000000080f00000| Untracked 
|  16|0x0000000081000000, 0x0000000081100000, 0x0000000081100000|100%| O|  |TAMS 0x0000000081100000, 0x0000000081000000| Untracked 
|  17|0x0000000081100000, 0x0000000081200000, 0x0000000081200000|100%| O|  |TAMS 0x0000000081200000, 0x0000000081100000| Untracked 
|  18|0x0000000081200000, 0x0000000081300000, 0x0000000081300000|100%| O|  |TAMS 0x0000000081300000, 0x0000000081200000| Untracked 
|  19|0x0000000081300000, 0x0000000081400000, 0x0000000081400000|100%| O|  |TAMS 0x0000000081400000, 0x0000000081300000| Untracked 
|  20|0x0000000081400000, 0x0000000081500000, 0x0000000081500000|100%| O|  |TAMS 0x0000000081500000, 0x0000000081400000| Untracked 
|  21|0x0000000081500000, 0x0000000081600000, 0x0000000081600000|100%| O|  |TAMS 0x0000000081600000, 0x0000000081500000| Untracked 
|  22|0x0000000081600000, 0x0000000081700000, 0x0000000081700000|100%|HS|  |TAMS 0x0000000081700000, 0x0000000081600000| Complete 
|  23|0x0000000081700000, 0x0000000081800000, 0x0000000081800000|100%|HC|  |TAMS 0x0000000081800000, 0x0000000081700000| Complete 
|  24|0x0000000081800000, 0x0000000081900000, 0x0000000081900000|100%|HS|  |TAMS 0x0000000081900000, 0x0000000081800000| Complete 
|  25|0x0000000081900000, 0x0000000081a00000, 0x0000000081a00000|100%|HC|  |TAMS 0x0000000081a00000, 0x0000000081900000| Complete 
|  26|0x0000000081a00000, 0x0000000081b00000, 0x0000000081b00000|100%|HC|  |TAMS 0x0000000081b00000, 0x0000000081a00000| Complete 
|  27|0x0000000081b00000, 0x0000000081c00000, 0x0000000081c00000|100%|HS|  |TAMS 0x0000000081c00000, 0x0000000081b00000| Complete 
|  28|0x0000000081c00000, 0x0000000081d00000, 0x0000000081d00000|100%|HC|  |TAMS 0x0000000081d00000, 0x0000000081c00000| Complete 
|  29|0x0000000081d00000, 0x0000000081e00000, 0x0000000081e00000|100%|HC|  |TAMS 0x0000000081e00000, 0x0000000081d00000| Complete 
|  30|0x0000000081e00000, 0x0000000081f00000, 0x0000000081f00000|100%| O|  |TAMS 0x0000000081f00000, 0x0000000081e00000| Untracked 
|  31|0x0000000081f00000, 0x0000000082000000, 0x0000000082000000|100%|HS|  |TAMS 0x0000000082000000, 0x0000000081f00000| Complete 
|  32|0x0000000082000000, 0x0000000082100000, 0x0000000082100000|100%|HC|  |TAMS 0x0000000082100000, 0x0000000082000000| Complete 
|  33|0x0000000082100000, 0x0000000082200000, 0x0000000082200000|100%|HC|  |TAMS 0x0000000082200000, 0x0000000082100000| Complete 
|  34|0x0000000082200000, 0x0000000082300000, 0x0000000082300000|100%|HC|  |TAMS 0x0000000082300000, 0x0000000082200000| Complete 
|  35|0x0000000082300000, 0x0000000082400000, 0x0000000082400000|100%|HC|  |TAMS 0x0000000082400000, 0x0000000082300000| Complete 
|  36|0x0000000082400000, 0x0000000082500000, 0x0000000082500000|100%|HC|  |TAMS 0x0000000082500000, 0x0000000082400000| Complete 
|  37|0x0000000082500000, 0x0000000082600000, 0x0000000082600000|100%|HC|  |TAMS 0x0000000082600000, 0x0000000082500000| Complete 
|  38|0x0000000082600000, 0x0000000082700000, 0x0000000082700000|100%|HC|  |TAMS 0x0000000082700000, 0x0000000082600000| Complete 
|  39|0x0000000082700000, 0x0000000082800000, 0x0000000082800000|100%|HC|  |TAMS 0x0000000082800000, 0x0000000082700000| Complete 
|  40|0x0000000082800000, 0x0000000082900000, 0x0000000082900000|100%|HC|  |TAMS 0x0000000082900000, 0x0000000082800000| Complete 
|  41|0x0000000082900000, 0x0000000082a00000, 0x0000000082a00000|100%|HC|  |TAMS 0x0000000082a00000, 0x0000000082900000| Complete 
|  42|0x0000000082a00000, 0x0000000082b00000, 0x0000000082b00000|100%|HC|  |TAMS 0x0000000082b00000, 0x0000000082a00000| Complete 
|  43|0x0000000082b00000, 0x0000000082c00000, 0x0000000082c00000|100%|HS|  |TAMS 0x0000000082c00000, 0x0000000082b00000| Complete 
|  44|0x0000000082c00000, 0x0000000082d00000, 0x0000000082d00000|100%| O|  |TAMS 0x0000000082d00000, 0x0000000082c00000| Untracked 
|  45|0x0000000082d00000, 0x0000000082e00000, 0x0000000082e00000|100%| O|  |TAMS 0x0000000082e00000, 0x0000000082d00000| Untracked 
|  46|0x0000000082e00000, 0x0000000082f00000, 0x0000000082f00000|100%|HS|  |TAMS 0x0000000082f00000, 0x0000000082e00000| Complete 
|  47|0x0000000082f00000, 0x0000000083000000, 0x0000000083000000|100%|HC|  |TAMS 0x0000000083000000, 0x0000000082f00000| Complete 
|  48|0x0000000083000000, 0x0000000083100000, 0x0000000083100000|100%| O|  |TAMS 0x0000000083100000, 0x0000000083000000| Untracked 
|  49|0x0000000083100000, 0x0000000083200000, 0x0000000083200000|100%| O|  |TAMS 0x0000000083200000, 0x0000000083100000| Untracked 
|  50|0x0000000083200000, 0x0000000083300000, 0x0000000083300000|100%| O|  |TAMS 0x0000000083300000, 0x0000000083200000| Untracked 
|  51|0x0000000083300000, 0x0000000083400000, 0x0000000083400000|100%| O|  |TAMS 0x0000000083400000, 0x0000000083300000| Untracked 
|  52|0x0000000083400000, 0x0000000083500000, 0x0000000083500000|100%| O|  |TAMS 0x0000000083500000, 0x0000000083400000| Untracked 
|  53|0x0000000083500000, 0x0000000083600000, 0x0000000083600000|100%| O|  |TAMS 0x0000000083600000, 0x0000000083500000| Untracked 
|  54|0x0000000083600000, 0x0000000083700000, 0x0000000083700000|100%| O|  |TAMS 0x0000000083700000, 0x0000000083600000| Untracked 
|  55|0x0000000083700000, 0x0000000083800000, 0x0000000083800000|100%|HS|  |TAMS 0x0000000083800000, 0x0000000083700000| Complete 
|  56|0x0000000083800000, 0x0000000083900000, 0x0000000083900000|100%|HC|  |TAMS 0x0000000083900000, 0x0000000083800000| Complete 
|  57|0x0000000083900000, 0x0000000083a00000, 0x0000000083a00000|100%|HC|  |TAMS 0x0000000083a00000, 0x0000000083900000| Complete 
|  58|0x0000000083a00000, 0x0000000083b00000, 0x0000000083b00000|100%| O|  |TAMS 0x0000000083b00000, 0x0000000083a00000| Untracked 
|  59|0x0000000083b00000, 0x0000000083c00000, 0x0000000083c00000|100%| O|  |TAMS 0x0000000083c00000, 0x0000000083b00000| Untracked 
|  60|0x0000000083c00000, 0x0000000083d00000, 0x0000000083d00000|100%| O|  |TAMS 0x0000000083d00000, 0x0000000083c00000| Untracked 
|  61|0x0000000083d00000, 0x0000000083e00000, 0x0000000083e00000|100%| O|  |TAMS 0x0000000083e00000, 0x0000000083d00000| Untracked 
|  62|0x0000000083e00000, 0x0000000083f00000, 0x0000000083f00000|100%| O|  |TAMS 0x0000000083f00000, 0x0000000083e00000| Untracked 
|  63|0x0000000083f00000, 0x0000000084000000, 0x0000000084000000|100%| O|  |TAMS 0x0000000084000000, 0x0000000083f00000| Untracked 
|  64|0x0000000084000000, 0x0000000084100000, 0x0000000084100000|100%| O|  |TAMS 0x0000000084100000, 0x0000000084000000| Untracked 
|  65|0x0000000084100000, 0x0000000084200000, 0x0000000084200000|100%| O|  |TAMS 0x0000000084200000, 0x0000000084100000| Untracked 
|  66|0x0000000084200000, 0x0000000084300000, 0x0000000084300000|100%| O|  |TAMS 0x0000000084300000, 0x0000000084200000| Untracked 
|  67|0x0000000084300000, 0x0000000084400000, 0x0000000084400000|100%| O|  |TAMS 0x0000000084400000, 0x0000000084300000| Untracked 
|  68|0x0000000084400000, 0x0000000084500000, 0x0000000084500000|100%| O|  |TAMS 0x0000000084500000, 0x0000000084400000| Untracked 
|  69|0x0000000084500000, 0x0000000084600000, 0x0000000084600000|100%| O|  |TAMS 0x0000000084600000, 0x0000000084500000| Untracked 
|  70|0x0000000084600000, 0x0000000084700000, 0x0000000084700000|100%| O|  |TAMS 0x0000000084700000, 0x0000000084600000| Untracked 
|  71|0x0000000084700000, 0x0000000084800000, 0x0000000084800000|100%| O|  |TAMS 0x0000000084800000, 0x0000000084700000| Untracked 
|  72|0x0000000084800000, 0x0000000084900000, 0x0000000084900000|100%|HS|  |TAMS 0x0000000084900000, 0x0000000084800000| Complete 
|  73|0x0000000084900000, 0x0000000084a00000, 0x0000000084a00000|100%|HS|  |TAMS 0x0000000084a00000, 0x0000000084900000| Complete 
|  74|0x0000000084a00000, 0x0000000084b00000, 0x0000000084b00000|100%|HS|  |TAMS 0x0000000084b00000, 0x0000000084a00000| Complete 
|  75|0x0000000084b00000, 0x0000000084c00000, 0x0000000084c00000|100%|HC|  |TAMS 0x0000000084c00000, 0x0000000084b00000| Complete 
|  76|0x0000000084c00000, 0x0000000084d00000, 0x0000000084d00000|100%|HS|  |TAMS 0x0000000084d00000, 0x0000000084c00000| Complete 
|  77|0x0000000084d00000, 0x0000000084e00000, 0x0000000084e00000|100%|HC|  |TAMS 0x0000000084e00000, 0x0000000084d00000| Complete 
|  78|0x0000000084e00000, 0x0000000084f00000, 0x0000000084f00000|100%|HS|  |TAMS 0x0000000084f00000, 0x0000000084e00000| Complete 
|  79|0x0000000084f00000, 0x0000000085000000, 0x0000000085000000|100%|HS|  |TAMS 0x0000000085000000, 0x0000000084f00000| Complete 
|  80|0x0000000085000000, 0x0000000085100000, 0x0000000085100000|100%|HS|  |TAMS 0x0000000085100000, 0x0000000085000000| Complete 
|  81|0x0000000085100000, 0x0000000085200000, 0x0000000085200000|100%|HC|  |TAMS 0x0000000085200000, 0x0000000085100000| Complete 
|  82|0x0000000085200000, 0x0000000085300000, 0x0000000085300000|100%|HC|  |TAMS 0x0000000085300000, 0x0000000085200000| Complete 
|  83|0x0000000085300000, 0x0000000085400000, 0x0000000085400000|100%|HC|  |TAMS 0x0000000085400000, 0x0000000085300000| Complete 
|  84|0x0000000085400000, 0x0000000085500000, 0x0000000085500000|100%| O|  |TAMS 0x0000000085500000, 0x0000000085400000| Untracked 
|  85|0x0000000085500000, 0x0000000085600000, 0x0000000085600000|100%| O|  |TAMS 0x0000000085600000, 0x0000000085500000| Untracked 
|  86|0x0000000085600000, 0x0000000085700000, 0x0000000085700000|100%| O|  |TAMS 0x0000000085700000, 0x0000000085600000| Untracked 
|  87|0x0000000085700000, 0x0000000085800000, 0x0000000085800000|100%| O|  |TAMS 0x0000000085800000, 0x0000000085700000| Untracked 
|  88|0x0000000085800000, 0x0000000085900000, 0x0000000085900000|100%| O|  |TAMS 0x0000000085900000, 0x0000000085800000| Untracked 
|  89|0x0000000085900000, 0x0000000085a00000, 0x0000000085a00000|100%| O|  |TAMS 0x0000000085a00000, 0x0000000085900000| Untracked 
|  90|0x0000000085a00000, 0x0000000085b00000, 0x0000000085b00000|100%| O|  |TAMS 0x0000000085b00000, 0x0000000085a00000| Untracked 
|  91|0x0000000085b00000, 0x0000000085c00000, 0x0000000085c00000|100%| O|  |TAMS 0x0000000085c00000, 0x0000000085b00000| Untracked 
|  92|0x0000000085c00000, 0x0000000085d00000, 0x0000000085d00000|100%| O|  |TAMS 0x0000000085d00000, 0x0000000085c00000| Untracked 
|  93|0x0000000085d00000, 0x0000000085e00000, 0x0000000085e00000|100%| O|  |TAMS 0x0000000085e00000, 0x0000000085d00000| Untracked 
|  94|0x0000000085e00000, 0x0000000085f00000, 0x0000000085f00000|100%| O|  |TAMS 0x0000000085f00000, 0x0000000085e00000| Untracked 
|  95|0x0000000085f00000, 0x0000000086000000, 0x0000000086000000|100%| O|  |TAMS 0x0000000086000000, 0x0000000085f00000| Untracked 
|  96|0x0000000086000000, 0x0000000086100000, 0x0000000086100000|100%| O|  |TAMS 0x0000000086100000, 0x0000000086000000| Untracked 
|  97|0x0000000086100000, 0x0000000086200000, 0x0000000086200000|100%| O|  |TAMS 0x0000000086200000, 0x0000000086100000| Untracked 
|  98|0x0000000086200000, 0x0000000086300000, 0x0000000086300000|100%| O|  |TAMS 0x0000000086300000, 0x0000000086200000| Untracked 
|  99|0x0000000086300000, 0x0000000086400000, 0x0000000086400000|100%| O|  |TAMS 0x0000000086400000, 0x0000000086300000| Untracked 
| 100|0x0000000086400000, 0x0000000086500000, 0x0000000086500000|100%|HS|  |TAMS 0x0000000086500000, 0x0000000086400000| Complete 
| 101|0x0000000086500000, 0x0000000086600000, 0x0000000086600000|100%|HC|  |TAMS 0x0000000086600000, 0x0000000086500000| Complete 
| 102|0x0000000086600000, 0x0000000086700000, 0x0000000086700000|100%|HC|  |TAMS 0x0000000086700000, 0x0000000086600000| Complete 
| 103|0x0000000086700000, 0x0000000086800000, 0x0000000086800000|100%|HC|  |TAMS 0x0000000086800000, 0x0000000086700000| Complete 
| 104|0x0000000086800000, 0x0000000086900000, 0x0000000086900000|100%|HS|  |TAMS 0x0000000086900000, 0x0000000086800000| Complete 
| 105|0x0000000086900000, 0x0000000086a00000, 0x0000000086a00000|100%|HC|  |TAMS 0x0000000086a00000, 0x0000000086900000| Complete 
| 106|0x0000000086a00000, 0x0000000086b00000, 0x0000000086b00000|100%|HC|  |TAMS 0x0000000086b00000, 0x0000000086a00000| Complete 
| 107|0x0000000086b00000, 0x0000000086c00000, 0x0000000086c00000|100%|HC|  |TAMS 0x0000000086c00000, 0x0000000086b00000| Complete 
| 108|0x0000000086c00000, 0x0000000086d00000, 0x0000000086d00000|100%|HC|  |TAMS 0x0000000086d00000, 0x0000000086c00000| Complete 
| 109|0x0000000086d00000, 0x0000000086e00000, 0x0000000086e00000|100%|HC|  |TAMS 0x0000000086e00000, 0x0000000086d00000| Complete 
| 110|0x0000000086e00000, 0x0000000086f00000, 0x0000000086f00000|100%| O|  |TAMS 0x0000000086f00000, 0x0000000086e00000| Untracked 
| 111|0x0000000086f00000, 0x0000000087000000, 0x0000000087000000|100%| O|  |TAMS 0x0000000087000000, 0x0000000086f00000| Untracked 
| 112|0x0000000087000000, 0x0000000087100000, 0x0000000087100000|100%| O|  |TAMS 0x0000000087100000, 0x0000000087000000| Untracked 
| 113|0x0000000087100000, 0x0000000087200000, 0x0000000087200000|100%| O|  |TAMS 0x0000000087200000, 0x0000000087100000| Untracked 
| 114|0x0000000087200000, 0x0000000087300000, 0x0000000087300000|100%| O|  |TAMS 0x0000000087300000, 0x0000000087200000| Untracked 
| 115|0x0000000087300000, 0x0000000087400000, 0x0000000087400000|100%| O|  |TAMS 0x0000000087400000, 0x0000000087300000| Untracked 
| 116|0x0000000087400000, 0x0000000087500000, 0x0000000087500000|100%| O|  |TAMS 0x0000000087500000, 0x0000000087400000| Untracked 
| 117|0x0000000087500000, 0x0000000087600000, 0x0000000087600000|100%| O|  |TAMS 0x0000000087600000, 0x0000000087500000| Untracked 
| 118|0x0000000087600000, 0x0000000087700000, 0x0000000087700000|100%| O|  |TAMS 0x0000000087700000, 0x0000000087600000| Untracked 
| 119|0x0000000087700000, 0x0000000087800000, 0x0000000087800000|100%| O|  |TAMS 0x0000000087800000, 0x0000000087700000| Untracked 
| 120|0x0000000087800000, 0x0000000087900000, 0x0000000087900000|100%| O|  |TAMS 0x0000000087900000, 0x0000000087800000| Untracked 
| 121|0x0000000087900000, 0x0000000087a00000, 0x0000000087a00000|100%| O|  |TAMS 0x0000000087a00000, 0x0000000087900000| Untracked 
| 122|0x0000000087a00000, 0x0000000087b00000, 0x0000000087b00000|100%| O|  |TAMS 0x0000000087b00000, 0x0000000087a00000| Untracked 
| 123|0x0000000087b00000, 0x0000000087c00000, 0x0000000087c00000|100%| O|  |TAMS 0x0000000087c00000, 0x0000000087b00000| Untracked 
| 124|0x0000000087c00000, 0x0000000087d00000, 0x0000000087d00000|100%| O|  |TAMS 0x0000000087d00000, 0x0000000087c00000| Untracked 
| 125|0x0000000087d00000, 0x0000000087e00000, 0x0000000087e00000|100%| O|  |TAMS 0x0000000087e00000, 0x0000000087d00000| Untracked 
| 126|0x0000000087e00000, 0x0000000087f00000, 0x0000000087f00000|100%| O|  |TAMS 0x0000000087f00000, 0x0000000087e00000| Untracked 
| 127|0x0000000087f00000, 0x0000000088000000, 0x0000000088000000|100%| O|  |TAMS 0x0000000088000000, 0x0000000087f00000| Untracked 
| 128|0x0000000088000000, 0x0000000088100000, 0x0000000088100000|100%| O|  |TAMS 0x0000000088100000, 0x0000000088000000| Untracked 
| 129|0x0000000088100000, 0x0000000088200000, 0x0000000088200000|100%| O|  |TAMS 0x0000000088200000, 0x0000000088100000| Untracked 
| 130|0x0000000088200000, 0x0000000088300000, 0x0000000088300000|100%| O|  |TAMS 0x0000000088300000, 0x0000000088200000| Untracked 
| 131|0x0000000088300000, 0x0000000088400000, 0x0000000088400000|100%| O|  |TAMS 0x0000000088400000, 0x0000000088300000| Untracked 
| 132|0x0000000088400000, 0x0000000088500000, 0x0000000088500000|100%| O|  |TAMS 0x0000000088500000, 0x0000000088400000| Untracked 
| 133|0x0000000088500000, 0x0000000088600000, 0x0000000088600000|100%| O|  |TAMS 0x0000000088500000, 0x0000000088500000| Untracked 
| 134|0x0000000088600000, 0x0000000088700000, 0x0000000088700000|100%| O|  |TAMS 0x0000000088600000, 0x0000000088600000| Untracked 
| 135|0x0000000088700000, 0x0000000088800000, 0x0000000088800000|100%| O|  |TAMS 0x0000000088700000, 0x0000000088700000| Untracked 
| 136|0x0000000088800000, 0x0000000088900000, 0x0000000088900000|100%| O|  |TAMS 0x0000000088800000, 0x0000000088800000| Untracked 
| 137|0x0000000088900000, 0x0000000088a00000, 0x0000000088a00000|100%| O|  |TAMS 0x0000000088900000, 0x0000000088900000| Untracked 
| 138|0x0000000088a00000, 0x0000000088b00000, 0x0000000088b00000|100%| O|  |TAMS 0x0000000088a00000, 0x0000000088a00000| Untracked 
| 139|0x0000000088b00000, 0x0000000088c00000, 0x0000000088c00000|100%| O|  |TAMS 0x0000000088b00000, 0x0000000088b00000| Untracked 
| 140|0x0000000088c00000, 0x0000000088d00000, 0x0000000088d00000|100%| O|  |TAMS 0x0000000088c00000, 0x0000000088c00000| Untracked 
| 141|0x0000000088d00000, 0x0000000088e00000, 0x0000000088e00000|100%| O|  |TAMS 0x0000000088d00000, 0x0000000088d00000| Untracked 
| 142|0x0000000088e00000, 0x0000000088f00000, 0x0000000088f00000|100%| O|  |TAMS 0x0000000088e00000, 0x0000000088e00000| Untracked 
| 143|0x0000000088f00000, 0x0000000089000000, 0x0000000089000000|100%| O|  |TAMS 0x0000000088f00000, 0x0000000088f00000| Untracked 
| 144|0x0000000089000000, 0x0000000089100000, 0x0000000089100000|100%| O|  |TAMS 0x0000000089000000, 0x0000000089000000| Untracked 
| 145|0x0000000089100000, 0x0000000089200000, 0x0000000089200000|100%| O|  |TAMS 0x0000000089100000, 0x0000000089100000| Untracked 
| 146|0x0000000089200000, 0x00000000892bc600, 0x0000000089300000| 73%| O|  |TAMS 0x0000000089200000, 0x0000000089200000| Untracked 
| 147|0x0000000089300000, 0x0000000089300000, 0x0000000089400000|  0%| F|  |TAMS 0x0000000089300000, 0x0000000089300000| Untracked 
| 148|0x0000000089400000, 0x0000000089400000, 0x0000000089500000|  0%| F|  |TAMS 0x0000000089400000, 0x0000000089400000| Untracked 
| 149|0x0000000089500000, 0x0000000089500000, 0x0000000089600000|  0%| F|  |TAMS 0x0000000089500000, 0x0000000089500000| Untracked 
| 150|0x0000000089600000, 0x0000000089700000, 0x0000000089700000|100%| O|  |TAMS 0x0000000089700000, 0x0000000089600000| Untracked 
| 151|0x0000000089700000, 0x0000000089800000, 0x0000000089800000|100%| O|  |TAMS 0x0000000089800000, 0x0000000089700000| Untracked 
| 152|0x0000000089800000, 0x0000000089900000, 0x0000000089900000|100%| O|  |TAMS 0x0000000089900000, 0x0000000089800000| Untracked 
| 153|0x0000000089900000, 0x0000000089a00000, 0x0000000089a00000|100%| O|  |TAMS 0x0000000089a00000, 0x0000000089900000| Untracked 
| 154|0x0000000089a00000, 0x0000000089b00000, 0x0000000089b00000|100%| O|  |TAMS 0x0000000089b00000, 0x0000000089a00000| Untracked 
| 155|0x0000000089b00000, 0x0000000089c00000, 0x0000000089c00000|100%| O|  |TAMS 0x0000000089c00000, 0x0000000089b00000| Untracked 
| 156|0x0000000089c00000, 0x0000000089d00000, 0x0000000089d00000|100%| O|  |TAMS 0x0000000089d00000, 0x0000000089c00000| Untracked 
| 157|0x0000000089d00000, 0x0000000089e00000, 0x0000000089e00000|100%| O|  |TAMS 0x0000000089e00000, 0x0000000089d00000| Untracked 
| 158|0x0000000089e00000, 0x0000000089f00000, 0x0000000089f00000|100%| O|  |TAMS 0x0000000089f00000, 0x0000000089e00000| Untracked 
| 159|0x0000000089f00000, 0x000000008a000000, 0x000000008a000000|100%| O|  |TAMS 0x000000008a000000, 0x0000000089f00000| Untracked 
| 160|0x000000008a000000, 0x000000008a100000, 0x000000008a100000|100%| O|  |TAMS 0x000000008a100000, 0x000000008a000000| Untracked 
| 161|0x000000008a100000, 0x000000008a200000, 0x000000008a200000|100%| O|  |TAMS 0x000000008a200000, 0x000000008a100000| Untracked 
| 162|0x000000008a200000, 0x000000008a200000, 0x000000008a300000|  0%| F|  |TAMS 0x000000008a200000, 0x000000008a200000| Untracked 
| 163|0x000000008a300000, 0x000000008a400000, 0x000000008a400000|100%| O|  |TAMS 0x000000008a383a00, 0x000000008a300000| Untracked 
| 164|0x000000008a400000, 0x000000008a400000, 0x000000008a500000|  0%| F|  |TAMS 0x000000008a400000, 0x000000008a400000| Untracked 
| 165|0x000000008a500000, 0x000000008a500000, 0x000000008a600000|  0%| F|  |TAMS 0x000000008a500000, 0x000000008a500000| Untracked 
| 166|0x000000008a600000, 0x000000008a600000, 0x000000008a700000|  0%| F|  |TAMS 0x000000008a600000, 0x000000008a600000| Untracked 
| 167|0x000000008a700000, 0x000000008a700000, 0x000000008a800000|  0%| F|  |TAMS 0x000000008a700000, 0x000000008a700000| Untracked 
| 168|0x000000008a800000, 0x000000008a800000, 0x000000008a900000|  0%| F|  |TAMS 0x000000008a800000, 0x000000008a800000| Untracked 
| 169|0x000000008a900000, 0x000000008a900000, 0x000000008aa00000|  0%| F|  |TAMS 0x000000008a900000, 0x000000008a900000| Untracked 
| 170|0x000000008aa00000, 0x000000008aa00000, 0x000000008ab00000|  0%| F|  |TAMS 0x000000008aa00000, 0x000000008aa00000| Untracked 
| 171|0x000000008ab00000, 0x000000008ab00000, 0x000000008ac00000|  0%| F|  |TAMS 0x000000008ab00000, 0x000000008ab00000| Untracked 
| 172|0x000000008ac00000, 0x000000008ac00000, 0x000000008ad00000|  0%| F|  |TAMS 0x000000008ac00000, 0x000000008ac00000| Untracked 
| 173|0x000000008ad00000, 0x000000008ad00000, 0x000000008ae00000|  0%| F|  |TAMS 0x000000008ad00000, 0x000000008ad00000| Untracked 
| 174|0x000000008ae00000, 0x000000008ae00000, 0x000000008af00000|  0%| F|  |TAMS 0x000000008ae00000, 0x000000008ae00000| Untracked 
| 175|0x000000008af00000, 0x000000008af00000, 0x000000008b000000|  0%| F|  |TAMS 0x000000008af00000, 0x000000008af00000| Untracked 
| 176|0x000000008b000000, 0x000000008b000000, 0x000000008b100000|  0%| F|  |TAMS 0x000000008b000000, 0x000000008b000000| Untracked 
| 177|0x000000008b100000, 0x000000008b100000, 0x000000008b200000|  0%| F|  |TAMS 0x000000008b100000, 0x000000008b100000| Untracked 
| 178|0x000000008b200000, 0x000000008b200000, 0x000000008b300000|  0%| F|  |TAMS 0x000000008b200000, 0x000000008b200000| Untracked 
| 179|0x000000008b300000, 0x000000008b300000, 0x000000008b400000|  0%| F|  |TAMS 0x000000008b300000, 0x000000008b300000| Untracked 
| 180|0x000000008b400000, 0x000000008b400000, 0x000000008b500000|  0%| F|  |TAMS 0x000000008b400000, 0x000000008b400000| Untracked 
| 181|0x000000008b500000, 0x000000008b500000, 0x000000008b600000|  0%| F|  |TAMS 0x000000008b500000, 0x000000008b500000| Untracked 
| 182|0x000000008b600000, 0x000000008b600000, 0x000000008b700000|  0%| F|  |TAMS 0x000000008b600000, 0x000000008b600000| Untracked 
| 183|0x000000008b700000, 0x000000008b700000, 0x000000008b800000|  0%| F|  |TAMS 0x000000008b700000, 0x000000008b700000| Untracked 
| 184|0x000000008b800000, 0x000000008b800000, 0x000000008b900000|  0%| F|  |TAMS 0x000000008b800000, 0x000000008b800000| Untracked 
| 185|0x000000008b900000, 0x000000008b900000, 0x000000008ba00000|  0%| F|  |TAMS 0x000000008b900000, 0x000000008b900000| Untracked 
| 186|0x000000008ba00000, 0x000000008ba00000, 0x000000008bb00000|  0%| F|  |TAMS 0x000000008ba00000, 0x000000008ba00000| Untracked 
| 187|0x000000008bb00000, 0x000000008bb00000, 0x000000008bc00000|  0%| F|  |TAMS 0x000000008bb00000, 0x000000008bb00000| Untracked 
| 188|0x000000008bc00000, 0x000000008bc00000, 0x000000008bd00000|  0%| F|  |TAMS 0x000000008bc00000, 0x000000008bc00000| Untracked 
| 189|0x000000008bd00000, 0x000000008bd00000, 0x000000008be00000|  0%| F|  |TAMS 0x000000008bd00000, 0x000000008bd00000| Untracked 
| 190|0x000000008be00000, 0x000000008be00000, 0x000000008bf00000|  0%| F|  |TAMS 0x000000008be00000, 0x000000008be00000| Untracked 
| 191|0x000000008bf00000, 0x000000008bf00000, 0x000000008c000000|  0%| F|  |TAMS 0x000000008bf00000, 0x000000008bf00000| Untracked 
| 192|0x000000008c000000, 0x000000008c000000, 0x000000008c100000|  0%| F|  |TAMS 0x000000008c000000, 0x000000008c000000| Untracked 
| 193|0x000000008c100000, 0x000000008c100000, 0x000000008c200000|  0%| F|  |TAMS 0x000000008c100000, 0x000000008c100000| Untracked 
| 194|0x000000008c200000, 0x000000008c200000, 0x000000008c300000|  0%| F|  |TAMS 0x000000008c200000, 0x000000008c200000| Untracked 
| 195|0x000000008c300000, 0x000000008c300000, 0x000000008c400000|  0%| F|  |TAMS 0x000000008c300000, 0x000000008c300000| Untracked 
| 196|0x000000008c400000, 0x000000008c400000, 0x000000008c500000|  0%| F|  |TAMS 0x000000008c400000, 0x000000008c400000| Untracked 
| 197|0x000000008c500000, 0x000000008c500000, 0x000000008c600000|  0%| F|  |TAMS 0x000000008c500000, 0x000000008c500000| Untracked 
| 198|0x000000008c600000, 0x000000008c600000, 0x000000008c700000|  0%| F|  |TAMS 0x000000008c600000, 0x000000008c600000| Untracked 
| 199|0x000000008c700000, 0x000000008c700000, 0x000000008c800000|  0%| F|  |TAMS 0x000000008c700000, 0x000000008c700000| Untracked 
| 200|0x000000008c800000, 0x000000008c800000, 0x000000008c900000|  0%| F|  |TAMS 0x000000008c800000, 0x000000008c800000| Untracked 
| 201|0x000000008c900000, 0x000000008c900000, 0x000000008ca00000|  0%| F|  |TAMS 0x000000008c900000, 0x000000008c900000| Untracked 
| 202|0x000000008ca00000, 0x000000008ca00000, 0x000000008cb00000|  0%| F|  |TAMS 0x000000008ca00000, 0x000000008ca00000| Untracked 
| 203|0x000000008cb00000, 0x000000008cb00000, 0x000000008cc00000|  0%| F|  |TAMS 0x000000008cb00000, 0x000000008cb00000| Untracked 
| 204|0x000000008cc00000, 0x000000008cc00000, 0x000000008cd00000|  0%| F|  |TAMS 0x000000008cc00000, 0x000000008cc00000| Untracked 
| 205|0x000000008cd00000, 0x000000008cd00000, 0x000000008ce00000|  0%| F|  |TAMS 0x000000008cd00000, 0x000000008cd00000| Untracked 
| 206|0x000000008ce00000, 0x000000008ce00000, 0x000000008cf00000|  0%| F|  |TAMS 0x000000008ce00000, 0x000000008ce00000| Untracked 
| 207|0x000000008cf00000, 0x000000008cf00000, 0x000000008d000000|  0%| F|  |TAMS 0x000000008cf00000, 0x000000008cf00000| Untracked 
| 208|0x000000008d000000, 0x000000008d000000, 0x000000008d100000|  0%| F|  |TAMS 0x000000008d000000, 0x000000008d000000| Untracked 
| 209|0x000000008d100000, 0x000000008d100000, 0x000000008d200000|  0%| F|  |TAMS 0x000000008d100000, 0x000000008d100000| Untracked 
| 210|0x000000008d200000, 0x000000008d200000, 0x000000008d300000|  0%| F|  |TAMS 0x000000008d200000, 0x000000008d200000| Untracked 
| 211|0x000000008d300000, 0x000000008d300000, 0x000000008d400000|  0%| F|  |TAMS 0x000000008d300000, 0x000000008d300000| Untracked 
| 212|0x000000008d400000, 0x000000008d400000, 0x000000008d500000|  0%| F|  |TAMS 0x000000008d400000, 0x000000008d400000| Untracked 
| 213|0x000000008d500000, 0x000000008d500000, 0x000000008d600000|  0%| F|  |TAMS 0x000000008d500000, 0x000000008d500000| Untracked 
| 214|0x000000008d600000, 0x000000008d600000, 0x000000008d700000|  0%| F|  |TAMS 0x000000008d600000, 0x000000008d600000| Untracked 
| 215|0x000000008d700000, 0x000000008d700000, 0x000000008d800000|  0%| F|  |TAMS 0x000000008d700000, 0x000000008d700000| Untracked 
| 216|0x000000008d800000, 0x000000008d800000, 0x000000008d900000|  0%| F|  |TAMS 0x000000008d800000, 0x000000008d800000| Untracked 
| 217|0x000000008d900000, 0x000000008d900000, 0x000000008da00000|  0%| F|  |TAMS 0x000000008d900000, 0x000000008d900000| Untracked 
| 218|0x000000008da00000, 0x000000008da00000, 0x000000008db00000|  0%| F|  |TAMS 0x000000008da00000, 0x000000008da00000| Untracked 
| 219|0x000000008db00000, 0x000000008db00000, 0x000000008dc00000|  0%| F|  |TAMS 0x000000008db00000, 0x000000008db00000| Untracked 
| 220|0x000000008dc00000, 0x000000008dc00000, 0x000000008dd00000|  0%| F|  |TAMS 0x000000008dc00000, 0x000000008dc00000| Untracked 
| 221|0x000000008dd00000, 0x000000008dd00000, 0x000000008de00000|  0%| F|  |TAMS 0x000000008dd00000, 0x000000008dd00000| Untracked 
| 222|0x000000008de00000, 0x000000008de00000, 0x000000008df00000|  0%| F|  |TAMS 0x000000008de00000, 0x000000008de00000| Untracked 
| 223|0x000000008df00000, 0x000000008df00000, 0x000000008e000000|  0%| F|  |TAMS 0x000000008df00000, 0x000000008df00000| Untracked 
| 224|0x000000008e000000, 0x000000008e000000, 0x000000008e100000|  0%| F|  |TAMS 0x000000008e000000, 0x000000008e000000| Untracked 
| 225|0x000000008e100000, 0x000000008e100000, 0x000000008e200000|  0%| F|  |TAMS 0x000000008e100000, 0x000000008e100000| Untracked 
| 226|0x000000008e200000, 0x000000008e200000, 0x000000008e300000|  0%| F|  |TAMS 0x000000008e200000, 0x000000008e200000| Untracked 
| 227|0x000000008e300000, 0x000000008e300000, 0x000000008e400000|  0%| F|  |TAMS 0x000000008e300000, 0x000000008e300000| Untracked 
| 228|0x000000008e400000, 0x000000008e400000, 0x000000008e500000|  0%| F|  |TAMS 0x000000008e400000, 0x000000008e400000| Untracked 
| 229|0x000000008e500000, 0x000000008e500000, 0x000000008e600000|  0%| F|  |TAMS 0x000000008e500000, 0x000000008e500000| Untracked 
| 230|0x000000008e600000, 0x000000008e600000, 0x000000008e700000|  0%| F|  |TAMS 0x000000008e600000, 0x000000008e600000| Untracked 
| 231|0x000000008e700000, 0x000000008e700000, 0x000000008e800000|  0%| F|  |TAMS 0x000000008e700000, 0x000000008e700000| Untracked 
| 232|0x000000008e800000, 0x000000008e800000, 0x000000008e900000|  0%| F|  |TAMS 0x000000008e800000, 0x000000008e800000| Untracked 
| 233|0x000000008e900000, 0x000000008e900000, 0x000000008ea00000|  0%| F|  |TAMS 0x000000008e900000, 0x000000008e900000| Untracked 
| 234|0x000000008ea00000, 0x000000008ea00000, 0x000000008eb00000|  0%| F|  |TAMS 0x000000008ea00000, 0x000000008ea00000| Untracked 
| 235|0x000000008eb00000, 0x000000008eb00000, 0x000000008ec00000|  0%| F|  |TAMS 0x000000008eb00000, 0x000000008eb00000| Untracked 
| 236|0x000000008ec00000, 0x000000008ec00000, 0x000000008ed00000|  0%| F|  |TAMS 0x000000008ec00000, 0x000000008ec00000| Untracked 
| 237|0x000000008ed00000, 0x000000008ed00000, 0x000000008ee00000|  0%| F|  |TAMS 0x000000008ed00000, 0x000000008ed00000| Untracked 
| 238|0x000000008ee00000, 0x000000008ee00000, 0x000000008ef00000|  0%| F|  |TAMS 0x000000008ee00000, 0x000000008ee00000| Untracked 
| 239|0x000000008ef00000, 0x000000008ef80c10, 0x000000008f000000| 50%| E|  |TAMS 0x000000008ef00000, 0x000000008ef00000| Complete 
| 240|0x000000008f000000, 0x000000008f100000, 0x000000008f100000|100%| E|CS|TAMS 0x000000008f000000, 0x000000008f000000| Complete 
| 241|0x000000008f100000, 0x000000008f200000, 0x000000008f200000|100%| E|CS|TAMS 0x000000008f100000, 0x000000008f100000| Complete 
| 242|0x000000008f200000, 0x000000008f300000, 0x000000008f300000|100%| E|CS|TAMS 0x000000008f200000, 0x000000008f200000| Complete 
| 243|0x000000008f300000, 0x000000008f400000, 0x000000008f400000|100%| E|CS|TAMS 0x000000008f300000, 0x000000008f300000| Complete 
| 244|0x000000008f400000, 0x000000008f500000, 0x000000008f500000|100%| E|CS|TAMS 0x000000008f400000, 0x000000008f400000| Complete 
| 245|0x000000008f500000, 0x000000008f600000, 0x000000008f600000|100%| E|CS|TAMS 0x000000008f500000, 0x000000008f500000| Complete 
| 246|0x000000008f600000, 0x000000008f700000, 0x000000008f700000|100%| E|CS|TAMS 0x000000008f600000, 0x000000008f600000| Complete 
| 247|0x000000008f700000, 0x000000008f800000, 0x000000008f800000|100%| E|CS|TAMS 0x000000008f700000, 0x000000008f700000| Complete 
| 248|0x000000008f800000, 0x000000008f900000, 0x000000008f900000|100%| E|CS|TAMS 0x000000008f800000, 0x000000008f800000| Complete 
| 249|0x000000008f900000, 0x000000008fa00000, 0x000000008fa00000|100%| E|CS|TAMS 0x000000008f900000, 0x000000008f900000| Complete 
| 250|0x000000008fa00000, 0x000000008fb00000, 0x000000008fb00000|100%| E|CS|TAMS 0x000000008fa00000, 0x000000008fa00000| Complete 
| 251|0x000000008fb00000, 0x000000008fc00000, 0x000000008fc00000|100%| E|CS|TAMS 0x000000008fb00000, 0x000000008fb00000| Complete 
| 252|0x000000008fc00000, 0x000000008fd00000, 0x000000008fd00000|100%| E|CS|TAMS 0x000000008fc00000, 0x000000008fc00000| Complete 
| 253|0x000000008fd00000, 0x000000008fe00000, 0x000000008fe00000|100%| E|CS|TAMS 0x000000008fd00000, 0x000000008fd00000| Complete 
| 254|0x000000008fe00000, 0x000000008ff00000, 0x000000008ff00000|100%| E|CS|TAMS 0x000000008fe00000, 0x000000008fe00000| Complete 
| 255|0x000000008ff00000, 0x0000000090000000, 0x0000000090000000|100%| E|CS|TAMS 0x000000008ff00000, 0x000000008ff00000| Complete 
| 256|0x0000000090000000, 0x0000000090100000, 0x0000000090100000|100%| E|CS|TAMS 0x0000000090000000, 0x0000000090000000| Complete 
| 257|0x0000000090100000, 0x0000000090200000, 0x0000000090200000|100%| E|CS|TAMS 0x0000000090100000, 0x0000000090100000| Complete 
| 258|0x0000000090200000, 0x0000000090300000, 0x0000000090300000|100%| E|CS|TAMS 0x0000000090200000, 0x0000000090200000| Complete 
| 259|0x0000000090300000, 0x0000000090400000, 0x0000000090400000|100%| E|CS|TAMS 0x0000000090300000, 0x0000000090300000| Complete 
| 260|0x0000000090400000, 0x0000000090500000, 0x0000000090500000|100%| E|CS|TAMS 0x0000000090400000, 0x0000000090400000| Complete 
| 261|0x0000000090500000, 0x0000000090600000, 0x0000000090600000|100%| E|CS|TAMS 0x0000000090500000, 0x0000000090500000| Complete 
| 262|0x0000000090600000, 0x0000000090700000, 0x0000000090700000|100%| E|CS|TAMS 0x0000000090600000, 0x0000000090600000| Complete 
| 263|0x0000000090700000, 0x0000000090800000, 0x0000000090800000|100%| E|CS|TAMS 0x0000000090700000, 0x0000000090700000| Complete 
| 264|0x0000000090800000, 0x0000000090900000, 0x0000000090900000|100%| E|CS|TAMS 0x0000000090800000, 0x0000000090800000| Complete 
| 265|0x0000000090900000, 0x0000000090a00000, 0x0000000090a00000|100%| E|CS|TAMS 0x0000000090900000, 0x0000000090900000| Complete 
| 266|0x0000000090a00000, 0x0000000090b00000, 0x0000000090b00000|100%| E|CS|TAMS 0x0000000090a00000, 0x0000000090a00000| Complete 
| 267|0x0000000090b00000, 0x0000000090c00000, 0x0000000090c00000|100%| E|CS|TAMS 0x0000000090b00000, 0x0000000090b00000| Complete 
| 268|0x0000000090c00000, 0x0000000090d00000, 0x0000000090d00000|100%| E|CS|TAMS 0x0000000090c00000, 0x0000000090c00000| Complete 
| 269|0x0000000090d00000, 0x0000000090e00000, 0x0000000090e00000|100%| E|CS|TAMS 0x0000000090d00000, 0x0000000090d00000| Complete 
| 270|0x0000000090e00000, 0x0000000090f00000, 0x0000000090f00000|100%| E|CS|TAMS 0x0000000090e00000, 0x0000000090e00000| Complete 
| 271|0x0000000090f00000, 0x0000000091000000, 0x0000000091000000|100%| E|CS|TAMS 0x0000000090f00000, 0x0000000090f00000| Complete 
| 272|0x0000000091000000, 0x0000000091100000, 0x0000000091100000|100%| E|CS|TAMS 0x0000000091000000, 0x0000000091000000| Complete 
| 273|0x0000000091100000, 0x0000000091200000, 0x0000000091200000|100%| E|CS|TAMS 0x0000000091100000, 0x0000000091100000| Complete 
| 274|0x0000000091200000, 0x0000000091300000, 0x0000000091300000|100%| E|CS|TAMS 0x0000000091200000, 0x0000000091200000| Complete 
| 275|0x0000000091300000, 0x0000000091400000, 0x0000000091400000|100%| E|CS|TAMS 0x0000000091300000, 0x0000000091300000| Complete 
| 276|0x0000000091400000, 0x0000000091500000, 0x0000000091500000|100%| E|CS|TAMS 0x0000000091400000, 0x0000000091400000| Complete 
| 277|0x0000000091500000, 0x0000000091600000, 0x0000000091600000|100%| E|CS|TAMS 0x0000000091500000, 0x0000000091500000| Complete 
| 278|0x0000000091600000, 0x0000000091700000, 0x0000000091700000|100%| E|CS|TAMS 0x0000000091600000, 0x0000000091600000| Complete 
| 279|0x0000000091700000, 0x0000000091800000, 0x0000000091800000|100%| E|CS|TAMS 0x0000000091700000, 0x0000000091700000| Complete 
| 280|0x0000000091800000, 0x0000000091849e50, 0x0000000091900000| 28%| S|CS|TAMS 0x0000000091800000, 0x0000000091800000| Complete 
| 281|0x0000000091900000, 0x0000000091a00000, 0x0000000091a00000|100%| S|CS|TAMS 0x0000000091900000, 0x0000000091900000| Complete 
| 282|0x0000000091a00000, 0x0000000091b00000, 0x0000000091b00000|100%| E|CS|TAMS 0x0000000091a00000, 0x0000000091a00000| Complete 
| 283|0x0000000091b00000, 0x0000000091c00000, 0x0000000091c00000|100%| E|CS|TAMS 0x0000000091b00000, 0x0000000091b00000| Complete 
| 284|0x0000000091c00000, 0x0000000091d00000, 0x0000000091d00000|100%| E|CS|TAMS 0x0000000091c00000, 0x0000000091c00000| Complete 
| 285|0x0000000091d00000, 0x0000000091e00000, 0x0000000091e00000|100%| E|CS|TAMS 0x0000000091d00000, 0x0000000091d00000| Complete 
| 286|0x0000000091e00000, 0x0000000091f00000, 0x0000000091f00000|100%| E|CS|TAMS 0x0000000091e00000, 0x0000000091e00000| Complete 

Card table byte_map: [0x00000181dfed0000,0x00000181e02d0000] _byte_map_base: 0x00000181dfad0000

Marking Bits (Prev, Next): (CMBitMap*) 0x00000181cd118240, (CMBitMap*) 0x00000181cd118200
 Prev Bits: [0x00000181e26d0000, 0x00000181e46d0000)
 Next Bits: [0x00000181e06d0000, 0x00000181e26d0000)

Polling page: 0x00000181cb000000

Metaspace:

Usage:
  Non-class:    101.30 MB used.
      Class:     15.53 MB used.
       Both:    116.83 MB used.

Virtual space:
  Non-class space:      104.00 MB reserved,     101.69 MB ( 98%) committed,  13 nodes.
      Class space:        1.00 GB reserved,      15.88 MB (  2%) committed,  1 nodes.
             Both:        1.10 GB reserved,     117.56 MB ( 10%) committed. 

Chunk freelists:
   Non-Class:  2.08 MB
       Class:  38.00 KB
        Both:  2.12 MB

MaxMetaspaceSize: unlimited
CompressedClassSpaceSize: 1.00 GB
Initial GC threshold: 21.00 MB
Current GC threshold: 187.00 MB
CDS: off
MetaspaceReclaimPolicy: balanced
 - commit_granule_bytes: 65536.
 - commit_granule_words: 8192.
 - virtual_space_node_default_size: 1048576.
 - enlarge_chunks_in_place: 1.
 - new_chunks_are_fully_committed: 0.
 - uncommit_free_chunks: 1.
 - use_allocation_guard: 0.
 - handle_deallocations: 1.


Internal statistics:

num_allocs_failed_limit: 3.
num_arena_births: 936.
num_arena_deaths: 0.
num_vsnodes_births: 14.
num_vsnodes_deaths: 0.
num_space_committed: 1879.
num_space_uncommitted: 0.
num_chunks_returned_to_freelist: 3.
num_chunks_taken_from_freelist: 5052.
num_chunk_merges: 3.
num_chunk_splits: 3721.
num_chunks_enlarged: 2898.
num_purges: 0.
num_inconsistent_stats: 0.

CodeHeap 'non-profiled nmethods': size=120000Kb used=5691Kb max_used=5769Kb free=114308Kb
 bounds [0x00000181d8050000, 0x00000181d8600000, 0x00000181df580000]
CodeHeap 'profiled nmethods': size=120000Kb used=18296Kb max_used=18296Kb free=101703Kb
 bounds [0x00000181d0580000, 0x00000181d1770000, 0x00000181d7ab0000]
CodeHeap 'non-nmethods': size=5760Kb used=2445Kb max_used=2557Kb free=3314Kb
 bounds [0x00000181d7ab0000, 0x00000181d7d40000, 0x00000181d8050000]
 total_blobs=10248 nmethods=9253 adapters=907
 compilation: enabled
              stopped_count=0, restarted_count=0
 full_count=0

Compilation events (20 events):
Event: 9.336 Thread 0x00000181e7c81580 nmethod 10694 0x00000181d171fd90 code [0x00000181d1720200, 0x00000181d1721f98]
Event: 9.336 Thread 0x00000181e7c81580 10695       3       org.jetbrains.kotlin.com.intellij.util.keyFMap.ArrayBackedFMap::<init> (31 bytes)
Event: 9.336 Thread 0x00000181e7c81580 nmethod 10695 0x00000181d1722910 code [0x00000181d1722ae0, 0x00000181d1722df8]
Event: 9.337 Thread 0x00000181e7c81580 10696       3       org.jetbrains.kotlin.resolve.calls.tower.TowerResolver$Task$localLevels$2$invoke$$inlined$filterIsInstance$1::invoke (6 bytes)
Event: 9.337 Thread 0x00000181e7c81580 nmethod 10696 0x00000181d1722f10 code [0x00000181d17230c0, 0x00000181d1723418]
Event: 9.337 Thread 0x00000181e7c81580 10697       3       org.jetbrains.kotlin.resolve.calls.tower.TowerResolver$Task$localLevels$2$invoke$$inlined$filterIsInstance$1::invoke (8 bytes)
Event: 9.337 Thread 0x00000181e7c81580 nmethod 10697 0x00000181d1723510 code [0x00000181d17236c0, 0x00000181d17239b8]
Event: 9.337 Thread 0x00000181e7c81580 10698       1       org.jetbrains.kotlin.descriptors.impl.FunctionDescriptorImpl::setActual (6 bytes)
Event: 9.337 Thread 0x00000181e7c81580 nmethod 10698 0x00000181d85ebf90 code [0x00000181d85ec120, 0x00000181d85ec1f8]
Event: 9.337 Thread 0x00000181e7c81580 10699       1       org.jetbrains.kotlin.descriptors.impl.FunctionDescriptorImpl::isSuspend (5 bytes)
Event: 9.337 Thread 0x00000181e7c81580 nmethod 10699 0x00000181d85ec290 code [0x00000181d85ec420, 0x00000181d85ec4f8]
Event: 9.337 Thread 0x00000181e7c81580 10700       3       org.jetbrains.kotlin.descriptors.impl.FunctionDescriptorImpl::getTypeParameters (48 bytes)
Event: 9.338 Thread 0x00000181e7c81580 nmethod 10700 0x00000181d1723a90 code [0x00000181d1723d00, 0x00000181d17245d8]
Event: 9.338 Thread 0x00000181e7c81580 10704       3       org.jetbrains.kotlin.serialization.deserialization.TypeDeserializer::toAttributes (123 bytes)
Event: 9.340 Thread 0x00000181e7c81580 nmethod 10704 0x00000181d1724910 code [0x00000181d1724ce0, 0x00000181d1726838]
Event: 9.340 Thread 0x00000181e7c81580 10706       3       org.jetbrains.kotlin.resolve.calls.components.candidate.ResolutionCandidate::processPart (78 bytes)
Event: 9.340 Thread 0x00000181e7c81580 nmethod 10706 0x00000181d1727290 code [0x00000181d1727500, 0x00000181d1727f68]
Event: 9.340 Thread 0x00000181e7c81580 10701       3       org.jetbrains.kotlin.serialization.deserialization.TypeDeserializer::simpleType (690 bytes)
Event: 9.347 Thread 0x00000181e7c81580 nmethod 10701 0x00000181d1728310 code [0x00000181d1729380, 0x00000181d1732ea8]
Event: 9.347 Thread 0x00000181e7c81580 10702       3       org.jetbrains.kotlin.serialization.deserialization.TypeDeserializer::typeConstructor (339 bytes)

GC Heap History (20 events):
Event: 5.779 GC heap before
{Heap before GC invocations=29 (full 0):
 garbage-first heap   total 286720K, used 239161K [0x0000000080000000, 0x0000000100000000)
  region size 1024K, 144 young (147456K), 2 survivors (2048K)
 Metaspace       used 75236K, committed 76032K, reserved 1114112K
  class space    used 10579K, committed 10944K, reserved 1048576K
}
Event: 5.784 GC heap after
{Heap after GC invocations=30 (full 0):
 garbage-first heap   total 286720K, used 101987K [0x0000000080000000, 0x0000000100000000)
  region size 1024K, 17 young (17408K), 17 survivors (17408K)
 Metaspace       used 75236K, committed 76032K, reserved 1114112K
  class space    used 10579K, committed 10944K, reserved 1048576K
}
Event: 5.793 GC heap before
{Heap before GC invocations=30 (full 0):
 garbage-first heap   total 286720K, used 103011K [0x0000000080000000, 0x0000000100000000)
  region size 1024K, 18 young (18432K), 17 survivors (17408K)
 Metaspace       used 75314K, committed 76096K, reserved 1122304K
  class space    used 10591K, committed 10944K, reserved 1048576K
}
Event: 5.796 GC heap after
{Heap after GC invocations=31 (full 0):
 garbage-first heap   total 286720K, used 102266K [0x0000000080000000, 0x0000000100000000)
  region size 1024K, 1 young (1024K), 1 survivors (1024K)
 Metaspace       used 75314K, committed 76096K, reserved 1122304K
  class space    used 10591K, committed 10944K, reserved 1048576K
}
Event: 6.714 GC heap before
{Heap before GC invocations=31 (full 0):
 garbage-first heap   total 286720K, used 233338K [0x0000000080000000, 0x0000000100000000)
  region size 1024K, 125 young (128000K), 1 survivors (1024K)
 Metaspace       used 86737K, committed 87424K, reserved 1130496K
  class space    used 12121K, committed 12480K, reserved 1048576K
}
Event: 6.717 GC heap after
{Heap after GC invocations=32 (full 0):
 garbage-first heap   total 286720K, used 112260K [0x0000000080000000, 0x0000000100000000)
  region size 1024K, 7 young (7168K), 7 survivors (7168K)
 Metaspace       used 86737K, committed 87424K, reserved 1130496K
  class space    used 12121K, committed 12480K, reserved 1048576K
}
Event: 7.119 GC heap before
{Heap before GC invocations=32 (full 0):
 garbage-first heap   total 286720K, used 170628K [0x0000000080000000, 0x0000000100000000)
  region size 1024K, 65 young (66560K), 7 survivors (7168K)
 Metaspace       used 95385K, committed 96128K, reserved 1138688K
  class space    used 13213K, committed 13568K, reserved 1048576K
}
Event: 7.123 GC heap after
{Heap after GC invocations=33 (full 0):
 garbage-first heap   total 286720K, used 113683K [0x0000000080000000, 0x0000000100000000)
  region size 1024K, 9 young (9216K), 9 survivors (9216K)
 Metaspace       used 95385K, committed 96128K, reserved 1138688K
  class space    used 13213K, committed 13568K, reserved 1048576K
}
Event: 7.624 GC heap before
{Heap before GC invocations=34 (full 0):
 garbage-first heap   total 286720K, used 244755K [0x0000000080000000, 0x0000000100000000)
  region size 1024K, 130 young (133120K), 9 survivors (9216K)
 Metaspace       used 99734K, committed 100480K, reserved 1138688K
  class space    used 13717K, committed 14080K, reserved 1048576K
}
Event: 7.638 GC heap after
{Heap after GC invocations=35 (full 0):
 garbage-first heap   total 286720K, used 140802K [0x0000000080000000, 0x0000000100000000)
  region size 1024K, 17 young (17408K), 17 survivors (17408K)
 Metaspace       used 99734K, committed 100480K, reserved 1138688K
  class space    used 13717K, committed 14080K, reserved 1048576K
}
Event: 7.656 GC heap before
{Heap before GC invocations=35 (full 0):
 garbage-first heap   total 286720K, used 147970K [0x0000000080000000, 0x0000000100000000)
  region size 1024K, 18 young (18432K), 17 survivors (17408K)
 Metaspace       used 99856K, committed 100608K, reserved 1138688K
  class space    used 13730K, committed 14080K, reserved 1048576K
}
Event: 7.662 GC heap after
{Heap after GC invocations=36 (full 0):
 garbage-first heap   total 286720K, used 151334K [0x0000000080000000, 0x0000000100000000)
  region size 1024K, 3 young (3072K), 3 survivors (3072K)
 Metaspace       used 99856K, committed 100608K, reserved 1138688K
  class space    used 13730K, committed 14080K, reserved 1048576K
}
Event: 8.156 GC heap before
{Heap before GC invocations=36 (full 0):
 garbage-first heap   total 286720K, used 231206K [0x0000000080000000, 0x0000000100000000)
  region size 1024K, 81 young (82944K), 3 survivors (3072K)
 Metaspace       used 107727K, committed 108480K, reserved 1146880K
  class space    used 14493K, committed 14848K, reserved 1048576K
}
Event: 8.159 GC heap after
{Heap after GC invocations=37 (full 0):
 garbage-first heap   total 286720K, used 155294K [0x0000000080000000, 0x0000000100000000)
  region size 1024K, 7 young (7168K), 7 survivors (7168K)
 Metaspace       used 107727K, committed 108480K, reserved 1146880K
  class space    used 14493K, committed 14848K, reserved 1048576K
}
Event: 8.585 GC heap before
{Heap before GC invocations=37 (full 0):
 garbage-first heap   total 286720K, used 206494K [0x0000000080000000, 0x0000000100000000)
  region size 1024K, 58 young (59392K), 7 survivors (7168K)
 Metaspace       used 114083K, committed 114816K, reserved 1155072K
  class space    used 15301K, committed 15680K, reserved 1048576K
}
Event: 8.589 GC heap after
{Heap after GC invocations=38 (full 0):
 garbage-first heap   total 286720K, used 159106K [0x0000000080000000, 0x0000000100000000)
  region size 1024K, 4 young (4096K), 4 survivors (4096K)
 Metaspace       used 114083K, committed 114816K, reserved 1155072K
  class space    used 15301K, committed 15680K, reserved 1048576K
}
Event: 8.987 GC heap before
{Heap before GC invocations=39 (full 0):
 garbage-first heap   total 293888K, used 237954K [0x0000000080000000, 0x0000000100000000)
  region size 1024K, 80 young (81920K), 4 survivors (4096K)
 Metaspace       used 116485K, committed 117248K, reserved 1155072K
  class space    used 15572K, committed 15936K, reserved 1048576K
}
Event: 8.991 GC heap after
{Heap after GC invocations=40 (full 0):
 garbage-first heap   total 293888K, used 164389K [0x0000000080000000, 0x0000000100000000)
  region size 1024K, 9 young (9216K), 9 survivors (9216K)
 Metaspace       used 116485K, committed 117248K, reserved 1155072K
  class space    used 15572K, committed 15936K, reserved 1048576K
}
Event: 9.002 GC heap before
{Heap before GC invocations=40 (full 0):
 garbage-first heap   total 293888K, used 169509K [0x0000000080000000, 0x0000000100000000)
  region size 1024K, 14 young (14336K), 9 survivors (9216K)
 Metaspace       used 116503K, committed 117248K, reserved 1155072K
  class space    used 15572K, committed 15936K, reserved 1048576K
}
Event: 9.005 GC heap after
{Heap after GC invocations=41 (full 0):
 garbage-first heap   total 293888K, used 164889K [0x0000000080000000, 0x0000000100000000)
  region size 1024K, 2 young (2048K), 2 survivors (2048K)
 Metaspace       used 116503K, committed 117248K, reserved 1155072K
  class space    used 15572K, committed 15936K, reserved 1048576K
}

Dll operation events (3 events):
Event: 0.005 Loaded shared library C:\Program Files\Android\Android Studio\jbr\bin\java.dll
Event: 0.086 Loaded shared library C:\Program Files\Android\Android Studio\jbr\bin\zip.dll
Event: 0.255 Loaded shared library C:\Program Files\Android\Android Studio\jbr\bin\verify.dll

Deoptimization events (20 events):
Event: 9.203 Thread 0x00000181eb37b430 DEOPT PACKING pc=0x00000181d83b4df8 sp=0x00000046ed3f1290
Event: 9.203 Thread 0x00000181eb37b430 DEOPT UNPACKING pc=0x00000181d7b069a3 sp=0x00000046ed3f1218 mode 2
Event: 9.232 Thread 0x00000181eb37b430 Uncommon trap: trap_request=0xffffffc6 fr.pc=0x00000181d826c66c relative=0x00000000000014cc
Event: 9.232 Thread 0x00000181eb37b430 Uncommon trap: reason=bimorphic_or_optimized_type_check action=maybe_recompile pc=0x00000181d826c66c method=gnu.trove.TObjectHash.insertionIndex(Ljava/lang/Object;)I @ 30 c2
Event: 9.232 Thread 0x00000181eb37b430 DEOPT PACKING pc=0x00000181d826c66c sp=0x00000046ed3f16a0
Event: 9.232 Thread 0x00000181eb37b430 DEOPT UNPACKING pc=0x00000181d7b069a3 sp=0x00000046ed3f1640 mode 2
Event: 9.232 Thread 0x00000181eb37b430 Uncommon trap: trap_request=0xffffffc6 fr.pc=0x00000181d826c66c relative=0x00000000000014cc
Event: 9.232 Thread 0x00000181eb37b430 Uncommon trap: reason=bimorphic_or_optimized_type_check action=maybe_recompile pc=0x00000181d826c66c method=gnu.trove.TObjectHash.insertionIndex(Ljava/lang/Object;)I @ 30 c2
Event: 9.232 Thread 0x00000181eb37b430 DEOPT PACKING pc=0x00000181d826c66c sp=0x00000046ed3f16a0
Event: 9.232 Thread 0x00000181eb37b430 DEOPT UNPACKING pc=0x00000181d7b069a3 sp=0x00000046ed3f1640 mode 2
Event: 9.294 Thread 0x00000181eb37b430 DEOPT PACKING pc=0x00000181d0e04bac sp=0x00000046ed3ecb00
Event: 9.294 Thread 0x00000181eb37b430 DEOPT UNPACKING pc=0x00000181d7b07143 sp=0x00000046ed3ec098 mode 0
Event: 9.307 Thread 0x00000181eb37b430 Uncommon trap: trap_request=0xffffffc6 fr.pc=0x00000181d826c66c relative=0x00000000000014cc
Event: 9.307 Thread 0x00000181eb37b430 Uncommon trap: reason=bimorphic_or_optimized_type_check action=maybe_recompile pc=0x00000181d826c66c method=gnu.trove.TObjectHash.insertionIndex(Ljava/lang/Object;)I @ 30 c2
Event: 9.307 Thread 0x00000181eb37b430 DEOPT PACKING pc=0x00000181d826c66c sp=0x00000046ed3f16a0
Event: 9.307 Thread 0x00000181eb37b430 DEOPT UNPACKING pc=0x00000181d7b069a3 sp=0x00000046ed3f1640 mode 2
Event: 9.307 Thread 0x00000181eb37b430 Uncommon trap: trap_request=0xffffffc6 fr.pc=0x00000181d826c66c relative=0x00000000000014cc
Event: 9.307 Thread 0x00000181eb37b430 Uncommon trap: reason=bimorphic_or_optimized_type_check action=maybe_recompile pc=0x00000181d826c66c method=gnu.trove.TObjectHash.insertionIndex(Ljava/lang/Object;)I @ 30 c2
Event: 9.308 Thread 0x00000181eb37b430 DEOPT PACKING pc=0x00000181d826c66c sp=0x00000046ed3f16a0
Event: 9.308 Thread 0x00000181eb37b430 DEOPT UNPACKING pc=0x00000181d7b069a3 sp=0x00000046ed3f1640 mode 2

Classes unloaded (0 events):
No events

Classes redefined (0 events):
No events

Internal exceptions (20 events):
Event: 6.420 Thread 0x00000181eb37b430 Implicit null exception at 0x00000181d80a4372 to 0x00000181d80a498c
Event: 6.709 Thread 0x00000181eb37b430 Exception <a 'sun/nio/fs/WindowsException'{0x0000000089ba3530}> (0x0000000089ba3530) 
thrown [s\src\hotspot\share\prims\jni.cpp, line 517]
Event: 6.709 Thread 0x00000181eb37b430 Exception <a 'sun/nio/fs/WindowsException'{0x0000000089ba52e8}> (0x0000000089ba52e8) 
thrown [s\src\hotspot\share\prims\jni.cpp, line 517]
Event: 6.758 Thread 0x00000181eb37b430 Exception <a 'java/lang/NoSuchMethodError'{0x00000000910502a8}: 'long java.lang.invoke.DirectMethodHandle$Holder.invokeStatic(java.lang.Object)'> (0x00000000910502a8) 
thrown [s\src\hotspot\share\interpreter\linkResolver.cpp, line 771]
Event: 6.758 Thread 0x00000181eb37b430 Exception <a 'java/lang/NoSuchMethodError'{0x00000000910550f0}: 'long java.lang.invoke.DirectMethodHandle$Holder.invokeStaticInit(java.lang.Object)'> (0x00000000910550f0) 
thrown [s\src\hotspot\share\interpreter\linkResolver.cpp, line 771]
Event: 6.791 Thread 0x00000181eb37b430 Exception <a 'java/lang/NoSuchMethodError'{0x0000000090b9a2a8}: 'long java.lang.invoke.Invokers$Holder.invoke_MT(java.lang.Object, java.lang.Object, java.lang.Object, java.lang.Object)'> (0x0000000090b9a2a8) 
thrown [s\src\hotspot\share\interpreter\linkResolver.cpp, line 771]
Event: 6.791 Thread 0x00000181eb37b430 Exception <a 'java/lang/NoSuchMethodError'{0x0000000090ba3850}: 'int java.lang.invoke.Invokers$Holder.invoke_MT(java.lang.Object, java.lang.Object, java.lang.Object, java.lang.Object)'> (0x0000000090ba3850) 
thrown [s\src\hotspot\share\interpreter\linkResolver.cpp, line 771]
Event: 6.792 Thread 0x00000181eb37b430 Exception <a 'java/lang/NoSuchMethodError'{0x0000000090bb4238}: 'void java.lang.invoke.DelegatingMethodHandle$Holder.reinvoke_L(java.lang.Object, java.lang.Object, java.lang.Object, long, java.lang.Object)'> (0x0000000090bb4238) 
thrown [s\src\hotspot\share\interpreter\linkResolver.cpp, line 771]
Event: 6.793 Thread 0x00000181eb37b430 Exception <a 'java/lang/NoSuchMethodError'{0x0000000090bbd108}: 'java.lang.Object java.lang.invoke.DirectMethodHandle$Holder.invokeSpecial(java.lang.Object, java.lang.Object, java.lang.Object, java.lang.Object, long)'> (0x0000000090bbd108) 
thrown [s\src\hotspot\share\interpreter\linkResolver.cpp, line 771]
Event: 6.793 Thread 0x00000181eb37b430 Exception <a 'java/lang/NoSuchMethodError'{0x0000000090bcd9f8}: 'int java.lang.invoke.DelegatingMethodHandle$Holder.reinvoke_L(java.lang.Object, java.lang.Object, java.lang.Object, long, java.lang.Object, java.lang.Object)'> (0x0000000090bcd9f8) 
thrown [s\src\hotspot\share\interpreter\linkResolver.cpp, line 771]
Event: 6.794 Thread 0x00000181eb37b430 Exception <a 'java/lang/NoSuchMethodError'{0x0000000090bddbc0}: 'int java.lang.invoke.DelegatingMethodHandle$Holder.reinvoke_L(java.lang.Object, java.lang.Object, java.lang.Object, long, int, int)'> (0x0000000090bddbc0) 
thrown [s\src\hotspot\share\interpreter\linkResolver.cpp, line 771]
Event: 6.794 Thread 0x00000181eb37b430 Exception <a 'java/lang/NoSuchMethodError'{0x0000000090bedb30}: 'int java.lang.invoke.DelegatingMethodHandle$Holder.reinvoke_L(java.lang.Object, java.lang.Object, java.lang.Object, long, long, long)'> (0x0000000090bedb30) 
thrown [s\src\hotspot\share\interpreter\linkResolver.cpp, line 771]
Event: 6.795 Thread 0x00000181eb37b430 Exception <a 'java/lang/NoSuchMethodError'{0x0000000090bfd788}: 'int java.lang.invoke.DelegatingMethodHandle$Holder.reinvoke_L(java.lang.Object, java.lang.Object, java.lang.Object, long, int)'> (0x0000000090bfd788) 
thrown [s\src\hotspot\share\interpreter\linkResolver.cpp, line 771]
Event: 7.084 Thread 0x00000181eb37b430 Exception <a 'java/lang/NoSuchMethodError'{0x000000008e287f00}: 'java.lang.Object java.lang.invoke.Invokers$Holder.invokeExact_MT(java.lang.Object, java.lang.Object, long, java.lang.Object)'> (0x000000008e287f00) 
thrown [s\src\hotspot\share\interpreter\linkResolver.cpp, line 771]
Event: 7.105 Thread 0x00000181eb37b430 Exception <a 'java/lang/NoSuchMethodError'{0x000000008df026e8}: 'java.lang.Object java.lang.invoke.Invokers$Holder.invoke_MT(java.lang.Object, java.lang.Object, java.lang.Object)'> (0x000000008df026e8) 
thrown [s\src\hotspot\share\interpreter\linkResolver.cpp, line 771]
Event: 7.247 Thread 0x00000181eb37b430 Implicit null exception at 0x00000181d84d5009 to 0x00000181d84d70b8
Event: 7.257 Thread 0x00000181eb37b430 Implicit null exception at 0x00000181d84d9460 to 0x00000181d84db694
Event: 8.467 Thread 0x00000181eb37b430 Exception <a 'java/lang/NoSuchMethodError'{0x000000008f1c04b8}: 'java.lang.Object java.lang.invoke.DirectMethodHandle$Holder.invokeStatic(java.lang.Object, java.lang.Object, java.lang.Object, java.lang.Object, int)'> (0x000000008f1c04b8) 
thrown [s\src\hotspot\share\interpreter\linkResolver.cpp, line 771]
Event: 9.197 Thread 0x00000181eb37b430 Exception <a 'java/lang/IncompatibleClassChangeError'{0x000000008fe75410}: Found class java.lang.Object, but interface was expected> (0x000000008fe75410) 
thrown [s\src\hotspot\share\interpreter\linkResolver.cpp, line 838]
Event: 9.205 Thread 0x00000181eb37b430 Exception <a 'java/lang/NoSuchMethodError'{0x000000008fd06730}: 'int java.lang.invoke.DirectMethodHandle$Holder.invokeStaticInit(java.lang.Object, int)'> (0x000000008fd06730) 
thrown [s\src\hotspot\share\interpreter\linkResolver.cpp, line 771]

VM Operations (20 events):
Event: 8.585 Executing VM operation: G1TryInitiateConcMark
Event: 8.589 Executing VM operation: G1TryInitiateConcMark done
Event: 8.633 Executing VM operation: G1Concurrent
Event: 8.636 Executing VM operation: G1Concurrent done
Event: 8.661 Executing VM operation: G1Concurrent
Event: 8.661 Executing VM operation: G1Concurrent done
Event: 8.690 Executing VM operation: HandshakeAllThreads
Event: 8.690 Executing VM operation: HandshakeAllThreads done
Event: 8.909 Executing VM operation: ICBufferFull
Event: 8.910 Executing VM operation: ICBufferFull done
Event: 8.987 Executing VM operation: G1CollectForAllocation
Event: 8.991 Executing VM operation: G1CollectForAllocation done
Event: 9.002 Executing VM operation: G1CollectForAllocation
Event: 9.005 Executing VM operation: G1CollectForAllocation done
Event: 9.179 Executing VM operation: HandshakeAllThreads
Event: 9.179 Executing VM operation: HandshakeAllThreads done
Event: 9.218 Executing VM operation: ICBufferFull
Event: 9.218 Executing VM operation: ICBufferFull done
Event: 9.338 Executing VM operation: ICBufferFull
Event: 9.338 Executing VM operation: ICBufferFull done

Events (20 events):
Event: 8.155 Thread 0x00000181e7c849b0 flushing nmethod 0x00000181d1403e90
Event: 8.155 Thread 0x00000181e7c849b0 flushing nmethod 0x00000181d1404210
Event: 8.155 Thread 0x00000181e7c849b0 flushing nmethod 0x00000181d1406190
Event: 8.155 Thread 0x00000181e7c849b0 flushing nmethod 0x00000181d1406d10
Event: 8.155 Thread 0x00000181e7c849b0 flushing nmethod 0x00000181d1409310
Event: 8.155 Thread 0x00000181e7c849b0 flushing nmethod 0x00000181d1409890
Event: 8.155 Thread 0x00000181e7c849b0 flushing nmethod 0x00000181d140c110
Event: 8.155 Thread 0x00000181e7c849b0 flushing nmethod 0x00000181d140cc10
Event: 8.268 loading class java/text/StringCharacterIterator
Event: 8.268 loading class java/text/StringCharacterIterator done
Event: 8.315 loading class java/util/AbstractList$ListItr
Event: 8.315 loading class java/util/AbstractList$ListItr done
Event: 8.432 loading class java/util/function/IntUnaryOperator
Event: 8.432 loading class java/util/function/IntUnaryOperator done
Event: 8.455 loading class java/util/AbstractList$SubList
Event: 8.455 loading class java/util/AbstractList$SubList done
Event: 8.455 loading class java/util/AbstractList$SubList$1
Event: 8.455 loading class java/util/AbstractList$SubList$1 done
Event: 9.063 loading class java/util/AbstractList$RandomAccessSubList
Event: 9.063 loading class java/util/AbstractList$RandomAccessSubList done


Dynamic libraries:
0x00007ff68b030000 - 0x00007ff68b03a000 	C:\Program Files\Android\Android Studio\jbr\bin\java.exe
0x00007ffef7170000 - 0x00007ffef7387000 	C:\WINDOWS\SYSTEM32\ntdll.dll
0x00007ffef5f20000 - 0x00007ffef5fe4000 	C:\WINDOWS\System32\KERNEL32.DLL
0x00007ffef4a30000 - 0x00007ffef4dd6000 	C:\WINDOWS\System32\KERNELBASE.dll
0x00007ffef4570000 - 0x00007ffef4681000 	C:\WINDOWS\System32\ucrtbase.dll
0x00007ffee0e50000 - 0x00007ffee0e67000 	C:\Program Files\Android\Android Studio\jbr\bin\jli.dll
0x00007ffeeb520000 - 0x00007ffeeb53b000 	C:\Program Files\Android\Android Studio\jbr\bin\VCRUNTIME140.dll
0x00007ffef52d0000 - 0x00007ffef547d000 	C:\WINDOWS\System32\USER32.dll
0x00007ffeda580000 - 0x00007ffeda813000 	C:\WINDOWS\WinSxS\amd64_microsoft.windows.common-controls_6595b64144ccf1df_6.0.22621.2361_none_2712ced57382f843\COMCTL32.dll
0x00007ffef4ea0000 - 0x00007ffef4ec6000 	C:\WINDOWS\System32\win32u.dll
0x00007ffef6d30000 - 0x00007ffef6dd7000 	C:\WINDOWS\System32\msvcrt.dll
0x00007ffef6b60000 - 0x00007ffef6b89000 	C:\WINDOWS\System32\GDI32.dll
0x00007ffef4800000 - 0x00007ffef4918000 	C:\WINDOWS\System32\gdi32full.dll
0x00007ffef4990000 - 0x00007ffef4a2a000 	C:\WINDOWS\System32\msvcp_win.dll
0x00007ffef5ee0000 - 0x00007ffef5f11000 	C:\WINDOWS\System32\IMM32.DLL
0x00007ffeef8b0000 - 0x00007ffeef8bc000 	C:\Program Files\Android\Android Studio\jbr\bin\vcruntime140_1.dll
0x00007ffeeb490000 - 0x00007ffeeb51d000 	C:\Program Files\Android\Android Studio\jbr\bin\msvcp140.dll
0x00007ffe6f200000 - 0x00007ffe6fe6e000 	C:\Program Files\Android\Android Studio\jbr\bin\server\jvm.dll
0x00007ffef5ff0000 - 0x00007ffef60a0000 	C:\WINDOWS\System32\ADVAPI32.dll
0x00007ffef50b0000 - 0x00007ffef5156000 	C:\WINDOWS\System32\sechost.dll
0x00007ffef4f90000 - 0x00007ffef50a7000 	C:\WINDOWS\System32\RPCRT4.dll
0x00007ffef17b0000 - 0x00007ffef17b9000 	C:\WINDOWS\SYSTEM32\WSOCK32.dll
0x00007ffee4a80000 - 0x00007ffee4ab4000 	C:\WINDOWS\SYSTEM32\WINMM.dll
0x00007ffeedf70000 - 0x00007ffeedf7a000 	C:\WINDOWS\SYSTEM32\VERSION.dll
0x00007ffef6c90000 - 0x00007ffef6d01000 	C:\WINDOWS\System32\WS2_32.dll
0x00007ffef34d0000 - 0x00007ffef34e8000 	C:\WINDOWS\SYSTEM32\kernel.appcore.dll
0x00007ffef1800000 - 0x00007ffef180a000 	C:\Program Files\Android\Android Studio\jbr\bin\jimage.dll
0x00007ffee4770000 - 0x00007ffee499e000 	C:\WINDOWS\SYSTEM32\DBGHELP.DLL
0x00007ffef67d0000 - 0x00007ffef6b5a000 	C:\WINDOWS\System32\combase.dll
0x00007ffef7040000 - 0x00007ffef7117000 	C:\WINDOWS\System32\OLEAUT32.dll
0x00007ffee4b30000 - 0x00007ffee4b62000 	C:\WINDOWS\SYSTEM32\dbgcore.DLL
0x00007ffef44f0000 - 0x00007ffef456a000 	C:\WINDOWS\System32\bcryptPrimitives.dll
0x00007ffee3ac0000 - 0x00007ffee3ace000 	C:\Program Files\Android\Android Studio\jbr\bin\instrument.dll
0x00007ffeef870000 - 0x00007ffeef895000 	C:\Program Files\Android\Android Studio\jbr\bin\java.dll
0x00007ffee5830000 - 0x00007ffee5848000 	C:\Program Files\Android\Android Studio\jbr\bin\zip.dll
0x00007ffef5680000 - 0x00007ffef5ed8000 	C:\WINDOWS\System32\SHELL32.dll
0x00007ffef2450000 - 0x00007ffef2d42000 	C:\WINDOWS\SYSTEM32\windows.storage.dll
0x00007ffef2310000 - 0x00007ffef244e000 	C:\WINDOWS\SYSTEM32\wintypes.dll
0x00007ffef6b90000 - 0x00007ffef6c83000 	C:\WINDOWS\System32\SHCORE.dll
0x00007ffef4f30000 - 0x00007ffef4f8e000 	C:\WINDOWS\System32\shlwapi.dll
0x00007ffef4420000 - 0x00007ffef4446000 	C:\WINDOWS\SYSTEM32\profapi.dll
0x00007ffee3e80000 - 0x00007ffee3e99000 	C:\Program Files\Android\Android Studio\jbr\bin\net.dll
0x00007ffeed9a0000 - 0x00007ffeedad7000 	C:\WINDOWS\SYSTEM32\WINHTTP.dll
0x00007ffef39b0000 - 0x00007ffef3a19000 	C:\WINDOWS\system32\mswsock.dll
0x00007ffee3e60000 - 0x00007ffee3e76000 	C:\Program Files\Android\Android Studio\jbr\bin\nio.dll
0x00007ffef1780000 - 0x00007ffef1790000 	C:\Program Files\Android\Android Studio\jbr\bin\verify.dll
0x00007ffeeb310000 - 0x00007ffeeb337000 	C:\Users\matel\.gradle\native\c067742578af261105cb4f569cf0c3c89f3d7b1fecec35dd04571415982c5e48\windows-amd64\native-platform.dll
0x00007ffeeae30000 - 0x00007ffeeaf74000 	C:\Users\matel\.gradle\native\38dada09dfb8b06ba9b0570ebf7e218e3eb74d4ef43ca46872605cf95ebc2f47\windows-amd64\native-platform-file-events.dll
0x00007ffee58c0000 - 0x00007ffee58c9000 	C:\Program Files\Android\Android Studio\jbr\bin\management.dll
0x00007ffee3ad0000 - 0x00007ffee3adb000 	C:\Program Files\Android\Android Studio\jbr\bin\management_ext.dll
0x00007ffef7030000 - 0x00007ffef7038000 	C:\WINDOWS\System32\PSAPI.DLL
0x00007ffef3c00000 - 0x00007ffef3c1b000 	C:\WINDOWS\SYSTEM32\CRYPTSP.dll
0x00007ffef3490000 - 0x00007ffef34c5000 	C:\WINDOWS\system32\rsaenh.dll
0x00007ffef3aa0000 - 0x00007ffef3acc000 	C:\WINDOWS\SYSTEM32\USERENV.dll
0x00007ffef3da0000 - 0x00007ffef3dc8000 	C:\WINDOWS\SYSTEM32\bcrypt.dll
0x00007ffef3c20000 - 0x00007ffef3c2c000 	C:\WINDOWS\SYSTEM32\CRYPTBASE.dll
0x00007ffef2fb0000 - 0x00007ffef2fdd000 	C:\WINDOWS\SYSTEM32\IPHLPAPI.DLL
0x00007ffef60a0000 - 0x00007ffef60a9000 	C:\WINDOWS\System32\NSI.dll
0x00007ffeed7d0000 - 0x00007ffeed7e9000 	C:\WINDOWS\SYSTEM32\dhcpcsvc6.DLL
0x00007ffeed7b0000 - 0x00007ffeed7cf000 	C:\WINDOWS\SYSTEM32\dhcpcsvc.DLL
0x00007ffef3020000 - 0x00007ffef3119000 	C:\WINDOWS\SYSTEM32\DNSAPI.dll
0x00007ffecef30000 - 0x00007ffecef38000 	C:\WINDOWS\system32\wshunix.dll

dbghelp: loaded successfully - version: 4.0.5 - missing functions: none
symbol engine: initialized successfully - sym options: 0x614 - pdb path: .;C:\Program Files\Android\Android Studio\jbr\bin;C:\WINDOWS\SYSTEM32;C:\WINDOWS\WinSxS\amd64_microsoft.windows.common-controls_6595b64144ccf1df_6.0.22621.2361_none_2712ced57382f843;C:\Program Files\Android\Android Studio\jbr\bin\server;C:\Users\matel\.gradle\native\c067742578af261105cb4f569cf0c3c89f3d7b1fecec35dd04571415982c5e48\windows-amd64;C:\Users\matel\.gradle\native\38dada09dfb8b06ba9b0570ebf7e218e3eb74d4ef43ca46872605cf95ebc2f47\windows-amd64

VM Arguments:
jvm_args: --add-opens=java.base/java.util=ALL-UNNAMED --add-opens=java.base/java.lang=ALL-UNNAMED --add-opens=java.base/java.lang.invoke=ALL-UNNAMED --add-opens=java.prefs/java.util.prefs=ALL-UNNAMED --add-opens=java.base/java.nio.charset=ALL-UNNAMED --add-opens=java.base/java.net=ALL-UNNAMED --add-opens=java.base/java.util.concurrent.atomic=ALL-UNNAMED -Xmx2048m -Dfile.encoding=UTF-8 -Duser.country=ES -Duser.language=es -Duser.variant -javaagent:C:\Users\matel\.gradle\wrapper\dists\gradle-8.4-bin\1w5dpkrfk8irigvoxmyhowfim\gradle-8.4\lib\agents\gradle-instrumentation-agent-8.4.jar 
java_command: org.gradle.launcher.daemon.bootstrap.GradleDaemon 8.4
java_class_path (initial): C:\Users\matel\.gradle\wrapper\dists\gradle-8.4-bin\1w5dpkrfk8irigvoxmyhowfim\gradle-8.4\lib\gradle-launcher-8.4.jar
Launcher Type: SUN_STANDARD

[Global flags]
     intx CICompilerCount                          = 4                                         {product} {ergonomic}
     uint ConcGCThreads                            = 3                                         {product} {ergonomic}
     uint G1ConcRefinementThreads                  = 10                                        {product} {ergonomic}
   size_t G1HeapRegionSize                         = 1048576                                   {product} {ergonomic}
    uintx GCDrainStackTargetSize                   = 64                                        {product} {ergonomic}
   size_t InitialHeapSize                          = 251658240                                 {product} {ergonomic}
   size_t MarkStackSize                            = 4194304                                   {product} {ergonomic}
   size_t MaxHeapSize                              = 2147483648                                {product} {command line}
   size_t MaxNewSize                               = 1287651328                                {product} {ergonomic}
   size_t MinHeapDeltaBytes                        = 1048576                                   {product} {ergonomic}
   size_t MinHeapSize                              = 8388608                                   {product} {ergonomic}
    uintx NonNMethodCodeHeapSize                   = 5839372                                {pd product} {ergonomic}
    uintx NonProfiledCodeHeapSize                  = 122909434                              {pd product} {ergonomic}
    uintx ProfiledCodeHeapSize                     = 122909434                              {pd product} {ergonomic}
    uintx ReservedCodeCacheSize                    = 251658240                              {pd product} {ergonomic}
     bool SegmentedCodeCache                       = true                                      {product} {ergonomic}
   size_t SoftMaxHeapSize                          = 2147483648                             {manageable} {ergonomic}
     bool UseCompressedClassPointers               = true                           {product lp64_product} {ergonomic}
     bool UseCompressedOops                        = true                           {product lp64_product} {ergonomic}
     bool UseG1GC                                  = true                                      {product} {ergonomic}
     bool UseLargePagesIndividualAllocation        = false                                  {pd product} {ergonomic}

Logging:
Log output configuration:
 #0: stdout all=warning uptime,level,tags
 #1: stderr all=off uptime,level,tags

Environment Variables:
PATH=C:\Program Files (x86)\VMware\VMware Player\bin\;C:\WINDOWS\system32;C:\WINDOWS;C:\WINDOWS\System32\Wbem;C:\WINDOWS\System32\WindowsPowerShell\v1.0\;C:\WINDOWS\System32\OpenSSH\;C:\Program Files\Microsoft VS Code\bin;C:\Users\matel\AppData\Local\Programs\Python\Python311;C:\Program Files (x86)\NVIDIA Corporation\PhysX\Common;C:\Program Files\NVIDIA Corporation\NVIDIA NvDLISR;C:\Program Files\Microsoft SQL Server\150\Tools\Binn\;C:\Program Files (x86)\Intel\Intel(R) Management Engine Components\DAL;C:\Program Files\Intel\Intel(R) Management Engine Components\DAL;C:\Program Files\Microsoft SQL Server\Client SDK\ODBC\170\Tools\Binn\;C:\Program Files\Docker\Docker\resources\bin;C:\Program Files (x86)\Microsoft SQL Server\160\Tools\Binn\;C:\Program Files\Microsoft SQL Server\160\Tools\Binn\;C:\Program Files\Microsoft SQL Server\160\DTS\Binn\;C:\Program Files (x86)\Microsoft SQL Server\160\DTS\Binn\;C:\Program Files\Azure Data Studio\bin;C:\Program Files\dotnet\;C:\Program Files\Git\cmd;C:\Users\matel\AppData\Local\Microsoft\WindowsApps;C:\Users\matel\.dotnet\tools;C:\Program Files\Azure Data Studio\bin;C:\Users\matel\AppData\Local\GitHubDesktop\bin
USERNAME=orion
OS=Windows_NT
PROCESSOR_IDENTIFIER=Intel64 Family 6 Model 158 Stepping 10, GenuineIntel
TMP=C:\Users\matel\AppData\Local\Temp
TEMP=C:\Users\matel\AppData\Local\Temp


JNI global refs:
JNI global refs: 29, weak refs: 10

JNI global refs memory usage: 843, weak refs: 841


---------------  S Y S T E M  ---------------

OS:
 Windows 11 , 64 bit Build 22621 (10.0.22621.2428)
OS uptime: 0 days 1:08 hours

CPU: total 12 (initial active 12) (6 cores per cpu, 2 threads per core) family 6 model 158 stepping 10 microcode 0xde, cx8, cmov, fxsr, ht, mmx, 3dnowpref, sse, sse2, sse3, ssse3, sse4.1, sse4.2, popcnt, lzcnt, tsc, tscinvbit, avx, avx2, aes, erms, clmul, bmi1, bmi2, rtm, adx, fma, vzeroupper, clflush, clflushopt

Memory: 4k page, system-wide physical 15289M (730M free)
TotalPageFile size 19385M (AvailPageFile size 5M)
current process WorkingSet (physical memory assigned to process): 587M, peak: 587M
current process commit charge ("private bytes"): 623M, peak: 624M

vm_info: OpenJDK 64-Bit Server VM (17.0.6+0-b2043.56-10027231) for windows-amd64 JRE (17.0.6+0-b2043.56-10027231), built on Apr 28 2023 00:43:19 by "androidbuild" with MS VC++ 16.10 / 16.11 (VS2019)

END.
